PRT1
102
256
4 0 4 (3072 1024 1152 ) (3072 1024 3712 ) (2048 1024 3712 ) (2048 1024 1152 ) 
4 0 2 (2048 1024 1152 ) (2048 1024 3712 ) (2048 2048 3712 ) (2048 2048 1152 ) 
4 0 1 (3072 1024 1152 ) (2048 1024 1152 ) (2048 2048 1152 ) (3072 2048 1152 ) 
4 1 5 (3072 1024 0 ) (3072 1024 1152 ) (2048 1024 1152 ) (2048 1024 0 ) 
4 1 3 (2048 1024 0 ) (2048 1024 1152 ) (2048 2048 1152 ) (2048 2048 0 ) 
4 2 8 (1024 1024 1152 ) (1024 1024 3712 ) (1024 2048 3712 ) (1024 2048 1152 ) 
4 2 6 (2048 1024 1152 ) (2048 1024 3712 ) (1024 1024 3712 ) (1024 1024 1152 ) 
4 2 3 (1024 2048 1152 ) (2048 2048 1152 ) (2048 1024 1152 ) (1024 1024 1152 ) 
4 3 9 (1024 1024 0 ) (1024 1024 1152 ) (1024 2048 1152 ) (1024 2048 0 ) 
4 3 7 (2048 1024 0 ) (2048 1024 1152 ) (1024 1024 1152 ) (1024 1024 0 ) 
4 4 28 (2288 0 1168 ) (2048 0 1168 ) (2048 0 1152 ) (2288 0 1152 ) 
4 4 27 (3072 0 1152 ) (3072 0 1168 ) (2288 0 1168 ) (2288 0 1152 ) 
4 4 25 (2080 0 3712 ) (2048 0 3712 ) (2048 0 1168 ) (2080 0 1168 ) 
4 4 24 (3072 0 1168 ) (3072 0 3712 ) (2080 0 3712 ) (2080 0 1168 ) 
4 4 6 (2048 1024 3712 ) (2048 1024 1152 ) (2048 0 1152 ) (2048 0 3712 ) 
4 4 5 (3072 0 1152 ) (2048 0 1152 ) (2048 1024 1152 ) (3072 1024 1152 ) 
4 5 29 (3072 0 0 ) (3072 0 1152 ) (2048 0 1152 ) (2048 0 0 ) 
4 5 7 (2048 1024 1152 ) (2048 1024 0 ) (2048 0 0 ) (2048 0 1152 ) 
4 6 41 (1584 0 3712 ) (1024 0 3712 ) (1024 0 1152 ) (1584 0 1152 ) 
4 6 30 (2048 0 1152 ) (2048 0 3712 ) (1584 0 3712 ) (1584 0 1152 ) 
4 6 12 (1024 0 1152 ) (1024 0 3712 ) (1024 1024 3712 ) (1024 1024 1152 ) 
4 6 7 (2048 1024 1152 ) (2048 0 1152 ) (1024 0 1152 ) (1024 1024 1152 ) 
4 7 42 (2048 0 0 ) (2048 0 1152 ) (1024 0 1152 ) (1024 0 0 ) 
4 7 13 (1024 0 0 ) (1024 0 1152 ) (1024 1024 1152 ) (1024 1024 0 ) 
4 8 12 (1024 1024 1152 ) (1024 1024 3712 ) (0 1024 3712 ) (0 1024 1152 ) 
4 8 10 (0 2048 3712 ) (0 2048 1152 ) (0 1024 1152 ) (0 1024 3712 ) 
4 8 9 (1024 1024 1152 ) (0 1024 1152 ) (0 2048 1152 ) (1024 2048 1152 ) 
4 9 13 (1024 1024 0 ) (1024 1024 1152 ) (0 1024 1152 ) (0 1024 0 ) 
4 9 11 (0 2048 1152 ) (0 2048 0 ) (0 1024 0 ) (0 1024 1152 ) 
4 10 16 (-1024 1024 1152 ) (-1024 1024 3712 ) (-1024 2048 3712 ) (-1024 2048 1152 ) 
4 10 14 (-1024 1024 3712 ) (-1024 1024 1152 ) (0 1024 1152 ) (0 1024 3712 ) 
4 10 11 (0 2048 1152 ) (0 1024 1152 ) (-1024 1024 1152 ) (-1024 2048 1152 ) 
4 11 17 (-1024 1024 0 ) (-1024 1024 1152 ) (-1024 2048 1152 ) (-1024 2048 0 ) 
4 11 15 (-1024 1024 1152 ) (-1024 1024 0 ) (0 1024 0 ) (0 1024 1152 ) 
4 12 70 (1024 0 1152 ) (1024 0 3712 ) (0 0 3712 ) (0 0 1152 ) 
4 12 14 (0 1024 3712 ) (0 1024 1152 ) (0 0 1152 ) (0 0 3712 ) 
4 12 13 (0 1024 1152 ) (1024 1024 1152 ) (1024 0 1152 ) (0 0 1152 ) 
4 13 71 (1024 0 0 ) (1024 0 1152 ) (0 0 1152 ) (0 0 0 ) 
4 13 15 (0 1024 1152 ) (0 1024 0 ) (0 0 0 ) (0 0 1152 ) 
4 14 72 (0 0 1152 ) (0 0 3712 ) (-1024 0 3712 ) (-1024 0 1152 ) 
4 14 18 (-1024 0 1152 ) (-1024 0 3712 ) (-1024 1024 3712 ) (-1024 1024 1152 ) 
4 14 15 (-1024 0 1152 ) (-1024 1024 1152 ) (0 1024 1152 ) (0 0 1152 ) 
4 15 73 (0 0 0 ) (0 0 1152 ) (-1024 0 1152 ) (-1024 0 0 ) 
4 15 19 (-1024 0 0 ) (-1024 0 1152 ) (-1024 1024 1152 ) (-1024 1024 0 ) 
4 16 20 (-2048 1024 1152 ) (-2048 1024 3712 ) (-2048 2048 3712 ) (-2048 2048 1152 ) 
4 16 18 (-1024 1024 1152 ) (-1024 1024 3712 ) (-2048 1024 3712 ) (-2048 1024 1152 ) 
4 16 17 (-2048 1024 1152 ) (-2048 2048 1152 ) (-1024 2048 1152 ) (-1024 1024 1152 ) 
4 17 21 (-2048 1024 0 ) (-2048 1024 1152 ) (-2048 2048 1152 ) (-2048 2048 0 ) 
4 17 19 (-1024 1024 0 ) (-1024 1024 1152 ) (-2048 1024 1152 ) (-2048 1024 0 ) 
4 18 78 (-1024 0 1152 ) (-1024 0 3712 ) (-2048 0 3712 ) (-2048 0 1152 ) 
4 18 22 (-2048 0 1152 ) (-2048 0 3712 ) (-2048 1024 3712 ) (-2048 1024 1152 ) 
4 18 19 (-1024 0 1152 ) (-2048 0 1152 ) (-2048 1024 1152 ) (-1024 1024 1152 ) 
4 19 79 (-1024 0 0 ) (-1024 0 1152 ) (-2048 0 1152 ) (-2048 0 0 ) 
4 19 23 (-2048 0 0 ) (-2048 0 1152 ) (-2048 1024 1152 ) (-2048 1024 0 ) 
4 20 22 (-2048 1024 1152 ) (-2048 1024 3712 ) (-2880 1024 3712 ) (-2880 1024 1152 ) 
4 20 21 (-2048 1024 1152 ) (-2880 1024 1152 ) (-2880 2048 1152 ) (-2048 2048 1152 ) 
4 21 23 (-2048 1024 0 ) (-2048 1024 1152 ) (-2880 1024 1152 ) (-2880 1024 0 ) 
4 22 82 (-2048 0 1152 ) (-2048 0 3712 ) (-2880 0 3712 ) (-2880 0 1152 ) 
4 22 23 (-2880 1024 1152 ) (-2048 1024 1152 ) (-2048 0 1152 ) (-2880 0 1152 ) 
4 23 83 (-2048 0 0 ) (-2048 0 1152 ) (-2880 0 1152 ) (-2880 0 0 ) 
4 24 43 (3072 -1024 1168 ) (3072 -1024 3712 ) (2080 -1024 3712 ) (2080 -1024 1168 ) 
4 24 28 (2080 0 1168 ) (2288 0 1168 ) (2288 -944 1168 ) (2080 -944 1168 ) 
4 24 27 (2288 0 1168 ) (3072 0 1168 ) (3072 -1024 1168 ) (2288 -1024 1168 ) 
4 24 26 (2080 -1024 1184 ) (2080 -1024 3712 ) (2080 -944 3712 ) (2080 -944 1184 ) 
4 24 25 (2080 0 1168 ) (2080 -944 1168 ) (2080 -944 3712 ) (2080 0 3712 ) 
4 25 30 (2048 0 3712 ) (2048 0 1168 ) (2048 -944 1168 ) (2048 -944 3712 ) 
4 25 28 (2048 -944 1168 ) (2048 0 1168 ) (2080 0 1168 ) (2080 -944 1168 ) 
4 25 26 (2080 -944 1184 ) (2080 -944 3712 ) (2048 -944 3712 ) (2048 -944 1184 ) 
4 26 44 (2080 -1024 3712 ) (2048 -1024 3712 ) (2048 -1024 1184 ) (2080 -1024 1184 ) 
4 26 40 (2048 -1024 1184 ) (2048 -1024 1200 ) (2048 -944 1200 ) (2048 -944 1184 ) 
4 26 39 (2048 -1024 1200 ) (2048 -1024 1216 ) (2048 -944 1216 ) (2048 -944 1200 ) 
4 26 38 (2048 -1024 1216 ) (2048 -1024 1232 ) (2048 -944 1232 ) (2048 -944 1216 ) 
4 26 37 (2048 -1024 1232 ) (2048 -1024 1248 ) (2048 -944 1248 ) (2048 -944 1232 ) 
4 26 36 (2048 -1024 1248 ) (2048 -1024 1264 ) (2048 -944 1264 ) (2048 -944 1248 ) 
4 26 35 (2048 -1024 1264 ) (2048 -1024 1280 ) (2048 -944 1280 ) (2048 -944 1264 ) 
4 26 34 (2048 -1024 1280 ) (2048 -1024 1296 ) (2048 -944 1296 ) (2048 -944 1280 ) 
4 26 33 (2048 -1024 1296 ) (2048 -1024 1312 ) (2048 -944 1312 ) (2048 -944 1296 ) 
4 26 31 (2048 -1024 1312 ) (2048 -1024 3712 ) (2048 -944 3712 ) (2048 -944 1312 ) 
4 27 46 (3072 -1024 1152 ) (3072 -1024 1168 ) (2288 -1024 1168 ) (2288 -1024 1152 ) 
4 27 29 (3072 -1024 1152 ) (2288 -1024 1152 ) (2288 0 1152 ) (3072 0 1152 ) 
4 27 28 (2288 0 1152 ) (2288 -944 1152 ) (2288 -944 1168 ) (2288 0 1168 ) 
4 28 30 (2048 0 1168 ) (2048 0 1152 ) (2048 -944 1152 ) (2048 -944 1168 ) 
4 28 29 (2048 -944 1152 ) (2048 0 1152 ) (2288 0 1152 ) (2288 -944 1152 ) 
4 29 48 (3072 -1024 0 ) (3072 -1024 1152 ) (2048 -1024 1152 ) (2048 -1024 0 ) 
4 29 42 (2048 0 1152 ) (2048 0 0 ) (2048 -1024 0 ) (2048 -1024 1152 ) 
4 30 42 (1584 0 1152 ) (2048 0 1152 ) (2048 -944 1152 ) (1584 -944 1152 ) 
4 30 41 (1584 0 3712 ) (1584 0 1152 ) (1584 -944 1152 ) (1584 -944 3712 ) 
4 30 40 (2032 -944 1184 ) (2048 -944 1184 ) (2048 -944 1200 ) (2032 -944 1200 ) 
4 30 39 (1984 -944 1200 ) (2048 -944 1200 ) (2048 -944 1216 ) (1984 -944 1216 ) 
4 30 38 (1936 -944 1216 ) (2048 -944 1216 ) (2048 -944 1232 ) (1936 -944 1232 ) 
4 30 37 (1888 -944 1232 ) (2048 -944 1232 ) (2048 -944 1248 ) (1888 -944 1248 ) 
4 30 36 (1840 -944 1248 ) (2048 -944 1248 ) (2048 -944 1264 ) (1840 -944 1264 ) 
4 30 35 (1792 -944 1264 ) (2048 -944 1264 ) (2048 -944 1280 ) (1792 -944 1280 ) 
4 30 34 (1744 -944 1280 ) (2048 -944 1280 ) (2048 -944 1296 ) (1744 -944 1296 ) 
4 30 33 (1696 -944 1296 ) (2048 -944 1296 ) (2048 -944 1312 ) (1696 -944 1312 ) 
4 30 32 (1584 -944 3712 ) (1584 -944 1328 ) (1648 -944 1328 ) (1648 -944 3712 ) 
4 30 31 (1648 -944 1312 ) (2048 -944 1312 ) (2048 -944 3712 ) (1648 -944 3712 ) 
4 31 49 (2048 -1024 1312 ) (2048 -1024 3712 ) (1648 -1024 3712 ) (1648 -1024 1312 ) 
4 31 33 (2048 -1024 1312 ) (1696 -1024 1312 ) (1696 -944 1312 ) (2048 -944 1312 ) 
4 31 32 (1648 -1024 1328 ) (1648 -1024 3712 ) (1648 -944 3712 ) (1648 -944 1328 ) 
4 32 50 (1648 -1024 3712 ) (1584 -1024 3712 ) (1584 -1024 1328 ) (1648 -1024 1328 ) 
4 32 41 (1584 -1024 1328 ) (1584 -1024 3712 ) (1584 -944 3712 ) (1584 -944 1328 ) 
4 33 51 (2048 -1024 1296 ) (2048 -1024 1312 ) (1696 -1024 1312 ) (1696 -1024 1296 ) 
4 33 34 (1744 -944 1296 ) (2048 -944 1296 ) (2048 -1024 1296 ) (1744 -1024 1296 ) 
4 34 52 (2048 -1024 1280 ) (2048 -1024 1296 ) (1744 -1024 1296 ) (1744 -1024 1280 ) 
4 34 35 (2048 -1024 1280 ) (1792 -1024 1280 ) (1792 -944 1280 ) (2048 -944 1280 ) 
4 35 53 (2048 -1024 1264 ) (2048 -1024 1280 ) (1792 -1024 1280 ) (1792 -1024 1264 ) 
4 35 36 (1840 -944 1264 ) (2048 -944 1264 ) (2048 -1024 1264 ) (1840 -1024 1264 ) 
4 36 54 (2048 -1024 1248 ) (2048 -1024 1264 ) (1840 -1024 1264 ) (1840 -1024 1248 ) 
4 36 37 (2048 -1024 1248 ) (1888 -1024 1248 ) (1888 -944 1248 ) (2048 -944 1248 ) 
4 37 55 (2048 -1024 1232 ) (2048 -1024 1248 ) (1888 -1024 1248 ) (1888 -1024 1232 ) 
4 37 38 (2048 -1024 1232 ) (1936 -1024 1232 ) (1936 -944 1232 ) (2048 -944 1232 ) 
4 38 56 (2048 -1024 1216 ) (2048 -1024 1232 ) (1936 -1024 1232 ) (1936 -1024 1216 ) 
4 38 39 (1984 -944 1216 ) (2048 -944 1216 ) (2048 -1024 1216 ) (1984 -1024 1216 ) 
4 39 57 (2048 -1024 1200 ) (2048 -1024 1216 ) (1984 -1024 1216 ) (1984 -1024 1200 ) 
4 39 40 (2032 -944 1200 ) (2048 -944 1200 ) (2048 -1024 1200 ) (2032 -1024 1200 ) 
4 40 58 (2048 -1024 1184 ) (2048 -1024 1200 ) (2032 -1024 1200 ) (2032 -1024 1184 ) 
4 41 70 (1024 0 3712 ) (1024 0 1152 ) (1024 -1024 1152 ) (1024 -1024 3712 ) 
4 41 60 (1024 -1024 3712 ) (1024 -1024 1152 ) (1584 -1024 1152 ) (1584 -1024 3712 ) 
4 41 42 (1024 0 1152 ) (1584 0 1152 ) (1584 -1024 1152 ) (1024 -1024 1152 ) 
4 42 71 (1024 0 1152 ) (1024 0 0 ) (1024 -1024 0 ) (1024 -1024 1152 ) 
4 42 61 (2048 -1024 0 ) (2048 -1024 1152 ) (1024 -1024 1152 ) (1024 -1024 0 ) 
4 43 62 (3072 -2048 1168 ) (3072 -2048 3712 ) (2080 -2048 3712 ) (2080 -2048 1168 ) 
4 43 47 (2288 -1248 1168 ) (2288 -2048 1168 ) (2080 -2048 1168 ) (2080 -1248 1168 ) 
4 43 46 (2288 -1024 1168 ) (3072 -1024 1168 ) (3072 -2048 1168 ) (2288 -2048 1168 ) 
4 43 44 (2080 -1248 1184 ) (2080 -1248 3712 ) (2080 -1024 3712 ) (2080 -1024 1184 ) 
4 43 45 (2080 -1248 1168 ) (2080 -2048 1168 ) (2080 -2048 3712 ) (2080 -1248 3712 ) 
4 44 58 (2048 -1024 1200 ) (2048 -1024 1184 ) (2048 -1248 1184 ) (2048 -1248 1200 ) 
4 44 57 (2048 -1024 1216 ) (2048 -1024 1200 ) (2048 -1248 1200 ) (2048 -1248 1216 ) 
4 44 56 (2048 -1024 1232 ) (2048 -1024 1216 ) (2048 -1248 1216 ) (2048 -1248 1232 ) 
4 44 55 (2048 -1024 1248 ) (2048 -1024 1232 ) (2048 -1248 1232 ) (2048 -1248 1248 ) 
4 44 54 (2048 -1024 1264 ) (2048 -1024 1248 ) (2048 -1248 1248 ) (2048 -1248 1264 ) 
4 44 53 (2048 -1024 1280 ) (2048 -1024 1264 ) (2048 -1248 1264 ) (2048 -1248 1280 ) 
4 44 52 (2048 -1024 1296 ) (2048 -1024 1280 ) (2048 -1248 1280 ) (2048 -1248 1296 ) 
4 44 51 (2048 -1024 1312 ) (2048 -1024 1296 ) (2048 -1248 1296 ) (2048 -1248 1312 ) 
4 44 49 (2048 -1024 3712 ) (2048 -1024 1312 ) (2048 -1248 1312 ) (2048 -1248 3712 ) 
4 44 45 (2080 -1248 1184 ) (2080 -1248 3712 ) (2048 -1248 3712 ) (2048 -1248 1184 ) 
4 45 62 (2080 -2048 3712 ) (2048 -2048 3712 ) (2048 -2048 1168 ) (2080 -2048 1168 ) 
4 45 59 (2048 -1248 1168 ) (2048 -2048 1168 ) (2048 -2048 3712 ) (2048 -1248 3712 ) 
4 45 47 (2048 -2048 1168 ) (2048 -1248 1168 ) (2080 -1248 1168 ) (2080 -2048 1168 ) 
4 46 62 (3072 -2048 1152 ) (3072 -2048 1168 ) (2288 -2048 1168 ) (2288 -2048 1152 ) 
4 46 48 (3072 -2048 1152 ) (2288 -2048 1152 ) (2288 -1024 1152 ) (3072 -1024 1152 ) 
4 46 47 (2288 -1248 1152 ) (2288 -2048 1152 ) (2288 -2048 1168 ) (2288 -1248 1168 ) 
4 47 62 (2288 -2048 1168 ) (2048 -2048 1168 ) (2048 -2048 1152 ) (2288 -2048 1152 ) 
4 47 59 (2048 -1248 1152 ) (2048 -2048 1152 ) (2048 -2048 1168 ) (2048 -1248 1168 ) 
4 47 48 (2288 -2048 1152 ) (2048 -2048 1152 ) (2048 -1248 1152 ) (2288 -1248 1152 ) 
4 48 63 (3072 -2048 0 ) (3072 -2048 1152 ) (2048 -2048 1152 ) (2048 -2048 0 ) 
4 48 61 (2048 -1024 1152 ) (2048 -1024 0 ) (2048 -2048 0 ) (2048 -2048 1152 ) 
4 49 59 (1648 -1248 1312 ) (2048 -1248 1312 ) (2048 -1248 3712 ) (1648 -1248 3712 ) 
4 49 51 (2048 -1248 1312 ) (1696 -1248 1312 ) (1696 -1024 1312 ) (2048 -1024 1312 ) 
4 49 50 (1648 -1248 1328 ) (1648 -1248 3712 ) (1648 -1024 3712 ) (1648 -1024 1328 ) 
4 50 60 (1584 -1024 3712 ) (1584 -1024 1328 ) (1584 -1248 1328 ) (1584 -1248 3712 ) 
4 50 59 (1584 -1248 3712 ) (1584 -1248 1328 ) (1648 -1248 1328 ) (1648 -1248 3712 ) 
4 51 59 (1696 -1248 1296 ) (2048 -1248 1296 ) (2048 -1248 1312 ) (1696 -1248 1312 ) 
4 51 52 (2048 -1248 1296 ) (1744 -1248 1296 ) (1744 -1024 1296 ) (2048 -1024 1296 ) 
4 52 59 (1744 -1248 1280 ) (2048 -1248 1280 ) (2048 -1248 1296 ) (1744 -1248 1296 ) 
4 52 53 (2048 -1248 1280 ) (1792 -1248 1280 ) (1792 -1024 1280 ) (2048 -1024 1280 ) 
4 53 59 (1792 -1248 1264 ) (2048 -1248 1264 ) (2048 -1248 1280 ) (1792 -1248 1280 ) 
4 53 54 (2048 -1248 1264 ) (1840 -1248 1264 ) (1840 -1024 1264 ) (2048 -1024 1264 ) 
4 54 59 (1840 -1248 1248 ) (2048 -1248 1248 ) (2048 -1248 1264 ) (1840 -1248 1264 ) 
4 54 55 (2048 -1248 1248 ) (1888 -1248 1248 ) (1888 -1024 1248 ) (2048 -1024 1248 ) 
4 55 59 (1888 -1248 1232 ) (2048 -1248 1232 ) (2048 -1248 1248 ) (1888 -1248 1248 ) 
4 55 56 (2048 -1248 1232 ) (1936 -1248 1232 ) (1936 -1024 1232 ) (2048 -1024 1232 ) 
4 56 59 (1936 -1248 1216 ) (2048 -1248 1216 ) (2048 -1248 1232 ) (1936 -1248 1232 ) 
4 56 57 (2048 -1248 1216 ) (1984 -1248 1216 ) (1984 -1024 1216 ) (2048 -1024 1216 ) 
4 57 59 (1984 -1248 1200 ) (2048 -1248 1200 ) (2048 -1248 1216 ) (1984 -1248 1216 ) 
4 57 58 (2048 -1248 1200 ) (2032 -1248 1200 ) (2032 -1024 1200 ) (2048 -1024 1200 ) 
4 58 59 (2032 -1248 1184 ) (2048 -1248 1184 ) (2048 -1248 1200 ) (2032 -1248 1200 ) 
4 59 64 (2048 -2048 1152 ) (2048 -2048 3712 ) (1584 -2048 3712 ) (1584 -2048 1152 ) 
4 59 61 (2048 -1248 1152 ) (2048 -2048 1152 ) (1584 -2048 1152 ) (1584 -1248 1152 ) 
4 59 60 (1584 -1248 1152 ) (1584 -2048 1152 ) (1584 -2048 3712 ) (1584 -1248 3712 ) 
4 60 74 (1024 -2048 1152 ) (1024 -2048 3712 ) (1024 -1024 3712 ) (1024 -1024 1152 ) 
4 60 64 (1024 -2048 3712 ) (1024 -2048 1152 ) (1584 -2048 1152 ) (1584 -2048 3712 ) 
4 60 61 (1584 -2048 1152 ) (1024 -2048 1152 ) (1024 -1024 1152 ) (1584 -1024 1152 ) 
4 61 75 (1024 -2048 0 ) (1024 -2048 1152 ) (1024 -1024 1152 ) (1024 -1024 0 ) 
4 61 65 (2048 -2048 0 ) (2048 -2048 1152 ) (1024 -2048 1152 ) (1024 -2048 0 ) 
4 62 66 (3072 -3072 1152 ) (3072 -3072 3712 ) (2048 -3072 3712 ) (2048 -3072 1152 ) 
4 62 64 (2048 -2048 3712 ) (2048 -2048 1152 ) (2048 -3072 1152 ) (2048 -3072 3712 ) 
4 62 63 (3072 -3072 1152 ) (2048 -3072 1152 ) (2048 -2048 1152 ) (3072 -2048 1152 ) 
4 63 67 (3072 -3072 0 ) (3072 -3072 1152 ) (2048 -3072 1152 ) (2048 -3072 0 ) 
4 63 65 (2048 -2048 1152 ) (2048 -2048 0 ) (2048 -3072 0 ) (2048 -3072 1152 ) 
4 64 86 (1024 -3072 1152 ) (1024 -3072 3712 ) (1024 -2048 3712 ) (1024 -2048 1152 ) 
4 64 68 (2048 -3072 1152 ) (2048 -3072 3712 ) (1024 -3072 3712 ) (1024 -3072 1152 ) 
4 64 65 (2048 -2048 1152 ) (2048 -3072 1152 ) (1024 -3072 1152 ) (1024 -2048 1152 ) 
4 65 87 (1024 -3072 0 ) (1024 -3072 1152 ) (1024 -2048 1152 ) (1024 -2048 0 ) 
4 65 69 (2048 -3072 0 ) (2048 -3072 1152 ) (1024 -3072 1152 ) (1024 -3072 0 ) 
4 66 68 (2048 -3776 3712 ) (2048 -3072 3712 ) (2048 -3072 1152 ) (2048 -3776 1152 ) 
4 66 67 (2048 -3776 1152 ) (2048 -3072 1152 ) (3072 -3072 1152 ) (3072 -3776 1152 ) 
4 67 69 (2048 -3776 1152 ) (2048 -3072 1152 ) (2048 -3072 0 ) (2048 -3776 0 ) 
4 68 90 (1024 -3776 3712 ) (1024 -3072 3712 ) (1024 -3072 1152 ) (1024 -3776 1152 ) 
4 68 69 (1024 -3072 1152 ) (2048 -3072 1152 ) (2048 -3776 1152 ) (1024 -3776 1152 ) 
4 69 91 (1024 -3776 1152 ) (1024 -3072 1152 ) (1024 -3072 0 ) (1024 -3776 0 ) 
4 70 74 (1024 -1024 1152 ) (1024 -1024 3712 ) (0 -1024 3712 ) (0 -1024 1152 ) 
4 70 72 (0 0 3712 ) (0 0 1152 ) (0 -1024 1152 ) (0 -1024 3712 ) 
4 70 71 (1024 -1024 1152 ) (0 -1024 1152 ) (0 0 1152 ) (1024 0 1152 ) 
4 71 75 (1024 -1024 0 ) (1024 -1024 1152 ) (0 -1024 1152 ) (0 -1024 0 ) 
4 71 73 (0 0 1152 ) (0 0 0 ) (0 -1024 0 ) (0 -1024 1152 ) 
4 72 78 (-1024 0 3712 ) (-1024 0 1152 ) (-1024 -1024 1152 ) (-1024 -1024 3712 ) 
4 72 76 (0 -1024 1152 ) (0 -1024 3712 ) (-1024 -1024 3712 ) (-1024 -1024 1152 ) 
4 72 73 (-1024 0 1152 ) (0 0 1152 ) (0 -1024 1152 ) (-1024 -1024 1152 ) 
4 73 79 (-1024 0 1152 ) (-1024 0 0 ) (-1024 -1024 0 ) (-1024 -1024 1152 ) 
4 73 77 (0 -1024 0 ) (0 -1024 1152 ) (-1024 -1024 1152 ) (-1024 -1024 0 ) 
4 74 86 (1024 -2048 1152 ) (1024 -2048 3712 ) (0 -2048 3712 ) (0 -2048 1152 ) 
4 74 76 (0 -1024 3712 ) (0 -1024 1152 ) (0 -2048 1152 ) (0 -2048 3712 ) 
4 74 75 (1024 -2048 1152 ) (0 -2048 1152 ) (0 -1024 1152 ) (1024 -1024 1152 ) 
4 75 87 (1024 -2048 0 ) (1024 -2048 1152 ) (0 -2048 1152 ) (0 -2048 0 ) 
4 75 77 (0 -1024 1152 ) (0 -1024 0 ) (0 -2048 0 ) (0 -2048 1152 ) 
4 76 88 (0 -2048 1152 ) (0 -2048 3712 ) (-1024 -2048 3712 ) (-1024 -2048 1152 ) 
4 76 80 (-1024 -2048 1152 ) (-1024 -2048 3712 ) (-1024 -1024 3712 ) (-1024 -1024 1152 ) 
4 76 77 (0 -1024 1152 ) (0 -2048 1152 ) (-1024 -2048 1152 ) (-1024 -1024 1152 ) 
4 77 89 (0 -2048 0 ) (0 -2048 1152 ) (-1024 -2048 1152 ) (-1024 -2048 0 ) 
4 77 81 (-1024 -2048 0 ) (-1024 -2048 1152 ) (-1024 -1024 1152 ) (-1024 -1024 0 ) 
4 78 82 (-2048 -1024 1152 ) (-2048 -1024 3712 ) (-2048 0 3712 ) (-2048 0 1152 ) 
4 78 80 (-1024 -1024 1152 ) (-1024 -1024 3712 ) (-2048 -1024 3712 ) (-2048 -1024 1152 ) 
4 78 79 (-2048 -1024 1152 ) (-2048 0 1152 ) (-1024 0 1152 ) (-1024 -1024 1152 ) 
4 79 83 (-2048 -1024 0 ) (-2048 -1024 1152 ) (-2048 0 1152 ) (-2048 0 0 ) 
4 79 81 (-1024 -1024 0 ) (-1024 -1024 1152 ) (-2048 -1024 1152 ) (-2048 -1024 0 ) 
4 80 94 (-1024 -2048 1152 ) (-1024 -2048 3712 ) (-2048 -2048 3712 ) (-2048 -2048 1152 ) 
4 80 84 (-2048 -2048 1152 ) (-2048 -2048 3712 ) (-2048 -1024 3712 ) (-2048 -1024 1152 ) 
4 80 81 (-2048 -2048 1152 ) (-2048 -1024 1152 ) (-1024 -1024 1152 ) (-1024 -2048 1152 ) 
4 81 95 (-1024 -2048 0 ) (-1024 -2048 1152 ) (-2048 -2048 1152 ) (-2048 -2048 0 ) 
4 81 85 (-2048 -2048 0 ) (-2048 -2048 1152 ) (-2048 -1024 1152 ) (-2048 -1024 0 ) 
4 82 84 (-2048 -1024 1152 ) (-2048 -1024 3712 ) (-2880 -1024 3712 ) (-2880 -1024 1152 ) 
4 82 83 (-2048 -1024 1152 ) (-2880 -1024 1152 ) (-2880 0 1152 ) (-2048 0 1152 ) 
4 83 85 (-2048 -1024 0 ) (-2048 -1024 1152 ) (-2880 -1024 1152 ) (-2880 -1024 0 ) 
4 84 96 (-2048 -2048 1152 ) (-2048 -2048 3712 ) (-2880 -2048 3712 ) (-2880 -2048 1152 ) 
4 84 85 (-2880 -1024 1152 ) (-2048 -1024 1152 ) (-2048 -2048 1152 ) (-2880 -2048 1152 ) 
4 85 97 (-2048 -2048 0 ) (-2048 -2048 1152 ) (-2880 -2048 1152 ) (-2880 -2048 0 ) 
4 86 90 (1024 -3072 1152 ) (1024 -3072 3712 ) (0 -3072 3712 ) (0 -3072 1152 ) 
4 86 88 (0 -2048 3712 ) (0 -2048 1152 ) (0 -3072 1152 ) (0 -3072 3712 ) 
4 86 87 (1024 -3072 1152 ) (0 -3072 1152 ) (0 -2048 1152 ) (1024 -2048 1152 ) 
4 87 91 (1024 -3072 0 ) (1024 -3072 1152 ) (0 -3072 1152 ) (0 -3072 0 ) 
4 87 89 (0 -2048 1152 ) (0 -2048 0 ) (0 -3072 0 ) (0 -3072 1152 ) 
4 88 94 (-1024 -2048 3712 ) (-1024 -2048 1152 ) (-1024 -3072 1152 ) (-1024 -3072 3712 ) 
4 88 92 (0 -3072 1152 ) (0 -3072 3712 ) (-1024 -3072 3712 ) (-1024 -3072 1152 ) 
4 88 89 (-1024 -2048 1152 ) (0 -2048 1152 ) (0 -3072 1152 ) (-1024 -3072 1152 ) 
4 89 95 (-1024 -2048 1152 ) (-1024 -2048 0 ) (-1024 -3072 0 ) (-1024 -3072 1152 ) 
4 89 93 (0 -3072 0 ) (0 -3072 1152 ) (-1024 -3072 1152 ) (-1024 -3072 0 ) 
4 90 92 (0 -3776 3712 ) (0 -3072 3712 ) (0 -3072 1152 ) (0 -3776 1152 ) 
4 90 91 (0 -3776 1152 ) (0 -3072 1152 ) (1024 -3072 1152 ) (1024 -3776 1152 ) 
4 91 93 (0 -3776 1152 ) (0 -3072 1152 ) (0 -3072 0 ) (0 -3776 0 ) 
4 92 98 (-1024 -3776 3712 ) (-1024 -3072 3712 ) (-1024 -3072 1152 ) (-1024 -3776 1152 ) 
4 92 93 (-1024 -3072 1152 ) (0 -3072 1152 ) (0 -3776 1152 ) (-1024 -3776 1152 ) 
4 93 99 (-1024 -3776 1152 ) (-1024 -3072 1152 ) (-1024 -3072 0 ) (-1024 -3776 0 ) 
4 94 98 (-1024 -3072 1152 ) (-1024 -3072 3712 ) (-2048 -3072 3712 ) (-2048 -3072 1152 ) 
4 94 96 (-2048 -2048 3712 ) (-2048 -2048 1152 ) (-2048 -3072 1152 ) (-2048 -3072 3712 ) 
4 94 95 (-1024 -3072 1152 ) (-2048 -3072 1152 ) (-2048 -2048 1152 ) (-1024 -2048 1152 ) 
4 95 99 (-1024 -3072 0 ) (-1024 -3072 1152 ) (-2048 -3072 1152 ) (-2048 -3072 0 ) 
4 95 97 (-2048 -2048 1152 ) (-2048 -2048 0 ) (-2048 -3072 0 ) (-2048 -3072 1152 ) 
4 96 100 (-2048 -3072 1152 ) (-2048 -3072 3712 ) (-2880 -3072 3712 ) (-2880 -3072 1152 ) 
4 96 97 (-2048 -3072 1152 ) (-2880 -3072 1152 ) (-2880 -2048 1152 ) (-2048 -2048 1152 ) 
4 97 101 (-2048 -3072 0 ) (-2048 -3072 1152 ) (-2880 -3072 1152 ) (-2880 -3072 0 ) 
4 98 100 (-2048 -3072 3712 ) (-2048 -3072 1152 ) (-2048 -3776 1152 ) (-2048 -3776 3712 ) 
4 98 99 (-2048 -3776 1152 ) (-2048 -3072 1152 ) (-1024 -3072 1152 ) (-1024 -3776 1152 ) 
4 99 101 (-2048 -3072 1152 ) (-2048 -3072 0 ) (-2048 -3776 0 ) (-2048 -3776 1152 ) 
4 100 101 (-2880 -3776 1152 ) (-2880 -3072 1152 ) (-2048 -3072 1152 ) (-2048 -3776 1152 ) 
