PRT1
424
1048
4 0 2 (0 2576 4288 ) (0 2577.800293 4288 ) (0 2577.800293 64 ) (0 2576 64 ) 
4 0 1 (43.325905 2576 320 ) (43.325905 2576 4288 ) (0 2576 4288 ) (0 2576 320 ) 
4 1 7 (0 2048 4288 ) (0 2048 320 ) (43.325905 2048 320 ) (43.325905 2048 4288 ) 
4 1 3 (0 2512 4288 ) (0 2576 4288 ) (0 2576 320 ) (0 2512 320 ) 
4 1 4 (0 2048 320 ) (0 2048 4288 ) (0 2512 4288 ) (0 2512 320 ) 
4 2 11 (-1024 2576 4288 ) (-1024 2577.800293 4288 ) (-1024 2577.800293 64 ) (-1024 2576 64 ) 
4 2 3 (0 2576 320 ) (0 2576 4288 ) (-1024 2576 4288 ) (-1024 2576 320 ) 
4 3 12 (-1024 2512 4288 ) (-1024 2576 4288 ) (-1024 2576 320 ) (-1024 2512 320 ) 
4 3 4 (0 2512 320 ) (0 2512 4288 ) (-1024 2512 4288 ) (-1024 2512 320 ) 
4 4 13 (-1024 2048 64 ) (-1024 2048 4288 ) (-1024 2512 4288 ) (-1024 2512 64 ) 
4 4 8 (0 2048 64 ) (0 2048 4288 ) (-192 2048 4288 ) (-192 2048 64 ) 
4 4 9 (-192 2048 4288 ) (-1024 2048 4288 ) (-1024 2048 64 ) (-192 2048 64 ) 
4 4 5 (-192 2048 64 ) (-1024 2048 64 ) (-1024 2368 64 ) (-192 2368 64 ) 
4 5 14 (-1024 2048 56 ) (-1024 2048 64 ) (-1024 2368 64 ) (-1024 2368 56 ) 
4 5 9 (-192 2048 64 ) (-1024 2048 64 ) (-1024 2048 56 ) (-192 2048 56 ) 
4 5 6 (-192 2368 56 ) (-192 2048 56 ) (-1024 2048 56 ) (-1024 2368 56 ) 
4 6 15 (-1024 2048 -224 ) (-1024 2048 56 ) (-1024 2368 56 ) (-1024 2368 -224 ) 
4 6 10 (-192 2048 56 ) (-1024 2048 56 ) (-1024 2048 -224 ) (-192 2048 -224 ) 
4 7 32 (43.325905 1024 4288 ) (0 1024 4288 ) (0 1024 320 ) (43.325905 1024 320 ) 
4 7 8 (0 2048 4288 ) (0 2048 320 ) (0 1024 320 ) (0 1024 4288 ) 
4 8 34 (0 1024 64 ) (0 1024 4288 ) (-192 1024 4288 ) (-192 1024 64 ) 
4 8 9 (-192 1024 64 ) (-192 1024 4288 ) (-192 2048 4288 ) (-192 2048 64 ) 
4 9 35 (-1024 1024 64 ) (-1024 1024 56 ) (-192 1024 56 ) (-192 1024 64 ) 
4 9 34 (-192 1024 4288 ) (-1024 1024 4288 ) (-1024 1024 64 ) (-192 1024 64 ) 
4 9 16 (-1024 1024 56 ) (-1024 1024 4288 ) (-1024 2048 4288 ) (-1024 2048 56 ) 
4 9 10 (-192 1024 56 ) (-1024 1024 56 ) (-1024 2048 56 ) (-192 2048 56 ) 
4 10 42 (-192 1024 -224 ) (-192 1024 56 ) (-1024 1024 56 ) (-1024 1024 -224 ) 
4 10 17 (-1024 1024 -224 ) (-1024 1024 56 ) (-1024 2048 56 ) (-1024 2048 -224 ) 
4 11 18 (-2048 2576 4288 ) (-2048 2577.800293 4288 ) (-2048 2577.800293 64 ) (-2048 2576 64 ) 
4 11 12 (-1024 2576 320 ) (-1024 2576 4288 ) (-2048 2576 4288 ) (-2048 2576 320 ) 
4 12 19 (-2048 2512 4288 ) (-2048 2576 4288 ) (-2048 2576 320 ) (-2048 2512 320 ) 
4 12 13 (-1024 2512 320 ) (-1024 2512 4288 ) (-2048 2512 4288 ) (-2048 2512 320 ) 
4 13 20 (-2048 2048 64 ) (-2048 2048 4288 ) (-2048 2512 4288 ) (-2048 2512 64 ) 
4 13 16 (-1024 2048 64 ) (-1024 2048 4288 ) (-2048 2048 4288 ) (-2048 2048 64 ) 
4 13 14 (-2048 2048 64 ) (-2048 2368 64 ) (-1024 2368 64 ) (-1024 2048 64 ) 
4 14 21 (-2048 2048 56 ) (-2048 2048 64 ) (-2048 2368 64 ) (-2048 2368 56 ) 
4 14 16 (-1024 2048 56 ) (-1024 2048 64 ) (-2048 2048 64 ) (-2048 2048 56 ) 
4 14 15 (-2048 2048 56 ) (-2048 2368 56 ) (-1024 2368 56 ) (-1024 2048 56 ) 
4 15 22 (-2048 2048 -224 ) (-2048 2048 56 ) (-2048 2368 56 ) (-2048 2368 -224 ) 
4 15 17 (-1024 2048 -224 ) (-1024 2048 56 ) (-2048 2048 56 ) (-2048 2048 -224 ) 
4 16 82 (-1024 1024 56 ) (-1024 1024 64 ) (-2048 1024 64 ) (-2048 1024 56 ) 
4 16 77 (-1024 1024 64 ) (-1024 1024 256 ) (-2048 1024 256 ) (-2048 1024 64 ) 
4 16 75 (-1024 1024 256 ) (-1024 1024 320 ) (-2048 1024 320 ) (-2048 1024 256 ) 
4 16 74 (-1024 1024 320 ) (-1024 1024 4288 ) (-2048 1024 4288 ) (-2048 1024 320 ) 
4 16 28 (-2048 1024 56 ) (-2048 1024 4288 ) (-2048 2048 4288 ) (-2048 2048 56 ) 
4 16 17 (-1024 1024 56 ) (-2048 1024 56 ) (-2048 2048 56 ) (-1024 2048 56 ) 
4 17 83 (-1024 1024 -224 ) (-1024 1024 56 ) (-2048 1024 56 ) (-2048 1024 -224 ) 
4 17 29 (-2048 1024 -224 ) (-2048 1024 56 ) (-2048 2048 56 ) (-2048 2048 -224 ) 
4 18 23 (-3072 2576 4288 ) (-3072 2577.800293 4288 ) (-3072 2577.800293 64 ) (-3072 2576 64 ) 
4 18 19 (-2048 2576 320 ) (-2048 2576 4288 ) (-3072 2576 4288 ) (-3072 2576 320 ) 
4 19 24 (-3072 2512 4288 ) (-3072 2576 4288 ) (-3072 2576 320 ) (-3072 2512 320 ) 
4 19 20 (-2048 2512 320 ) (-2048 2512 4288 ) (-3072 2512 4288 ) (-3072 2512 320 ) 
4 20 28 (-2048 2048 64 ) (-2048 2048 4288 ) (-3072 2048 4288 ) (-3072 2048 64 ) 
4 20 25 (-3072 2048 64 ) (-3072 2048 4288 ) (-3072 2512 4288 ) (-3072 2512 64 ) 
4 20 21 (-2048 2048 64 ) (-3072 2048 64 ) (-3072 2368 64 ) (-2048 2368 64 ) 
4 21 28 (-2048 2048 56 ) (-2048 2048 64 ) (-3072 2048 64 ) (-3072 2048 56 ) 
4 21 26 (-3072 2048 56 ) (-3072 2048 64 ) (-3072 2368 64 ) (-3072 2368 56 ) 
4 21 22 (-2048 2048 56 ) (-3072 2048 56 ) (-3072 2368 56 ) (-2048 2368 56 ) 
4 22 29 (-2048 2048 -224 ) (-2048 2048 56 ) (-3072 2048 56 ) (-3072 2048 -224 ) 
4 22 27 (-3072 2048 -224 ) (-3072 2048 56 ) (-3072 2368 56 ) (-3072 2368 -224 ) 
4 23 224 (-4096 2576 4288 ) (-4096 2577.800293 4288 ) (-4096 2577.800293 64 ) (-4096 2576 64 ) 
4 23 24 (-3072 2576 320 ) (-3072 2576 4288 ) (-4096 2576 4288 ) (-4096 2576 320 ) 
4 24 225 (-4096 2512 4288 ) (-4096 2576 4288 ) (-4096 2576 320 ) (-4096 2512 320 ) 
4 24 25 (-3072 2512 320 ) (-3072 2512 4288 ) (-4096 2512 4288 ) (-4096 2512 320 ) 
4 25 226 (-4096 2048 64 ) (-4096 2048 4288 ) (-4096 2512 4288 ) (-4096 2512 64 ) 
4 25 30 (-4096 2048 4288 ) (-4096 2048 64 ) (-3072 2048 64 ) (-3072 2048 4288 ) 
4 25 26 (-3072 2368 64 ) (-3072 2048 64 ) (-4096 2048 64 ) (-4096 2368 64 ) 
4 26 227 (-4096 2048 56 ) (-4096 2048 64 ) (-4096 2368 64 ) (-4096 2368 56 ) 
4 26 30 (-4096 2048 64 ) (-4096 2048 56 ) (-3072 2048 56 ) (-3072 2048 64 ) 
4 26 27 (-3072 2368 56 ) (-3072 2048 56 ) (-4096 2048 56 ) (-4096 2368 56 ) 
4 27 228 (-4096 2048 -224 ) (-4096 2048 56 ) (-4096 2368 56 ) (-4096 2368 -224 ) 
4 27 31 (-4096 2048 56 ) (-4096 2048 -224 ) (-3072 2048 -224 ) (-3072 2048 56 ) 
4 28 91 (-2048 1024 56 ) (-2048 1024 64 ) (-3072 1024 64 ) (-3072 1024 56 ) 
4 28 88 (-2048 1024 64 ) (-2048 1024 256 ) (-3072 1024 256 ) (-3072 1024 64 ) 
4 28 85 (-2048 1024 256 ) (-2048 1024 4288 ) (-3072 1024 4288 ) (-3072 1024 256 ) 
4 28 30 (-3072 2048 4288 ) (-3072 2048 56 ) (-3072 1024 56 ) (-3072 1024 4288 ) 
4 28 29 (-3072 2048 56 ) (-2048 2048 56 ) (-2048 1024 56 ) (-3072 1024 56 ) 
4 29 92 (-2048 1024 -224 ) (-2048 1024 56 ) (-3072 1024 56 ) (-3072 1024 -224 ) 
4 29 31 (-3072 2048 56 ) (-3072 2048 -224 ) (-3072 1024 -224 ) (-3072 1024 56 ) 
4 30 229 (-4096 1024 56 ) (-4096 1024 4288 ) (-4096 2048 4288 ) (-4096 2048 56 ) 
4 30 100 (-4096 1024 64 ) (-4096 1024 56 ) (-3072 1024 56 ) (-3072 1024 64 ) 
4 30 97 (-4096 1024 256 ) (-4096 1024 64 ) (-3072 1024 64 ) (-3072 1024 256 ) 
4 30 94 (-4096 1024 4288 ) (-4096 1024 256 ) (-3072 1024 256 ) (-3072 1024 4288 ) 
4 30 31 (-3072 2048 56 ) (-3072 1024 56 ) (-4096 1024 56 ) (-4096 2048 56 ) 
4 31 230 (-4096 1024 -224 ) (-4096 1024 56 ) (-4096 2048 56 ) (-4096 2048 -224 ) 
4 31 101 (-4096 1024 56 ) (-4096 1024 -224 ) (-3072 1024 -224 ) (-3072 1024 56 ) 
4 32 44 (0 0 4288 ) (0 0 320 ) (43.325905 0 320 ) (43.325905 0 4288 ) 
4 32 36 (0 0 320 ) (0 0 4288 ) (0 320 4288 ) (0 320 320 ) 
4 32 34 (0 320 4288 ) (0 1024 4288 ) (0 1024 320 ) (0 320 320 ) 
4 33 45 (0 0 0 ) (0 0 -256 ) (43.325905 0 -256 ) (43.325905 0 0 ) 
4 33 41 (0 0 -256 ) (0 0 0 ) (0 320 0 ) (0 320 -256 ) 
4 34 77 (-1024 1024 256 ) (-1024 1024 64 ) (-1024 320 64 ) (-1024 320 256 ) 
4 34 75 (-1024 1024 320 ) (-1024 1024 256 ) (-1024 320 256 ) (-1024 320 320 ) 
4 34 74 (-1024 1024 4288 ) (-1024 1024 320 ) (-1024 320 320 ) (-1024 320 4288 ) 
6 34 39 (-704 320 256 ) (-896 320 256 ) (-1024 320 208 ) (-1024 320 64 ) (-576 320 64 ) (-576 320 208 ) 
4 34 36 (0 320 320 ) (0 320 4288 ) (-1024 320 4288 ) (-1024 320 320 ) 
4 34 35 (-1024 576 64 ) (-1024 1024 64 ) (-192 1024 64 ) (-192 576 64 ) 
4 35 82 (-1024 1024 64 ) (-1024 1024 56 ) (-1024 576 56 ) (-1024 576 64 ) 
4 35 42 (-1024 576 56 ) (-1024 1024 56 ) (-192 1024 56 ) (-192 576 56 ) 
4 36 74 (-1024 0 320 ) (-1024 0 4288 ) (-1024 320 4288 ) (-1024 320 320 ) 
4 36 51 (-144 0 384 ) (-1024 0 384 ) (-1024 0 320 ) (-144 0 320 ) 
4 36 49 (0 0 320 ) (0 0 384 ) (-64 0 384 ) (-64 0 320 ) 
4 36 50 (-64 0 384 ) (-144 0 384 ) (-144 0 320 ) (-64 0 320 ) 
4 36 48 (-832 0 448 ) (-1024 0 448 ) (-1024 0 384 ) (-832 0 384 ) 
4 36 47 (0 0 384 ) (0 0 448 ) (-832 0 448 ) (-832 0 384 ) 
4 36 46 (0 0 448 ) (0 0 4288 ) (-1024 0 4288 ) (-1024 0 448 ) 
4 36 37 (-64 0 320 ) (-1024 0 320 ) (-1024 192 320 ) (-64 192 320 ) 
4 37 76 (-1024 0 256 ) (-1024 0 320 ) (-1024 192 320 ) (-1024 192 256 ) 
4 37 51 (-144 0 320 ) (-1024 0 320 ) (-1024 0 256 ) (-144 0 256 ) 
4 37 50 (-64 0 320 ) (-144 0 320 ) (-144 0 256 ) (-64 0 256 ) 
4 37 40 (-1024 0 256 ) (-1024 192 256 ) (-576 192 256 ) (-576 0 256 ) 
4 37 38 (-576 192 256 ) (-64 192 256 ) (-64 0 256 ) (-576 0 256 ) 
4 38 57 (-192 0 64 ) (-128 0 64 ) (-128 0 128 ) (-192 0 128 ) 
4 38 59 (-576 0 128 ) (-576 0 64 ) (-192 0 64 ) (-192 0 128 ) 
4 38 56 (-128 0 64 ) (-64 0 64 ) (-64 0 128 ) (-128 0 128 ) 
4 38 51 (-144 0 256 ) (-576 0 256 ) (-576 0 128 ) (-144 0 128 ) 
4 38 50 (-64 0 256 ) (-144 0 256 ) (-144 0 128 ) (-64 0 128 ) 
4 38 40 (-576 192 64 ) (-576 0 64 ) (-576 0 256 ) (-576 192 256 ) 
6 39 40 (-1024 192 64 ) (-576 192 64 ) (-576 192 208 ) (-704 192 256 ) (-896 192 256 ) (-1024 192 208 ) 
4 40 80 (-1024 0 64 ) (-1024 0 192 ) (-1024 64 192 ) (-1024 64 64 ) 
4 40 79 (-1024 0 192 ) (-1024 0 256 ) (-1024 64 256 ) (-1024 64 192 ) 
4 40 78 (-1024 64 256 ) (-1024 192 256 ) (-1024 192 64 ) (-1024 64 64 ) 
4 40 59 (-1024 0 128 ) (-1024 0 64 ) (-576 0 64 ) (-576 0 128 ) 
4 40 51 (-576 0 256 ) (-1024 0 256 ) (-1024 0 128 ) (-576 0 128 ) 
4 41 60 (0 0 -256 ) (0 0 0 ) (-192 0 0 ) (-192 0 -256 ) 
4 41 43 (-192 320 -256 ) (-192 0 -256 ) (-192 0 0 ) (-192 320 0 ) 
4 42 83 (-1024 1024 56 ) (-1024 1024 -224 ) (-1024 576 -224 ) (-1024 576 56 ) 
4 43 84 (-1024 320 -256 ) (-1024 0 -256 ) (-1024 0 0 ) (-1024 320 0 ) 
4 43 60 (-1024 0 0 ) (-1024 0 -256 ) (-192 0 -256 ) (-192 0 0 ) 
4 44 61 (43.325905 -1024 320 ) (43.325905 -1024 4288 ) (0 -1024 4288 ) (0 -1024 320 ) 
4 44 49 (0 0 384 ) (0 0 320 ) (0 -1024 320 ) (0 -1024 384 ) 
4 44 47 (0 0 448 ) (0 0 384 ) (0 -1024 384 ) (0 -1024 448 ) 
4 44 46 (0 0 4288 ) (0 0 448 ) (0 -1024 448 ) (0 -1024 4288 ) 
4 45 62 (43.325905 -1024 -256 ) (43.325905 -1024 0 ) (0 -1024 0 ) (0 -1024 -256 ) 
4 45 60 (0 0 0 ) (0 0 -256 ) (0 -1024 -256 ) (0 -1024 0 ) 
4 46 103 (-1024 -1024 448 ) (-1024 -1024 4288 ) (-1024 0 4288 ) (-1024 0 448 ) 
4 46 64 (-832 -1024 4288 ) (-1024 -1024 4288 ) (-1024 -1024 448 ) (-832 -1024 448 ) 
4 46 63 (0 -1024 448 ) (0 -1024 4288 ) (-832 -1024 4288 ) (-832 -1024 448 ) 
4 46 48 (-1024 -768 448 ) (-1024 0 448 ) (-832 0 448 ) (-832 -768 448 ) 
4 46 47 (0 0 448 ) (0 -1024 448 ) (-832 -1024 448 ) (-832 0 448 ) 
4 47 69 (0 -1024 384 ) (0 -1024 448 ) (-64 -1024 448 ) (-64 -1024 384 ) 
4 47 70 (-64 -1024 448 ) (-832 -1024 448 ) (-832 -1024 384 ) (-64 -1024 384 ) 
4 47 52 (-832 -704 384 ) (-832 -576 384 ) (-144 -576 384 ) (-144 -704 384 ) 
4 47 51 (-832 -576 384 ) (-832 0 384 ) (-144 0 384 ) (-144 -576 384 ) 
4 47 55 (-144 -1024 384 ) (-832 -1024 384 ) (-832 -704 384 ) (-144 -704 384 ) 
4 47 49 (0 -1024 384 ) (-64 -1024 384 ) (-64 0 384 ) (0 0 384 ) 
4 47 50 (-64 -1024 384 ) (-144 -1024 384 ) (-144 0 384 ) (-64 0 384 ) 
4 47 48 (-832 0 384 ) (-832 -768 384 ) (-832 -768 448 ) (-832 0 448 ) 
4 48 104 (-1024 -768 448 ) (-1024 0 448 ) (-1024 0 384 ) (-1024 -768 384 ) 
4 48 52 (-1024 -704 384 ) (-1024 -576 384 ) (-832 -576 384 ) (-832 -704 384 ) 
4 48 51 (-1024 -576 384 ) (-1024 0 384 ) (-832 0 384 ) (-832 -576 384 ) 
4 48 55 (-1024 -768 384 ) (-1024 -704 384 ) (-832 -704 384 ) (-832 -768 384 ) 
4 49 69 (0 -1024 320 ) (0 -1024 384 ) (-64 -1024 384 ) (-64 -1024 320 ) 
4 49 50 (-64 -1024 320 ) (-64 -1024 384 ) (-64 0 384 ) (-64 0 320 ) 
4 50 70 (-64 -1024 384 ) (-144 -1024 384 ) (-144 -1024 128 ) (-64 -1024 128 ) 
4 50 57 (-144 -576 128 ) (-144 0 128 ) (-128 0 128 ) (-128 -576 128 ) 
4 50 58 (-128 -1024 128 ) (-144 -1024 128 ) (-144 -704 128 ) (-128 -704 128 ) 
4 50 56 (-64 -1024 128 ) (-128 -1024 128 ) (-128 0 128 ) (-64 0 128 ) 
4 50 53 (-144 -576 128 ) (-144 -704 128 ) (-144 -704 256 ) (-144 -576 256 ) 
4 50 52 (-144 -704 256 ) (-144 -704 384 ) (-144 -576 384 ) (-144 -576 256 ) 
4 50 51 (-144 0 128 ) (-144 -576 128 ) (-144 -576 384 ) (-144 0 384 ) 
4 50 55 (-144 -704 128 ) (-144 -1024 128 ) (-144 -1024 384 ) (-144 -704 384 ) 
4 51 107 (-1024 0 256 ) (-1024 0 128 ) (-1024 -320 128 ) (-1024 -320 256 ) 
4 51 105 (-1024 -320 384 ) (-1024 0 384 ) (-1024 0 256 ) (-1024 -320 256 ) 
4 51 108 (-1024 -576 384 ) (-1024 -320 384 ) (-1024 -320 128 ) (-1024 -576 128 ) 
4 51 57 (-192 0 128 ) (-144 0 128 ) (-144 -576 128 ) (-192 -576 128 ) 
4 51 59 (-1024 -576 128 ) (-1024 0 128 ) (-192 0 128 ) (-192 -576 128 ) 
4 51 54 (-1024 -576 128 ) (-176 -576 128 ) (-176 -576 256 ) (-1024 -576 256 ) 
4 51 53 (-176 -576 128 ) (-144 -576 128 ) (-144 -576 256 ) (-176 -576 256 ) 
4 51 52 (-144 -576 256 ) (-144 -576 384 ) (-1024 -576 384 ) (-1024 -576 256 ) 
4 52 108 (-1024 -704 384 ) (-1024 -576 384 ) (-1024 -576 256 ) (-1024 -704 256 ) 
4 52 54 (-176 -704 256 ) (-1024 -704 256 ) (-1024 -576 256 ) (-176 -576 256 ) 
4 52 53 (-144 -704 256 ) (-176 -704 256 ) (-176 -576 256 ) (-144 -576 256 ) 
4 52 55 (-144 -704 256 ) (-144 -704 384 ) (-1024 -704 384 ) (-1024 -704 256 ) 
4 53 55 (-176 -704 128 ) (-144 -704 128 ) (-144 -704 256 ) (-176 -704 256 ) 
4 53 54 (-176 -704 128 ) (-176 -704 256 ) (-176 -576 256 ) (-176 -576 128 ) 
4 54 108 (-1024 -576 256 ) (-1024 -576 128 ) (-1024 -704 128 ) (-1024 -704 256 ) 
4 54 59 (-1024 -704 128 ) (-1024 -576 128 ) (-192 -576 128 ) (-192 -704 128 ) 
4 54 55 (-1024 -704 128 ) (-176 -704 128 ) (-176 -704 256 ) (-1024 -704 256 ) 
4 55 108 (-1024 -1024 128 ) (-1024 -1024 384 ) (-1024 -704 384 ) (-1024 -704 128 ) 
4 55 71 (-832 -1024 384 ) (-1024 -1024 384 ) (-1024 -1024 128 ) (-832 -1024 128 ) 
4 55 70 (-144 -1024 384 ) (-832 -1024 384 ) (-832 -1024 128 ) (-144 -1024 128 ) 
4 55 58 (-144 -1024 128 ) (-192 -1024 128 ) (-192 -704 128 ) (-144 -704 128 ) 
4 55 59 (-192 -1024 128 ) (-1024 -1024 128 ) (-1024 -704 128 ) (-192 -704 128 ) 
4 56 70 (-64 -1024 128 ) (-128 -1024 128 ) (-128 -1024 64 ) (-64 -1024 64 ) 
4 56 57 (-128 0 64 ) (-128 -576 64 ) (-128 -576 128 ) (-128 0 128 ) 
4 56 58 (-128 -704 64 ) (-128 -1024 64 ) (-128 -1024 128 ) (-128 -704 128 ) 
4 57 59 (-192 0 64 ) (-192 -576 64 ) (-192 -576 128 ) (-192 0 128 ) 
4 58 70 (-128 -1024 128 ) (-192 -1024 128 ) (-192 -1024 64 ) (-128 -1024 64 ) 
4 58 59 (-192 -704 64 ) (-192 -1024 64 ) (-192 -1024 128 ) (-192 -704 128 ) 
4 59 107 (-1024 -320 128 ) (-1024 0 128 ) (-1024 0 64 ) (-1024 -320 64 ) 
4 59 108 (-1024 -1024 64 ) (-1024 -1024 128 ) (-1024 -320 128 ) (-1024 -320 64 ) 
4 59 71 (-832 -1024 128 ) (-1024 -1024 128 ) (-1024 -1024 64 ) (-832 -1024 64 ) 
4 59 70 (-192 -1024 128 ) (-832 -1024 128 ) (-832 -1024 64 ) (-192 -1024 64 ) 
4 60 109 (-1024 -1024 -256 ) (-1024 -1024 0 ) (-1024 0 0 ) (-1024 0 -256 ) 
4 60 73 (0 -1024 -256 ) (0 -1024 0 ) (-1024 -1024 0 ) (-1024 -1024 -256 ) 
4 61 144 (43.325905 -2048 320 ) (43.325905 -2048 4288 ) (0 -2048 4288 ) (0 -2048 320 ) 
4 61 69 (0 -1024 448 ) (0 -1024 320 ) (0 -2048 320 ) (0 -2048 448 ) 
4 61 67 (0 -1920 448 ) (0 -2048 448 ) (0 -2048 640 ) (0 -1920 640 ) 
4 61 66 (0 -2048 640 ) (0 -2048 4288 ) (0 -1920 4288 ) (0 -1920 640 ) 
4 61 63 (0 -1024 4288 ) (0 -1024 448 ) (0 -1920 448 ) (0 -1920 4288 ) 
4 62 145 (43.325905 -2048 -256 ) (43.325905 -2048 0 ) (0 -2048 0 ) (0 -2048 -256 ) 
4 62 73 (0 -1024 0 ) (0 -1024 -256 ) (0 -2048 -256 ) (0 -2048 0 ) 
4 63 69 (0 -1024 448 ) (0 -1920 448 ) (-64 -1920 448 ) (-64 -1024 448 ) 
4 63 70 (-64 -1920 448 ) (-832 -1920 448 ) (-832 -1024 448 ) (-64 -1024 448 ) 
4 63 68 (-832 -1920 448 ) (-448 -1920 448 ) (-448 -1920 576 ) (-832 -1920 576 ) 
4 63 67 (-448 -1920 448 ) (0 -1920 448 ) (0 -1920 640 ) (-448 -1920 640 ) 
4 63 66 (0 -1920 640 ) (0 -1920 4288 ) (-832 -1920 4288 ) (-832 -1920 640 ) 
3 63 65 (-832 -1408 448 ) (-832 -1920 448 ) (-832 -1920 576 ) 
5 63 64 (-832 -1024 448 ) (-832 -1152 448 ) (-832 -1920 640 ) (-832 -1920 4288 ) (-832 -1024 4288 ) 
5 64 110 (-1024 -1024 4288 ) (-1024 -1024 448 ) (-1024 -1152 448 ) (-1024 -1920 640 ) (-1024 -1920 4288 ) 
4 64 66 (-1024 -1920 4288 ) (-1024 -1920 640 ) (-832 -1920 640 ) (-832 -1920 4288 ) 
3 65 111 (-1024 -1408 448 ) (-1024 -1920 448 ) (-1024 -1920 576 ) 
4 65 72 (-832 -1920 448 ) (-1024 -1920 448 ) (-1024 -1408 448 ) (-832 -1408 448 ) 
4 65 68 (-1024 -1920 576 ) (-1024 -1920 448 ) (-832 -1920 448 ) (-832 -1920 576 ) 
4 66 147 (-448 -2048 4288 ) (-1024 -2048 4288 ) (-1024 -2048 640 ) (-448 -2048 640 ) 
4 66 146 (0 -2048 640 ) (0 -2048 4288 ) (-448 -2048 4288 ) (-448 -2048 640 ) 
4 66 113 (-1024 -2048 640 ) (-1024 -2048 4288 ) (-1024 -1920 4288 ) (-1024 -1920 640 ) 
4 66 67 (-448 -1920 640 ) (0 -1920 640 ) (0 -2048 640 ) (-448 -2048 640 ) 
4 67 149 (-320 -2048 576 ) (-448 -2048 576 ) (-448 -2048 448 ) (-320 -2048 448 ) 
4 67 148 (0 -2048 448 ) (0 -2048 576 ) (-320 -2048 576 ) (-320 -2048 448 ) 
4 67 146 (0 -2048 576 ) (0 -2048 640 ) (-448 -2048 640 ) (-448 -2048 576 ) 
4 67 69 (0 -1920 448 ) (0 -2048 448 ) (-64 -2048 448 ) (-64 -1920 448 ) 
4 67 70 (-64 -2048 448 ) (-448 -2048 448 ) (-448 -1920 448 ) (-64 -1920 448 ) 
4 67 68 (-448 -1920 576 ) (-448 -1920 448 ) (-448 -2048 448 ) (-448 -2048 576 ) 
4 68 149 (-896 -2048 448 ) (-448 -2048 448 ) (-448 -2048 576 ) (-896 -2048 576 ) 
4 68 152 (-1024 -2048 576 ) (-1024 -2048 448 ) (-896 -2048 448 ) (-896 -2048 576 ) 
4 68 114 (-1024 -2048 448 ) (-1024 -2048 576 ) (-1024 -1920 576 ) (-1024 -1920 448 ) 
4 68 72 (-832 -2048 448 ) (-1024 -2048 448 ) (-1024 -1920 448 ) (-832 -1920 448 ) 
4 68 70 (-448 -2048 448 ) (-832 -2048 448 ) (-832 -1920 448 ) (-448 -1920 448 ) 
4 69 148 (0 -2048 320 ) (0 -2048 448 ) (-64 -2048 448 ) (-64 -2048 320 ) 
4 69 70 (-64 -2048 320 ) (-64 -2048 448 ) (-64 -1024 448 ) (-64 -1024 320 ) 
4 70 154 (-832 -2048 320 ) (-832 -2048 64 ) (-320 -2048 64 ) (-320 -2048 320 ) 
4 70 153 (-320 -2048 64 ) (-64 -2048 64 ) (-64 -2048 320 ) (-320 -2048 320 ) 
4 70 150 (-320 -2048 448 ) (-832 -2048 448 ) (-832 -2048 320 ) (-320 -2048 320 ) 
4 70 148 (-64 -2048 448 ) (-320 -2048 448 ) (-320 -2048 320 ) (-64 -2048 320 ) 
5 70 72 (-832 -1152 64 ) (-832 -2048 64 ) (-832 -2048 448 ) (-832 -1408 448 ) (-832 -1152 384 ) 
4 70 71 (-832 -1024 64 ) (-832 -1152 64 ) (-832 -1152 384 ) (-832 -1024 384 ) 
4 71 118 (-1024 -1024 384 ) (-1024 -1024 64 ) (-1024 -1152 64 ) (-1024 -1152 384 ) 
4 71 72 (-1024 -1152 64 ) (-832 -1152 64 ) (-832 -1152 384 ) (-1024 -1152 384 ) 
4 72 158 (-1024 -2048 320 ) (-1024 -2048 64 ) (-896 -2048 64 ) (-896 -2048 320 ) 
4 72 154 (-896 -2048 64 ) (-832 -2048 64 ) (-832 -2048 320 ) (-896 -2048 320 ) 
4 72 150 (-832 -2048 448 ) (-896 -2048 448 ) (-896 -2048 320 ) (-832 -2048 320 ) 
4 72 152 (-896 -2048 448 ) (-1024 -2048 448 ) (-1024 -2048 320 ) (-896 -2048 320 ) 
4 72 118 (-1024 -2048 64 ) (-1024 -2048 384 ) (-1024 -1152 384 ) (-1024 -1152 64 ) 
4 72 116 (-1024 -2048 384 ) (-1024 -2048 448 ) (-1024 -1408 448 ) (-1024 -1152 384 ) 
4 73 160 (0 -2048 -256 ) (0 -2048 0 ) (-1024 -2048 0 ) (-1024 -2048 -256 ) 
4 73 119 (-1024 -2048 -256 ) (-1024 -2048 0 ) (-1024 -1024 0 ) (-1024 -1024 -256 ) 
4 74 105 (-1024 0 320 ) (-1024 0 384 ) (-2048 0 384 ) (-2048 0 320 ) 
4 74 104 (-1024 0 384 ) (-1024 0 448 ) (-2048 0 448 ) (-2048 0 384 ) 
4 74 103 (-1024 0 448 ) (-1024 0 4288 ) (-2048 0 4288 ) (-2048 0 448 ) 
4 74 86 (-2048 320 320 ) (-2048 192 320 ) (-2048 192 4288 ) (-2048 320 4288 ) 
4 74 85 (-2048 1024 4288 ) (-2048 1024 320 ) (-2048 320 320 ) (-2048 320 4288 ) 
4 74 87 (-2048 192 320 ) (-2048 0 320 ) (-2048 0 4288 ) (-2048 192 4288 ) 
4 74 75 (-2048 320 320 ) (-2048 1024 320 ) (-1024 1024 320 ) (-1024 320 320 ) 
4 74 76 (-2048 0 320 ) (-2048 192 320 ) (-1024 192 320 ) (-1024 0 320 ) 
4 75 85 (-2048 1024 320 ) (-2048 1024 256 ) (-2048 320 256 ) (-2048 320 320 ) 
4 75 77 (-2048 320 256 ) (-2048 1024 256 ) (-1024 1024 256 ) (-1024 320 256 ) 
4 76 105 (-1024 0 256 ) (-1024 0 320 ) (-2048 0 320 ) (-2048 0 256 ) 
4 76 87 (-2048 192 256 ) (-2048 0 256 ) (-2048 0 320 ) (-2048 192 320 ) 
4 76 79 (-1024 0 256 ) (-1984 0 256 ) (-1984 64 256 ) (-1024 64 256 ) 
4 76 78 (-2048 64 256 ) (-2048 192 256 ) (-1024 192 256 ) (-1024 64 256 ) 
4 77 88 (-2048 1024 256 ) (-2048 1024 64 ) (-2048 320 64 ) (-2048 320 256 ) 
4 77 82 (-2048 576 64 ) (-2048 1024 64 ) (-1024 1024 64 ) (-1024 576 64 ) 
4 78 89 (-2048 192 64 ) (-2048 64 64 ) (-2048 64 256 ) (-2048 192 256 ) 
4 78 81 (-2048 64 64 ) (-1472 64 64 ) (-1984 64 192 ) (-2048 64 192 ) 
4 78 80 (-1216 64 64 ) (-1024 64 64 ) (-1024 64 192 ) (-1728 64 192 ) 
4 78 79 (-1024 64 192 ) (-1024 64 256 ) (-1984 64 256 ) (-1728 64 192 ) 
4 79 107 (-1024 0 192 ) (-1024 0 256 ) (-1984 0 256 ) (-1728 0 192 ) 
4 79 80 (-1024 0 192 ) (-1728 0 192 ) (-1728 64 192 ) (-1024 64 192 ) 
4 80 107 (-1024 0 64 ) (-1024 0 192 ) (-1728 0 192 ) (-1216 0 64 ) 
4 81 106 (-1984 0 192 ) (-2048 0 192 ) (-2048 0 64 ) (-1472 0 64 ) 
4 81 90 (-2048 64 64 ) (-2048 0 64 ) (-2048 0 192 ) (-2048 64 192 ) 
4 82 91 (-2048 1024 64 ) (-2048 1024 56 ) (-2048 576 56 ) (-2048 576 64 ) 
4 82 83 (-2048 576 56 ) (-2048 1024 56 ) (-1024 1024 56 ) (-1024 576 56 ) 
4 83 92 (-2048 1024 56 ) (-2048 1024 -224 ) (-2048 576 -224 ) (-2048 576 56 ) 
4 84 109 (-1024 0 -256 ) (-1024 0 0 ) (-2048 0 0 ) (-2048 0 -256 ) 
4 84 93 (-2048 320 -256 ) (-2048 0 -256 ) (-2048 0 0 ) (-2048 320 0 ) 
4 85 94 (-3072 320 4288 ) (-3072 1024 4288 ) (-3072 1024 256 ) (-3072 320 256 ) 
4 85 88 (-3072 320 256 ) (-3072 1024 256 ) (-2048 1024 256 ) (-2048 320 256 ) 
4 85 86 (-2048 320 320 ) (-2048 320 4288 ) (-3072 320 4288 ) (-3072 320 320 ) 
4 86 95 (-3072 192 4288 ) (-3072 320 4288 ) (-3072 320 320 ) (-3072 192 320 ) 
4 86 87 (-2048 192 320 ) (-2048 192 4288 ) (-3072 192 4288 ) (-3072 192 320 ) 
4 87 120 (-2048 0 256 ) (-2048 0 4288 ) (-3072 0 4288 ) (-3072 0 256 ) 
4 87 96 (-3072 0 256 ) (-3072 0 4288 ) (-3072 192 4288 ) (-3072 192 256 ) 
4 87 89 (-3072 64 256 ) (-3072 192 256 ) (-2048 192 256 ) (-2048 64 256 ) 
4 88 97 (-3072 320 256 ) (-3072 1024 256 ) (-3072 1024 64 ) (-3072 320 64 ) 
4 88 91 (-3072 576 64 ) (-3072 1024 64 ) (-2048 1024 64 ) (-2048 576 64 ) 
4 89 98 (-3072 64 256 ) (-3072 192 256 ) (-3072 192 64 ) (-3072 64 64 ) 
4 89 90 (-3072 64 64 ) (-2048 64 64 ) (-2048 64 192 ) (-3072 64 192 ) 
4 90 121 (-2048 0 64 ) (-2048 0 192 ) (-3072 0 192 ) (-3072 0 64 ) 
4 90 99 (-3072 0 64 ) (-3072 0 192 ) (-3072 64 192 ) (-3072 64 64 ) 
4 91 100 (-3072 576 64 ) (-3072 1024 64 ) (-3072 1024 56 ) (-3072 576 56 ) 
4 91 92 (-3072 576 56 ) (-3072 1024 56 ) (-2048 1024 56 ) (-2048 576 56 ) 
4 92 101 (-3072 576 56 ) (-3072 1024 56 ) (-3072 1024 -224 ) (-3072 576 -224 ) 
4 93 125 (-2048 0 -256 ) (-2048 0 0 ) (-3072 0 0 ) (-3072 0 -256 ) 
4 93 102 (-3072 0 -256 ) (-3072 0 0 ) (-3072 320 0 ) (-3072 320 -256 ) 
4 94 248 (-4096 320 4288 ) (-4096 1024 4288 ) (-4096 1024 256 ) (-4096 320 256 ) 
4 94 97 (-4096 320 256 ) (-4096 1024 256 ) (-3072 1024 256 ) (-3072 320 256 ) 
4 94 95 (-3072 320 320 ) (-3072 320 4288 ) (-4096 320 4288 ) (-4096 320 320 ) 
4 95 249 (-4096 192 4288 ) (-4096 320 4288 ) (-4096 320 320 ) (-4096 192 320 ) 
4 95 96 (-3072 192 320 ) (-3072 192 4288 ) (-4096 192 4288 ) (-4096 192 320 ) 
4 96 250 (-4096 0 256 ) (-4096 0 4288 ) (-4096 192 4288 ) (-4096 192 256 ) 
4 96 126 (-4096 0 4288 ) (-4096 0 256 ) (-3072 0 256 ) (-3072 0 4288 ) 
4 96 98 (-4096 64 256 ) (-4096 192 256 ) (-3072 192 256 ) (-3072 64 256 ) 
4 97 251 (-4096 320 256 ) (-4096 1024 256 ) (-4096 1024 64 ) (-4096 320 64 ) 
4 97 100 (-4096 576 64 ) (-4096 1024 64 ) (-3072 1024 64 ) (-3072 576 64 ) 
4 98 252 (-4096 64 256 ) (-4096 192 256 ) (-4096 192 64 ) (-4096 64 64 ) 
4 98 99 (-4096 64 64 ) (-3072 64 64 ) (-3072 64 192 ) (-4096 64 192 ) 
4 99 253 (-4096 0 64 ) (-4096 0 192 ) (-4096 64 192 ) (-4096 64 64 ) 
4 99 131 (-4096 0 192 ) (-4096 0 64 ) (-3072 0 64 ) (-3072 0 192 ) 
4 100 255 (-4096 576 64 ) (-4096 1024 64 ) (-4096 1024 56 ) (-4096 576 56 ) 
4 100 101 (-4096 576 56 ) (-4096 1024 56 ) (-3072 1024 56 ) (-3072 576 56 ) 
4 101 256 (-4096 576 56 ) (-4096 1024 56 ) (-4096 1024 -224 ) (-4096 576 -224 ) 
4 102 257 (-4096 0 -256 ) (-4096 0 0 ) (-4096 320 0 ) (-4096 320 -256 ) 
4 102 133 (-4096 0 0 ) (-4096 0 -256 ) (-3072 0 -256 ) (-3072 0 0 ) 
4 103 123 (-2048 -768 448 ) (-2048 -1024 448 ) (-2048 -1024 4288 ) (-2048 -768 4288 ) 
4 103 122 (-2048 -320 448 ) (-2048 -768 448 ) (-2048 -768 4288 ) (-2048 -320 4288 ) 
4 103 120 (-2048 0 4288 ) (-2048 0 448 ) (-2048 -320 448 ) (-2048 -320 4288 ) 
4 103 110 (-1024 -1024 448 ) (-1024 -1024 4288 ) (-1216 -1024 4288 ) (-1216 -1024 448 ) 
4 103 112 (-1216 -1024 4288 ) (-2048 -1024 4288 ) (-2048 -1024 448 ) (-1216 -1024 448 ) 
4 103 104 (-2048 -768 448 ) (-2048 0 448 ) (-1024 0 448 ) (-1024 -768 448 ) 
4 104 122 (-2048 -320 384 ) (-2048 -768 384 ) (-2048 -768 448 ) (-2048 -320 448 ) 
4 104 120 (-2048 0 448 ) (-2048 0 384 ) (-2048 -320 384 ) (-2048 -320 448 ) 
4 104 105 (-2048 -320 384 ) (-2048 0 384 ) (-1024 0 384 ) (-1024 -320 384 ) 
4 104 108 (-2048 -768 384 ) (-2048 -320 384 ) (-1024 -320 384 ) (-1024 -768 384 ) 
4 105 120 (-2048 0 384 ) (-2048 0 256 ) (-2048 -320 256 ) (-2048 -320 384 ) 
4 105 107 (-1024 -320 256 ) (-1984 -320 256 ) (-1984 0 256 ) (-1024 0 256 ) 
4 105 108 (-1024 -320 256 ) (-1024 -320 384 ) (-2048 -320 384 ) (-2048 -320 256 ) 
4 106 121 (-2048 0 192 ) (-2048 0 64 ) (-2048 -320 64 ) (-2048 -320 192 ) 
4 106 108 (-2048 -320 64 ) (-1472 -320 64 ) (-1984 -320 192 ) (-2048 -320 192 ) 
4 107 108 (-1216 -320 64 ) (-1024 -320 64 ) (-1024 -320 256 ) (-1984 -320 256 ) 
4 108 124 (-2048 -768 64 ) (-2048 -1024 64 ) (-2048 -1024 384 ) (-2048 -768 384 ) 
4 108 122 (-2048 -320 64 ) (-2048 -768 64 ) (-2048 -768 384 ) (-2048 -320 384 ) 
4 108 118 (-1024 -1024 64 ) (-1024 -1024 384 ) (-2048 -1024 384 ) (-2048 -1024 64 ) 
4 109 125 (-2048 0 0 ) (-2048 0 -256 ) (-2048 -1024 -256 ) (-2048 -1024 0 ) 
4 109 119 (-1024 -1024 -256 ) (-1024 -1024 0 ) (-2048 -1024 0 ) (-2048 -1024 -256 ) 
4 110 113 (-1024 -1920 640 ) (-1024 -1920 4288 ) (-1216 -1920 4288 ) (-1216 -1920 640 ) 
5 110 112 (-1216 -1024 448 ) (-1216 -1152 448 ) (-1216 -1920 640 ) (-1216 -1920 4288 ) (-1216 -1024 4288 ) 
4 111 116 (-1024 -1408 448 ) (-1024 -1920 448 ) (-1216 -1920 448 ) (-1216 -1408 448 ) 
4 111 114 (-1216 -1920 448 ) (-1024 -1920 448 ) (-1024 -1920 576 ) (-1216 -1920 576 ) 
3 111 112 (-1216 -1408 448 ) (-1216 -1920 448 ) (-1216 -1920 576 ) 
4 112 134 (-2048 -1024 4288 ) (-2048 -1024 448 ) (-2048 -1152 448 ) (-2048 -1152 4288 ) 
4 112 136 (-2048 -1152 448 ) (-2048 -1920 448 ) (-2048 -1920 4288 ) (-2048 -1152 4288 ) 
4 112 117 (-2048 -1920 448 ) (-2048 -1152 448 ) (-1216 -1152 448 ) (-1216 -1920 448 ) 
4 112 114 (-1600 -1920 448 ) (-1216 -1920 448 ) (-1216 -1920 576 ) (-1600 -1920 576 ) 
4 112 115 (-2048 -1920 448 ) (-1600 -1920 448 ) (-1600 -1920 640 ) (-2048 -1920 640 ) 
4 112 113 (-1216 -1920 640 ) (-1216 -1920 4288 ) (-2048 -1920 4288 ) (-2048 -1920 640 ) 
4 113 180 (-1024 -2048 640 ) (-1024 -2048 4288 ) (-1600 -2048 4288 ) (-1600 -2048 640 ) 
4 113 181 (-1600 -2048 4288 ) (-2048 -2048 4288 ) (-2048 -2048 640 ) (-1600 -2048 640 ) 
4 113 136 (-2048 -2048 640 ) (-2048 -2048 4288 ) (-2048 -1920 4288 ) (-2048 -1920 640 ) 
4 113 115 (-1600 -2048 640 ) (-2048 -2048 640 ) (-2048 -1920 640 ) (-1600 -1920 640 ) 
4 114 182 (-1024 -2048 448 ) (-1024 -2048 576 ) (-1600 -2048 576 ) (-1600 -2048 448 ) 
4 114 116 (-1024 -2048 448 ) (-1216 -2048 448 ) (-1216 -1920 448 ) (-1024 -1920 448 ) 
4 114 117 (-1216 -2048 448 ) (-1600 -2048 448 ) (-1600 -1920 448 ) (-1216 -1920 448 ) 
4 114 115 (-1600 -1920 576 ) (-1600 -1920 448 ) (-1600 -2048 448 ) (-1600 -2048 576 ) 
4 115 182 (-1664 -2048 448 ) (-1600 -2048 448 ) (-1600 -2048 576 ) (-1664 -2048 576 ) 
4 115 184 (-2048 -2048 576 ) (-2048 -2048 448 ) (-1664 -2048 448 ) (-1664 -2048 576 ) 
4 115 181 (-1600 -2048 640 ) (-2048 -2048 640 ) (-2048 -2048 576 ) (-1600 -2048 576 ) 
4 115 136 (-2048 -2048 448 ) (-2048 -2048 640 ) (-2048 -1920 640 ) (-2048 -1920 448 ) 
4 115 117 (-1600 -2048 448 ) (-2048 -2048 448 ) (-2048 -1920 448 ) (-1600 -1920 448 ) 
4 116 182 (-1024 -2048 384 ) (-1024 -2048 448 ) (-1216 -2048 448 ) (-1216 -2048 384 ) 
4 116 118 (-1024 -1152 384 ) (-1024 -2048 384 ) (-1216 -2048 384 ) (-1216 -1152 384 ) 
4 116 117 (-1216 -1152 384 ) (-1216 -2048 384 ) (-1216 -2048 448 ) (-1216 -1408 448 ) 
4 117 182 (-1216 -2048 448 ) (-1664 -2048 448 ) (-1664 -2048 384 ) (-1216 -2048 384 ) 
4 117 184 (-1664 -2048 448 ) (-2048 -2048 448 ) (-2048 -2048 384 ) (-1664 -2048 384 ) 
4 117 136 (-2048 -2048 384 ) (-2048 -2048 448 ) (-2048 -1152 448 ) (-2048 -1152 384 ) 
4 117 118 (-1216 -2048 384 ) (-2048 -2048 384 ) (-2048 -1152 384 ) (-1216 -1152 384 ) 
4 118 182 (-1024 -2048 64 ) (-1024 -2048 384 ) (-1664 -2048 384 ) (-1664 -2048 64 ) 
4 118 184 (-1664 -2048 384 ) (-2048 -2048 384 ) (-2048 -2048 64 ) (-1664 -2048 64 ) 
4 118 135 (-2048 -1152 384 ) (-2048 -1024 384 ) (-2048 -1024 64 ) (-2048 -1152 64 ) 
4 118 136 (-2048 -2048 64 ) (-2048 -2048 384 ) (-2048 -1152 384 ) (-2048 -1152 64 ) 
4 119 185 (-1024 -2048 -256 ) (-1024 -2048 0 ) (-2048 -2048 0 ) (-2048 -2048 -256 ) 
4 119 137 (-2048 -2048 -256 ) (-2048 -2048 0 ) (-2048 -1024 0 ) (-2048 -1024 -256 ) 
4 120 126 (-3072 0 4288 ) (-3072 0 256 ) (-3072 -320 256 ) (-3072 -320 4288 ) 
4 120 122 (-2048 -320 256 ) (-2048 -320 4288 ) (-3072 -320 4288 ) (-3072 -320 256 ) 
4 121 131 (-3072 0 192 ) (-3072 0 64 ) (-3072 -320 64 ) (-3072 -320 192 ) 
4 121 122 (-3072 -320 64 ) (-2048 -320 64 ) (-2048 -320 192 ) (-3072 -320 192 ) 
4 122 132 (-3072 -320 64 ) (-3072 -768 64 ) (-3072 -768 256 ) (-3072 -320 256 ) 
4 122 126 (-3072 -768 256 ) (-3072 -768 4288 ) (-3072 -320 4288 ) (-3072 -320 256 ) 
4 122 123 (-2048 -768 448 ) (-2048 -768 4288 ) (-3072 -768 4288 ) (-3072 -768 448 ) 
4 122 124 (-3072 -768 64 ) (-2048 -768 64 ) (-2048 -768 384 ) (-3072 -768 384 ) 
4 123 134 (-2048 -1024 448 ) (-2048 -1024 4288 ) (-3072 -1024 4288 ) (-3072 -1024 448 ) 
4 123 128 (-3072 -1024 448 ) (-3072 -1024 624 ) (-3072 -768 624 ) (-3072 -768 448 ) 
4 123 127 (-3072 -1024 624 ) (-3072 -1024 4288 ) (-3072 -768 4288 ) (-3072 -768 624 ) 
4 124 135 (-2048 -1024 64 ) (-2048 -1024 384 ) (-3072 -1024 384 ) (-3072 -1024 64 ) 
4 124 132 (-3072 -768 64 ) (-3072 -1024 64 ) (-3072 -1024 256 ) (-3072 -768 256 ) 
4 124 130 (-3072 -1024 256 ) (-3072 -1024 384 ) (-3072 -768 384 ) (-3072 -768 256 ) 
4 125 137 (-2048 -1024 -256 ) (-2048 -1024 0 ) (-3072 -1024 0 ) (-3072 -1024 -256 ) 
4 125 133 (-3072 0 0 ) (-3072 0 -256 ) (-3072 -1024 -256 ) (-3072 -1024 0 ) 
4 126 277 (-4096 -768 4288 ) (-4096 0 4288 ) (-4096 0 256 ) (-4096 -768 256 ) 
4 126 132 (-3072 -320 256 ) (-3072 -768 256 ) (-4096 -768 256 ) (-4096 -320 256 ) 
5 126 130 (-4096 -768 256 ) (-3072 -768 256 ) (-3072 -768 384 ) (-3776 -768 384 ) (-4096 -768 304 ) 
3 126 129 (-4032 -768 384 ) (-4096 -768 384 ) (-4096 -768 368 ) 
3 126 128 (-3072 -768 448 ) (-3072 -768 624 ) (-3776 -768 448 ) 
5 126 127 (-3072 -768 624 ) (-3072 -768 4288 ) (-4096 -768 4288 ) (-4096 -768 384 ) (-4032 -768 384 ) 
4 127 278 (-4096 -1024 384 ) (-4096 -1024 4288 ) (-4096 -768 4288 ) (-4096 -768 384 ) 
5 127 138 (-4096 -1024 4288 ) (-4096 -1024 384 ) (-4032 -1024 384 ) (-3072 -1024 624 ) (-3072 -1024 4288 ) 
4 127 129 (-4032 -1024 384 ) (-4096 -1024 384 ) (-4096 -768 384 ) (-4032 -768 384 ) 
4 127 128 (-3776.005859 -768 448 ) (-3072 -768 624.001465 ) (-3072 -1024 624.001465 ) (-3776.005859 -1024 448 ) 
3 128 139 (-3072 -1024 448 ) (-3072 -1024 624 ) (-3776 -1024 448 ) 
4 129 278 (-4096 -1024 368 ) (-4096 -1024 384 ) (-4096 -768 384 ) (-4096 -768 368 ) 
3 129 140 (-4096 -1024 384 ) (-4096 -1024 368 ) (-4032 -1024 384 ) 
4 130 279 (-4096 -1024 256 ) (-4096 -1024 304 ) (-4096 -768 304 ) (-4096 -768 256 ) 
5 130 141 (-4096 -1024 304 ) (-4096 -1024 256 ) (-3072 -1024 256 ) (-3072 -1024 384 ) (-3776 -1024 384 ) 
4 130 132 (-3072 -768 256 ) (-3072 -1024 256 ) (-4096 -1024 256 ) (-4096 -768 256 ) 
4 131 284 (-4096 0 192 ) (-4096 0 64 ) (-4096 -320 64 ) (-4096 -320 192 ) 
4 131 132 (-4096 -320 64 ) (-3072 -320 64 ) (-3072 -320 192 ) (-4096 -320 192 ) 
4 132 284 (-4096 -1024 64 ) (-4096 -1024 192 ) (-4096 -320 192 ) (-4096 -320 64 ) 
4 132 282 (-4096 -1024 192 ) (-4096 -1024 256 ) (-4096 -768 256 ) (-4096 -768 192 ) 
4 132 281 (-4096 -768 256 ) (-4096 -320 256 ) (-4096 -320 192 ) (-4096 -768 192 ) 
4 132 141 (-4096 -1024 256 ) (-4096 -1024 64 ) (-3072 -1024 64 ) (-3072 -1024 256 ) 
4 133 285 (-4096 -1024 -256 ) (-4096 -1024 0 ) (-4096 0 0 ) (-4096 0 -256 ) 
4 133 143 (-4096 -1024 0 ) (-4096 -1024 -256 ) (-3072 -1024 -256 ) (-3072 -1024 0 ) 
4 134 139 (-3072 -1024 624 ) (-3072 -1024 448 ) (-3072 -1152 448 ) (-3072 -1152 624 ) 
4 134 138 (-3072 -1024 4288 ) (-3072 -1024 624 ) (-3072 -1152 624 ) (-3072 -1152 4288 ) 
4 134 136 (-2048 -1152 448 ) (-2048 -1152 4288 ) (-3072 -1152 4288 ) (-3072 -1152 448 ) 
4 135 141 (-3072 -1024 384 ) (-3072 -1024 64 ) (-3072 -1152 64 ) (-3072 -1152 384 ) 
4 135 136 (-3072 -1152 64 ) (-2048 -1152 64 ) (-2048 -1152 384 ) (-3072 -1152 384 ) 
4 136 186 (-2048 -2048 64 ) (-2048 -2048 4288 ) (-3072 -2048 4288 ) (-3072 -2048 64 ) 
4 136 142 (-3072 -1152 64 ) (-3072 -2048 64 ) (-3072 -2048 4288 ) (-3072 -1152 4288 ) 
4 137 187 (-2048 -2048 -256 ) (-2048 -2048 0 ) (-3072 -2048 0 ) (-3072 -2048 -256 ) 
4 137 143 (-3072 -1024 0 ) (-3072 -1024 -256 ) (-3072 -2048 -256 ) (-3072 -2048 0 ) 
4 138 286 (-4096 -1152 4288 ) (-4096 -1024 4288 ) (-4096 -1024 384 ) (-4096 -1152 384 ) 
4 138 140 (-4032 -1152 384 ) (-4096 -1152 384 ) (-4096 -1024 384 ) (-4032 -1024 384 ) 
4 138 139 (-3072 -1152 624.001465 ) (-3776.005859 -1152 448 ) (-3776.005859 -1024 448 ) (-3072 -1024 624.001465 ) 
5 138 142 (-3072 -1152 624 ) (-3072 -1152 4288 ) (-4096 -1152 4288 ) (-4096 -1152 384 ) (-4032 -1152 384 ) 
3 139 142 (-3072 -1152 448 ) (-3072 -1152 624 ) (-3776 -1152 448 ) 
4 140 286 (-4096 -1024 384 ) (-4096 -1024 368 ) (-4096 -1152 368 ) (-4096 -1152 384 ) 
3 140 142 (-4032 -1152 384 ) (-4096 -1152 384 ) (-4096 -1152 368 ) 
4 141 293 (-4096 -1024 192 ) (-4096 -1024 64 ) (-4096 -1152 64 ) (-4096 -1152 192 ) 
4 141 289 (-4096 -1024 256 ) (-4096 -1024 192 ) (-4096 -1152 192 ) (-4096 -1152 256 ) 
4 141 287 (-4096 -1024 304 ) (-4096 -1024 256 ) (-4096 -1152 256 ) (-4096 -1152 304 ) 
5 141 142 (-4096 -1152 64 ) (-3072 -1152 64 ) (-3072 -1152 384 ) (-3776 -1152 384 ) (-4096 -1152 304 ) 
4 142 293 (-4096 -2048 64 ) (-4096 -2048 192 ) (-4096 -1152 192 ) (-4096 -1152 64 ) 
4 142 290 (-4096 -2048 192 ) (-4096 -2048 256 ) (-4096 -1152 256 ) (-4096 -1152 192 ) 
4 142 288 (-4096 -2048 256 ) (-4096 -2048 4288 ) (-4096 -1152 4288 ) (-4096 -1152 256 ) 
4 142 188 (-3072 -2048 64 ) (-3072 -2048 4288 ) (-4096 -2048 4288 ) (-4096 -2048 64 ) 
4 143 294 (-4096 -2048 -256 ) (-4096 -2048 0 ) (-4096 -1024 0 ) (-4096 -1024 -256 ) 
4 143 189 (-3072 -2048 -256 ) (-3072 -2048 0 ) (-4096 -2048 0 ) (-4096 -2048 -256 ) 
4 144 161 (43.325905 -3072 320 ) (43.325905 -3072 4288 ) (0 -3072 4288 ) (0 -3072 320 ) 
4 144 148 (0 -2048 576 ) (0 -2048 320 ) (0 -3072 320 ) (0 -3072 576 ) 
4 144 146 (0 -2048 4288 ) (0 -2048 576 ) (0 -3072 576 ) (0 -3072 4288 ) 
4 145 162 (43.325905 -3072 -256 ) (43.325905 -3072 0 ) (0 -3072 0 ) (0 -3072 -256 ) 
4 145 160 (0 -2048 0 ) (0 -2048 -256 ) (0 -3072 -256 ) (0 -3072 0 ) 
4 146 163 (0 -3072 576 ) (0 -3072 4288 ) (-448 -3072 4288 ) (-448 -3072 576 ) 
4 146 149 (-448 -2048 576 ) (-320 -2048 576 ) (-320 -3072 576 ) (-448 -3072 576 ) 
4 146 148 (-320 -2048 576 ) (0 -2048 576 ) (0 -3072 576 ) (-320 -3072 576 ) 
4 146 147 (-448 -3072 640 ) (-448 -3072 4288 ) (-448 -2048 4288 ) (-448 -2048 640 ) 
4 147 180 (-1024 -3072 640 ) (-1024 -3072 4288 ) (-1024 -2048 4288 ) (-1024 -2048 640 ) 
4 147 163 (-448 -3072 4288 ) (-1024 -3072 4288 ) (-1024 -3072 640 ) (-448 -3072 640 ) 
4 148 164 (0 -3072 320 ) (0 -3072 448 ) (-320 -3072 448 ) (-320 -3072 320 ) 
4 148 163 (0 -3072 448 ) (0 -3072 576 ) (-320 -3072 576 ) (-320 -3072 448 ) 
4 148 153 (-64 -3072 320 ) (-320 -3072 320 ) (-320 -2048 320 ) (-64 -2048 320 ) 
4 148 151 (-320 -2624 320 ) (-320 -2880 320 ) (-320 -3072 448 ) (-320 -2432 448 ) 
4 148 150 (-320 -2048 320 ) (-320 -2112 320 ) (-320 -2304 448 ) (-320 -2048 448 ) 
4 148 149 (-320 -3072 448 ) (-320 -3072 576 ) (-320 -2048 576 ) (-320 -2048 448 ) 
4 149 163 (-320 -3072 576 ) (-896 -3072 576 ) (-896 -3072 448 ) (-320 -3072 448 ) 
4 149 151 (-896 -3072 448 ) (-896 -2432 448 ) (-320 -2432 448 ) (-320 -3072 448 ) 
4 149 150 (-896 -2304 448 ) (-896 -2048 448 ) (-320 -2048 448 ) (-320 -2304 448 ) 
4 149 152 (-896 -3072 448 ) (-896 -3072 576 ) (-896 -2048 576 ) (-896 -2048 448 ) 
4 150 154 (-896 -2112 320 ) (-896 -2048 320 ) (-320 -2048 320 ) (-320 -2112 320 ) 
4 150 152 (-896 -2048 320 ) (-896 -2112 320 ) (-896 -2304 448 ) (-896 -2048 448 ) 
4 151 156 (-896 -2880 320 ) (-896 -2624 320 ) (-320 -2624 320 ) (-320 -2880 320 ) 
4 151 152 (-896 -2624 320 ) (-896 -2880 320 ) (-896 -3072 448 ) (-896 -2432 448 ) 
4 152 183 (-1024 -3072 320 ) (-1024 -3072 576 ) (-1024 -2112 576 ) (-1024 -2112 320 ) 
4 152 182 (-1024 -2112 576 ) (-1024 -2048 576 ) (-1024 -2048 320 ) (-1024 -2112 320 ) 
4 152 166 (-1024 -3072 448 ) (-1024 -3072 320 ) (-896 -3072 320 ) (-896 -3072 448 ) 
4 152 163 (-896 -3072 576 ) (-1024 -3072 576 ) (-1024 -3072 448 ) (-896 -3072 448 ) 
4 152 159 (-896 -3072 320 ) (-1024 -3072 320 ) (-1024 -2112 320 ) (-896 -2112 320 ) 
4 152 158 (-1024 -2112 320 ) (-1024 -2048 320 ) (-896 -2048 320 ) (-896 -2112 320 ) 
4 153 167 (-64 -3072 320 ) (-320 -3072 320 ) (-320 -3072 64 ) (-64 -3072 64 ) 
4 153 156 (-320 -2624 64 ) (-320 -2880 64 ) (-320 -2880 320 ) (-320 -2624 320 ) 
4 153 154 (-320 -2048 64 ) (-320 -2112 64 ) (-320 -2112 320 ) (-320 -2048 320 ) 
4 154 158 (-896 -2048 64 ) (-896 -2112 64 ) (-896 -2112 320 ) (-896 -2048 320 ) 
4 155 159 (-896 -2560 72 ) (-896 -2560 320 ) (-896 -2176 320 ) (-896 -2176 72 ) 
4 156 159 (-896 -2880 72 ) (-896 -2880 320 ) (-896 -2624 320 ) (-896 -2624 72 ) 
4 157 168 (-384 -3072 320 ) (-896 -3072 320 ) (-896 -3072 72 ) (-384 -3072 72 ) 
4 157 159 (-896 -3072 72 ) (-896 -3072 320 ) (-896 -2944 320 ) (-896 -2944 72 ) 
4 158 182 (-1024 -2112 320 ) (-1024 -2048 320 ) (-1024 -2048 64 ) (-1024 -2112 64 ) 
4 158 159 (-896 -2112 72 ) (-896 -2112 320 ) (-1024 -2112 320 ) (-1024 -2112 72 ) 
4 159 183 (-1024 -3072 72 ) (-1024 -3072 320 ) (-1024 -2112 320 ) (-1024 -2112 72 ) 
4 159 170 (-896 -3072 320 ) (-1024 -3072 320 ) (-1024 -3072 72 ) (-896 -3072 72 ) 
4 160 185 (-1024 -3072 -256 ) (-1024 -3072 0 ) (-1024 -2048 0 ) (-1024 -2048 -256 ) 
4 160 172 (0 -3072 -256 ) (0 -3072 0 ) (-1024 -3072 0 ) (-1024 -3072 -256 ) 
4 161 173 (43.325905 -4096 320 ) (43.325905 -4096 4288 ) (0 -4096 4288 ) (0 -4096 320 ) 
4 161 164 (0 -3072 448 ) (0 -3072 320 ) (0 -4096 320 ) (0 -4096 448 ) 
4 161 163 (0 -3072 4288 ) (0 -3072 448 ) (0 -4096 448 ) (0 -4096 4288 ) 
4 162 174 (43.325905 -4096 -256 ) (43.325905 -4096 0 ) (0 -4096 0 ) (0 -4096 -256 ) 
4 162 172 (0 -3072 0 ) (0 -3072 -256 ) (0 -4096 -256 ) (0 -4096 0 ) 
4 163 190 (-1024 -4096 448 ) (-1024 -4096 4288 ) (-1024 -3072 4288 ) (-1024 -3072 448 ) 
4 163 175 (0 -4096 448 ) (0 -4096 4288 ) (-1024 -4096 4288 ) (-1024 -4096 448 ) 
4 163 165 (-320 -4096 448 ) (-896 -4096 448 ) (-896 -3200 448 ) (-320 -3200 448 ) 
4 163 164 (0 -3072 448 ) (0 -4096 448 ) (-320 -4096 448 ) (-320 -3072 448 ) 
4 163 166 (-896 -4096 448 ) (-1024 -4096 448 ) (-1024 -3072 448 ) (-896 -3072 448 ) 
4 164 175 (0 -4096 320 ) (0 -4096 448 ) (-320 -4096 448 ) (-320 -4096 320 ) 
4 164 167 (-64 -4096 320 ) (-320 -4096 320 ) (-320 -3072 320 ) (-64 -3072 320 ) 
4 164 165 (-320 -3392 320 ) (-320 -4096 320 ) (-320 -4096 448 ) (-320 -3200 448 ) 
4 165 175 (-320 -4096 448 ) (-896 -4096 448 ) (-896 -4096 320 ) (-320 -4096 320 ) 
4 165 171 (-320 -4096 320 ) (-896 -4096 320 ) (-896 -3712 320 ) (-320 -3712 320 ) 
4 165 169 (-896 -3712 320 ) (-896 -3392 320 ) (-320 -3392 320 ) (-320 -3712 320 ) 
4 165 166 (-896 -3392 320 ) (-896 -4096 320 ) (-896 -4096 448 ) (-896 -3200 448 ) 
4 166 190 (-1024 -4096 320 ) (-1024 -4096 448 ) (-1024 -3072 448 ) (-1024 -3072 320 ) 
4 166 175 (-896 -4096 448 ) (-1024 -4096 448 ) (-1024 -4096 320 ) (-896 -4096 320 ) 
4 166 171 (-896 -4096 320 ) (-1024 -4096 320 ) (-1024 -3712 320 ) (-896 -3712 320 ) 
4 166 170 (-1024 -3712 320 ) (-1024 -3072 320 ) (-896 -3072 320 ) (-896 -3712 320 ) 
4 167 176 (-64 -4096 320 ) (-320 -4096 320 ) (-320 -4096 64 ) (-64 -4096 64 ) 
4 167 171 (-320 -4096 72 ) (-320 -4096 320 ) (-320 -3712 320 ) (-320 -3712 72 ) 
4 167 169 (-320 -3392 64 ) (-320 -3712 64 ) (-320 -3712 320 ) (-320 -3392 320 ) 
4 168 170 (-896 -3328 72 ) (-896 -3328 320 ) (-896 -3072 320 ) (-896 -3072 72 ) 
4 169 171 (-320 -3712 72 ) (-320 -3712 320 ) (-896 -3712 320 ) (-896 -3712 72 ) 
4 169 170 (-896 -3712 72 ) (-896 -3712 320 ) (-896 -3392 320 ) (-896 -3392 72 ) 
4 170 190 (-1024 -3712 320 ) (-1024 -3072 320 ) (-1024 -3072 72 ) (-1024 -3712 72 ) 
4 170 171 (-896 -3712 72 ) (-896 -3712 320 ) (-1024 -3712 320 ) (-1024 -3712 72 ) 
4 171 190 (-1024 -4096 72 ) (-1024 -4096 320 ) (-1024 -3712 320 ) (-1024 -3712 72 ) 
4 171 177 (-320 -4096 320 ) (-1024 -4096 320 ) (-1024 -4096 72 ) (-320 -4096 72 ) 
4 172 192 (-1024 -4096 -256 ) (-1024 -4096 0 ) (-1024 -3072 0 ) (-1024 -3072 -256 ) 
4 172 179 (0 -4096 -256 ) (0 -4096 0 ) (-1024 -4096 0 ) (-1024 -4096 -256 ) 
4 173 175 (0 -4096 4288 ) (0 -4096 320 ) (0 -4721.799805 320 ) (0 -4721.799805 4288 ) 
4 174 179 (0 -4096 0 ) (0 -4096 -256 ) (0 -4721.799805 -256 ) (0 -4721.799805 0 ) 
4 175 195 (-1024 -4608 320 ) (-1024 -4721.799805 320 ) (-1024 -4721.799805 4288 ) (-1024 -4608 4288 ) 
4 175 193 (-1024 -4096 4288 ) (-1024 -4096 320 ) (-1024 -4480 320 ) (-1024 -4480 4288 ) 
4 175 194 (-1024 -4480 320 ) (-1024 -4608 320 ) (-1024 -4608 4288 ) (-1024 -4480 4288 ) 
4 175 178 (-1024 -4608 320 ) (-1024 -4480 320 ) (-64 -4480 320 ) (-64 -4608 320 ) 
4 175 177 (-1024 -4480 320 ) (-1024 -4096 320 ) (-320 -4096 320 ) (-320 -4480 320 ) 
4 175 176 (-320 -4096 320 ) (-64 -4096 320 ) (-64 -4480 320 ) (-320 -4480 320 ) 
4 176 178 (-320 -4480 64 ) (-64 -4480 64 ) (-64 -4480 320 ) (-320 -4480 320 ) 
4 176 177 (-320 -4480 72 ) (-320 -4480 320 ) (-320 -4096 320 ) (-320 -4096 72 ) 
4 177 193 (-1024 -4096 320 ) (-1024 -4096 72 ) (-1024 -4480 72 ) (-1024 -4480 320 ) 
4 177 178 (-320 -4480 72 ) (-320 -4480 320 ) (-1024 -4480 320 ) (-1024 -4480 72 ) 
4 178 194 (-1024 -4480 64 ) (-1024 -4608 64 ) (-1024 -4608 320 ) (-1024 -4480 320 ) 
4 179 196 (-1024 -4096 0 ) (-1024 -4096 -256 ) (-1024 -4721.799805 -256 ) (-1024 -4721.799805 0 ) 
4 180 190 (-1024 -3072 640 ) (-1024 -3072 4288 ) (-1600 -3072 4288 ) (-1600 -3072 640 ) 
4 180 181 (-1600 -3072 640 ) (-1600 -3072 4288 ) (-1600 -2048 4288 ) (-1600 -2048 640 ) 
4 181 190 (-1600 -3072 4288 ) (-2048 -3072 4288 ) (-2048 -3072 576 ) (-1600 -3072 576 ) 
4 181 186 (-2048 -3072 576 ) (-2048 -3072 4288 ) (-2048 -2048 4288 ) (-2048 -2048 576 ) 
4 181 183 (-1600 -3072 576 ) (-1664 -3072 576 ) (-1664 -2112 576 ) (-1600 -2112 576 ) 
4 181 182 (-1664 -2112 576 ) (-1664 -2048 576 ) (-1600 -2048 576 ) (-1600 -2112 576 ) 
4 181 184 (-1664 -3072 576 ) (-2048 -3072 576 ) (-2048 -2048 576 ) (-1664 -2048 576 ) 
4 182 183 (-1664 -2112 576 ) (-1664 -2112 72 ) (-1024 -2112 72 ) (-1024 -2112 576 ) 
4 182 184 (-1664 -2048 64 ) (-1664 -2112 64 ) (-1664 -2112 576 ) (-1664 -2048 576 ) 
4 183 190 (-1024 -3072 72 ) (-1024 -3072 576 ) (-1664 -3072 576 ) (-1664 -3072 72 ) 
4 183 184 (-1664 -3072 72 ) (-1664 -3072 576 ) (-1664 -2112 576 ) (-1664 -2112 72 ) 
4 184 191 (-2048 -3072 72 ) (-2048 -3072 64 ) (-1664 -3072 64 ) (-1664 -3072 72 ) 
4 184 190 (-1664 -3072 576 ) (-2048 -3072 576 ) (-2048 -3072 72 ) (-1664 -3072 72 ) 
4 184 186 (-2048 -3072 64 ) (-2048 -3072 576 ) (-2048 -2048 576 ) (-2048 -2048 64 ) 
4 185 192 (-1024 -3072 -256 ) (-1024 -3072 0 ) (-2048 -3072 0 ) (-2048 -3072 -256 ) 
4 185 187 (-2048 -3072 -256 ) (-2048 -3072 0 ) (-2048 -2048 0 ) (-2048 -2048 -256 ) 
4 186 197 (-2048 -3072 64 ) (-2048 -3072 4288 ) (-3072 -3072 4288 ) (-3072 -3072 64 ) 
4 186 188 (-3072 -2048 4288 ) (-3072 -2048 64 ) (-3072 -3072 64 ) (-3072 -3072 4288 ) 
4 187 199 (-2048 -3072 -256 ) (-2048 -3072 0 ) (-3072 -3072 0 ) (-3072 -3072 -256 ) 
4 187 189 (-3072 -2048 0 ) (-3072 -2048 -256 ) (-3072 -3072 -256 ) (-3072 -3072 0 ) 
4 188 358 (-4096 -3072 64 ) (-4096 -3072 4288 ) (-4096 -2048 4288 ) (-4096 -2048 64 ) 
4 188 200 (-4096 -3072 4288 ) (-4096 -3072 64 ) (-3072 -3072 64 ) (-3072 -3072 4288 ) 
4 189 359 (-4096 -3072 -256 ) (-4096 -3072 0 ) (-4096 -2048 0 ) (-4096 -2048 -256 ) 
4 189 202 (-4096 -3072 0 ) (-4096 -3072 -256 ) (-3072 -3072 -256 ) (-3072 -3072 0 ) 
4 190 198 (-2048 -3712 72 ) (-2048 -4096 72 ) (-2048 -4096 4288 ) (-2048 -3712 4288 ) 
4 190 197 (-2048 -3072 4288 ) (-2048 -3072 72 ) (-2048 -3712 72 ) (-2048 -3712 4288 ) 
4 190 193 (-1024 -4096 72 ) (-1024 -4096 4288 ) (-2048 -4096 4288 ) (-2048 -4096 72 ) 
4 190 191 (-2048 -3712 72 ) (-2048 -3072 72 ) (-1664 -3072 72 ) (-1664 -3712 72 ) 
4 191 197 (-2048 -3072 72 ) (-2048 -3072 64 ) (-2048 -3712 64 ) (-2048 -3712 72 ) 
4 192 199 (-2048 -3072 0 ) (-2048 -3072 -256 ) (-2048 -4096 -256 ) (-2048 -4096 0 ) 
4 192 196 (-1024 -4096 -256 ) (-1024 -4096 0 ) (-2048 -4096 0 ) (-2048 -4096 -256 ) 
4 193 203 (-2048 -4480 4288 ) (-2048 -4096 4288 ) (-2048 -4096 72 ) (-2048 -4480 72 ) 
4 193 194 (-1024 -4480 72 ) (-1024 -4480 4288 ) (-2048 -4480 4288 ) (-2048 -4480 72 ) 
4 194 204 (-2048 -4608 4288 ) (-2048 -4480 4288 ) (-2048 -4480 64 ) (-2048 -4608 64 ) 
4 194 195 (-1024 -4608 320 ) (-1024 -4608 4288 ) (-2048 -4608 4288 ) (-2048 -4608 320 ) 
4 195 205 (-2048 -4721.799805 4288 ) (-2048 -4608 4288 ) (-2048 -4608 320 ) (-2048 -4721.799805 320 ) 
4 196 206 (-2048 -4096 0 ) (-2048 -4096 -256 ) (-2048 -4721.799805 -256 ) (-2048 -4721.799805 0 ) 
4 197 200 (-3072 -3072 4288 ) (-3072 -3072 64 ) (-3072 -3712 64 ) (-3072 -3712 4288 ) 
4 197 198 (-2048 -3712 72 ) (-2048 -3712 4288 ) (-3072 -3712 4288 ) (-3072 -3712 72 ) 
4 198 203 (-2048 -4096 72 ) (-2048 -4096 4288 ) (-3072 -4096 4288 ) (-3072 -4096 72 ) 
4 198 201 (-3072 -4096 72 ) (-3072 -4096 4288 ) (-3072 -3712 4288 ) (-3072 -3712 72 ) 
4 199 206 (-2048 -4096 -256 ) (-2048 -4096 0 ) (-3072 -4096 0 ) (-3072 -4096 -256 ) 
4 199 202 (-3072 -3072 0 ) (-3072 -3072 -256 ) (-3072 -4096 -256 ) (-3072 -4096 0 ) 
4 200 371 (-4096 -3712 4288 ) (-4096 -3072 4288 ) (-4096 -3072 64 ) (-4096 -3712 64 ) 
4 200 201 (-3072 -3712 72 ) (-3072 -3712 4288 ) (-4096 -3712 4288 ) (-4096 -3712 72 ) 
4 201 372 (-4096 -4096 72 ) (-4096 -4096 4288 ) (-4096 -3712 4288 ) (-4096 -3712 72 ) 
4 201 207 (-4096 -4096 4288 ) (-4096 -4096 72 ) (-3072 -4096 72 ) (-3072 -4096 4288 ) 
4 202 374 (-4096 -4096 -256 ) (-4096 -4096 0 ) (-4096 -3072 0 ) (-4096 -3072 -256 ) 
4 202 210 (-4096 -4096 0 ) (-4096 -4096 -256 ) (-3072 -4096 -256 ) (-3072 -4096 0 ) 
4 203 207 (-3072 -4096 4288 ) (-3072 -4096 72 ) (-3072 -4480 72 ) (-3072 -4480 4288 ) 
4 203 204 (-2048 -4480 72 ) (-2048 -4480 4288 ) (-3072 -4480 4288 ) (-3072 -4480 72 ) 
4 204 208 (-3072 -4480 64 ) (-3072 -4608 64 ) (-3072 -4608 4288 ) (-3072 -4480 4288 ) 
4 204 205 (-2048 -4608 320 ) (-2048 -4608 4288 ) (-3072 -4608 4288 ) (-3072 -4608 320 ) 
4 205 209 (-3072 -4721.799805 320 ) (-3072 -4721.799805 4288 ) (-3072 -4608 4288 ) (-3072 -4608 320 ) 
4 206 210 (-3072 -4096 0 ) (-3072 -4096 -256 ) (-3072 -4721.799805 -256 ) (-3072 -4721.799805 0 ) 
4 207 375 (-4096 -4480 4288 ) (-4096 -4096 4288 ) (-4096 -4096 72 ) (-4096 -4480 72 ) 
4 207 208 (-3072 -4480 72 ) (-3072 -4480 4288 ) (-4096 -4480 4288 ) (-4096 -4480 72 ) 
4 208 377 (-4096 -4608 4288 ) (-4096 -4480 4288 ) (-4096 -4480 64 ) (-4096 -4608 64 ) 
4 208 209 (-3072 -4608 320 ) (-3072 -4608 4288 ) (-4096 -4608 4288 ) (-4096 -4608 320 ) 
4 209 378 (-4096 -4721.799805 4288 ) (-4096 -4608 4288 ) (-4096 -4608 320 ) (-4096 -4721.799805 320 ) 
4 210 379 (-4096 -4096 0 ) (-4096 -4096 -256 ) (-4096 -4721.799805 -256 ) (-4096 -4721.799805 0 ) 
4 211 220 (-2880 -6144 576 ) (-2880 -6144 512 ) (-2880 -7040 512 ) (-2880 -7040 576 ) 
4 211 214 (-2880 -7040 512 ) (-2880 -6336 512 ) (-2816 -6336 512 ) (-2816 -7040 512 ) 
4 211 213 (-2816 -6336 512 ) (-2048 -6336 512 ) (-2048 -7040 512 ) (-2816 -7040 512 ) 
4 211 212 (-2880 -6336 512 ) (-2880 -6144 512 ) (-2048 -6144 512 ) (-2048 -6336 512 ) 
4 212 220 (-2880 -6144 512 ) (-2880 -6144 256 ) (-2880 -6336 256 ) (-2880 -6336 512 ) 
4 212 214 (-2816 -6336 512 ) (-2880 -6336 512 ) (-2880 -6336 224 ) (-2816 -6336 224 ) 
4 212 213 (-2048 -6336 224 ) (-2048 -6336 512 ) (-2816 -6336 512 ) (-2816 -6336 224 ) 
4 213 218 (-2048 -6720 192 ) (-2048 -7040 192 ) (-2816 -7040 192 ) (-2816 -6720 192 ) 
4 213 216 (-2048 -6528 192 ) (-2048 -6720 192 ) (-2816 -6720 192 ) (-2816 -6528 192 ) 
4 213 215 (-2752 -7040 192 ) (-2176 -7040 192 ) (-2176 -7040 512 ) (-2752 -7040 512 ) 
5 213 214 (-2816 -6336 512 ) (-2816 -6336 224 ) (-2816 -6400 192 ) (-2816 -7040 192 ) (-2816 -7040 512 ) 
4 214 223 (-2880 -6400 192 ) (-2880 -7040 192 ) (-2880 -7040 224 ) (-2880 -6336 224 ) 
4 214 221 (-2880 -7040 224 ) (-2880 -7040 256 ) (-2880 -6336 256 ) (-2880 -6336 224 ) 
4 214 220 (-2880 -7040 256 ) (-2880 -7040 512 ) (-2880 -6336 512 ) (-2880 -6336 256 ) 
4 214 219 (-2880 -7040 192 ) (-2880 -6720 192 ) (-2816 -6720 192 ) (-2816 -7040 192 ) 
4 214 217 (-2880 -6720 192 ) (-2880 -6528 192 ) (-2816 -6528 192 ) (-2816 -6720 192 ) 
4 216 218 (-2048 -6720 160 ) (-2048 -6720 192 ) (-2816 -6720 192 ) (-2816 -6720 160 ) 
4 216 217 (-2816 -6528 192 ) (-2816 -6592 160 ) (-2816 -6720 160 ) (-2816 -6720 192 ) 
4 217 223 (-2880 -6720 160 ) (-2880 -6720 192 ) (-2880 -6528 192 ) (-2880 -6592 160 ) 
4 217 219 (-2816 -6720 192 ) (-2880 -6720 192 ) (-2880 -6720 160 ) (-2816 -6720 160 ) 
5 218 219 (-2816 -6720 192 ) (-2816 -6720 160 ) (-2816 -6784 128 ) (-2816 -7040 128 ) (-2816 -7040 192 ) 
5 219 223 (-2880 -6784 128 ) (-2880 -7040 128 ) (-2880 -7040 192 ) (-2880 -6720 192 ) (-2880 -6720 160 ) 
4 220 221 (-2880 -7104 256 ) (-3072 -7104 256 ) (-3072 -6336 256 ) (-2880 -6336 256 ) 
4 221 223 (-3072 -7104 224 ) (-3072 -6336 224 ) (-2880 -6336 224 ) (-2880 -7104 224 ) 
4 222 223 (-3040 -6336 128 ) (-2912 -6336 128 ) (-2912 -6336 224 ) (-3040 -6336 224 ) 
4 224 231 (-5120 2576 4288 ) (-5120 2577.800293 4288 ) (-5120 2577.800293 64 ) (-5120 2576 64 ) 
4 224 225 (-4096 2576 320 ) (-4096 2576 4288 ) (-5120 2576 4288 ) (-5120 2576 320 ) 
4 225 232 (-5120 2512 4288 ) (-5120 2576 4288 ) (-5120 2576 320 ) (-5120 2512 320 ) 
4 225 226 (-4096 2512 320 ) (-4096 2512 4288 ) (-5120 2512 4288 ) (-5120 2512 320 ) 
4 226 233 (-5120 2048 64 ) (-5120 2048 4288 ) (-5120 2512 4288 ) (-5120 2512 64 ) 
4 226 229 (-4096 2048 64 ) (-4096 2048 4288 ) (-5120 2048 4288 ) (-5120 2048 64 ) 
4 226 227 (-5120 2048 64 ) (-5120 2368 64 ) (-4096 2368 64 ) (-4096 2048 64 ) 
4 227 234 (-5120 2048 56 ) (-5120 2048 64 ) (-5120 2368 64 ) (-5120 2368 56 ) 
4 227 229 (-4096 2048 56 ) (-4096 2048 64 ) (-5120 2048 64 ) (-5120 2048 56 ) 
4 227 228 (-5120 2048 56 ) (-5120 2368 56 ) (-4096 2368 56 ) (-4096 2048 56 ) 
4 228 235 (-5120 2048 -224 ) (-5120 2048 56 ) (-5120 2368 56 ) (-5120 2368 -224 ) 
4 228 230 (-4096 2048 -224 ) (-4096 2048 56 ) (-5120 2048 56 ) (-5120 2048 -224 ) 
4 229 255 (-4096 1024 56 ) (-4096 1024 64 ) (-5120 1024 64 ) (-5120 1024 56 ) 
4 229 251 (-4096 1024 64 ) (-4096 1024 256 ) (-5120 1024 256 ) (-5120 1024 64 ) 
4 229 248 (-4096 1024 256 ) (-4096 1024 4288 ) (-5120 1024 4288 ) (-5120 1024 256 ) 
4 229 242 (-5120 1024 56 ) (-5120 1024 4288 ) (-5120 2048 4288 ) (-5120 2048 56 ) 
4 229 230 (-4096 1024 56 ) (-5120 1024 56 ) (-5120 2048 56 ) (-4096 2048 56 ) 
4 230 256 (-4096 1024 -224 ) (-4096 1024 56 ) (-5120 1024 56 ) (-5120 1024 -224 ) 
4 230 243 (-5120 1024 -224 ) (-5120 1024 56 ) (-5120 2048 56 ) (-5120 2048 -224 ) 
4 231 236 (-6144 2576 4288 ) (-6144 2577.800293 4288 ) (-6144 2577.800293 64 ) (-6144 2576 64 ) 
4 231 232 (-5120 2576 320 ) (-5120 2576 4288 ) (-6144 2576 4288 ) (-6144 2576 320 ) 
4 232 237 (-6144 2512 4288 ) (-6144 2576 4288 ) (-6144 2576 320 ) (-6144 2512 320 ) 
4 232 233 (-5120 2512 320 ) (-5120 2512 4288 ) (-6144 2512 4288 ) (-6144 2512 320 ) 
4 233 242 (-5120 2048 64 ) (-5120 2048 4288 ) (-6144 2048 4288 ) (-6144 2048 64 ) 
4 233 238 (-6144 2048 64 ) (-6144 2048 4288 ) (-6144 2512 4288 ) (-6144 2512 64 ) 
4 233 234 (-5120 2048 64 ) (-6144 2048 64 ) (-6144 2368 64 ) (-5120 2368 64 ) 
4 234 242 (-5120 2048 56 ) (-5120 2048 64 ) (-6144 2048 64 ) (-6144 2048 56 ) 
4 234 240 (-6144 2048 56 ) (-6144 2048 64 ) (-6144 2368 64 ) (-6144 2368 56 ) 
4 234 235 (-5120 2048 56 ) (-6144 2048 56 ) (-6144 2368 56 ) (-5120 2368 56 ) 
4 235 243 (-5120 2048 -224 ) (-5120 2048 56 ) (-6144 2048 56 ) (-6144 2048 -224 ) 
4 235 241 (-6144 2048 -224 ) (-6144 2048 56 ) (-6144 2368 56 ) (-6144 2368 -224 ) 
4 236 314 (-7168 2576 4288 ) (-7168 2577.800293 4288 ) (-7168 2577.800293 64 ) (-7168 2576 64 ) 
4 236 239 (-7104 2576 320 ) (-7104 2576 4288 ) (-7168 2576 4288 ) (-7168 2576 320 ) 
4 236 237 (-6144 2576 320 ) (-6144 2576 4288 ) (-7104 2576 4288 ) (-7104 2576 320 ) 
4 237 239 (-7104 2576 4288 ) (-7104 2576 320 ) (-7104 2512 320 ) (-7104 2512 4288 ) 
4 237 238 (-7104 2512 4288 ) (-7104 2512 320 ) (-6144 2512 320 ) (-6144 2512 4288 ) 
4 238 245 (-7104 2048 64 ) (-6144 2048 64 ) (-6144 2048 320 ) (-7104 2048 320 ) 
4 238 244 (-6144 2048 320 ) (-6144 2048 4288 ) (-7104 2048 4288 ) (-7104 2048 320 ) 
4 238 240 (-6144 2048 64 ) (-6912 2048 64 ) (-6912 2368 64 ) (-6144 2368 64 ) 
4 238 239 (-7104 2048 320 ) (-7104 2048 4288 ) (-7104 2512 4288 ) (-7104 2512 320 ) 
4 239 315 (-7168 2512 4288 ) (-7168 2576 4288 ) (-7168 2576 320 ) (-7168 2512 320 ) 
4 239 316 (-7168 2048 320 ) (-7168 2048 4288 ) (-7168 2512 4288 ) (-7168 2512 320 ) 
4 239 244 (-7168 2048 4288 ) (-7168 2048 320 ) (-7104 2048 320 ) (-7104 2048 4288 ) 
4 240 246 (-6912 2048 56 ) (-6144 2048 56 ) (-6144 2048 64 ) (-6912 2048 64 ) 
4 240 241 (-6144 2368 56 ) (-6144 2048 56 ) (-6912 2048 56 ) (-6912 2368 56 ) 
4 241 247 (-6144 2048 -224 ) (-6144 2048 56 ) (-6912 2048 56 ) (-6912 2048 -224 ) 
4 242 265 (-5120 1024 56 ) (-5120 1024 64 ) (-6144 1024 64 ) (-6144 1024 56 ) 
4 242 262 (-5120 1024 64 ) (-5120 1024 256 ) (-6144 1024 256 ) (-6144 1024 64 ) 
4 242 259 (-5120 1024 256 ) (-5120 1024 320 ) (-6144 1024 320 ) (-6144 1024 256 ) 
4 242 258 (-5120 1024 320 ) (-5120 1024 4288 ) (-6144 1024 4288 ) (-6144 1024 320 ) 
4 242 246 (-6144 2048 64 ) (-6144 2048 56 ) (-6144 1024 56 ) (-6144 1024 64 ) 
4 242 245 (-6144 2048 320 ) (-6144 2048 64 ) (-6144 1024 64 ) (-6144 1024 320 ) 
4 242 244 (-6144 2048 4288 ) (-6144 2048 320 ) (-6144 1024 320 ) (-6144 1024 4288 ) 
4 242 243 (-6144 2048 56 ) (-5120 2048 56 ) (-5120 1024 56 ) (-6144 1024 56 ) 
4 243 266 (-5120 1024 -224 ) (-5120 1024 56 ) (-6144 1024 56 ) (-6144 1024 -224 ) 
4 243 247 (-6144 2048 56 ) (-6144 2048 -224 ) (-6144 1024 -224 ) (-6144 1024 56 ) 
4 244 325 (-7168 1024 320 ) (-7168 1024 4288 ) (-7168 2048 4288 ) (-7168 2048 320 ) 
4 244 268 (-6144 1024 320 ) (-6144 1024 4288 ) (-7168 1024 4288 ) (-7168 1024 320 ) 
4 244 245 (-7104 2048 320 ) (-6144 2048 320 ) (-6144 1024 320 ) (-7104 1024 320 ) 
4 245 269 (-6144 1024 64 ) (-6144 1024 320 ) (-7104 1024 320 ) (-7104 1024 64 ) 
4 245 246 (-6144 1024 64 ) (-6912 1024 64 ) (-6912 2048 64 ) (-6144 2048 64 ) 
4 246 270 (-6144 1024 56 ) (-6144 1024 64 ) (-6912 1024 64 ) (-6912 1024 56 ) 
4 246 247 (-6912 2048 56 ) (-6144 2048 56 ) (-6144 1024 56 ) (-6912 1024 56 ) 
4 247 274 (-6144 1024 -224 ) (-6144 1024 56 ) (-6912 1024 56 ) (-6912 1024 -224 ) 
4 248 259 (-5120 1024 320 ) (-5120 1024 256 ) (-5120 320 256 ) (-5120 320 320 ) 
4 248 258 (-5120 320 4288 ) (-5120 1024 4288 ) (-5120 1024 320 ) (-5120 320 320 ) 
4 248 251 (-5120 320 256 ) (-5120 1024 256 ) (-4096 1024 256 ) (-4096 320 256 ) 
4 248 249 (-4096 320 320 ) (-4096 320 4288 ) (-5120 320 4288 ) (-5120 320 320 ) 
4 249 258 (-5120 192 4288 ) (-5120 320 4288 ) (-5120 320 320 ) (-5120 192 320 ) 
4 249 250 (-4096 192 320 ) (-4096 192 4288 ) (-5120 192 4288 ) (-5120 192 320 ) 
4 250 277 (-4096 0 256 ) (-4096 0 4288 ) (-5120 0 4288 ) (-5120 0 256 ) 
4 250 260 (-5120 0 256 ) (-5120 0 320 ) (-5120 192 320 ) (-5120 192 256 ) 
4 250 258 (-5120 0 320 ) (-5120 0 4288 ) (-5120 192 4288 ) (-5120 192 320 ) 
4 250 252 (-4928 192 256 ) (-4096 192 256 ) (-4096 64 256 ) (-4928 64 256 ) 
4 250 254 (-5120 0 256 ) (-5120 192 256 ) (-4928 192 256 ) (-4928 0 256 ) 
4 251 262 (-5120 320 256 ) (-5120 1024 256 ) (-5120 1024 64 ) (-5120 320 64 ) 
4 251 255 (-5120 576 64 ) (-5120 1024 64 ) (-4096 1024 64 ) (-4096 576 64 ) 
4 252 253 (-4928 64 192 ) (-4928 64 64 ) (-4096 64 64 ) (-4096 64 192 ) 
4 252 254 (-4928 192 256 ) (-4928 192 64 ) (-4928 64 64 ) (-4928 64 256 ) 
4 253 284 (-4096 0 64 ) (-4096 0 192 ) (-4928 0 192 ) (-4928 0 64 ) 
4 253 254 (-4928 64 64 ) (-4928 0 64 ) (-4928 0 192 ) (-4928 64 192 ) 
4 254 284 (-5120 0 192 ) (-5120 0 64 ) (-4928 0 64 ) (-4928 0 192 ) 
4 254 280 (-4928 0 256 ) (-5120 0 256 ) (-5120 0 192 ) (-4928 0 192 ) 
4 254 263 (-5120 0 64 ) (-5120 0 256 ) (-5120 192 256 ) (-5120 192 64 ) 
4 255 265 (-5120 576 64 ) (-5120 1024 64 ) (-5120 1024 56 ) (-5120 576 56 ) 
4 255 256 (-5120 576 56 ) (-5120 1024 56 ) (-4096 1024 56 ) (-4096 576 56 ) 
4 256 266 (-5120 576 56 ) (-5120 1024 56 ) (-5120 1024 -224 ) (-5120 576 -224 ) 
4 257 285 (-4096 0 -256 ) (-4096 0 0 ) (-5120 0 0 ) (-5120 0 -256 ) 
4 257 267 (-5120 0 -256 ) (-5120 0 0 ) (-5120 320 0 ) (-5120 320 -256 ) 
4 258 296 (-5440 0 4288 ) (-5568 0 4288 ) (-5568 0 320 ) (-5440 0 320 ) 
4 258 295 (-5120 0 320 ) (-5120 0 4288 ) (-5440 0 4288 ) (-5440 0 320 ) 
4 258 297 (-5568 0 4288 ) (-6144 0 4288 ) (-6144 0 320 ) (-5568 0 320 ) 
4 258 271 (-6144 320 320 ) (-6144 0 320 ) (-6144 0 4288 ) (-6144 320 4288 ) 
4 258 268 (-6144 1024 4288 ) (-6144 1024 320 ) (-6144 320 320 ) (-6144 320 4288 ) 
4 258 260 (-5120 0 320 ) (-5440 0 320 ) (-5440 192 320 ) (-5120 192 320 ) 
4 258 261 (-5568 0 320 ) (-6144 0 320 ) (-6144 192 320 ) (-5568 192 320 ) 
4 258 259 (-6144 320 320 ) (-6144 1024 320 ) (-5120 1024 320 ) (-5120 320 320 ) 
4 259 269 (-6144 1024 320 ) (-6144 1024 256 ) (-6144 320 256 ) (-6144 320 320 ) 
4 259 262 (-6144 320 256 ) (-6144 1024 256 ) (-5120 1024 256 ) (-5120 320 256 ) 
4 260 295 (-5120 0 256 ) (-5120 0 320 ) (-5440 0 320 ) (-5440 0 256 ) 
4 260 263 (-5440 192 256 ) (-5120 192 256 ) (-5120 0 256 ) (-5440 0 256 ) 
4 261 297 (-5568 0 320 ) (-6144 0 320 ) (-6144 0 256 ) (-5568 0 256 ) 
4 261 272 (-6144 192 256 ) (-6144 0 256 ) (-6144 0 320 ) (-6144 192 320 ) 
4 261 264 (-6144 0 256 ) (-6144 192 256 ) (-5568 192 256 ) (-5568 0 256 ) 
4 262 269 (-6144 1024 256 ) (-6144 1024 64 ) (-6144 320 64 ) (-6144 320 256 ) 
4 262 265 (-6144 576 64 ) (-6144 1024 64 ) (-5120 1024 64 ) (-5120 576 64 ) 
4 263 298 (-5120 0 64 ) (-5120 0 256 ) (-5440 0 256 ) (-5440 0 64 ) 
4 264 299 (-5568 0 256 ) (-6144 0 256 ) (-6144 0 64 ) (-5568 0 64 ) 
4 264 273 (-6144 192 64 ) (-6144 0 64 ) (-6144 0 256 ) (-6144 192 256 ) 
4 265 270 (-6144 1024 64 ) (-6144 1024 56 ) (-6144 576 56 ) (-6144 576 64 ) 
4 265 266 (-6144 576 56 ) (-6144 1024 56 ) (-5120 1024 56 ) (-5120 576 56 ) 
4 266 274 (-6144 1024 56 ) (-6144 1024 -224 ) (-6144 576 -224 ) (-6144 576 56 ) 
4 267 300 (-5120 0 -256 ) (-5120 0 0 ) (-6144 0 0 ) (-6144 0 -256 ) 
4 267 275 (-6144 0 -256 ) (-6144 0 0 ) (-6144 320 0 ) (-6144 320 -256 ) 
4 268 334 (-7168 1024 4288 ) (-7168 1024 320 ) (-7168 320 320 ) (-7168 320 4288 ) 
4 268 271 (-7168 320 4288 ) (-7168 320 320 ) (-6144 320 320 ) (-6144 320 4288 ) 
4 268 269 (-6144 320 320 ) (-7104 320 320 ) (-7104 1024 320 ) (-6144 1024 320 ) 
4 269 270 (-6912 576 64 ) (-6912 1024 64 ) (-6144 1024 64 ) (-6144 576 64 ) 
4 270 274 (-6912 1024 56 ) (-6144 1024 56 ) (-6144 576 56 ) (-6912 576 56 ) 
4 271 334 (-7168 0 320 ) (-7168 0 4288 ) (-7168 320 4288 ) (-7168 320 320 ) 
4 271 301 (-7168 0 4288 ) (-7168 0 320 ) (-6144 0 320 ) (-6144 0 4288 ) 
4 271 272 (-6144 0 320 ) (-7168 0 320 ) (-7168 192 320 ) (-6144 192 320 ) 
4 272 334 (-7168 0 256 ) (-7168 0 320 ) (-7168 192 320 ) (-7168 192 256 ) 
4 272 301 (-7168 0 320 ) (-7168 0 256 ) (-6144 0 256 ) (-6144 0 320 ) 
4 272 273 (-7168 0 256 ) (-7168 192 256 ) (-6144 192 256 ) (-6144 0 256 ) 
4 273 334 (-7168 0 64 ) (-7168 0 256 ) (-7168 192 256 ) (-7168 192 64 ) 
4 273 301 (-7168 0 256 ) (-7168 0 64 ) (-6144 0 64 ) (-6144 0 256 ) 
4 275 302 (-6912 0 -256 ) (-6144 0 -256 ) (-6144 0 0 ) (-6912 0 0 ) 
4 275 276 (-6912 320 -256 ) (-6912 0 -256 ) (-6912 0 0 ) (-6912 320 0 ) 
4 276 335 (-7168 0 -256 ) (-7168 0 0 ) (-7168 320 0 ) (-7168 320 -256 ) 
4 276 302 (-7168 0 0 ) (-7168 0 -256 ) (-6912 0 -256 ) (-6912 0 0 ) 
4 277 295 (-5120 0 4288 ) (-5120 0 256 ) (-5120 -768 256 ) (-5120 -768 4288 ) 
4 277 283 (-5120 -768 256 ) (-5120 -320 256 ) (-4928 -320 256 ) (-4928 -768 256 ) 
4 277 281 (-4544 -320 256 ) (-4096 -320 256 ) (-4096 -768 256 ) (-4544 -768 256 ) 
4 277 280 (-5120 -320 256 ) (-5120 0 256 ) (-4928 0 256 ) (-4928 -320 256 ) 
3 277 279 (-4288 -768 256 ) (-4096 -768 256 ) (-4096 -768 304 ) 
5 277 278 (-5120 -768 256 ) (-4544 -768 256 ) (-4096 -768 368 ) (-4096 -768 4288 ) (-5120 -768 4288 ) 
4 278 295 (-5120 -768 256 ) (-5120 -1024 256 ) (-5120 -1024 4288 ) (-5120 -768 4288 ) 
5 278 286 (-4096 -1024 368 ) (-4096 -1024 4288 ) (-5120 -1024 4288 ) (-5120 -1024 256 ) (-4544 -1024 256 ) 
4 278 283 (-5120 -1024 256 ) (-5120 -768 256 ) (-4928 -768 256 ) (-4928 -1024 256 ) 
3 279 287 (-4096 -1024 256 ) (-4096 -1024 304 ) (-4288 -1024 256 ) 
4 279 282 (-4288 -768 256 ) (-4096 -768 256 ) (-4096 -1024 256 ) (-4288 -1024 256 ) 
4 280 298 (-5120 0 256 ) (-5120 0 192 ) (-5120 -320 192 ) (-5120 -320 256 ) 
4 280 284 (-5120 -320 192 ) (-5120 0 192 ) (-4928 0 192 ) (-4928 -320 192 ) 
4 280 283 (-5120 -320 192 ) (-4928 -320 192 ) (-4928 -320 256 ) (-5120 -320 256 ) 
4 281 284 (-4544 -768 192 ) (-4544 -320 192 ) (-4096 -320 192 ) (-4096 -768 192 ) 
4 281 282 (-4544 -768 192 ) (-4096 -768 192 ) (-4096 -768 256 ) (-4288 -768 256 ) 
4 282 289 (-4096 -1024 192 ) (-4096 -1024 256 ) (-4288 -1024 256 ) (-4544 -1024 192 ) 
4 282 284 (-4096 -1024 192 ) (-4544 -1024 192 ) (-4544 -768 192 ) (-4096 -768 192 ) 
4 283 298 (-5120 -320 192 ) (-5120 -1024 192 ) (-5120 -1024 256 ) (-5120 -320 256 ) 
4 283 292 (-4928 -1024 256 ) (-5120 -1024 256 ) (-5120 -1024 192 ) (-4928 -1024 192 ) 
4 283 284 (-4928 -1024 192 ) (-5120 -1024 192 ) (-5120 -320 192 ) (-4928 -320 192 ) 
4 284 298 (-5120 0 192 ) (-5120 0 64 ) (-5120 -1024 64 ) (-5120 -1024 192 ) 
4 284 293 (-4096 -1024 64 ) (-4096 -1024 192 ) (-5120 -1024 192 ) (-5120 -1024 64 ) 
4 285 300 (-5120 0 0 ) (-5120 0 -256 ) (-5120 -1024 -256 ) (-5120 -1024 0 ) 
4 285 294 (-4096 -1024 -256 ) (-4096 -1024 0 ) (-5120 -1024 0 ) (-5120 -1024 -256 ) 
4 286 303 (-5120 -1152 4288 ) (-5120 -1024 4288 ) (-5120 -1024 256 ) (-5120 -1152 256 ) 
4 286 292 (-5120 -1152 256 ) (-5120 -1024 256 ) (-4928 -1024 256 ) (-4928 -1152 256 ) 
5 286 288 (-5120 -1152 256 ) (-4544 -1152 256 ) (-4096 -1152 368 ) (-4096 -1152 4288 ) (-5120 -1152 4288 ) 
4 287 289 (-4288 -1024 256 ) (-4096 -1024 256 ) (-4096 -1152 256 ) (-4288 -1152 256 ) 
3 287 288 (-4288 -1152 256 ) (-4096 -1152 256 ) (-4096 -1152 304 ) 
4 288 358 (-4096 -2048 256 ) (-4096 -2048 4288 ) (-5120 -2048 4288 ) (-5120 -2048 256 ) 
4 288 303 (-5120 -2048 256 ) (-5120 -2048 4288 ) (-5120 -1152 4288 ) (-5120 -1152 256 ) 
4 288 291 (-4544 -2048 256 ) (-4928 -2048 256 ) (-4928 -1152 256 ) (-4544 -1152 256 ) 
4 288 292 (-4928 -2048 256 ) (-5120 -2048 256 ) (-5120 -1152 256 ) (-4928 -1152 256 ) 
4 288 290 (-4096 -2048 256 ) (-4544 -2048 256 ) (-4544 -1152 256 ) (-4096 -1152 256 ) 
4 289 293 (-4096 -1024 192 ) (-4096 -1152 192 ) (-4544 -1152 192 ) (-4544 -1024 192 ) 
4 289 290 (-4544 -1152 192 ) (-4096 -1152 192 ) (-4096 -1152 256 ) (-4288 -1152 256 ) 
4 290 358 (-4096 -2048 192 ) (-4096 -2048 256 ) (-4544 -2048 256 ) (-4544 -2048 192 ) 
4 290 293 (-4096 -1152 192 ) (-4096 -2048 192 ) (-4544 -2048 192 ) (-4544 -1152 192 ) 
4 290 291 (-4544 -1152 192 ) (-4544 -2048 192 ) (-4544 -2048 256 ) (-4544 -1152 256 ) 
4 291 358 (-4544 -2048 256 ) (-4928 -2048 256 ) (-4928 -2048 192 ) (-4544 -2048 192 ) 
4 291 293 (-4544 -2048 192 ) (-4928 -2048 192 ) (-4928 -1152 192 ) (-4544 -1152 192 ) 
4 291 292 (-4928 -1152 192 ) (-4928 -2048 192 ) (-4928 -2048 256 ) (-4928 -1152 256 ) 
4 292 358 (-4928 -2048 256 ) (-5120 -2048 256 ) (-5120 -2048 192 ) (-4928 -2048 192 ) 
4 292 308 (-5120 -2048 192 ) (-5120 -2048 256 ) (-5120 -1728 256 ) (-5120 -1728 192 ) 
4 292 306 (-5120 -1728 256 ) (-5120 -1024 256 ) (-5120 -1024 192 ) (-5120 -1728 192 ) 
4 292 293 (-4928 -2048 192 ) (-5120 -2048 192 ) (-5120 -1024 192 ) (-4928 -1024 192 ) 
4 293 358 (-4096 -2048 64 ) (-4096 -2048 192 ) (-5120 -2048 192 ) (-5120 -2048 64 ) 
4 293 308 (-5120 -2048 64 ) (-5120 -2048 192 ) (-5120 -1728 192 ) (-5120 -1728 64 ) 
4 293 306 (-5120 -1728 192 ) (-5120 -1024 192 ) (-5120 -1024 64 ) (-5120 -1728 64 ) 
4 294 359 (-4096 -2048 -256 ) (-4096 -2048 0 ) (-5120 -2048 0 ) (-5120 -2048 -256 ) 
4 294 311 (-5120 -2048 -256 ) (-5120 -2048 0 ) (-5120 -1024 0 ) (-5120 -1024 -256 ) 
4 295 303 (-5120 -1024 256 ) (-5120 -1024 4288 ) (-5440 -1024 4288 ) (-5440 -1024 256 ) 
4 295 298 (-5120 -1024 256 ) (-5440 -1024 256 ) (-5440 0 256 ) (-5120 0 256 ) 
4 295 296 (-5440 -1024 320 ) (-5440 -1024 4288 ) (-5440 0 4288 ) (-5440 0 320 ) 
4 296 304 (-5440 -1024 4288 ) (-5568 -1024 4288 ) (-5568 -1024 320 ) (-5440 -1024 320 ) 
4 296 297 (-5568 -1024 320 ) (-5568 -1024 4288 ) (-5568 0 4288 ) (-5568 0 320 ) 
4 297 305 (-5568 -1024 4288 ) (-6144 -1024 4288 ) (-6144 -1024 256 ) (-5568 -1024 256 ) 
4 297 301 (-6144 0 4288 ) (-6144 0 256 ) (-6144 -1024 256 ) (-6144 -1024 4288 ) 
4 297 299 (-5568 -1024 256 ) (-6144 -1024 256 ) (-6144 0 256 ) (-5568 0 256 ) 
4 298 306 (-5120 -1024 64 ) (-5120 -1024 256 ) (-5440 -1024 256 ) (-5440 -1024 64 ) 
4 299 307 (-5568 -1024 256 ) (-6144 -1024 256 ) (-6144 -1024 64 ) (-5568 -1024 64 ) 
4 299 301 (-6144 0 256 ) (-6144 0 64 ) (-6144 -1024 64 ) (-6144 -1024 256 ) 
4 300 311 (-5120 -1024 -256 ) (-5120 -1024 0 ) (-6144 -1024 0 ) (-6144 -1024 -256 ) 
4 300 302 (-6144 0 0 ) (-6144 0 -256 ) (-6144 -1024 -256 ) (-6144 -1024 0 ) 
4 301 340 (-7168 -1024 64 ) (-7168 -1024 4288 ) (-7168 0 4288 ) (-7168 0 64 ) 
4 301 312 (-7168 -1024 4288 ) (-7168 -1024 64 ) (-6144 -1024 64 ) (-6144 -1024 4288 ) 
4 302 341 (-7168 -1024 -256 ) (-7168 -1024 0 ) (-7168 0 0 ) (-7168 0 -256 ) 
4 302 313 (-7168 -1024 0 ) (-7168 -1024 -256 ) (-6144 -1024 -256 ) (-6144 -1024 0 ) 
4 303 360 (-5120 -2048 256 ) (-5120 -2048 4288 ) (-5440 -2048 4288 ) (-5440 -2048 256 ) 
4 303 308 (-5120 -1728 256 ) (-5120 -2048 256 ) (-5440 -2048 256 ) (-5440 -1728 256 ) 
4 303 306 (-5440 -1024 256 ) (-5120 -1024 256 ) (-5120 -1728 256 ) (-5440 -1728 256 ) 
4 303 304 (-5440 -2048 320 ) (-5440 -2048 4288 ) (-5440 -1024 4288 ) (-5440 -1024 320 ) 
4 304 361 (-5440 -2048 4288 ) (-5568 -2048 4288 ) (-5568 -2048 320 ) (-5440 -2048 320 ) 
4 304 305 (-5568 -2048 320 ) (-5568 -2048 4288 ) (-5568 -1024 4288 ) (-5568 -1024 320 ) 
4 305 362 (-5568 -2048 4288 ) (-6144 -2048 4288 ) (-6144 -2048 256 ) (-5568 -2048 256 ) 
4 305 312 (-6144 -1024 4288 ) (-6144 -1024 256 ) (-6144 -2048 256 ) (-6144 -2048 4288 ) 
4 305 310 (-5568 -1728 256 ) (-5568 -2048 256 ) (-6144 -2048 256 ) (-6144 -1728 256 ) 
4 305 307 (-6144 -1024 256 ) (-5568 -1024 256 ) (-5568 -1728 256 ) (-6144 -1728 256 ) 
4 306 308 (-5440 -1728 64 ) (-5120 -1728 64 ) (-5120 -1728 256 ) (-5440 -1728 256 ) 
4 307 312 (-6144 -1024 256 ) (-6144 -1024 64 ) (-6144 -1728 64 ) (-6144 -1728 256 ) 
4 307 310 (-6144 -1728 64 ) (-5568 -1728 64 ) (-5568 -1728 256 ) (-6144 -1728 256 ) 
4 308 363 (-5120 -2048 64 ) (-5120 -2048 256 ) (-5440 -2048 256 ) (-5440 -2048 64 ) 
5 308 309 (-5440 -1728 192 ) (-5440 -1728 64 ) (-5440 -2048 64 ) (-5440 -2048 256 ) (-5440 -1856 256 ) 
4 309 364 (-5440 -2048 256 ) (-5568 -2048 256 ) (-5568 -2048 64 ) (-5440 -2048 64 ) 
5 309 310 (-5568 -1728 192 ) (-5568 -1728 64 ) (-5568 -2048 64 ) (-5568 -2048 256 ) (-5568 -1856 256 ) 
4 310 365 (-5568 -2048 256 ) (-6144 -2048 256 ) (-6144 -2048 64 ) (-5568 -2048 64 ) 
4 310 312 (-6144 -1728 64 ) (-6144 -2048 64 ) (-6144 -2048 256 ) (-6144 -1728 256 ) 
4 311 368 (-5120 -2048 -256 ) (-5120 -2048 0 ) (-6144 -2048 0 ) (-6144 -2048 -256 ) 
4 311 313 (-6144 -1024 0 ) (-6144 -1024 -256 ) (-6144 -2048 -256 ) (-6144 -2048 0 ) 
4 312 369 (-6144 -2048 64 ) (-6144 -2048 4288 ) (-7168 -2048 4288 ) (-7168 -2048 64 ) 
4 312 346 (-7168 -2048 64 ) (-7168 -2048 4288 ) (-7168 -1024 4288 ) (-7168 -1024 64 ) 
4 313 370 (-6144 -2048 -256 ) (-6144 -2048 0 ) (-7168 -2048 0 ) (-7168 -2048 -256 ) 
4 313 347 (-7168 -2048 -256 ) (-7168 -2048 0 ) (-7168 -1024 0 ) (-7168 -1024 -256 ) 
4 314 319 (-8192 2577.800293 64 ) (-8192 2576 64 ) (-8192 2576 4288 ) (-8192 2577.800293 4288 ) 
4 314 317 (-8192 2576 64 ) (-8192 2577.800293 64 ) (-7168 2577.800293 64 ) (-7168 2576 64 ) 
4 314 315 (-7168 2576 320 ) (-7168 2576 4288 ) (-8192 2576 4288 ) (-8192 2576 320 ) 
4 315 320 (-8192 2512 320 ) (-8192 2512 4288 ) (-8192 2576 4288 ) (-8192 2576 320 ) 
4 315 316 (-7168 2512 320 ) (-7168 2512 4288 ) (-8192 2512 4288 ) (-8192 2512 320 ) 
4 316 325 (-7168 2048 64 ) (-7168 2048 4288 ) (-8192 2048 4288 ) (-8192 2048 64 ) 
4 316 321 (-8192 2512 64 ) (-8192 2048 64 ) (-8192 2048 4288 ) (-8192 2512 4288 ) 
4 317 323 (-8192 2577.800293 -256 ) (-8192 2560 -256 ) (-8192 2560 64 ) (-8192 2577.800293 64 ) 
4 317 318 (-8192 2560 -256 ) (-7168 2560 -256 ) (-7168 2560 0 ) (-8192 2560 0 ) 
4 318 326 (-7168 2048 -256 ) (-7168 2048 0 ) (-8192 2048 0 ) (-8192 2048 -256 ) 
4 318 324 (-8192 2560 -256 ) (-8192 2048 -256 ) (-8192 2048 0 ) (-8192 2560 0 ) 
4 319 323 (-8192 2577.800293 64 ) (-8192 2576 64 ) (-9088 2576 64 ) (-9088 2577.800293 64 ) 
4 319 322 (-9088 2577.800293 4288 ) (-9088 2577.800293 320 ) (-9088 2576 320 ) (-9088 2576 4288 ) 
4 319 320 (-9088 2576 4288 ) (-9088 2576 320 ) (-8192 2576 320 ) (-8192 2576 4288 ) 
4 320 322 (-9088 2512 320 ) (-9088 2512 4288 ) (-9088 2576 4288 ) (-9088 2576 320 ) 
4 320 321 (-9088 2512 4288 ) (-9088 2512 320 ) (-8192 2512 320 ) (-8192 2512 4288 ) 
4 321 327 (-9088 2048 64 ) (-8192 2048 64 ) (-8192 2048 4288 ) (-9088 2048 4288 ) 
4 321 322 (-9088 2048 320 ) (-9088 2048 4288 ) (-9088 2512 4288 ) (-9088 2512 320 ) 
4 322 330 (-9216 2048 320 ) (-9216 2048 4288 ) (-9216 2577.800293 4288 ) (-9216 2577.800293 320 ) 
4 322 328 (-9216 2048 4288 ) (-9216 2048 320 ) (-9088 2048 320 ) (-9088 2048 4288 ) 
4 323 331 (-9216 2560 64 ) (-9216 2577.800293 64 ) (-9216 2577.800293 -256 ) (-9216 2560 -256 ) 
4 323 324 (-9216 2560 -256 ) (-8192 2560 -256 ) (-8192 2560 0 ) (-9216 2560 0 ) 
4 324 331 (-9216 2048 -256 ) (-9216 2048 0 ) (-9216 2560 0 ) (-9216 2560 -256 ) 
4 324 329 (-9216 2048 0 ) (-9216 2048 -256 ) (-8192 2048 -256 ) (-8192 2048 0 ) 
4 325 334 (-7168 1024 64 ) (-7168 1024 4288 ) (-8192 1024 4288 ) (-8192 1024 64 ) 
4 325 327 (-8192 2048 4288 ) (-8192 2048 64 ) (-8192 1024 64 ) (-8192 1024 4288 ) 
4 326 335 (-7168 1024 -256 ) (-7168 1024 0 ) (-8192 1024 0 ) (-8192 1024 -256 ) 
4 326 329 (-8192 2048 0 ) (-8192 2048 -256 ) (-8192 1024 -256 ) (-8192 1024 0 ) 
4 327 336 (-8192 1024 64 ) (-8192 1024 4288 ) (-9088 1024 4288 ) (-9088 1024 64 ) 
4 327 328 (-9088 1024 320 ) (-9088 1024 4288 ) (-9088 2048 4288 ) (-9088 2048 320 ) 
4 328 337 (-9088 1024 4288 ) (-9216 1024 4288 ) (-9216 1024 320 ) (-9088 1024 320 ) 
4 328 332 (-9216 1024 320 ) (-9216 1024 4288 ) (-9216 2048 4288 ) (-9216 2048 320 ) 
4 329 339 (-8192 1024 -256 ) (-8192 1024 0 ) (-9216 1024 0 ) (-9216 1024 -256 ) 
4 329 333 (-9216 1024 -256 ) (-9216 1024 0 ) (-9216 2048 0 ) (-9216 2048 -256 ) 
4 330 332 (-9216 2048 320 ) (-9216 2048 4288 ) (-9227.330078 2048 4288 ) (-9227.330078 2048 320 ) 
4 331 333 (-9216 2048 -256 ) (-9216 2048 64 ) (-9227.330078 2048 64 ) (-9227.330078 2048 -256 ) 
4 332 352 (-9216 1024 320 ) (-9216 1024 4288 ) (-9227.330078 1024 4288 ) (-9227.330078 1024 320 ) 
4 333 353 (-9216 1024 -256 ) (-9216 1024 64 ) (-9227.330078 1024 64 ) (-9227.330078 1024 -256 ) 
4 334 340 (-7168 0 64 ) (-7168 0 4288 ) (-8192 0 4288 ) (-8192 0 64 ) 
4 334 336 (-8192 1024 4288 ) (-8192 1024 64 ) (-8192 0 64 ) (-8192 0 4288 ) 
4 335 341 (-7168 0 -256 ) (-7168 0 0 ) (-8192 0 0 ) (-8192 0 -256 ) 
4 335 339 (-8192 1024 0 ) (-8192 1024 -256 ) (-8192 0 -256 ) (-8192 0 0 ) 
4 336 342 (-8192 0 64 ) (-8192 0 4288 ) (-9088 0 4288 ) (-9088 0 64 ) 
4 336 337 (-9088 0 320 ) (-9088 0 4288 ) (-9088 1024 4288 ) (-9088 1024 320 ) 
4 337 352 (-9216 1024 4288 ) (-9216 1024 320 ) (-9216 0 320 ) (-9216 0 4288 ) 
4 337 343 (-9088 0 4288 ) (-9216 0 4288 ) (-9216 0 320 ) (-9088 0 320 ) 
4 338 353 (-9216 320 0 ) (-9216 0 0 ) (-9216 0 64 ) (-9216 320 64 ) 
4 338 345 (-9152 0 64 ) (-9216 0 64 ) (-9216 0 0 ) (-9152 0 0 ) 
4 338 339 (-9152 0 0 ) (-9216 0 0 ) (-9216 320 0 ) (-9152 320 0 ) 
4 339 353 (-9216 1024 0 ) (-9216 1024 -256 ) (-9216 0 -256 ) (-9216 0 0 ) 
4 339 344 (-8192 0 -256 ) (-8192 0 0 ) (-9152 0 0 ) (-9152 0 -256 ) 
4 339 345 (-9152 0 0 ) (-9216 0 0 ) (-9216 0 -256 ) (-9152 0 -256 ) 
4 340 346 (-7168 -1024 64 ) (-7168 -1024 4288 ) (-8192 -1024 4288 ) (-8192 -1024 64 ) 
4 340 342 (-8192 -1024 64 ) (-8192 -1024 4288 ) (-8192 0 4288 ) (-8192 0 64 ) 
4 341 347 (-7168 -1024 -256 ) (-7168 -1024 0 ) (-8192 -1024 0 ) (-8192 -1024 -256 ) 
4 341 344 (-8192 -1024 -256 ) (-8192 -1024 0 ) (-8192 0 0 ) (-8192 0 -256 ) 
4 342 348 (-9088 -1024 64 ) (-8192 -1024 64 ) (-8192 -1024 4288 ) (-9088 -1024 4288 ) 
4 342 343 (-9088 -1024 320 ) (-9088 -1024 4288 ) (-9088 0 4288 ) (-9088 0 320 ) 
4 343 354 (-9216 -1024 320 ) (-9216 -1024 4288 ) (-9216 0 4288 ) (-9216 0 320 ) 
4 343 349 (-9216 -1024 4288 ) (-9216 -1024 320 ) (-9088 -1024 320 ) (-9088 -1024 4288 ) 
4 344 350 (-9152 -1024 -256 ) (-8192 -1024 -256 ) (-8192 -1024 0 ) (-9152 -1024 0 ) 
4 344 345 (-9152 0 -256 ) (-9152 -1024 -256 ) (-9152 -1024 0 ) (-9152 0 0 ) 
4 345 355 (-9216 -1024 -256 ) (-9216 -1024 64 ) (-9216 0 64 ) (-9216 0 -256 ) 
4 345 351 (-9216 -1024 64 ) (-9216 -1024 -256 ) (-9152 -1024 -256 ) (-9152 -1024 64 ) 
4 346 399 (-7168 -2048 64 ) (-7168 -2048 4288 ) (-8192 -2048 4288 ) (-8192 -2048 64 ) 
4 346 348 (-8192 -1024 4288 ) (-8192 -1024 64 ) (-8192 -2048 64 ) (-8192 -2048 4288 ) 
4 347 400 (-7168 -2048 -256 ) (-7168 -2048 0 ) (-8192 -2048 0 ) (-8192 -2048 -256 ) 
4 347 350 (-8192 -1024 0 ) (-8192 -1024 -256 ) (-8192 -2048 -256 ) (-8192 -2048 0 ) 
4 348 401 (-8192 -2048 64 ) (-8192 -2048 4288 ) (-9088 -2048 4288 ) (-9088 -2048 64 ) 
4 348 349 (-9088 -2048 320 ) (-9088 -2048 4288 ) (-9088 -1024 4288 ) (-9088 -1024 320 ) 
4 349 402 (-9088 -2048 4288 ) (-9216 -2048 4288 ) (-9216 -2048 320 ) (-9088 -2048 320 ) 
4 349 356 (-9216 -2048 320 ) (-9216 -2048 4288 ) (-9216 -1024 4288 ) (-9216 -1024 320 ) 
4 350 403 (-8192 -2048 -256 ) (-8192 -2048 0 ) (-9152 -2048 0 ) (-9152 -2048 -256 ) 
4 350 351 (-9152 -1024 -256 ) (-9152 -2048 -256 ) (-9152 -2048 0 ) (-9152 -1024 0 ) 
4 351 404 (-9152 -2048 64 ) (-9216 -2048 64 ) (-9216 -2048 -256 ) (-9152 -2048 -256 ) 
4 351 357 (-9216 -2048 -256 ) (-9216 -2048 64 ) (-9216 -1024 64 ) (-9216 -1024 -256 ) 
4 352 354 (-9216 0 320 ) (-9216 0 4288 ) (-9227.330078 0 4288 ) (-9227.330078 0 320 ) 
4 353 355 (-9216 0 -256 ) (-9216 0 64 ) (-9227.330078 0 64 ) (-9227.330078 0 -256 ) 
4 354 356 (-9216 -1024 320 ) (-9216 -1024 4288 ) (-9227.330078 -1024 4288 ) (-9227.330078 -1024 320 ) 
4 355 357 (-9216 -1024 -256 ) (-9216 -1024 64 ) (-9227.330078 -1024 64 ) (-9227.330078 -1024 -256 ) 
4 356 418 (-9216 -2048 320 ) (-9216 -2048 4288 ) (-9227.330078 -2048 4288 ) (-9227.330078 -2048 320 ) 
4 357 419 (-9216 -2048 -256 ) (-9216 -2048 64 ) (-9227.330078 -2048 64 ) (-9227.330078 -2048 -256 ) 
4 358 371 (-4096 -3072 64 ) (-4096 -3072 4288 ) (-5120 -3072 4288 ) (-5120 -3072 64 ) 
4 358 366 (-5120 -3072 64 ) (-5120 -3072 256 ) (-5120 -2176 256 ) (-5120 -2176 64 ) 
4 358 363 (-5120 -2176 256 ) (-5120 -2048 256 ) (-5120 -2048 64 ) (-5120 -2176 64 ) 
4 358 360 (-5120 -3072 256 ) (-5120 -3072 4288 ) (-5120 -2048 4288 ) (-5120 -2048 256 ) 
4 359 374 (-4096 -3072 -256 ) (-4096 -3072 0 ) (-5120 -3072 0 ) (-5120 -3072 -256 ) 
4 359 368 (-5120 -3072 -256 ) (-5120 -3072 0 ) (-5120 -2048 0 ) (-5120 -2048 -256 ) 
4 360 380 (-5120 -3072 256 ) (-5120 -3072 4288 ) (-5248 -3072 4288 ) (-5248 -3072 256 ) 
4 360 382 (-5248 -3072 4288 ) (-5440 -3072 4288 ) (-5440 -3072 256 ) (-5248 -3072 256 ) 
4 360 366 (-5120 -3072 256 ) (-5440 -3072 256 ) (-5440 -2176 256 ) (-5120 -2176 256 ) 
4 360 363 (-5440 -2176 256 ) (-5440 -2048 256 ) (-5120 -2048 256 ) (-5120 -2176 256 ) 
4 360 361 (-5440 -3072 320 ) (-5440 -3072 4288 ) (-5440 -2048 4288 ) (-5440 -2048 320 ) 
4 361 383 (-5440 -3072 4288 ) (-5568 -3072 4288 ) (-5568 -3072 320 ) (-5440 -3072 320 ) 
4 361 362 (-5568 -3072 320 ) (-5568 -3072 4288 ) (-5568 -2048 4288 ) (-5568 -2048 320 ) 
4 362 384 (-5568 -3072 4288 ) (-6144 -3072 4288 ) (-6144 -3072 256 ) (-5568 -3072 256 ) 
4 362 369 (-6144 -2048 4288 ) (-6144 -2048 256 ) (-6144 -3072 256 ) (-6144 -3072 4288 ) 
4 362 367 (-5568 -3072 256 ) (-6144 -3072 256 ) (-6144 -2176 256 ) (-5568 -2176 256 ) 
4 362 365 (-6144 -2176 256 ) (-6144 -2048 256 ) (-5568 -2048 256 ) (-5568 -2176 256 ) 
4 363 366 (-5440 -2176 64 ) (-5120 -2176 64 ) (-5120 -2176 256 ) (-5440 -2176 256 ) 
4 363 364 (-5440 -2048 64 ) (-5440 -2176 64 ) (-5440 -2176 192 ) (-5440 -2048 256 ) 
4 364 365 (-5568 -2048 64 ) (-5568 -2176 64 ) (-5568 -2176 192 ) (-5568 -2048 256 ) 
4 365 369 (-6144 -2048 256 ) (-6144 -2048 64 ) (-6144 -2176 64 ) (-6144 -2176 256 ) 
4 365 367 (-6144 -2176 64 ) (-5568 -2176 64 ) (-5568 -2176 256 ) (-6144 -2176 256 ) 
4 366 380 (-5120 -3072 64 ) (-5120 -3072 256 ) (-5248 -3072 256 ) (-5248 -3072 64 ) 
4 366 382 (-5248 -3072 256 ) (-5440 -3072 256 ) (-5440 -3072 64 ) (-5248 -3072 64 ) 
4 367 385 (-5568 -3072 256 ) (-6144 -3072 256 ) (-6144 -3072 64 ) (-5568 -3072 64 ) 
4 367 369 (-6144 -2176 64 ) (-6144 -3072 64 ) (-6144 -3072 256 ) (-6144 -2176 256 ) 
4 368 386 (-5120 -3072 -256 ) (-5120 -3072 0 ) (-6144 -3072 0 ) (-6144 -3072 -256 ) 
4 368 370 (-6144 -2048 0 ) (-6144 -2048 -256 ) (-6144 -3072 -256 ) (-6144 -3072 0 ) 
4 369 399 (-7168 -2048 4288 ) (-7168 -2048 64 ) (-7168 -3072 64 ) (-7168 -3072 4288 ) 
4 369 387 (-7168 -3072 4288 ) (-7168 -3072 64 ) (-6144 -3072 64 ) (-6144 -3072 4288 ) 
4 370 400 (-7168 -2048 0 ) (-7168 -2048 -256 ) (-7168 -3072 -256 ) (-7168 -3072 0 ) 
4 370 388 (-7168 -3072 0 ) (-7168 -3072 -256 ) (-6144 -3072 -256 ) (-6144 -3072 0 ) 
4 371 380 (-5120 -3072 4288 ) (-5120 -3072 64 ) (-5120 -3712 64 ) (-5120 -3712 4288 ) 
4 371 372 (-4096 -3712 72 ) (-4096 -3712 4288 ) (-4160 -3712 4288 ) (-4160 -3712 72 ) 
4 371 373 (-4160 -3712 4288 ) (-5120 -3712 4288 ) (-5120 -3712 488.347900 ) (-4160 -3712 70.956512 ) 
4 372 375 (-4096 -4096 72 ) (-4096 -4096 4288 ) (-4160 -4096 4288 ) (-4160 -4096 72 ) 
4 372 373 (-4160 -3712 4288 ) (-4160 -3712 72 ) (-4160 -4096 72 ) (-4160 -4096 4288 ) 
4 373 381 (-5120 -4096 488.347870 ) (-5120 -4096 4288 ) (-5120 -3712 4288 ) (-5120 -3712 488.347900 ) 
4 373 376 (-4160 -4096 4288 ) (-5120 -4096 4288 ) (-5120 -4096 488.347900 ) (-4160 -4096 70.956512 ) 
4 374 386 (-5120 -3072 0 ) (-5120 -3072 -256 ) (-5120 -4096 -256 ) (-5120 -4096 0 ) 
4 374 379 (-4096 -4096 -256 ) (-4096 -4096 0 ) (-5120 -4096 0 ) (-5120 -4096 -256 ) 
4 375 377 (-4096 -4480 72 ) (-4096 -4480 4288 ) (-4160 -4480 4288 ) (-4160 -4480 72 ) 
4 375 376 (-4160 -4480 72 ) (-4160 -4480 4288 ) (-4160 -4096 4288 ) (-4160 -4096 72 ) 
4 376 389 (-5120 -4480 4288 ) (-5120 -4096 4288 ) (-5120 -4096 488.347900 ) (-5120 -4480 488.347870 ) 
4 376 377 (-4160 -4480 4288 ) (-5120 -4480 4288 ) (-5120 -4480 488.347900 ) (-4160 -4480 70.956512 ) 
4 377 391 (-5120 -4608 4288 ) (-5120 -4480 4288 ) (-5120 -4480 64 ) (-5120 -4608 64 ) 
4 377 378 (-4096 -4608 320 ) (-4096 -4608 4288 ) (-5120 -4608 4288 ) (-5120 -4608 320 ) 
4 378 392 (-5120 -4721.799805 4288 ) (-5120 -4608 4288 ) (-5120 -4608 320 ) (-5120 -4721.799805 320 ) 
4 379 395 (-5120 -4096 0 ) (-5120 -4096 -256 ) (-5120 -4721.799805 -256 ) (-5120 -4721.799805 0 ) 
4 380 381 (-5248 -3712 4288 ) (-5248 -3712 544 ) (-5120 -3712 488.347870 ) (-5120 -3712 4288 ) 
4 380 382 (-5248 -3072 64 ) (-5248 -3712 64 ) (-5248 -3712 4288 ) (-5248 -3072 4288 ) 
4 381 389 (-5120 -4096 488.347870 ) (-5120 -4096 4288 ) (-5248 -4096 4288 ) (-5248 -4096 544 ) 
4 381 382 (-5248 -4096 544 ) (-5248 -4096 4288 ) (-5248 -3712 4288 ) (-5248 -3712 544 ) 
4 382 390 (-5248 -4096 4288 ) (-5440 -4096 4288 ) (-5440 -4096 64 ) (-5248 -4096 64 ) 
4 382 383 (-5440 -3072 4288 ) (-5440 -3072 320 ) (-5440 -4096 320 ) (-5440 -4096 4288 ) 
4 383 393 (-5440 -4096 320 ) (-5440 -4096 4288 ) (-5568 -4096 4288 ) (-5568 -4096 320 ) 
4 383 384 (-5568 -4096 320 ) (-5568 -4096 4288 ) (-5568 -3072 4288 ) (-5568 -3072 320 ) 
4 384 394 (-6144 -4096 320 ) (-6144 -4096 256 ) (-5568 -4096 256 ) (-5568 -4096 320 ) 
4 384 393 (-6144 -4096 4288 ) (-6144 -4096 320 ) (-5568 -4096 320 ) (-5568 -4096 4288 ) 
4 384 387 (-6144 -3072 4288 ) (-6144 -3072 256 ) (-6144 -4096 256 ) (-6144 -4096 4288 ) 
4 384 385 (-6144 -3072 256 ) (-5568 -3072 256 ) (-5568 -4096 256 ) (-6144 -4096 256 ) 
4 385 394 (-6144 -4096 256 ) (-6144 -4096 64 ) (-5568 -4096 64 ) (-5568 -4096 256 ) 
4 385 387 (-6144 -3072 256 ) (-6144 -3072 64 ) (-6144 -4096 64 ) (-6144 -4096 256 ) 
4 386 395 (-5120 -4096 -256 ) (-5120 -4096 0 ) (-6144 -4096 0 ) (-6144 -4096 -256 ) 
4 386 388 (-6144 -3072 0 ) (-6144 -3072 -256 ) (-6144 -4096 -256 ) (-6144 -4096 0 ) 
4 387 405 (-7168 -4096 64 ) (-7168 -4096 4288 ) (-7168 -3072 4288 ) (-7168 -3072 64 ) 
4 387 396 (-7168 -4096 4288 ) (-7168 -4096 64 ) (-6144 -4096 64 ) (-6144 -4096 4288 ) 
4 388 406 (-7168 -4096 -256 ) (-7168 -4096 0 ) (-7168 -3072 0 ) (-7168 -3072 -256 ) 
4 388 398 (-7168 -4096 0 ) (-7168 -4096 -256 ) (-6144 -4096 -256 ) (-6144 -4096 0 ) 
4 389 391 (-5120 -4480 488.347870 ) (-5120 -4480 4288 ) (-5248 -4480 4288 ) (-5248 -4480 544 ) 
4 389 390 (-5248 -4480 544 ) (-5248 -4480 4288 ) (-5248 -4096 4288 ) (-5248 -4096 544 ) 
4 390 393 (-5440 -4480 320 ) (-5440 -4480 4288 ) (-5440 -4096 4288 ) (-5440 -4096 320 ) 
4 390 391 (-5440 -4480 4288 ) (-5440 -4480 64 ) (-5248 -4480 64 ) (-5248 -4480 4288 ) 
4 391 393 (-5440 -4608 320 ) (-5440 -4608 4288 ) (-5440 -4480 4288 ) (-5440 -4480 320 ) 
4 391 392 (-5440 -4608 4288 ) (-5440 -4608 320 ) (-5120 -4608 320 ) (-5120 -4608 4288 ) 
4 392 393 (-5440 -4721.799805 320 ) (-5440 -4721.799805 4288 ) (-5440 -4608 4288 ) (-5440 -4608 320 ) 
4 393 397 (-6144 -4608 320 ) (-6144 -4721.799805 320 ) (-6144 -4721.799805 4288 ) (-6144 -4608 4288 ) 
4 393 396 (-6144 -4096 4288 ) (-6144 -4096 320 ) (-6144 -4608 320 ) (-6144 -4608 4288 ) 
4 393 394 (-6144 -4096 320 ) (-5568 -4096 320 ) (-5568 -4608 320 ) (-6144 -4608 320 ) 
4 394 396 (-6144 -4096 320 ) (-6144 -4096 64 ) (-6144 -4608 64 ) (-6144 -4608 320 ) 
4 395 398 (-6144 -4096 0 ) (-6144 -4096 -256 ) (-6144 -4721.799805 -256 ) (-6144 -4721.799805 0 ) 
4 396 411 (-7168 -4608 4288 ) (-7168 -4096 4288 ) (-7168 -4096 64 ) (-7168 -4608 64 ) 
4 396 397 (-6144 -4608 320 ) (-6144 -4608 4288 ) (-7168 -4608 4288 ) (-7168 -4608 320 ) 
4 397 412 (-7168 -4721.799805 320 ) (-7168 -4721.799805 4288 ) (-7168 -4608 4288 ) (-7168 -4608 320 ) 
4 398 413 (-7168 -4721.799805 -256 ) (-7168 -4721.799805 0 ) (-7168 -4096 0 ) (-7168 -4096 -256 ) 
4 399 405 (-7168 -3072 64 ) (-7168 -3072 4288 ) (-8192 -3072 4288 ) (-8192 -3072 64 ) 
4 399 401 (-8192 -2048 4288 ) (-8192 -2048 64 ) (-8192 -3072 64 ) (-8192 -3072 4288 ) 
4 400 406 (-7168 -3072 -256 ) (-7168 -3072 0 ) (-8192 -3072 0 ) (-8192 -3072 -256 ) 
4 400 403 (-8192 -2048 0 ) (-8192 -2048 -256 ) (-8192 -3072 -256 ) (-8192 -3072 0 ) 
4 401 407 (-8192 -3072 64 ) (-8192 -3072 4288 ) (-9088 -3072 4288 ) (-9088 -3072 64 ) 
4 401 402 (-9088 -3072 320 ) (-9088 -3072 4288 ) (-9088 -2048 4288 ) (-9088 -2048 320 ) 
4 402 418 (-9216 -2048 4288 ) (-9216 -2048 320 ) (-9216 -3072 320 ) (-9216 -3072 4288 ) 
4 402 408 (-9088 -3072 4288 ) (-9216 -3072 4288 ) (-9216 -3072 320 ) (-9088 -3072 320 ) 
4 403 409 (-8192 -3072 -256 ) (-8192 -3072 0 ) (-9152 -3072 0 ) (-9152 -3072 -256 ) 
4 403 404 (-9152 -2048 -256 ) (-9152 -3072 -256 ) (-9152 -3072 0 ) (-9152 -2048 0 ) 
4 404 419 (-9216 -2048 64 ) (-9216 -2048 -256 ) (-9216 -3072 -256 ) (-9216 -3072 64 ) 
4 404 410 (-9152 -3072 64 ) (-9216 -3072 64 ) (-9216 -3072 -256 ) (-9152 -3072 -256 ) 
4 405 411 (-7168 -4096 64 ) (-7168 -4096 4288 ) (-8192 -4096 4288 ) (-8192 -4096 64 ) 
4 405 407 (-8192 -4096 64 ) (-8192 -4096 4288 ) (-8192 -3072 4288 ) (-8192 -3072 64 ) 
4 406 413 (-7168 -4096 -256 ) (-7168 -4096 0 ) (-8192 -4096 0 ) (-8192 -4096 -256 ) 
4 406 409 (-8192 -4096 -256 ) (-8192 -4096 0 ) (-8192 -3072 0 ) (-8192 -3072 -256 ) 
4 407 415 (-9088 -4096 64 ) (-8192 -4096 64 ) (-8192 -4096 320 ) (-9088 -4096 320 ) 
4 407 414 (-8192 -4096 320 ) (-8192 -4096 4288 ) (-9088 -4096 4288 ) (-9088 -4096 320 ) 
4 407 408 (-9088 -4096 320 ) (-9088 -4096 4288 ) (-9088 -3072 4288 ) (-9088 -3072 320 ) 
4 408 420 (-9216 -4096 320 ) (-9216 -4096 4288 ) (-9216 -3072 4288 ) (-9216 -3072 320 ) 
4 408 414 (-9216 -4096 4288 ) (-9216 -4096 320 ) (-9088 -4096 320 ) (-9088 -4096 4288 ) 
4 409 416 (-9152 -4096 -256 ) (-8192 -4096 -256 ) (-8192 -4096 0 ) (-9152 -4096 0 ) 
4 409 410 (-9152 -3072 -256 ) (-9152 -4096 -256 ) (-9152 -4096 0 ) (-9152 -3072 0 ) 
4 410 421 (-9216 -4096 -256 ) (-9216 -4096 64 ) (-9216 -3072 64 ) (-9216 -3072 -256 ) 
4 410 417 (-9216 -4096 64 ) (-9216 -4096 -256 ) (-9152 -4096 -256 ) (-9152 -4096 64 ) 
4 411 415 (-8192 -4096 320 ) (-8192 -4096 64 ) (-8192 -4608 64 ) (-8192 -4608 320 ) 
4 411 414 (-8192 -4096 4288 ) (-8192 -4096 320 ) (-8192 -4608 320 ) (-8192 -4608 4288 ) 
4 411 412 (-7168 -4608 320 ) (-7168 -4608 4288 ) (-8192 -4608 4288 ) (-8192 -4608 320 ) 
4 412 414 (-8192 -4721.799805 320 ) (-8192 -4721.799805 4288 ) (-8192 -4608 4288 ) (-8192 -4608 320 ) 
4 413 416 (-8192 -4096 0 ) (-8192 -4096 -256 ) (-8192 -4721.799805 -256 ) (-8192 -4721.799805 0 ) 
4 414 422 (-9216 -4096 4288 ) (-9216 -4096 320 ) (-9216 -4721.799805 320 ) (-9216 -4721.799805 4288 ) 
4 414 415 (-9088 -4608 320 ) (-9088 -4096 320 ) (-8192 -4096 320 ) (-8192 -4608 320 ) 
4 416 417 (-9152 -4096 -256 ) (-9152 -4721.799805 -256 ) (-9152 -4721.799805 0 ) (-9152 -4096 0 ) 
4 417 423 (-9216 -4721.799805 64 ) (-9216 -4096 64 ) (-9216 -4096 -256 ) (-9216 -4721.799805 -256 ) 
4 418 420 (-9216 -3072 320 ) (-9216 -3072 4288 ) (-9227.330078 -3072 4288 ) (-9227.330078 -3072 320 ) 
4 419 421 (-9216 -3072 -256 ) (-9216 -3072 64 ) (-9227.330078 -3072 64 ) (-9227.330078 -3072 -256 ) 
4 420 422 (-9216 -4096 320 ) (-9216 -4096 4288 ) (-9227.330078 -4096 4288 ) (-9227.330078 -4096 320 ) 
4 421 423 (-9216 -4096 -256 ) (-9216 -4096 64 ) (-9227.330078 -4096 64 ) (-9227.330078 -4096 -256 ) 
