PRT1
160
479
4 0 8 (64 0 320 ) (64 0 4288 ) (0 0 4288 ) (0 0 320 ) 
4 0 1 (0 0 320 ) (0 0 4288 ) (0 320 4288 ) (0 320 320 ) 
4 1 15 (-144 0 384 ) (-1024 0 384 ) (-1024 0 320 ) (-144 0 320 ) 
4 1 13 (0 0 320 ) (0 0 384 ) (-64 0 384 ) (-64 0 320 ) 
4 1 14 (-64 0 384 ) (-144 0 384 ) (-144 0 320 ) (-64 0 320 ) 
4 1 12 (-832 0 448 ) (-1024 0 448 ) (-1024 0 384 ) (-832 0 384 ) 
4 1 11 (0 0 384 ) (0 0 448 ) (-832 0 448 ) (-832 0 384 ) 
4 1 10 (0 0 448 ) (0 0 4288 ) (-1024 0 4288 ) (-1024 0 448 ) 
4 1 5 (-1024 0 320 ) (-1024 0 4288 ) (-1024 64 4288 ) (-1024 64 320 ) 
4 1 3 (-1024 192 4288 ) (-1024 320 4288 ) (-1024 320 320 ) (-1024 192 320 ) 
4 1 4 (-1024 64 4288 ) (-1024 192 4288 ) (-1024 192 320 ) (-1024 64 320 ) 
4 1 2 (-64 192 320 ) (-64 0 320 ) (-1024 0 320 ) (-1024 192 320 ) 
4 2 21 (-192 0 64 ) (-128 0 64 ) (-128 0 128 ) (-192 0 128 ) 
4 2 23 (-1024 0 128 ) (-1024 0 64 ) (-192 0 64 ) (-192 0 128 ) 
4 2 20 (-128 0 64 ) (-64 0 64 ) (-64 0 128 ) (-128 0 128 ) 
4 2 15 (-144 0 320 ) (-1024 0 320 ) (-1024 0 128 ) (-144 0 128 ) 
4 2 14 (-64 0 320 ) (-144 0 320 ) (-144 0 128 ) (-64 0 128 ) 
4 2 5 (-1024 0 64 ) (-1024 0 320 ) (-1024 64 320 ) (-1024 64 64 ) 
4 2 4 (-1024 64 320 ) (-1024 192 320 ) (-1024 192 64 ) (-1024 64 64 ) 
4 3 78 (-2048 192 4288 ) (-2048 320 4288 ) (-2048 320 320 ) (-2048 192 320 ) 
4 3 4 (-1024 192 320 ) (-1024 192 4288 ) (-2048 192 4288 ) (-2048 192 320 ) 
4 4 79 (-2048 192 320 ) (-2048 192 64 ) (-2048 64 64 ) (-2048 64 320 ) 
4 4 78 (-2048 64 4288 ) (-2048 192 4288 ) (-2048 192 320 ) (-2048 64 320 ) 
4 4 6 (-1984 64 256 ) (-1984 64 4288 ) (-2048 64 4288 ) (-2048 64 256 ) 
4 4 7 (-2048 64 64 ) (-1984 64 64 ) (-1984 64 192 ) (-2048 64 192 ) 
5 4 5 (-1216 64 64 ) (-1024 64 64 ) (-1024 64 4288 ) (-1984 64 4288 ) (-1984 64 256 ) 
5 5 26 (-1216 0 64 ) (-1024 0 64 ) (-1024 0 384 ) (-1984 0 384 ) (-1984 0 256 ) 
4 5 25 (-1024 0 384 ) (-1024 0 448 ) (-1984 0 448 ) (-1984 0 384 ) 
4 5 24 (-1024 0 448 ) (-1024 0 4288 ) (-1984 0 4288 ) (-1984 0 448 ) 
4 5 6 (-1984 64 4288 ) (-1984 64 256 ) (-1984 0 256 ) (-1984 0 4288 ) 
4 6 80 (-2048 0 256 ) (-2048 0 320 ) (-2048 64 320 ) (-2048 64 256 ) 
4 6 78 (-2048 0 320 ) (-2048 0 4288 ) (-2048 64 4288 ) (-2048 64 320 ) 
4 6 28 (-2048 0 384 ) (-2048 0 256 ) (-1984 0 256 ) (-1984 0 384 ) 
4 6 25 (-2048 0 448 ) (-2048 0 384 ) (-1984 0 384 ) (-1984 0 448 ) 
4 6 24 (-2048 0 4288 ) (-2048 0 448 ) (-1984 0 448 ) (-1984 0 4288 ) 
4 7 81 (-2048 0 64 ) (-2048 0 192 ) (-2048 64 192 ) (-2048 64 64 ) 
4 7 29 (-2048 0 192 ) (-2048 0 64 ) (-1984 0 64 ) (-1984 0 192 ) 
4 8 13 (0 0 384 ) (0 0 320 ) (0 -1024 320 ) (0 -1024 384 ) 
4 8 11 (0 0 448 ) (0 0 384 ) (0 -1024 384 ) (0 -1024 448 ) 
4 8 10 (0 0 4288 ) (0 0 448 ) (0 -1024 448 ) (0 -1024 4288 ) 
4 8 9 (64 -1024 320 ) (64 -1024 4288 ) (0 -1024 4288 ) (0 -1024 320 ) 
4 9 49 (64 -2048 320 ) (64 -2048 4288 ) (0 -2048 4288 ) (0 -2048 320 ) 
4 9 39 (0 -2048 320 ) (0 -2048 384 ) (0 -1024 384 ) (0 -1024 320 ) 
4 9 37 (0 -2048 384 ) (0 -2048 448 ) (0 -1152 448 ) (0 -1152 384 ) 
4 9 36 (0 -1152 448 ) (0 -1024 448 ) (0 -1024 384 ) (0 -1152 384 ) 
4 9 34 (0 -2048 448 ) (0 -2048 640 ) (0 -1920 640 ) (0 -1920 448 ) 
4 9 33 (0 -2048 640 ) (0 -2048 4288 ) (0 -1920 4288 ) (0 -1920 640 ) 
4 9 31 (0 -1920 4288 ) (0 -1024 4288 ) (0 -1024 448 ) (0 -1920 448 ) 
4 10 32 (-832 -1024 4288 ) (-1024 -1024 4288 ) (-1024 -1024 448 ) (-832 -1024 448 ) 
4 10 31 (0 -1024 448 ) (0 -1024 4288 ) (-832 -1024 4288 ) (-832 -1024 448 ) 
4 10 24 (-1024 0 4288 ) (-1024 0 448 ) (-1024 -1024 448 ) (-1024 -1024 4288 ) 
4 10 12 (-1024 -768 448 ) (-1024 0 448 ) (-832 0 448 ) (-832 -768 448 ) 
4 10 11 (0 -1024 448 ) (-832 -1024 448 ) (-832 0 448 ) (0 0 448 ) 
4 11 36 (0 -1024 384 ) (0 -1024 448 ) (-832 -1024 448 ) (-832 -1024 384 ) 
4 11 16 (-144 -576 384 ) (-144 -704 384 ) (-832 -704 384 ) (-832 -576 384 ) 
4 11 15 (-832 0 384 ) (-144 0 384 ) (-144 -576 384 ) (-832 -576 384 ) 
4 11 19 (-144 -704 384 ) (-144 -1024 384 ) (-832 -1024 384 ) (-832 -704 384 ) 
4 11 13 (-64 0 384 ) (0 0 384 ) (0 -1024 384 ) (-64 -1024 384 ) 
4 11 14 (-144 0 384 ) (-64 0 384 ) (-64 -1024 384 ) (-144 -1024 384 ) 
4 11 12 (-832 0 384 ) (-832 -768 384 ) (-832 -768 448 ) (-832 0 448 ) 
4 12 25 (-1024 0 448 ) (-1024 0 384 ) (-1024 -768 384 ) (-1024 -768 448 ) 
4 12 16 (-1024 -704 384 ) (-1024 -576 384 ) (-832 -576 384 ) (-832 -704 384 ) 
4 12 15 (-1024 -576 384 ) (-1024 0 384 ) (-832 0 384 ) (-832 -576 384 ) 
4 12 19 (-1024 -768 384 ) (-1024 -704 384 ) (-832 -704 384 ) (-832 -768 384 ) 
4 13 39 (0 -1024 320 ) (0 -1024 384 ) (-64 -1024 384 ) (-64 -1024 320 ) 
4 13 14 (-64 -1024 320 ) (-64 -1024 384 ) (-64 0 384 ) (-64 0 320 ) 
4 14 40 (-64 -1024 384 ) (-144 -1024 384 ) (-144 -1024 128 ) (-64 -1024 128 ) 
4 14 21 (-144 -576 128 ) (-144 0 128 ) (-128 0 128 ) (-128 -576 128 ) 
4 14 22 (-128 -1024 128 ) (-144 -1024 128 ) (-144 -704 128 ) (-128 -704 128 ) 
4 14 20 (-64 -1024 128 ) (-128 -1024 128 ) (-128 0 128 ) (-64 0 128 ) 
4 14 17 (-144 -576 128 ) (-144 -704 128 ) (-144 -704 256 ) (-144 -576 256 ) 
4 14 16 (-144 -704 256 ) (-144 -704 384 ) (-144 -576 384 ) (-144 -576 256 ) 
4 14 15 (-144 0 128 ) (-144 -576 128 ) (-144 -576 384 ) (-144 0 384 ) 
4 14 19 (-144 -704 128 ) (-144 -1024 128 ) (-144 -1024 384 ) (-144 -704 384 ) 
4 15 26 (-1024 0 384 ) (-1024 0 128 ) (-1024 -320 128 ) (-1024 -320 384 ) 
4 15 27 (-1024 -320 128 ) (-1024 -576 128 ) (-1024 -576 384 ) (-1024 -320 384 ) 
4 15 21 (-192 0 128 ) (-144 0 128 ) (-144 -576 128 ) (-192 -576 128 ) 
4 15 23 (-1024 -576 128 ) (-1024 0 128 ) (-192 0 128 ) (-192 -576 128 ) 
4 15 18 (-1024 -576 128 ) (-176 -576 128 ) (-176 -576 256 ) (-1024 -576 256 ) 
4 15 17 (-176 -576 128 ) (-144 -576 128 ) (-144 -576 256 ) (-176 -576 256 ) 
4 15 16 (-144 -576 256 ) (-144 -576 384 ) (-1024 -576 384 ) (-1024 -576 256 ) 
4 16 27 (-1024 -704 256 ) (-1024 -704 384 ) (-1024 -576 384 ) (-1024 -576 256 ) 
4 16 18 (-176 -704 256 ) (-1024 -704 256 ) (-1024 -576 256 ) (-176 -576 256 ) 
4 16 17 (-144 -704 256 ) (-176 -704 256 ) (-176 -576 256 ) (-144 -576 256 ) 
4 16 19 (-144 -704 256 ) (-144 -704 384 ) (-1024 -704 384 ) (-1024 -704 256 ) 
4 17 19 (-176 -704 128 ) (-144 -704 128 ) (-144 -704 256 ) (-176 -704 256 ) 
4 17 18 (-176 -704 128 ) (-176 -704 256 ) (-176 -576 256 ) (-176 -576 128 ) 
4 18 27 (-1024 -576 128 ) (-1024 -704 128 ) (-1024 -704 256 ) (-1024 -576 256 ) 
4 18 23 (-1024 -704 128 ) (-1024 -576 128 ) (-192 -576 128 ) (-192 -704 128 ) 
4 18 19 (-1024 -704 128 ) (-176 -704 128 ) (-176 -704 256 ) (-1024 -704 256 ) 
4 19 40 (-144 -1024 384 ) (-1024 -1024 384 ) (-1024 -1024 128 ) (-144 -1024 128 ) 
4 19 27 (-1024 -704 128 ) (-1024 -1024 128 ) (-1024 -1024 384 ) (-1024 -704 384 ) 
4 19 22 (-144 -1024 128 ) (-192 -1024 128 ) (-192 -704 128 ) (-144 -704 128 ) 
4 19 23 (-192 -1024 128 ) (-1024 -1024 128 ) (-1024 -704 128 ) (-192 -704 128 ) 
4 20 40 (-64 -1024 128 ) (-128 -1024 128 ) (-128 -1024 64 ) (-64 -1024 64 ) 
4 20 21 (-128 0 64 ) (-128 -576 64 ) (-128 -576 128 ) (-128 0 128 ) 
4 20 22 (-128 -704 64 ) (-128 -1024 64 ) (-128 -1024 128 ) (-128 -704 128 ) 
4 21 23 (-192 0 64 ) (-192 -576 64 ) (-192 -576 128 ) (-192 0 128 ) 
4 22 40 (-128 -1024 128 ) (-192 -1024 128 ) (-192 -1024 64 ) (-128 -1024 64 ) 
4 22 23 (-192 -704 64 ) (-192 -1024 64 ) (-192 -1024 128 ) (-192 -704 128 ) 
4 23 40 (-192 -1024 128 ) (-1024 -1024 128 ) (-1024 -1024 64 ) (-192 -1024 64 ) 
4 23 26 (-1024 0 128 ) (-1024 0 64 ) (-1024 -320 64 ) (-1024 -320 128 ) 
4 23 27 (-1024 -320 64 ) (-1024 -1024 64 ) (-1024 -1024 128 ) (-1024 -320 128 ) 
4 24 89 (-2048 -1024 448 ) (-2048 -1024 4288 ) (-2048 -768 4288 ) (-2048 -768 448 ) 
4 24 88 (-2048 -768 4288 ) (-2048 -320 4288 ) (-2048 -320 448 ) (-2048 -768 448 ) 
4 24 86 (-2048 -320 4288 ) (-2048 0 4288 ) (-2048 0 448 ) (-2048 -320 448 ) 
4 24 41 (-1216 -1024 448 ) (-1024 -1024 448 ) (-1024 -1024 4288 ) (-1216 -1024 4288 ) 
4 24 42 (-2048 -1024 4288 ) (-2048 -1024 448 ) (-1216 -1024 448 ) (-1216 -1024 4288 ) 
4 24 25 (-1024 0 448 ) (-1024 -768 448 ) (-2048 -768 448 ) (-2048 0 448 ) 
4 25 88 (-2048 -768 448 ) (-2048 -320 448 ) (-2048 -320 384 ) (-2048 -768 384 ) 
4 25 86 (-2048 -320 448 ) (-2048 0 448 ) (-2048 0 384 ) (-2048 -320 384 ) 
4 25 28 (-2048 -320 384 ) (-2048 0 384 ) (-1984 0 384 ) (-1984 -320 384 ) 
4 25 30 (-2048 -768 384 ) (-2048 -320 384 ) (-1984 -320 384 ) (-1984 -768 384 ) 
4 25 26 (-1984 0 384 ) (-1024 0 384 ) (-1024 -320 384 ) (-1984 -320 384 ) 
4 25 27 (-1024 -320 384 ) (-1024 -768 384 ) (-1984 -768 384 ) (-1984 -320 384 ) 
4 26 28 (-1984 -320 256 ) (-1984 -320 384 ) (-1984 0 384 ) (-1984 0 256 ) 
5 26 27 (-1984 -320 384 ) (-1984 -320 256 ) (-1216 -320 64 ) (-1024 -320 64 ) (-1024 -320 384 ) 
4 27 48 (-1984 -1024 64 ) (-1024 -1024 64 ) (-1024 -1024 384 ) (-1984 -1024 384 ) 
4 27 30 (-1984 -320 64 ) (-1984 -1024 64 ) (-1984 -1024 384 ) (-1984 -320 384 ) 
4 28 86 (-2048 -320 384 ) (-2048 0 384 ) (-2048 0 256 ) (-2048 -320 256 ) 
4 28 30 (-1984 -320 256 ) (-1984 -320 384 ) (-2048 -320 384 ) (-2048 -320 256 ) 
4 29 87 (-2048 0 192 ) (-2048 0 64 ) (-2048 -320 64 ) (-2048 -320 192 ) 
4 29 30 (-2048 -320 64 ) (-1984 -320 64 ) (-1984 -320 192 ) (-2048 -320 192 ) 
4 30 90 (-2048 -1024 64 ) (-2048 -1024 384 ) (-2048 -768 384 ) (-2048 -768 64 ) 
4 30 88 (-2048 -768 384 ) (-2048 -320 384 ) (-2048 -320 64 ) (-2048 -768 64 ) 
4 30 48 (-2048 -1024 384 ) (-2048 -1024 64 ) (-1984 -1024 64 ) (-1984 -1024 384 ) 
4 31 37 (0 -1152 448 ) (0 -1920 448 ) (-832 -1920 448 ) (-832 -1152 448 ) 
4 31 36 (-832 -1024 448 ) (0 -1024 448 ) (0 -1152 448 ) (-832 -1152 448 ) 
4 31 35 (-832 -1920 448 ) (-448 -1920 448 ) (-448 -1920 576 ) (-832 -1920 576 ) 
4 31 34 (-448 -1920 448 ) (0 -1920 448 ) (0 -1920 640 ) (-448 -1920 640 ) 
4 31 33 (0 -1920 640 ) (0 -1920 4288 ) (-832 -1920 4288 ) (-832 -1920 640 ) 
5 31 32 (-832 -1024 448 ) (-832 -1152 448 ) (-832 -1920 640 ) (-832 -1920 4288 ) (-832 -1024 4288 ) 
5 32 41 (-1024 -1024 4288 ) (-1024 -1024 448 ) (-1024 -1152 448 ) (-1024 -1920 640 ) (-1024 -1920 4288 ) 
4 32 33 (-1024 -1920 4288 ) (-1024 -1920 640 ) (-832 -1920 640 ) (-832 -1920 4288 ) 
4 33 53 (-448 -2048 4288 ) (-1024 -2048 4288 ) (-1024 -2048 640 ) (-448 -2048 640 ) 
4 33 52 (-64 -2048 4288 ) (-448 -2048 4288 ) (-448 -2048 640 ) (-64 -2048 640 ) 
4 33 51 (0 -2048 640 ) (0 -2048 4288 ) (-64 -2048 4288 ) (-64 -2048 640 ) 
4 33 43 (-1024 -2048 640 ) (-1024 -2048 4288 ) (-1024 -1920 4288 ) (-1024 -1920 640 ) 
4 33 34 (-448 -1920 640 ) (0 -1920 640 ) (0 -2048 640 ) (-448 -2048 640 ) 
4 34 52 (-64 -2048 640 ) (-448 -2048 640 ) (-448 -2048 448 ) (-64 -2048 448 ) 
4 34 51 (0 -2048 448 ) (0 -2048 640 ) (-64 -2048 640 ) (-64 -2048 448 ) 
4 34 37 (0 -1920 448 ) (0 -2048 448 ) (-448 -2048 448 ) (-448 -1920 448 ) 
4 34 35 (-448 -1920 576 ) (-448 -1920 448 ) (-448 -2048 448 ) (-448 -2048 576 ) 
4 35 54 (-1024 -2048 576 ) (-1024 -2048 448 ) (-448 -2048 448 ) (-448 -2048 576 ) 
4 35 44 (-1024 -1920 448 ) (-1024 -2048 448 ) (-1024 -2048 576 ) (-1024 -1920 576 ) 
4 35 38 (-832 -2048 448 ) (-1024 -2048 448 ) (-1024 -1920 448 ) (-832 -1920 448 ) 
4 35 37 (-448 -2048 448 ) (-832 -2048 448 ) (-832 -1920 448 ) (-448 -1920 448 ) 
4 36 39 (-64 -1024 384 ) (0 -1024 384 ) (0 -1152 384 ) (-64 -1152 384 ) 
4 36 40 (-832 -1024 384 ) (-64 -1024 384 ) (-64 -1152 384 ) (-832 -1152 384 ) 
4 36 37 (-832 -1152 384 ) (0 -1152 384 ) (0 -1152 448 ) (-832 -1152 448 ) 
4 37 54 (-448 -2048 448 ) (-832 -2048 448 ) (-832 -2048 384 ) (-448 -2048 384 ) 
4 37 52 (-64 -2048 448 ) (-448 -2048 448 ) (-448 -2048 384 ) (-64 -2048 384 ) 
4 37 51 (0 -2048 384 ) (0 -2048 448 ) (-64 -2048 448 ) (-64 -2048 384 ) 
4 37 39 (0 -2048 384 ) (-64 -2048 384 ) (-64 -1152 384 ) (0 -1152 384 ) 
4 37 40 (-64 -2048 384 ) (-832 -2048 384 ) (-832 -1152 384 ) (-64 -1152 384 ) 
4 37 38 (-832 -1920 384 ) (-832 -2048 384 ) (-832 -2048 448 ) (-832 -1920 448 ) 
4 38 54 (-832 -2048 448 ) (-1024 -2048 448 ) (-1024 -2048 384 ) (-832 -2048 384 ) 
4 38 46 (-1024 -1920 384 ) (-1024 -2048 384 ) (-1024 -2048 448 ) (-1024 -1920 448 ) 
4 38 40 (-832 -2048 384 ) (-1024 -2048 384 ) (-1024 -1920 384 ) (-832 -1920 384 ) 
4 39 51 (0 -2048 320 ) (0 -2048 384 ) (-64 -2048 384 ) (-64 -2048 320 ) 
4 39 40 (-64 -2048 320 ) (-64 -2048 384 ) (-64 -1024 384 ) (-64 -1024 320 ) 
4 40 54 (-448 -2048 384 ) (-1024 -2048 384 ) (-1024 -2048 64 ) (-448 -2048 64 ) 
4 40 52 (-64 -2048 384 ) (-448 -2048 384 ) (-448 -2048 64 ) (-64 -2048 64 ) 
4 40 48 (-1024 -1024 384 ) (-1024 -1024 64 ) (-1024 -2048 64 ) (-1024 -2048 384 ) 
4 41 43 (-1024 -1920 640 ) (-1024 -1920 4288 ) (-1216 -1920 4288 ) (-1216 -1920 640 ) 
5 41 42 (-1216 -1024 448 ) (-1216 -1152 448 ) (-1216 -1920 640 ) (-1216 -1920 4288 ) (-1216 -1024 4288 ) 
4 42 99 (-2048 -1024 4288 ) (-2048 -1024 448 ) (-2048 -1152 448 ) (-2048 -1152 4288 ) 
4 42 101 (-2048 -1152 448 ) (-2048 -1920 448 ) (-2048 -1920 4288 ) (-2048 -1152 4288 ) 
4 42 47 (-2048 -1920 448 ) (-2048 -1152 448 ) (-1216 -1152 448 ) (-1216 -1920 448 ) 
4 42 44 (-1600 -1920 448 ) (-1216 -1920 448 ) (-1216 -1920 576 ) (-1600 -1920 576 ) 
4 42 45 (-2048 -1920 448 ) (-1600 -1920 448 ) (-1600 -1920 640 ) (-2048 -1920 640 ) 
4 42 43 (-1216 -1920 640 ) (-1216 -1920 4288 ) (-2048 -1920 4288 ) (-2048 -1920 640 ) 
4 43 101 (-2048 -2048 640 ) (-2048 -2048 4288 ) (-2048 -1920 4288 ) (-2048 -1920 640 ) 
4 43 55 (-1024 -2048 640 ) (-1024 -2048 4288 ) (-1600 -2048 4288 ) (-1600 -2048 640 ) 
4 43 57 (-1600 -2048 4288 ) (-2048 -2048 4288 ) (-2048 -2048 640 ) (-1600 -2048 640 ) 
4 43 45 (-2048 -2048 640 ) (-2048 -1920 640 ) (-1600 -1920 640 ) (-1600 -2048 640 ) 
4 44 56 (-1024 -2048 448 ) (-1024 -2048 576 ) (-1600 -2048 576 ) (-1600 -2048 448 ) 
4 44 46 (-1216 -1920 448 ) (-1024 -1920 448 ) (-1024 -2048 448 ) (-1216 -2048 448 ) 
4 44 47 (-1600 -1920 448 ) (-1216 -1920 448 ) (-1216 -2048 448 ) (-1600 -2048 448 ) 
4 44 45 (-1600 -1920 576 ) (-1600 -1920 448 ) (-1600 -2048 448 ) (-1600 -2048 576 ) 
4 45 101 (-2048 -2048 448 ) (-2048 -2048 640 ) (-2048 -1920 640 ) (-2048 -1920 448 ) 
4 45 57 (-1600 -2048 640 ) (-2048 -2048 640 ) (-2048 -2048 448 ) (-1600 -2048 448 ) 
4 45 47 (-2048 -2048 448 ) (-2048 -1920 448 ) (-1600 -1920 448 ) (-1600 -2048 448 ) 
4 46 56 (-1024 -2048 384 ) (-1024 -2048 448 ) (-1216 -2048 448 ) (-1216 -2048 384 ) 
4 46 48 (-1024 -2048 384 ) (-1216 -2048 384 ) (-1216 -1920 384 ) (-1024 -1920 384 ) 
4 46 47 (-1216 -1920 384 ) (-1216 -2048 384 ) (-1216 -2048 448 ) (-1216 -1920 448 ) 
4 47 101 (-2048 -2048 384 ) (-2048 -2048 448 ) (-2048 -1152 448 ) (-2048 -1152 384 ) 
4 47 56 (-1216 -2048 448 ) (-1600 -2048 448 ) (-1600 -2048 384 ) (-1216 -2048 384 ) 
4 47 57 (-1600 -2048 448 ) (-2048 -2048 448 ) (-2048 -2048 384 ) (-1600 -2048 384 ) 
4 47 48 (-1216 -2048 384 ) (-2048 -2048 384 ) (-2048 -1152 384 ) (-1216 -1152 384 ) 
4 48 100 (-2048 -1152 384 ) (-2048 -1024 384 ) (-2048 -1024 64 ) (-2048 -1152 64 ) 
4 48 101 (-2048 -2048 64 ) (-2048 -2048 384 ) (-2048 -1152 384 ) (-2048 -1152 64 ) 
4 48 56 (-1024 -2048 64 ) (-1024 -2048 384 ) (-1600 -2048 384 ) (-1600 -2048 64 ) 
4 48 57 (-1600 -2048 384 ) (-2048 -2048 384 ) (-2048 -2048 64 ) (-1600 -2048 64 ) 
4 49 51 (0 -3072 320 ) (0 -3072 4288 ) (0 -2048 4288 ) (0 -2048 320 ) 
4 49 50 (64 -3072 320 ) (64 -3072 4288 ) (0 -3072 4288 ) (0 -3072 320 ) 
4 50 70 (64 -4096 320 ) (64 -4096 4288 ) (0 -4096 4288 ) (0 -4096 320 ) 
4 50 58 (0 -4096 320 ) (0 -4096 4288 ) (0 -3072 4288 ) (0 -3072 320 ) 
4 51 58 (0 -3072 320 ) (0 -3072 4288 ) (-64 -3072 4288 ) (-64 -3072 320 ) 
4 51 52 (-64 -3072 320 ) (-64 -3072 4288 ) (-64 -2048 4288 ) (-64 -2048 320 ) 
4 52 60 (-268 -3072 4288 ) (-448 -3072 4288 ) (-448 -3072 64 ) (-268 -3072 64 ) 
4 52 59 (-64 -3072 4288 ) (-268 -3072 4288 ) (-268 -3072 64 ) (-64 -3072 64 ) 
4 52 53 (-448 -3072 640 ) (-448 -3072 4288 ) (-448 -2048 4288 ) (-448 -2048 640 ) 
4 52 54 (-448 -2048 64 ) (-448 -3072 64 ) (-448 -3072 576 ) (-448 -2048 576 ) 
4 53 60 (-448 -3072 4288 ) (-1024 -3072 4288 ) (-1024 -3072 640 ) (-448 -3072 640 ) 
4 53 55 (-1024 -3072 640 ) (-1024 -3072 4288 ) (-1024 -2048 4288 ) (-1024 -2048 640 ) 
4 54 60 (-1024 -3072 576 ) (-1024 -3072 64 ) (-448 -3072 64 ) (-448 -3072 576 ) 
4 54 56 (-1024 -3072 64 ) (-1024 -3072 576 ) (-1024 -2048 576 ) (-1024 -2048 64 ) 
4 55 65 (-1024 -3072 640 ) (-1024 -3072 4288 ) (-1600 -3072 4288 ) (-1600 -3072 640 ) 
4 55 57 (-1600 -3072 640 ) (-1600 -3072 4288 ) (-1600 -2048 4288 ) (-1600 -2048 640 ) 
4 56 65 (-1600 -3072 64 ) (-1024 -3072 64 ) (-1024 -3072 576 ) (-1600 -3072 576 ) 
4 56 57 (-1600 -2048 64 ) (-1600 -3072 64 ) (-1600 -3072 576 ) (-1600 -2048 576 ) 
4 57 132 (-2048 -3072 64 ) (-2048 -3072 4288 ) (-2048 -2048 4288 ) (-2048 -2048 64 ) 
4 57 65 (-1976 -3072 64 ) (-1600 -3072 64 ) (-1600 -3072 4288 ) (-1976 -3072 4288 ) 
4 57 68 (-2048 -3072 4288 ) (-2048 -3072 64 ) (-1976 -3072 64 ) (-1976 -3072 4288 ) 
4 58 71 (0 -4096 320 ) (0 -4096 4288 ) (-64 -4096 4288 ) (-64 -4096 320 ) 
4 58 62 (-64 -4096 320 ) (-64 -4096 4288 ) (-64 -3640 4288 ) (-64 -3640 320 ) 
4 58 59 (-64 -3640 4288 ) (-64 -3072 4288 ) (-64 -3072 320 ) (-64 -3640 320 ) 
4 59 62 (-268 -3640 64 ) (-64 -3640 64 ) (-64 -3640 4288 ) (-268 -3640 4288 ) 
4 59 61 (-268 -3640 84 ) (-268 -3640 4288 ) (-268 -3484 4288 ) (-268 -3484 84 ) 
4 59 60 (-268 -3072 64 ) (-268 -3484 64 ) (-268 -3484 4288 ) (-268 -3072 4288 ) 
4 60 65 (-1024 -3072 4288 ) (-1024 -3072 64 ) (-1024 -3484 64 ) (-1024 -3484 4288 ) 
4 60 61 (-268 -3484 84 ) (-268 -3484 4288 ) (-1024 -3484 4288 ) (-1024 -3484 84 ) 
4 61 66 (-1024 -3640 84 ) (-1024 -3640 4288 ) (-1024 -3484 4288 ) (-1024 -3484 84 ) 
4 61 63 (-320 -3640 4288 ) (-1024 -3640 4288 ) (-1024 -3640 84 ) (-320 -3640 84 ) 
4 61 62 (-268 -3640 84 ) (-268 -3640 4288 ) (-320 -3640 4288 ) (-320 -3640 84 ) 
4 62 72 (-320 -4096 320 ) (-320 -4096 64 ) (-64 -4096 64 ) (-64 -4096 320 ) 
4 62 71 (-64 -4096 4288 ) (-320 -4096 4288 ) (-320 -4096 320 ) (-64 -4096 320 ) 
4 62 64 (-320 -4096 72 ) (-320 -4096 4288 ) (-320 -3712 4288 ) (-320 -3712 72 ) 
4 62 63 (-320 -3640 4288 ) (-320 -3640 64 ) (-320 -3712 64 ) (-320 -3712 4288 ) 
4 63 67 (-1024 -3640 64 ) (-1024 -3712 64 ) (-1024 -3712 4288 ) (-1024 -3640 4288 ) 
4 63 64 (-320 -3712 72 ) (-320 -3712 4288 ) (-1024 -3712 4288 ) (-1024 -3712 72 ) 
4 64 73 (-1024 -4096 320 ) (-1024 -4096 72 ) (-320 -4096 72 ) (-320 -4096 320 ) 
4 64 71 (-320 -4096 4288 ) (-1024 -4096 4288 ) (-1024 -4096 320 ) (-320 -4096 320 ) 
4 64 69 (-1024 -4096 72 ) (-1024 -4096 4288 ) (-1024 -3712 4288 ) (-1024 -3712 72 ) 
4 65 66 (-1976 -3484 4288 ) (-1976 -3484 84 ) (-1024 -3484 84 ) (-1024 -3484 4288 ) 
4 65 68 (-1976 -3072 64 ) (-1976 -3484 64 ) (-1976 -3484 4288 ) (-1976 -3072 4288 ) 
4 66 68 (-1976 -3640 84 ) (-1976 -3640 4288 ) (-1976 -3484 4288 ) (-1976 -3484 84 ) 
4 66 67 (-1976 -3640 4288 ) (-1976 -3640 84 ) (-1024 -3640 84 ) (-1024 -3640 4288 ) 
4 67 69 (-1024 -3712 72 ) (-1024 -3712 4288 ) (-1976 -3712 4288 ) (-1976 -3712 72 ) 
4 67 68 (-1976 -3640 64 ) (-1976 -3712 64 ) (-1976 -3712 4288 ) (-1976 -3640 4288 ) 
4 68 134 (-2048 -3712 4288 ) (-2048 -3072 4288 ) (-2048 -3072 64 ) (-2048 -3712 64 ) 
4 68 69 (-1976 -3712 72 ) (-1976 -3712 4288 ) (-2048 -3712 4288 ) (-2048 -3712 72 ) 
4 69 135 (-2048 -4096 72 ) (-2048 -4096 4288 ) (-2048 -3712 4288 ) (-2048 -3712 72 ) 
4 69 75 (-2048 -4096 4288 ) (-2048 -4096 72 ) (-1024 -4096 72 ) (-1024 -4096 4288 ) 
4 70 71 (0 -4096 4288 ) (0 -4096 320 ) (0 -4736 320 ) (0 -4736 4288 ) 
4 71 77 (-1024 -4608 320 ) (-1024 -4736 320 ) (-1024 -4736 4288 ) (-1024 -4608 4288 ) 
4 71 76 (-1024 -4480 320 ) (-1024 -4608 320 ) (-1024 -4608 4288 ) (-1024 -4480 4288 ) 
4 71 75 (-1024 -4096 4288 ) (-1024 -4096 320 ) (-1024 -4480 320 ) (-1024 -4480 4288 ) 
4 71 73 (-1024 -4480 320 ) (-1024 -4096 320 ) (-320 -4096 320 ) (-320 -4480 320 ) 
4 71 74 (-1024 -4608 320 ) (-1024 -4480 320 ) (-320 -4480 320 ) (-320 -4608 320 ) 
4 71 72 (-320 -4096 320 ) (-64 -4096 320 ) (-64 -4608 320 ) (-320 -4608 320 ) 
4 72 73 (-320 -4480 72 ) (-320 -4480 320 ) (-320 -4096 320 ) (-320 -4096 72 ) 
4 72 74 (-320 -4480 64 ) (-320 -4608 64 ) (-320 -4608 320 ) (-320 -4480 320 ) 
4 73 75 (-1024 -4096 320 ) (-1024 -4096 72 ) (-1024 -4480 72 ) (-1024 -4480 320 ) 
4 73 74 (-320 -4480 72 ) (-320 -4480 320 ) (-1024 -4480 320 ) (-1024 -4480 72 ) 
4 74 76 (-1024 -4480 64 ) (-1024 -4608 64 ) (-1024 -4608 320 ) (-1024 -4480 320 ) 
4 75 138 (-2048 -4480 4288 ) (-2048 -4096 4288 ) (-2048 -4096 72 ) (-2048 -4480 72 ) 
4 75 76 (-1024 -4480 72 ) (-1024 -4480 4288 ) (-2048 -4480 4288 ) (-2048 -4480 72 ) 
4 76 139 (-2048 -4608 4288 ) (-2048 -4480 4288 ) (-2048 -4480 64 ) (-2048 -4608 64 ) 
4 76 77 (-1024 -4608 320 ) (-1024 -4608 4288 ) (-2048 -4608 4288 ) (-2048 -4608 320 ) 
4 77 140 (-2048 -4736 4288 ) (-2048 -4608 4288 ) (-2048 -4608 320 ) (-2048 -4736 320 ) 
4 78 86 (-2048 0 320 ) (-2048 0 4288 ) (-3072 0 4288 ) (-3072 0 320 ) 
4 78 82 (-3072 0 320 ) (-3072 0 4288 ) (-3072 320 4288 ) (-3072 320 320 ) 
4 78 80 (-2048 64 320 ) (-2048 0 320 ) (-3072 0 320 ) (-3072 64 320 ) 
4 78 79 (-2048 192 320 ) (-2048 64 320 ) (-3072 64 320 ) (-3072 192 320 ) 
4 79 83 (-3072 64 320 ) (-3072 192 320 ) (-3072 192 64 ) (-3072 64 64 ) 
4 79 80 (-2048 64 256 ) (-2048 64 320 ) (-3072 64 320 ) (-3072 64 256 ) 
4 79 81 (-3072 64 64 ) (-2048 64 64 ) (-2048 64 192 ) (-3072 64 192 ) 
4 80 86 (-2048 0 256 ) (-2048 0 320 ) (-3072 0 320 ) (-3072 0 256 ) 
4 80 84 (-3072 0 256 ) (-3072 0 320 ) (-3072 64 320 ) (-3072 64 256 ) 
4 81 87 (-2048 0 64 ) (-2048 0 192 ) (-3072 0 192 ) (-3072 0 64 ) 
4 81 85 (-3072 0 64 ) (-3072 0 192 ) (-3072 64 192 ) (-3072 64 64 ) 
4 82 108 (-4096 0 320 ) (-4096 0 4288 ) (-4096 320 4288 ) (-4096 320 320 ) 
4 82 94 (-3776 0 4288 ) (-4096 0 4288 ) (-4096 0 320 ) (-3776 0 320 ) 
4 82 92 (-3072 0 320 ) (-3072 0 448 ) (-3776 0 448 ) (-3776 0 320 ) 
4 82 91 (-3072 0 448 ) (-3072 0 4288 ) (-3776 0 4288 ) (-3776 0 448 ) 
4 82 84 (-4096 0 320 ) (-4096 64 320 ) (-3072 64 320 ) (-3072 0 320 ) 
4 82 83 (-4096 64 320 ) (-4096 192 320 ) (-3072 192 320 ) (-3072 64 320 ) 
4 83 109 (-4096 64 320 ) (-4096 192 320 ) (-4096 192 64 ) (-4096 64 64 ) 
4 83 84 (-3072 64 256 ) (-3072 64 320 ) (-4096 64 320 ) (-4096 64 256 ) 
4 83 85 (-4096 64 64 ) (-3072 64 64 ) (-3072 64 192 ) (-4096 64 192 ) 
4 84 110 (-4096 0 256 ) (-4096 0 320 ) (-4096 64 320 ) (-4096 64 256 ) 
4 84 94 (-3776 0 320 ) (-4096 0 320 ) (-4096 0 256 ) (-3776 0 256 ) 
4 84 92 (-3072 0 256 ) (-3072 0 320 ) (-3776 0 320 ) (-3776 0 256 ) 
4 85 111 (-4096 0 64 ) (-4096 0 192 ) (-4096 64 192 ) (-4096 64 64 ) 
4 85 98 (-3072 0 64 ) (-3072 0 192 ) (-4096 0 192 ) (-4096 0 64 ) 
4 86 92 (-3072 0 448 ) (-3072 0 256 ) (-3072 -320 256 ) (-3072 -320 448 ) 
4 86 91 (-3072 -320 4288 ) (-3072 0 4288 ) (-3072 0 448 ) (-3072 -320 448 ) 
4 86 88 (-2048 -320 256 ) (-2048 -320 4288 ) (-3072 -320 4288 ) (-3072 -320 256 ) 
4 87 98 (-3072 0 192 ) (-3072 0 64 ) (-3072 -320 64 ) (-3072 -320 192 ) 
4 87 88 (-3072 -320 64 ) (-2048 -320 64 ) (-2048 -320 192 ) (-3072 -320 192 ) 
4 88 98 (-3072 -320 192 ) (-3072 -320 64 ) (-3072 -768 64 ) (-3072 -768 192 ) 
4 88 96 (-3072 -320 256 ) (-3072 -320 192 ) (-3072 -768 192 ) (-3072 -768 256 ) 
4 88 92 (-3072 -320 448 ) (-3072 -320 256 ) (-3072 -768 256 ) (-3072 -768 448 ) 
4 88 91 (-3072 -768 4288 ) (-3072 -320 4288 ) (-3072 -320 448 ) (-3072 -768 448 ) 
4 88 89 (-2048 -768 448 ) (-2048 -768 4288 ) (-3072 -768 4288 ) (-3072 -768 448 ) 
4 88 90 (-3072 -768 64 ) (-2048 -768 64 ) (-2048 -768 384 ) (-3072 -768 384 ) 
4 89 99 (-2048 -1024 448 ) (-2048 -1024 4288 ) (-3072 -1024 4288 ) (-3072 -1024 448 ) 
4 89 91 (-3072 -1024 448 ) (-3072 -1024 4288 ) (-3072 -768 4288 ) (-3072 -768 448 ) 
4 90 100 (-2048 -1024 64 ) (-2048 -1024 384 ) (-3072 -1024 384 ) (-3072 -1024 64 ) 
4 90 98 (-3072 -1024 64 ) (-3072 -1024 192 ) (-3072 -768 192 ) (-3072 -768 64 ) 
4 90 96 (-3072 -1024 192 ) (-3072 -1024 256 ) (-3072 -768 256 ) (-3072 -768 192 ) 
4 90 93 (-3072 -1024 256 ) (-3072 -1024 384 ) (-3072 -768 384 ) (-3072 -768 256 ) 
4 91 102 (-3072 -1024 448 ) (-3072 -1024 4288 ) (-3776 -1024 4288 ) (-3776 -1024 448 ) 
4 91 95 (-3776 -1024 448 ) (-3776 -1024 4288 ) (-3776 -768 4288 ) (-3776 -768 448 ) 
4 91 94 (-3776 -768 4288 ) (-3776 0 4288 ) (-3776 0 448 ) (-3776 -768 448 ) 
4 91 92 (-3776 -768 448 ) (-3776 0 448 ) (-3072 0 448 ) (-3072 -768 448 ) 
4 92 96 (-3072 -320 256 ) (-3072 -768 256 ) (-3776 -768 256 ) (-3776 -320 256 ) 
4 92 94 (-3776 0 256 ) (-3776 -768 256 ) (-3776 -768 448 ) (-3776 0 448 ) 
4 92 93 (-3776 -768 384 ) (-3776 -768 256 ) (-3072 -768 256 ) (-3072 -768 384 ) 
4 93 104 (-3776 -1024 256 ) (-3072 -1024 256 ) (-3072 -1024 384 ) (-3776 -1024 384 ) 
4 93 96 (-3072 -768 256 ) (-3072 -1024 256 ) (-3776 -1024 256 ) (-3776 -768 256 ) 
4 94 116 (-4096 -768 4288 ) (-4096 0 4288 ) (-4096 0 256 ) (-4096 -768 256 ) 
4 94 97 (-3776 -320 256 ) (-3776 -768 256 ) (-4096 -768 256 ) (-4096 -320 256 ) 
4 94 95 (-3776 -768 448 ) (-3776 -768 4288 ) (-4096 -768 4288 ) (-4096 -768 368 ) 
4 95 117 (-4096 -1024 368 ) (-4096 -1024 4288 ) (-4096 -768 4288 ) (-4096 -768 368 ) 
4 95 105 (-4096 -1024 4288 ) (-4096 -1024 368 ) (-3776 -1024 448 ) (-3776 -1024 4288 ) 
4 96 104 (-3776 -1024 192 ) (-3072 -1024 192 ) (-3072 -1024 256 ) (-3776 -1024 256 ) 
4 96 98 (-3072 -1024 192 ) (-3776 -1024 192 ) (-3776 -320 192 ) (-3072 -320 192 ) 
4 96 97 (-3776 -320 256 ) (-3776 -320 192 ) (-3776 -768 192 ) (-3776 -768 256 ) 
4 97 119 (-4096 -768 256 ) (-4096 -320 256 ) (-4096 -320 192 ) (-4096 -768 192 ) 
4 97 98 (-4096 -768 192 ) (-4096 -320 192 ) (-3776 -320 192 ) (-3776 -768 192 ) 
4 98 121 (-4096 -1024 64 ) (-4096 -1024 192 ) (-4096 0 192 ) (-4096 0 64 ) 
4 98 107 (-4096 -1024 192 ) (-4096 -1024 64 ) (-3776 -1024 64 ) (-3776 -1024 192 ) 
4 98 104 (-3776 -1024 64 ) (-3072 -1024 64 ) (-3072 -1024 192 ) (-3776 -1024 192 ) 
4 99 102 (-3072 -1024 4288 ) (-3072 -1024 448 ) (-3072 -1152 448 ) (-3072 -1152 4288 ) 
4 99 101 (-2048 -1152 448 ) (-2048 -1152 4288 ) (-3072 -1152 4288 ) (-3072 -1152 448 ) 
4 100 104 (-3072 -1024 384 ) (-3072 -1024 64 ) (-3072 -1152 64 ) (-3072 -1152 384 ) 
4 100 101 (-3072 -1152 64 ) (-2048 -1152 64 ) (-2048 -1152 384 ) (-3072 -1152 384 ) 
4 101 132 (-2048 -2048 64 ) (-2048 -2048 4288 ) (-3072 -2048 4288 ) (-3072 -2048 64 ) 
4 101 104 (-3072 -1152 64 ) (-3072 -2048 64 ) (-3072 -2048 384 ) (-3072 -1152 384 ) 
4 101 103 (-3072 -2048 384 ) (-3072 -2048 448 ) (-3072 -1152 448 ) (-3072 -1152 384 ) 
4 101 102 (-3072 -2048 448 ) (-3072 -2048 4288 ) (-3072 -1152 4288 ) (-3072 -1152 448 ) 
4 102 133 (-3072 -2048 448 ) (-3072 -2048 4288 ) (-3776 -2048 4288 ) (-3776 -2048 448 ) 
4 102 105 (-3776 -1152 4288 ) (-3776 -1024 4288 ) (-3776 -1024 448 ) (-3776 -1152 448 ) 
4 102 106 (-3776 -2048 448 ) (-3776 -2048 4288 ) (-3776 -1152 4288 ) (-3776 -1152 448 ) 
4 102 103 (-3776 -2048 448 ) (-3776 -1152 448 ) (-3072 -1152 448 ) (-3072 -2048 448 ) 
4 103 133 (-3072 -2048 384 ) (-3072 -2048 448 ) (-3776 -2048 448 ) (-3776 -2048 384 ) 
4 103 106 (-3776 -2048 384 ) (-3776 -2048 448 ) (-3776 -1152 448 ) (-3776 -1152 384 ) 
4 103 104 (-3072 -2048 384 ) (-3776 -2048 384 ) (-3776 -1152 384 ) (-3072 -1152 384 ) 
4 104 133 (-3072 -2048 64 ) (-3072 -2048 384 ) (-3776 -2048 384 ) (-3776 -2048 64 ) 
4 104 107 (-3776 -2048 64 ) (-3776 -2048 192 ) (-3776 -1024 192 ) (-3776 -1024 64 ) 
4 104 106 (-3776 -2048 192 ) (-3776 -2048 384 ) (-3776 -1152 384 ) (-3776 -1152 192 ) 
4 105 122 (-4096 -1152 4288 ) (-4096 -1024 4288 ) (-4096 -1024 368 ) (-4096 -1152 368 ) 
4 105 106 (-3776 -1152 448 ) (-3776 -1152 4288 ) (-4096 -1152 4288 ) (-4096 -1152 368 ) 
4 106 133 (-3776 -2048 192 ) (-3776 -2048 4288 ) (-4096 -2048 4288 ) (-4096 -2048 192 ) 
4 106 124 (-4096 -2048 192 ) (-4096 -2048 256 ) (-4096 -1152 256 ) (-4096 -1152 192 ) 
4 106 123 (-4096 -2048 256 ) (-4096 -2048 4288 ) (-4096 -1152 4288 ) (-4096 -1152 256 ) 
4 106 107 (-3776 -1152 192 ) (-3776 -2048 192 ) (-4096 -2048 192 ) (-4096 -1152 192 ) 
4 107 133 (-3776 -2048 64 ) (-3776 -2048 192 ) (-4096 -2048 192 ) (-4096 -2048 64 ) 
4 107 127 (-4096 -2048 64 ) (-4096 -2048 192 ) (-4096 -1024 192 ) (-4096 -1024 64 ) 
4 108 116 (-4096 0 320 ) (-4096 0 4288 ) (-5120 0 4288 ) (-5120 0 320 ) 
4 108 113 (-5120 192 4288 ) (-5120 320 4288 ) (-5120 320 320 ) (-5120 192 320 ) 
4 108 114 (-5120 0 320 ) (-5120 0 4288 ) (-5120 192 4288 ) (-5120 192 320 ) 
4 108 110 (-4928 64 320 ) (-4096 64 320 ) (-4096 0 320 ) (-4928 0 320 ) 
4 108 112 (-5120 0 320 ) (-5120 64 320 ) (-4928 64 320 ) (-4928 0 320 ) 
4 108 109 (-5120 64 320 ) (-5120 192 320 ) (-4096 192 320 ) (-4096 64 320 ) 
4 109 114 (-5120 64 320 ) (-5120 192 320 ) (-5120 192 64 ) (-5120 64 64 ) 
4 109 110 (-4096 64 256 ) (-4096 64 320 ) (-4928 64 320 ) (-4928 64 256 ) 
4 109 111 (-4928 64 64 ) (-4096 64 64 ) (-4096 64 192 ) (-4928 64 192 ) 
4 109 112 (-5120 64 64 ) (-4928 64 64 ) (-4928 64 320 ) (-5120 64 320 ) 
4 110 116 (-4096 0 256 ) (-4096 0 320 ) (-4928 0 320 ) (-4928 0 256 ) 
4 110 112 (-4928 64 320 ) (-4928 64 256 ) (-4928 0 256 ) (-4928 0 320 ) 
4 111 121 (-4096 0 64 ) (-4096 0 192 ) (-4928 0 192 ) (-4928 0 64 ) 
4 111 112 (-4928 64 192 ) (-4928 64 64 ) (-4928 0 64 ) (-4928 0 192 ) 
4 112 121 (-5120 0 192 ) (-5120 0 64 ) (-4928 0 64 ) (-4928 0 192 ) 
4 112 118 (-5120 0 256 ) (-5120 0 192 ) (-4928 0 192 ) (-4928 0 256 ) 
4 112 116 (-4928 0 320 ) (-5120 0 320 ) (-5120 0 256 ) (-4928 0 256 ) 
4 112 114 (-5120 0 64 ) (-5120 0 320 ) (-5120 64 320 ) (-5120 64 64 ) 
4 113 115 (-5440 192 320 ) (-5440 192 4288 ) (-5440 320 4288 ) (-5440 320 320 ) 
4 113 114 (-5440 192 4288 ) (-5440 192 320 ) (-5120 192 320 ) (-5120 192 4288 ) 
4 114 129 (-5120 0 64 ) (-5120 0 320 ) (-5440 0 320 ) (-5440 0 64 ) 
4 114 128 (-5120 0 320 ) (-5120 0 4288 ) (-5440 0 4288 ) (-5440 0 320 ) 
4 114 115 (-5440 0 320 ) (-5440 0 4288 ) (-5440 192 4288 ) (-5440 192 320 ) 
4 115 128 (-5440 0 4288 ) (-5568 0 4288 ) (-5568 0 320 ) (-5440 0 320 ) 
4 116 129 (-5120 0 320 ) (-5120 0 256 ) (-5120 -768 256 ) (-5120 -768 320 ) 
4 116 128 (-5120 0 4288 ) (-5120 0 320 ) (-5120 -768 320 ) (-5120 -768 4288 ) 
4 116 120 (-5120 -768 256 ) (-5120 -320 256 ) (-4928 -320 256 ) (-4928 -768 256 ) 
4 116 119 (-4544 -320 256 ) (-4096 -320 256 ) (-4096 -768 256 ) (-4544 -768 256 ) 
4 116 118 (-5120 -320 256 ) (-5120 0 256 ) (-4928 0 256 ) (-4928 -320 256 ) 
5 116 117 (-5120 -768 256 ) (-4544 -768 256 ) (-4096 -768 368 ) (-4096 -768 4288 ) (-5120 -768 4288 ) 
4 117 129 (-5120 -768 256 ) (-5120 -1024 256 ) (-5120 -1024 320 ) (-5120 -768 320 ) 
4 117 128 (-5120 -1024 320 ) (-5120 -1024 4288 ) (-5120 -768 4288 ) (-5120 -768 320 ) 
5 117 122 (-4096 -1024 368 ) (-4096 -1024 4288 ) (-5120 -1024 4288 ) (-5120 -1024 256 ) (-4544 -1024 256 ) 
4 117 120 (-5120 -1024 256 ) (-5120 -768 256 ) (-4928 -768 256 ) (-4928 -1024 256 ) 
4 118 129 (-5120 0 256 ) (-5120 0 192 ) (-5120 -320 192 ) (-5120 -320 256 ) 
4 118 121 (-5120 -320 192 ) (-5120 0 192 ) (-4928 0 192 ) (-4928 -320 192 ) 
4 118 120 (-5120 -320 192 ) (-4928 -320 192 ) (-4928 -320 256 ) (-5120 -320 256 ) 
4 119 121 (-4544 -768 192 ) (-4544 -320 192 ) (-4096 -320 192 ) (-4096 -768 192 ) 
4 120 129 (-5120 -320 192 ) (-5120 -1024 192 ) (-5120 -1024 256 ) (-5120 -320 256 ) 
4 120 126 (-4928 -1024 256 ) (-5120 -1024 256 ) (-5120 -1024 192 ) (-4928 -1024 192 ) 
4 120 121 (-4928 -1024 192 ) (-5120 -1024 192 ) (-5120 -320 192 ) (-4928 -320 192 ) 
4 121 129 (-5120 0 192 ) (-5120 0 64 ) (-5120 -1024 64 ) (-5120 -1024 192 ) 
4 121 127 (-4096 -1024 64 ) (-4096 -1024 192 ) (-5120 -1024 192 ) (-5120 -1024 64 ) 
4 122 131 (-5120 -1024 320 ) (-5120 -1024 256 ) (-5120 -1152 256 ) (-5120 -1152 320 ) 
4 122 130 (-5120 -1152 4288 ) (-5120 -1024 4288 ) (-5120 -1024 320 ) (-5120 -1152 320 ) 
4 122 126 (-5120 -1152 256 ) (-5120 -1024 256 ) (-4928 -1024 256 ) (-4928 -1152 256 ) 
5 122 123 (-5120 -1152 256 ) (-4544 -1152 256 ) (-4096 -1152 368 ) (-4096 -1152 4288 ) (-5120 -1152 4288 ) 
4 123 144 (-4096 -2048 256 ) (-4096 -2048 4288 ) (-5120 -2048 4288 ) (-5120 -2048 256 ) 
4 123 131 (-5120 -2048 256 ) (-5120 -2048 320 ) (-5120 -1152 320 ) (-5120 -1152 256 ) 
4 123 130 (-5120 -2048 320 ) (-5120 -2048 4288 ) (-5120 -1152 4288 ) (-5120 -1152 320 ) 
4 123 125 (-4544 -2048 256 ) (-4928 -2048 256 ) (-4928 -1152 256 ) (-4544 -1152 256 ) 
4 123 126 (-4928 -2048 256 ) (-5120 -2048 256 ) (-5120 -1152 256 ) (-4928 -1152 256 ) 
4 123 124 (-4096 -2048 256 ) (-4544 -2048 256 ) (-4544 -1152 256 ) (-4096 -1152 256 ) 
4 124 144 (-4096 -2048 192 ) (-4096 -2048 256 ) (-4544 -2048 256 ) (-4544 -2048 192 ) 
4 124 127 (-4096 -1152 192 ) (-4096 -2048 192 ) (-4544 -2048 192 ) (-4544 -1152 192 ) 
4 124 125 (-4544 -1152 192 ) (-4544 -2048 192 ) (-4544 -2048 256 ) (-4544 -1152 256 ) 
4 125 144 (-4544 -2048 256 ) (-4928 -2048 256 ) (-4928 -2048 192 ) (-4544 -2048 192 ) 
4 125 127 (-4544 -2048 192 ) (-4928 -2048 192 ) (-4928 -1152 192 ) (-4544 -1152 192 ) 
4 125 126 (-4928 -1152 192 ) (-4928 -2048 192 ) (-4928 -2048 256 ) (-4928 -1152 256 ) 
4 126 144 (-4928 -2048 256 ) (-5120 -2048 256 ) (-5120 -2048 192 ) (-4928 -2048 192 ) 
4 126 131 (-5120 -2048 192 ) (-5120 -2048 256 ) (-5120 -1024 256 ) (-5120 -1024 192 ) 
4 126 127 (-4928 -2048 192 ) (-5120 -2048 192 ) (-5120 -1024 192 ) (-4928 -1024 192 ) 
4 127 144 (-4096 -2048 64 ) (-4096 -2048 192 ) (-5120 -2048 192 ) (-5120 -2048 64 ) 
4 127 131 (-5120 -2048 64 ) (-5120 -2048 192 ) (-5120 -1024 192 ) (-5120 -1024 64 ) 
4 128 130 (-5120 -1024 320 ) (-5120 -1024 4288 ) (-5568 -1024 4288 ) (-5568 -1024 320 ) 
4 128 129 (-5120 -1024 320 ) (-5440 -1024 320 ) (-5440 0 320 ) (-5120 0 320 ) 
4 129 131 (-5120 -1024 64 ) (-5120 -1024 320 ) (-5440 -1024 320 ) (-5440 -1024 64 ) 
4 130 149 (-5120 -2048 320 ) (-5120 -2048 4288 ) (-5568 -2048 4288 ) (-5568 -2048 320 ) 
4 130 131 (-5440 -1024 320 ) (-5120 -1024 320 ) (-5120 -2048 320 ) (-5440 -2048 320 ) 
4 131 150 (-5120 -2048 64 ) (-5120 -2048 320 ) (-5440 -2048 320 ) (-5440 -2048 64 ) 
4 132 134 (-2048 -3072 64 ) (-2048 -3072 4288 ) (-3072 -3072 4288 ) (-3072 -3072 64 ) 
4 132 133 (-3072 -3072 64 ) (-3072 -3072 4288 ) (-3072 -2048 4288 ) (-3072 -2048 64 ) 
4 133 144 (-4096 -2048 4288 ) (-4096 -2048 64 ) (-4096 -3072 64 ) (-4096 -3072 4288 ) 
4 133 136 (-4096 -3072 4288 ) (-4096 -3072 64 ) (-3072 -3072 64 ) (-3072 -3072 4288 ) 
4 134 136 (-3072 -3072 4288 ) (-3072 -3072 64 ) (-3072 -3712 64 ) (-3072 -3712 4288 ) 
4 134 135 (-2048 -3712 72 ) (-2048 -3712 4288 ) (-3072 -3712 4288 ) (-3072 -3712 72 ) 
4 135 138 (-2048 -4096 72 ) (-2048 -4096 4288 ) (-3072 -4096 4288 ) (-3072 -4096 72 ) 
4 135 137 (-3072 -4096 72 ) (-3072 -4096 4288 ) (-3072 -3712 4288 ) (-3072 -3712 72 ) 
4 136 145 (-4096 -3712 4288 ) (-4096 -3072 4288 ) (-4096 -3072 64 ) (-4096 -3712 64 ) 
4 136 137 (-3072 -3712 72 ) (-3072 -3712 4288 ) (-4096 -3712 4288 ) (-4096 -3712 72 ) 
4 137 146 (-4096 -4096 72 ) (-4096 -4096 4288 ) (-4096 -3712 4288 ) (-4096 -3712 72 ) 
4 137 141 (-3072 -4096 72 ) (-3072 -4096 4288 ) (-4096 -4096 4288 ) (-4096 -4096 72 ) 
4 138 141 (-3072 -4480 4288 ) (-3072 -4096 4288 ) (-3072 -4096 72 ) (-3072 -4480 72 ) 
4 138 139 (-2048 -4480 72 ) (-2048 -4480 4288 ) (-3072 -4480 4288 ) (-3072 -4480 72 ) 
4 139 142 (-3072 -4608 4288 ) (-3072 -4480 4288 ) (-3072 -4480 64 ) (-3072 -4608 64 ) 
4 139 140 (-2048 -4608 320 ) (-2048 -4608 4288 ) (-3072 -4608 4288 ) (-3072 -4608 320 ) 
4 140 143 (-3072 -4736 4288 ) (-3072 -4608 4288 ) (-3072 -4608 320 ) (-3072 -4736 320 ) 
4 141 153 (-4096 -4480 4288 ) (-4096 -4096 4288 ) (-4096 -4096 72 ) (-4096 -4480 72 ) 
4 141 142 (-3072 -4480 72 ) (-3072 -4480 4288 ) (-4096 -4480 4288 ) (-4096 -4480 72 ) 
4 142 156 (-4096 -4608 4288 ) (-4096 -4480 4288 ) (-4096 -4480 64 ) (-4096 -4608 64 ) 
4 142 143 (-3072 -4608 320 ) (-3072 -4608 4288 ) (-4096 -4608 4288 ) (-4096 -4608 320 ) 
4 143 157 (-4096 -4736 4288 ) (-4096 -4608 4288 ) (-4096 -4608 320 ) (-4096 -4736 320 ) 
4 144 150 (-5120 -2048 320 ) (-5120 -2048 64 ) (-5120 -3072 64 ) (-5120 -3072 320 ) 
4 144 149 (-5120 -2048 4288 ) (-5120 -2048 320 ) (-5120 -3072 320 ) (-5120 -3072 4288 ) 
4 144 145 (-4096 -3072 64 ) (-4096 -3072 4288 ) (-5120 -3072 4288 ) (-5120 -3072 64 ) 
4 145 152 (-5120 -3072 320 ) (-5120 -3072 64 ) (-5120 -3712 64 ) (-5120 -3712 320 ) 
4 145 151 (-5120 -3712 4288 ) (-5120 -3072 4288 ) (-5120 -3072 320 ) (-5120 -3712 320 ) 
4 145 148 (-5120 -3712 64 ) (-4912 -3712 64 ) (-4912 -3712 304 ) (-5120 -3712 369 ) 
4 145 146 (-4096 -3712 72 ) (-4096 -3712 4288 ) (-4160 -3712 4288 ) (-4160 -3712 72 ) 
4 145 147 (-4160 -3712 4288 ) (-5120 -3712 4288 ) (-5120 -3712 369 ) (-4160 -3712 69 ) 
4 146 153 (-4096 -4096 72 ) (-4096 -4096 4288 ) (-4160 -4096 4288 ) (-4160 -4096 72 ) 
4 146 147 (-4160 -3712 4288 ) (-4160 -3712 72 ) (-4160 -4096 72 ) (-4160 -4096 4288 ) 
4 147 154 (-4160 -4096 4288 ) (-5120 -4096 4288 ) (-5120 -4096 369 ) (-4160 -4096 69 ) 
4 147 151 (-5120 -4096 369 ) (-5120 -4096 4288 ) (-5120 -3712 4288 ) (-5120 -3712 369 ) 
4 147 148 (-5120 -3712 369 ) (-4912 -3712 304 ) (-4912 -4096 304 ) (-5120 -4096 369 ) 
4 148 155 (-5120 -4096 369 ) (-5120 -4096 64 ) (-4912 -4096 64 ) (-4912 -4096 304 ) 
4 148 152 (-5120 -4096 64 ) (-5120 -4096 320 ) (-5120 -3712 320 ) (-5120 -3712 64 ) 
4 148 151 (-5120 -4096 320 ) (-5120 -4096 369 ) (-5120 -3712 369 ) (-5120 -3712 320 ) 
4 149 151 (-5120 -3072 320 ) (-5120 -3072 4288 ) (-5568 -3072 4288 ) (-5568 -3072 320 ) 
4 149 150 (-5120 -3072 320 ) (-5440 -3072 320 ) (-5440 -2048 320 ) (-5120 -2048 320 ) 
4 150 152 (-5120 -3072 64 ) (-5120 -3072 320 ) (-5440 -3072 320 ) (-5440 -3072 64 ) 
4 151 158 (-5120 -4096 320 ) (-5120 -4096 4288 ) (-5568 -4096 4288 ) (-5568 -4096 320 ) 
4 151 152 (-5440 -3072 320 ) (-5120 -3072 320 ) (-5120 -4096 320 ) (-5440 -4096 320 ) 
4 152 159 (-5120 -4096 64 ) (-5120 -4096 320 ) (-5440 -4096 320 ) (-5440 -4096 64 ) 
4 153 156 (-4096 -4480 72 ) (-4096 -4480 4288 ) (-4160 -4480 4288 ) (-4160 -4480 72 ) 
4 153 154 (-4160 -4480 72 ) (-4160 -4480 4288 ) (-4160 -4096 4288 ) (-4160 -4096 72 ) 
4 154 158 (-5120 -4096 4288 ) (-5120 -4096 369 ) (-5120 -4480 369 ) (-5120 -4480 4288 ) 
4 154 156 (-4160 -4480 4288 ) (-5120 -4480 4288 ) (-5120 -4480 369 ) (-4160 -4480 69 ) 
4 154 155 (-4912 -4480 304 ) (-5120 -4480 369 ) (-5120 -4096 369 ) (-4912 -4096 304 ) 
4 155 159 (-5120 -4096 320 ) (-5120 -4096 64 ) (-5120 -4480 64 ) (-5120 -4480 320 ) 
4 155 158 (-5120 -4096 369 ) (-5120 -4096 320 ) (-5120 -4480 320 ) (-5120 -4480 369 ) 
4 155 156 (-5120 -4480 64 ) (-4912 -4480 64 ) (-4912 -4480 304 ) (-5120 -4480 369 ) 
4 156 159 (-5120 -4480 64 ) (-5120 -4608 64 ) (-5120 -4608 320 ) (-5120 -4480 320 ) 
4 156 158 (-5120 -4608 320 ) (-5120 -4608 4288 ) (-5120 -4480 4288 ) (-5120 -4480 320 ) 
4 156 157 (-4096 -4608 320 ) (-4096 -4608 4288 ) (-5120 -4608 4288 ) (-5120 -4608 320 ) 
4 157 158 (-5120 -4736 320 ) (-5120 -4736 4288 ) (-5120 -4608 4288 ) (-5120 -4608 320 ) 
4 158 159 (-5440 -4608 320 ) (-5440 -4096 320 ) (-5120 -4096 320 ) (-5120 -4608 320 ) 
