PRT1
293
804
4 0 2 (0 2576 4288 ) (0 2577.800293 4288 ) (0 2577.800293 64 ) (0 2576 64 ) 
4 0 1 (54.966301 2576 320 ) (54.966301 2576 4288 ) (0 2576 4288 ) (0 2576 320 ) 
4 1 17 (54.966301 2048 320 ) (54.966301 2048 4288 ) (0 2048 4288 ) (0 2048 320 ) 
4 1 3 (0 2512 4288 ) (0 2576 4288 ) (0 2576 320 ) (0 2512 320 ) 
4 1 4 (0 2048 320 ) (0 2048 4288 ) (0 2512 4288 ) (0 2512 320 ) 
4 2 7 (-1024 2576 4288 ) (-1024 2577.800293 4288 ) (-1024 2577.800293 64 ) (-1024 2576 64 ) 
4 2 3 (0 2576 320 ) (0 2576 4288 ) (-1024 2576 4288 ) (-1024 2576 320 ) 
4 3 8 (-1024 2512 4288 ) (-1024 2576 4288 ) (-1024 2576 320 ) (-1024 2512 320 ) 
4 3 4 (0 2512 320 ) (0 2512 4288 ) (-1024 2512 4288 ) (-1024 2512 320 ) 
4 4 20 (0 2048 64 ) (0 2048 4288 ) (-192 2048 4288 ) (-192 2048 64 ) 
4 4 21 (-192 2048 4288 ) (-1024 2048 4288 ) (-1024 2048 64 ) (-192 2048 64 ) 
4 4 9 (-1024 2048 64 ) (-1024 2048 4288 ) (-1024 2512 4288 ) (-1024 2512 64 ) 
4 4 5 (-192 2048 64 ) (-1024 2048 64 ) (-1024 2368 64 ) (-192 2368 64 ) 
4 5 21 (-192 2048 64 ) (-1024 2048 64 ) (-1024 2048 56 ) (-192 2048 56 ) 
4 5 10 (-1024 2048 56 ) (-1024 2048 64 ) (-1024 2368 64 ) (-1024 2368 56 ) 
4 5 6 (-1024 2048 56 ) (-1024 2368 56 ) (-192 2368 56 ) (-192 2048 56 ) 
4 6 22 (-192 2048 -224 ) (-192 2048 56 ) (-1024 2048 56 ) (-1024 2048 -224 ) 
4 6 11 (-1024 2048 -224 ) (-1024 2048 56 ) (-1024 2368 56 ) (-1024 2368 -224 ) 
4 7 12 (-2048 2576 4288 ) (-2048 2577.800293 4288 ) (-2048 2577.800293 64 ) (-2048 2576 64 ) 
4 7 8 (-1024 2576 320 ) (-1024 2576 4288 ) (-2048 2576 4288 ) (-2048 2576 320 ) 
4 8 13 (-2048 2512 4288 ) (-2048 2576 4288 ) (-2048 2576 320 ) (-2048 2512 320 ) 
4 8 9 (-1024 2512 320 ) (-1024 2512 4288 ) (-2048 2512 4288 ) (-2048 2512 320 ) 
4 9 23 (-1024 2048 64 ) (-1024 2048 4288 ) (-2048 2048 4288 ) (-2048 2048 64 ) 
4 9 14 (-2048 2048 64 ) (-2048 2048 4288 ) (-2048 2512 4288 ) (-2048 2512 64 ) 
4 9 10 (-1024 2368 64 ) (-1024 2048 64 ) (-2048 2048 64 ) (-2048 2368 64 ) 
4 10 23 (-1024 2048 56 ) (-1024 2048 64 ) (-2048 2048 64 ) (-2048 2048 56 ) 
4 10 15 (-2048 2048 56 ) (-2048 2048 64 ) (-2048 2368 64 ) (-2048 2368 56 ) 
4 10 11 (-1024 2368 56 ) (-1024 2048 56 ) (-2048 2048 56 ) (-2048 2368 56 ) 
4 11 24 (-1024 2048 -224 ) (-1024 2048 56 ) (-2048 2048 56 ) (-2048 2048 -224 ) 
4 11 16 (-2048 2048 -224 ) (-2048 2048 56 ) (-2048 2368 56 ) (-2048 2368 -224 ) 
4 12 146 (-3072 2576 4288 ) (-3072 2577.800293 4288 ) (-3072 2577.800293 64 ) (-3072 2576 64 ) 
4 12 13 (-2048 2576 320 ) (-2048 2576 4288 ) (-3072 2576 4288 ) (-3072 2576 320 ) 
4 13 147 (-3072 2512 4288 ) (-3072 2576 4288 ) (-3072 2576 320 ) (-3072 2512 320 ) 
4 13 14 (-2048 2512 320 ) (-2048 2512 4288 ) (-3072 2512 4288 ) (-3072 2512 320 ) 
4 14 148 (-3072 2048 64 ) (-3072 2048 4288 ) (-3072 2512 4288 ) (-3072 2512 64 ) 
4 14 25 (-3072 2048 4288 ) (-3072 2048 64 ) (-2048 2048 64 ) (-2048 2048 4288 ) 
4 14 15 (-3072 2048 64 ) (-3072 2368 64 ) (-2048 2368 64 ) (-2048 2048 64 ) 
4 15 149 (-3072 2048 56 ) (-3072 2048 64 ) (-3072 2368 64 ) (-3072 2368 56 ) 
4 15 25 (-3072 2048 64 ) (-3072 2048 56 ) (-2048 2048 56 ) (-2048 2048 64 ) 
4 15 16 (-3072 2048 56 ) (-3072 2368 56 ) (-2048 2368 56 ) (-2048 2048 56 ) 
4 16 150 (-3072 2048 -224 ) (-3072 2048 56 ) (-3072 2368 56 ) (-3072 2368 -224 ) 
4 16 26 (-3072 2048 56 ) (-3072 2048 -224 ) (-2048 2048 -224 ) (-2048 2048 56 ) 
4 17 20 (0 2048 4288 ) (0 2048 320 ) (0 1024 320 ) (0 1024 4288 ) 
4 17 18 (54.966301 1024 320 ) (54.966301 1024 4288 ) (0 1024 4288 ) (0 1024 320 ) 
4 18 29 (0 0 320 ) (0 0 4288 ) (0 320 4288 ) (0 320 320 ) 
4 18 27 (0 320 4288 ) (0 1024 4288 ) (0 1024 320 ) (0 320 320 ) 
4 18 19 (0 0 4288 ) (0 0 320 ) (54.966301 0 320 ) (54.966301 0 4288 ) 
4 19 78 (54.966301 -1024 320 ) (54.966301 -1024 4288 ) (0 -1024 4288 ) (0 -1024 320 ) 
4 19 38 (0 -1024 320 ) (0 -1024 384 ) (0 0 384 ) (0 0 320 ) 
4 19 36 (0 -1024 384 ) (0 -1024 448 ) (0 0 448 ) (0 0 384 ) 
4 19 35 (0 -1024 448 ) (0 -1024 4288 ) (0 0 4288 ) (0 0 448 ) 
4 20 27 (0 1024 64 ) (0 1024 4288 ) (-192 1024 4288 ) (-192 1024 64 ) 
4 20 21 (-192 1024 64 ) (-192 1024 4288 ) (-192 2048 4288 ) (-192 2048 64 ) 
4 21 28 (-1024 1024 64 ) (-1024 1024 56 ) (-192 1024 56 ) (-192 1024 64 ) 
4 21 27 (-192 1024 4288 ) (-1024 1024 4288 ) (-1024 1024 64 ) (-192 1024 64 ) 
4 21 23 (-1024 2048 4288 ) (-1024 2048 56 ) (-1024 1024 56 ) (-1024 1024 4288 ) 
4 21 22 (-192 1024 56 ) (-1024 1024 56 ) (-1024 2048 56 ) (-192 2048 56 ) 
4 22 34 (-192 1024 -224 ) (-192 1024 56 ) (-1024 1024 56 ) (-1024 1024 -224 ) 
4 22 24 (-1024 2048 56 ) (-1024 2048 -224 ) (-1024 1024 -224 ) (-1024 1024 56 ) 
4 23 56 (-1024 1024 56 ) (-1024 1024 64 ) (-2048 1024 64 ) (-2048 1024 56 ) 
4 23 52 (-1024 1024 64 ) (-1024 1024 256 ) (-2048 1024 256 ) (-2048 1024 64 ) 
4 23 50 (-1024 1024 256 ) (-1024 1024 320 ) (-2048 1024 320 ) (-2048 1024 256 ) 
4 23 49 (-1024 1024 320 ) (-1024 1024 4288 ) (-2048 1024 4288 ) (-2048 1024 320 ) 
4 23 25 (-2048 1024 56 ) (-2048 1024 4288 ) (-2048 2048 4288 ) (-2048 2048 56 ) 
4 23 24 (-1024 1024 56 ) (-2048 1024 56 ) (-2048 2048 56 ) (-1024 2048 56 ) 
4 24 57 (-1024 1024 -224 ) (-1024 1024 56 ) (-2048 1024 56 ) (-2048 1024 -224 ) 
4 24 26 (-2048 1024 -224 ) (-2048 1024 56 ) (-2048 2048 56 ) (-2048 2048 -224 ) 
4 25 161 (-3072 1024 56 ) (-3072 1024 4288 ) (-3072 2048 4288 ) (-3072 2048 56 ) 
4 25 64 (-3072 1024 64 ) (-3072 1024 56 ) (-2048 1024 56 ) (-2048 1024 64 ) 
4 25 61 (-3072 1024 256 ) (-3072 1024 64 ) (-2048 1024 64 ) (-2048 1024 256 ) 
4 25 58 (-3072 1024 4288 ) (-3072 1024 256 ) (-2048 1024 256 ) (-2048 1024 4288 ) 
4 25 26 (-3072 1024 56 ) (-3072 2048 56 ) (-2048 2048 56 ) (-2048 1024 56 ) 
4 26 162 (-3072 1024 -224 ) (-3072 1024 56 ) (-3072 2048 56 ) (-3072 2048 -224 ) 
4 26 65 (-3072 1024 56 ) (-3072 1024 -224 ) (-2048 1024 -224 ) (-2048 1024 56 ) 
4 27 52 (-1024 1024 256 ) (-1024 1024 64 ) (-1024 320 64 ) (-1024 320 256 ) 
4 27 50 (-1024 1024 320 ) (-1024 1024 256 ) (-1024 320 256 ) (-1024 320 320 ) 
4 27 49 (-1024 1024 4288 ) (-1024 1024 320 ) (-1024 320 320 ) (-1024 320 4288 ) 
6 27 32 (-704 320 256 ) (-896 320 256 ) (-1024 320 208 ) (-1024 320 64 ) (-576 320 64 ) (-576 320 208 ) 
4 27 29 (0 320 320 ) (0 320 4288 ) (-1024 320 4288 ) (-1024 320 320 ) 
4 27 28 (-1024 576 64 ) (-1024 1024 64 ) (-192 1024 64 ) (-192 576 64 ) 
4 28 56 (-1024 1024 64 ) (-1024 1024 56 ) (-1024 576 56 ) (-1024 576 64 ) 
4 28 34 (-1024 576 56 ) (-1024 1024 56 ) (-192 1024 56 ) (-192 576 56 ) 
4 29 49 (-1024 0 320 ) (-1024 0 4288 ) (-1024 320 4288 ) (-1024 320 320 ) 
4 29 40 (-144 0 384 ) (-1024 0 384 ) (-1024 0 320 ) (-144 0 320 ) 
4 29 38 (0 0 320 ) (0 0 384 ) (-64 0 384 ) (-64 0 320 ) 
4 29 39 (-64 0 384 ) (-144 0 384 ) (-144 0 320 ) (-64 0 320 ) 
4 29 37 (-832 0 448 ) (-1024 0 448 ) (-1024 0 384 ) (-832 0 384 ) 
4 29 36 (0 0 384 ) (0 0 448 ) (-832 0 448 ) (-832 0 384 ) 
4 29 35 (0 0 448 ) (0 0 4288 ) (-1024 0 4288 ) (-1024 0 448 ) 
4 29 30 (-64 0 320 ) (-1024 0 320 ) (-1024 192 320 ) (-64 192 320 ) 
4 30 51 (-1024 0 256 ) (-1024 0 320 ) (-1024 192 320 ) (-1024 192 256 ) 
4 30 40 (-144 0 320 ) (-1024 0 320 ) (-1024 0 256 ) (-144 0 256 ) 
4 30 39 (-64 0 320 ) (-144 0 320 ) (-144 0 256 ) (-64 0 256 ) 
4 30 33 (-1024 0 256 ) (-1024 192 256 ) (-576 192 256 ) (-576 0 256 ) 
4 30 31 (-576 192 256 ) (-64 192 256 ) (-64 0 256 ) (-576 0 256 ) 
4 31 46 (-192 0 64 ) (-128 0 64 ) (-128 0 128 ) (-192 0 128 ) 
4 31 48 (-576 0 128 ) (-576 0 64 ) (-192 0 64 ) (-192 0 128 ) 
4 31 45 (-128 0 64 ) (-64 0 64 ) (-64 0 128 ) (-128 0 128 ) 
4 31 40 (-144 0 256 ) (-576 0 256 ) (-576 0 128 ) (-144 0 128 ) 
4 31 39 (-64 0 256 ) (-144 0 256 ) (-144 0 128 ) (-64 0 128 ) 
4 31 33 (-576 192 64 ) (-576 0 64 ) (-576 0 256 ) (-576 192 256 ) 
6 32 33 (-1024 192 64 ) (-576 192 64 ) (-576 192 208 ) (-704 192 256 ) (-896 192 256 ) (-1024 192 208 ) 
4 33 54 (-1024 0 64 ) (-1024 0 256 ) (-1024 64 256 ) (-1024 64 64 ) 
4 33 53 (-1024 64 256 ) (-1024 192 256 ) (-1024 192 64 ) (-1024 64 64 ) 
4 33 48 (-1024 0 128 ) (-1024 0 64 ) (-576 0 64 ) (-576 0 128 ) 
4 33 40 (-576 0 256 ) (-1024 0 256 ) (-1024 0 128 ) (-576 0 128 ) 
4 34 57 (-1024 1024 56 ) (-1024 1024 -224 ) (-1024 576 -224 ) (-1024 576 56 ) 
4 35 81 (-832 -1024 4288 ) (-1024 -1024 4288 ) (-1024 -1024 448 ) (-832 -1024 448 ) 
4 35 80 (0 -1024 448 ) (0 -1024 4288 ) (-832 -1024 4288 ) (-832 -1024 448 ) 
4 35 66 (-1024 -1024 448 ) (-1024 -1024 4288 ) (-1024 0 4288 ) (-1024 0 448 ) 
4 35 37 (-1024 -768 448 ) (-1024 0 448 ) (-832 0 448 ) (-832 -768 448 ) 
4 35 36 (0 -1024 448 ) (-832 -1024 448 ) (-832 0 448 ) (0 0 448 ) 
4 36 85 (0 -1024 384 ) (0 -1024 448 ) (-832 -1024 448 ) (-832 -1024 384 ) 
4 36 41 (-832 -704 384 ) (-832 -576 384 ) (-144 -576 384 ) (-144 -704 384 ) 
4 36 40 (-832 -576 384 ) (-832 0 384 ) (-144 0 384 ) (-144 -576 384 ) 
4 36 44 (-144 -1024 384 ) (-832 -1024 384 ) (-832 -704 384 ) (-144 -704 384 ) 
4 36 38 (0 0 384 ) (0 -1024 384 ) (-64 -1024 384 ) (-64 0 384 ) 
4 36 39 (-64 -1024 384 ) (-144 -1024 384 ) (-144 0 384 ) (-64 0 384 ) 
4 36 37 (-832 0 384 ) (-832 -768 384 ) (-832 -768 448 ) (-832 0 448 ) 
4 37 67 (-1024 -768 448 ) (-1024 0 448 ) (-1024 0 384 ) (-1024 -768 384 ) 
4 37 41 (-1024 -704 384 ) (-1024 -576 384 ) (-832 -576 384 ) (-832 -704 384 ) 
4 37 40 (-1024 -576 384 ) (-1024 0 384 ) (-832 0 384 ) (-832 -576 384 ) 
4 37 44 (-1024 -768 384 ) (-1024 -704 384 ) (-832 -704 384 ) (-832 -768 384 ) 
4 38 88 (0 -1024 320 ) (0 -1024 384 ) (-64 -1024 384 ) (-64 -1024 320 ) 
4 38 39 (-64 -1024 320 ) (-64 -1024 384 ) (-64 0 384 ) (-64 0 320 ) 
4 39 89 (-64 -1024 384 ) (-144 -1024 384 ) (-144 -1024 128 ) (-64 -1024 128 ) 
4 39 46 (-144 -576 128 ) (-144 0 128 ) (-128 0 128 ) (-128 -576 128 ) 
4 39 47 (-128 -1024 128 ) (-144 -1024 128 ) (-144 -704 128 ) (-128 -704 128 ) 
4 39 45 (-64 -1024 128 ) (-128 -1024 128 ) (-128 0 128 ) (-64 0 128 ) 
4 39 42 (-144 -576 128 ) (-144 -704 128 ) (-144 -704 256 ) (-144 -576 256 ) 
4 39 41 (-144 -704 256 ) (-144 -704 384 ) (-144 -576 384 ) (-144 -576 256 ) 
4 39 40 (-144 0 128 ) (-144 -576 128 ) (-144 -576 384 ) (-144 0 384 ) 
4 39 44 (-144 -704 128 ) (-144 -1024 128 ) (-144 -1024 384 ) (-144 -704 384 ) 
4 40 68 (-1024 -320 384 ) (-1024 0 384 ) (-1024 0 128 ) (-1024 -320 128 ) 
4 40 69 (-1024 -576 384 ) (-1024 -320 384 ) (-1024 -320 128 ) (-1024 -576 128 ) 
4 40 46 (-192 0 128 ) (-144 0 128 ) (-144 -576 128 ) (-192 -576 128 ) 
4 40 48 (-1024 -576 128 ) (-1024 0 128 ) (-192 0 128 ) (-192 -576 128 ) 
4 40 43 (-1024 -576 128 ) (-176 -576 128 ) (-176 -576 256 ) (-1024 -576 256 ) 
4 40 42 (-176 -576 128 ) (-144 -576 128 ) (-144 -576 256 ) (-176 -576 256 ) 
4 40 41 (-144 -576 256 ) (-144 -576 384 ) (-1024 -576 384 ) (-1024 -576 256 ) 
4 41 69 (-1024 -704 384 ) (-1024 -576 384 ) (-1024 -576 256 ) (-1024 -704 256 ) 
4 41 43 (-176 -704 256 ) (-1024 -704 256 ) (-1024 -576 256 ) (-176 -576 256 ) 
4 41 42 (-144 -704 256 ) (-176 -704 256 ) (-176 -576 256 ) (-144 -576 256 ) 
4 41 44 (-144 -704 256 ) (-144 -704 384 ) (-1024 -704 384 ) (-1024 -704 256 ) 
4 42 44 (-176 -704 128 ) (-144 -704 128 ) (-144 -704 256 ) (-176 -704 256 ) 
4 42 43 (-176 -704 128 ) (-176 -704 256 ) (-176 -576 256 ) (-176 -576 128 ) 
4 43 69 (-1024 -576 256 ) (-1024 -576 128 ) (-1024 -704 128 ) (-1024 -704 256 ) 
4 43 48 (-1024 -704 128 ) (-1024 -576 128 ) (-192 -576 128 ) (-192 -704 128 ) 
4 43 44 (-1024 -704 128 ) (-176 -704 128 ) (-176 -704 256 ) (-1024 -704 256 ) 
4 44 89 (-144 -1024 384 ) (-1024 -1024 384 ) (-1024 -1024 128 ) (-144 -1024 128 ) 
4 44 69 (-1024 -1024 128 ) (-1024 -1024 384 ) (-1024 -704 384 ) (-1024 -704 128 ) 
4 44 47 (-144 -1024 128 ) (-192 -1024 128 ) (-192 -704 128 ) (-144 -704 128 ) 
4 44 48 (-192 -1024 128 ) (-1024 -1024 128 ) (-1024 -704 128 ) (-192 -704 128 ) 
4 45 89 (-64 -1024 128 ) (-128 -1024 128 ) (-128 -1024 64 ) (-64 -1024 64 ) 
4 45 46 (-128 0 64 ) (-128 -576 64 ) (-128 -576 128 ) (-128 0 128 ) 
4 45 47 (-128 -704 64 ) (-128 -1024 64 ) (-128 -1024 128 ) (-128 -704 128 ) 
4 46 48 (-192 0 64 ) (-192 -576 64 ) (-192 -576 128 ) (-192 0 128 ) 
4 47 89 (-128 -1024 128 ) (-192 -1024 128 ) (-192 -1024 64 ) (-128 -1024 64 ) 
4 47 48 (-192 -704 64 ) (-192 -1024 64 ) (-192 -1024 128 ) (-192 -704 128 ) 
4 48 89 (-192 -1024 128 ) (-1024 -1024 128 ) (-1024 -1024 64 ) (-192 -1024 64 ) 
4 48 68 (-1024 -320 128 ) (-1024 0 128 ) (-1024 0 64 ) (-1024 -320 64 ) 
4 48 69 (-1024 -1024 64 ) (-1024 -1024 128 ) (-1024 -320 128 ) (-1024 -320 64 ) 
4 49 70 (-1984 0 384 ) (-2048 0 384 ) (-2048 0 320 ) (-1984 0 320 ) 
4 49 68 (-1024 0 320 ) (-1024 0 384 ) (-1984 0 384 ) (-1984 0 320 ) 
4 49 67 (-1024 0 384 ) (-1024 0 448 ) (-2048 0 448 ) (-2048 0 384 ) 
4 49 66 (-1024 0 448 ) (-1024 0 4288 ) (-2048 0 4288 ) (-2048 0 448 ) 
4 49 59 (-2048 320 320 ) (-2048 192 320 ) (-2048 192 4288 ) (-2048 320 4288 ) 
4 49 58 (-2048 1024 4288 ) (-2048 1024 320 ) (-2048 320 320 ) (-2048 320 4288 ) 
4 49 60 (-2048 192 320 ) (-2048 0 320 ) (-2048 0 4288 ) (-2048 192 4288 ) 
4 49 50 (-2048 320 320 ) (-2048 1024 320 ) (-1024 1024 320 ) (-1024 320 320 ) 
4 49 51 (-2048 0 320 ) (-2048 192 320 ) (-1024 192 320 ) (-1024 0 320 ) 
4 50 58 (-2048 1024 320 ) (-2048 1024 256 ) (-2048 320 256 ) (-2048 320 320 ) 
4 50 52 (-2048 320 256 ) (-2048 1024 256 ) (-1024 1024 256 ) (-1024 320 256 ) 
4 51 70 (-1984 0 320 ) (-2048 0 320 ) (-2048 0 256 ) (-1984 0 256 ) 
4 51 68 (-1024 0 256 ) (-1024 0 320 ) (-1984 0 320 ) (-1984 0 256 ) 
4 51 60 (-2048 192 256 ) (-2048 0 256 ) (-2048 0 320 ) (-2048 192 320 ) 
4 51 54 (-1024 0 256 ) (-1984 0 256 ) (-1984 64 256 ) (-1024 64 256 ) 
4 51 53 (-2048 64 256 ) (-2048 192 256 ) (-1024 192 256 ) (-1024 64 256 ) 
4 52 61 (-2048 1024 256 ) (-2048 1024 64 ) (-2048 320 64 ) (-2048 320 256 ) 
4 52 56 (-2048 576 64 ) (-2048 1024 64 ) (-1024 1024 64 ) (-1024 576 64 ) 
4 53 62 (-2048 192 64 ) (-2048 64 64 ) (-2048 64 256 ) (-2048 192 256 ) 
4 53 55 (-2048 64 64 ) (-1984 64 64 ) (-1984 64 192 ) (-2048 64 192 ) 
4 53 54 (-1216 64 64 ) (-1024 64 64 ) (-1024 64 256 ) (-1984 64 256 ) 
4 54 68 (-1024 0 64 ) (-1024 0 256 ) (-1984 0 256 ) (-1216 0 64 ) 
4 55 71 (-2048 0 192 ) (-2048 0 64 ) (-1984 0 64 ) (-1984 0 192 ) 
4 55 63 (-2048 64 64 ) (-2048 0 64 ) (-2048 0 192 ) (-2048 64 192 ) 
4 56 64 (-2048 1024 64 ) (-2048 1024 56 ) (-2048 576 56 ) (-2048 576 64 ) 
4 56 57 (-2048 576 56 ) (-2048 1024 56 ) (-1024 1024 56 ) (-1024 576 56 ) 
4 57 65 (-2048 1024 56 ) (-2048 1024 -224 ) (-2048 576 -224 ) (-2048 576 56 ) 
4 58 167 (-3072 320 4288 ) (-3072 1024 4288 ) (-3072 1024 256 ) (-3072 320 256 ) 
4 58 61 (-3072 320 256 ) (-3072 1024 256 ) (-2048 1024 256 ) (-2048 320 256 ) 
4 58 59 (-2048 320 320 ) (-2048 320 4288 ) (-3072 320 4288 ) (-3072 320 320 ) 
4 59 168 (-3072 192 4288 ) (-3072 320 4288 ) (-3072 320 320 ) (-3072 192 320 ) 
4 59 60 (-2048 192 320 ) (-2048 192 4288 ) (-3072 192 4288 ) (-3072 192 320 ) 
4 60 169 (-3072 0 256 ) (-3072 0 4288 ) (-3072 192 4288 ) (-3072 192 256 ) 
4 60 73 (-3072 0 4288 ) (-3072 0 256 ) (-2048 0 256 ) (-2048 0 4288 ) 
4 60 62 (-3072 64 256 ) (-3072 192 256 ) (-2048 192 256 ) (-2048 64 256 ) 
4 61 170 (-3072 320 256 ) (-3072 1024 256 ) (-3072 1024 64 ) (-3072 320 64 ) 
4 61 64 (-2048 1024 64 ) (-2048 576 64 ) (-3072 576 64 ) (-3072 1024 64 ) 
4 62 171 (-3072 64 256 ) (-3072 192 256 ) (-3072 192 64 ) (-3072 64 64 ) 
4 62 63 (-3072 64 64 ) (-2048 64 64 ) (-2048 64 192 ) (-3072 64 192 ) 
4 63 172 (-3072 0 64 ) (-3072 0 192 ) (-3072 64 192 ) (-3072 64 64 ) 
4 63 74 (-3072 0 192 ) (-3072 0 64 ) (-2048 0 64 ) (-2048 0 192 ) 
4 64 173 (-3072 576 64 ) (-3072 1024 64 ) (-3072 1024 56 ) (-3072 576 56 ) 
4 64 65 (-2048 1024 56 ) (-2048 576 56 ) (-3072 576 56 ) (-3072 1024 56 ) 
4 65 174 (-3072 576 -224 ) (-3072 576 56 ) (-3072 1024 56 ) (-3072 1024 -224 ) 
4 66 104 (-1024 -1024 448 ) (-1024 -1024 4288 ) (-1216 -1024 4288 ) (-1216 -1024 448 ) 
4 66 105 (-1216 -1024 4288 ) (-2048 -1024 4288 ) (-2048 -1024 448 ) (-1216 -1024 448 ) 
4 66 76 (-2048 -768 448 ) (-2048 -1024 448 ) (-2048 -1024 4288 ) (-2048 -768 4288 ) 
4 66 75 (-2048 -320 448 ) (-2048 -768 448 ) (-2048 -768 4288 ) (-2048 -320 4288 ) 
4 66 73 (-2048 0 4288 ) (-2048 0 448 ) (-2048 -320 448 ) (-2048 -320 4288 ) 
4 66 67 (-2048 0 448 ) (-1024 0 448 ) (-1024 -768 448 ) (-2048 -768 448 ) 
4 67 75 (-2048 -320 384 ) (-2048 -768 384 ) (-2048 -768 448 ) (-2048 -320 448 ) 
4 67 73 (-2048 0 448 ) (-2048 0 384 ) (-2048 -320 384 ) (-2048 -320 448 ) 
4 67 70 (-2048 -320 384 ) (-2048 0 384 ) (-1984 0 384 ) (-1984 -320 384 ) 
4 67 72 (-2048 -768 384 ) (-2048 -320 384 ) (-1984 -320 384 ) (-1984 -768 384 ) 
4 67 68 (-1984 0 384 ) (-1024 0 384 ) (-1024 -320 384 ) (-1984 -320 384 ) 
4 67 69 (-1024 -320 384 ) (-1024 -768 384 ) (-1984 -768 384 ) (-1984 -320 384 ) 
4 68 70 (-1984 -320 256 ) (-1984 -320 384 ) (-1984 0 384 ) (-1984 0 256 ) 
5 68 69 (-1984 -320 384 ) (-1984 -320 256 ) (-1216 -320 64 ) (-1024 -320 64 ) (-1024 -320 384 ) 
4 69 111 (-1024 -1024 64 ) (-1024 -1024 384 ) (-1984 -1024 384 ) (-1984 -1024 64 ) 
4 69 72 (-1984 -320 64 ) (-1984 -1024 64 ) (-1984 -1024 384 ) (-1984 -320 384 ) 
4 70 73 (-2048 0 384 ) (-2048 0 256 ) (-2048 -320 256 ) (-2048 -320 384 ) 
4 70 72 (-1984 -320 256 ) (-1984 -320 384 ) (-2048 -320 384 ) (-2048 -320 256 ) 
4 71 74 (-2048 0 192 ) (-2048 0 64 ) (-2048 -320 64 ) (-2048 -320 192 ) 
4 71 72 (-2048 -320 64 ) (-1984 -320 64 ) (-1984 -320 192 ) (-2048 -320 192 ) 
4 72 111 (-1984 -1024 384 ) (-2048 -1024 384 ) (-2048 -1024 64 ) (-1984 -1024 64 ) 
4 72 77 (-2048 -768 64 ) (-2048 -1024 64 ) (-2048 -1024 384 ) (-2048 -768 384 ) 
4 72 75 (-2048 -320 64 ) (-2048 -768 64 ) (-2048 -768 384 ) (-2048 -320 384 ) 
4 73 176 (-3072 0 448 ) (-3072 0 256 ) (-3072 -320 256 ) (-3072 -320 448 ) 
4 73 175 (-3072 -320 4288 ) (-3072 0 4288 ) (-3072 0 448 ) (-3072 -320 448 ) 
4 73 75 (-2048 -320 256 ) (-2048 -320 4288 ) (-3072 -320 4288 ) (-3072 -320 256 ) 
4 74 182 (-3072 0 192 ) (-3072 0 64 ) (-3072 -320 64 ) (-3072 -320 192 ) 
4 74 75 (-3072 -320 64 ) (-2048 -320 64 ) (-2048 -320 192 ) (-3072 -320 192 ) 
4 75 182 (-3072 -320 192 ) (-3072 -320 64 ) (-3072 -768 64 ) (-3072 -768 192 ) 
4 75 180 (-3072 -320 256 ) (-3072 -320 192 ) (-3072 -768 192 ) (-3072 -768 256 ) 
4 75 176 (-3072 -320 448 ) (-3072 -320 256 ) (-3072 -768 256 ) (-3072 -768 448 ) 
4 75 175 (-3072 -768 4288 ) (-3072 -320 4288 ) (-3072 -320 448 ) (-3072 -768 448 ) 
4 75 76 (-2048 -768 448 ) (-2048 -768 4288 ) (-3072 -768 4288 ) (-3072 -768 448 ) 
4 75 77 (-3072 -768 64 ) (-2048 -768 64 ) (-2048 -768 384 ) (-3072 -768 384 ) 
4 76 175 (-3072 -1024 448 ) (-3072 -1024 4288 ) (-3072 -768 4288 ) (-3072 -768 448 ) 
4 76 112 (-2048 -1024 448 ) (-2048 -1024 4288 ) (-3072 -1024 4288 ) (-3072 -1024 448 ) 
4 77 182 (-3072 -1024 64 ) (-3072 -1024 192 ) (-3072 -768 192 ) (-3072 -768 64 ) 
4 77 180 (-3072 -1024 192 ) (-3072 -1024 256 ) (-3072 -768 256 ) (-3072 -768 192 ) 
4 77 177 (-3072 -1024 256 ) (-3072 -1024 384 ) (-3072 -768 384 ) (-3072 -768 256 ) 
4 77 113 (-2048 -1024 64 ) (-2048 -1024 384 ) (-3072 -1024 384 ) (-3072 -1024 64 ) 
4 78 88 (0 -2048 320 ) (0 -2048 384 ) (0 -1024 384 ) (0 -1024 320 ) 
4 78 86 (0 -2048 384 ) (0 -2048 448 ) (0 -1152 448 ) (0 -1152 384 ) 
4 78 85 (0 -1152 448 ) (0 -1024 448 ) (0 -1024 384 ) (0 -1152 384 ) 
4 78 83 (0 -2048 448 ) (0 -2048 640 ) (0 -1920 640 ) (0 -1920 448 ) 
4 78 82 (0 -2048 640 ) (0 -2048 4288 ) (0 -1920 4288 ) (0 -1920 640 ) 
4 78 80 (0 -1920 4288 ) (0 -1024 4288 ) (0 -1024 448 ) (0 -1920 448 ) 
4 78 79 (54.966301 -2048 320 ) (54.966301 -2048 4288 ) (0 -2048 4288 ) (0 -2048 320 ) 
4 79 121 (54.966301 -3072 320 ) (54.966301 -3072 4288 ) (0 -3072 4288 ) (0 -3072 320 ) 
4 79 92 (0 -3072 320 ) (0 -3072 576 ) (0 -2048 576 ) (0 -2048 320 ) 
4 79 90 (0 -3072 576 ) (0 -3072 4288 ) (0 -2048 4288 ) (0 -2048 576 ) 
4 80 86 (0 -1152 448 ) (0 -1920 448 ) (-832 -1920 448 ) (-832 -1152 448 ) 
4 80 85 (-832 -1024 448 ) (0 -1024 448 ) (0 -1152 448 ) (-832 -1152 448 ) 
4 80 84 (-832 -1920 448 ) (-448 -1920 448 ) (-448 -1920 576 ) (-832 -1920 576 ) 
4 80 83 (-448 -1920 448 ) (0 -1920 448 ) (0 -1920 640 ) (-448 -1920 640 ) 
4 80 82 (0 -1920 640 ) (0 -1920 4288 ) (-832 -1920 4288 ) (-832 -1920 640 ) 
5 80 81 (-832 -1024 448 ) (-832 -1152 448 ) (-832 -1920 640 ) (-832 -1920 4288 ) (-832 -1024 4288 ) 
5 81 104 (-1024 -1024 4288 ) (-1024 -1024 448 ) (-1024 -1152 448 ) (-1024 -1920 640 ) (-1024 -1920 4288 ) 
4 81 82 (-832 -1920 640 ) (-832 -1920 4288 ) (-1024 -1920 4288 ) (-1024 -1920 640 ) 
4 82 106 (-1024 -2048 640 ) (-1024 -2048 4288 ) (-1024 -1920 4288 ) (-1024 -1920 640 ) 
4 82 91 (-448 -2048 4288 ) (-1024 -2048 4288 ) (-1024 -2048 640 ) (-448 -2048 640 ) 
4 82 90 (0 -2048 640 ) (0 -2048 4288 ) (-448 -2048 4288 ) (-448 -2048 640 ) 
4 82 83 (-448 -1920 640 ) (0 -1920 640 ) (0 -2048 640 ) (-448 -2048 640 ) 
4 83 93 (-320 -2048 576 ) (-448 -2048 576 ) (-448 -2048 448 ) (-320 -2048 448 ) 
4 83 92 (0 -2048 448 ) (0 -2048 576 ) (-320 -2048 576 ) (-320 -2048 448 ) 
4 83 90 (0 -2048 576 ) (0 -2048 640 ) (-448 -2048 640 ) (-448 -2048 576 ) 
4 83 86 (-448 -1920 448 ) (0 -1920 448 ) (0 -2048 448 ) (-448 -2048 448 ) 
4 83 84 (-448 -1920 576 ) (-448 -1920 448 ) (-448 -2048 448 ) (-448 -2048 576 ) 
4 84 107 (-1024 -1920 448 ) (-1024 -2048 448 ) (-1024 -2048 576 ) (-1024 -1920 576 ) 
4 84 93 (-896 -2048 448 ) (-448 -2048 448 ) (-448 -2048 576 ) (-896 -2048 576 ) 
4 84 96 (-1024 -2048 576 ) (-1024 -2048 448 ) (-896 -2048 448 ) (-896 -2048 576 ) 
4 84 87 (-1024 -2048 448 ) (-1024 -1920 448 ) (-832 -1920 448 ) (-832 -2048 448 ) 
4 84 86 (-832 -1920 448 ) (-448 -1920 448 ) (-448 -2048 448 ) (-832 -2048 448 ) 
4 85 88 (-64 -1024 384 ) (0 -1024 384 ) (0 -1152 384 ) (-64 -1152 384 ) 
4 85 89 (-832 -1024 384 ) (-64 -1024 384 ) (-64 -1152 384 ) (-832 -1152 384 ) 
4 85 86 (-832 -1152 384 ) (0 -1152 384 ) (0 -1152 448 ) (-832 -1152 448 ) 
4 86 94 (-320 -2048 448 ) (-832 -2048 448 ) (-832 -2048 384 ) (-320 -2048 384 ) 
4 86 92 (0 -2048 384 ) (0 -2048 448 ) (-320 -2048 448 ) (-320 -2048 384 ) 
4 86 88 (0 -2048 384 ) (-64 -2048 384 ) (-64 -1152 384 ) (0 -1152 384 ) 
4 86 89 (-64 -2048 384 ) (-832 -2048 384 ) (-832 -1152 384 ) (-64 -1152 384 ) 
4 86 87 (-832 -1920 384 ) (-832 -2048 384 ) (-832 -2048 448 ) (-832 -1920 448 ) 
4 87 109 (-1024 -1920 384 ) (-1024 -2048 384 ) (-1024 -2048 448 ) (-1024 -1920 448 ) 
4 87 94 (-832 -2048 448 ) (-896 -2048 448 ) (-896 -2048 384 ) (-832 -2048 384 ) 
4 87 96 (-896 -2048 448 ) (-1024 -2048 448 ) (-1024 -2048 384 ) (-896 -2048 384 ) 
4 87 89 (-832 -2048 384 ) (-1024 -2048 384 ) (-1024 -1920 384 ) (-832 -1920 384 ) 
4 88 92 (0 -2048 320 ) (0 -2048 384 ) (-64 -2048 384 ) (-64 -2048 320 ) 
4 88 89 (-64 -2048 320 ) (-64 -2048 384 ) (-64 -1024 384 ) (-64 -1024 320 ) 
4 89 111 (-1024 -1024 384 ) (-1024 -1024 64 ) (-1024 -2048 64 ) (-1024 -2048 384 ) 
4 89 102 (-1024 -2048 320 ) (-1024 -2048 64 ) (-896 -2048 64 ) (-896 -2048 320 ) 
4 89 98 (-896 -2048 64 ) (-320 -2048 64 ) (-320 -2048 320 ) (-896 -2048 320 ) 
4 89 97 (-320 -2048 64 ) (-64 -2048 64 ) (-64 -2048 320 ) (-320 -2048 320 ) 
4 89 94 (-320 -2048 384 ) (-896 -2048 384 ) (-896 -2048 320 ) (-320 -2048 320 ) 
4 89 92 (-64 -2048 384 ) (-320 -2048 384 ) (-320 -2048 320 ) (-64 -2048 320 ) 
4 89 96 (-896 -2048 384 ) (-1024 -2048 384 ) (-1024 -2048 320 ) (-896 -2048 320 ) 
4 90 124 (-320 -3072 4288 ) (-448 -3072 4288 ) (-448 -3072 576 ) (-320 -3072 576 ) 
4 90 123 (0 -3072 576 ) (0 -3072 4288 ) (-320 -3072 4288 ) (-320 -3072 576 ) 
4 90 93 (-448 -2048 576 ) (-320 -2048 576 ) (-320 -3072 576 ) (-448 -3072 576 ) 
4 90 92 (-320 -2048 576 ) (0 -2048 576 ) (0 -3072 576 ) (-320 -3072 576 ) 
4 90 91 (-448 -3072 640 ) (-448 -3072 4288 ) (-448 -2048 4288 ) (-448 -2048 640 ) 
4 91 124 (-448 -3072 4288 ) (-896 -3072 4288 ) (-896 -3072 640 ) (-448 -3072 640 ) 
4 91 126 (-896 -3072 4288 ) (-1024 -3072 4288 ) (-1024 -3072 640 ) (-896 -3072 640 ) 
4 91 115 (-1024 -3072 640 ) (-1024 -3072 4288 ) (-1024 -2048 4288 ) (-1024 -2048 640 ) 
4 92 123 (0 -3072 320 ) (0 -3072 576 ) (-320 -3072 576 ) (-320 -3072 320 ) 
4 92 97 (-64 -3072 320 ) (-320 -3072 320 ) (-320 -2048 320 ) (-64 -2048 320 ) 
4 92 95 (-320 -2624 320 ) (-320 -2880 320 ) (-320 -3072 448 ) (-320 -2432 448 ) 
4 92 94 (-320 -2048 320 ) (-320 -2112 320 ) (-320 -2304 448 ) (-320 -2048 448 ) 
4 92 93 (-320 -3072 448 ) (-320 -3072 576 ) (-320 -2048 576 ) (-320 -2048 448 ) 
4 93 124 (-320 -3072 576 ) (-896 -3072 576 ) (-896 -3072 448 ) (-320 -3072 448 ) 
4 93 95 (-896 -3072 448 ) (-896 -2432 448 ) (-320 -2432 448 ) (-320 -3072 448 ) 
4 93 94 (-896 -2304 448 ) (-896 -2048 448 ) (-320 -2048 448 ) (-320 -2304 448 ) 
4 93 96 (-896 -3072 448 ) (-896 -3072 576 ) (-896 -2048 576 ) (-896 -2048 448 ) 
4 94 98 (-896 -2112 320 ) (-896 -2048 320 ) (-320 -2048 320 ) (-320 -2112 320 ) 
4 94 96 (-896 -2048 320 ) (-896 -2112 320 ) (-896 -2304 448 ) (-896 -2048 448 ) 
4 95 100 (-896 -2880 320 ) (-896 -2624 320 ) (-320 -2624 320 ) (-320 -2880 320 ) 
4 95 96 (-896 -2624 320 ) (-896 -2880 320 ) (-896 -3072 448 ) (-896 -2432 448 ) 
4 96 126 (-896 -3072 576 ) (-1024 -3072 576 ) (-1024 -3072 320 ) (-896 -3072 320 ) 
4 96 116 (-1024 -3072 320 ) (-1024 -3072 576 ) (-1024 -2048 576 ) (-1024 -2048 320 ) 
4 96 103 (-896 -3072 320 ) (-1024 -3072 320 ) (-1024 -2112 320 ) (-896 -2112 320 ) 
4 96 102 (-1024 -2112 320 ) (-1024 -2048 320 ) (-896 -2048 320 ) (-896 -2112 320 ) 
4 97 127 (-64 -3072 320 ) (-320 -3072 320 ) (-320 -3072 64 ) (-64 -3072 64 ) 
4 97 100 (-320 -2624 64 ) (-320 -2880 64 ) (-320 -2880 320 ) (-320 -2624 320 ) 
4 97 98 (-320 -2048 64 ) (-320 -2112 64 ) (-320 -2112 320 ) (-320 -2048 320 ) 
4 98 102 (-896 -2048 64 ) (-896 -2112 64 ) (-896 -2112 320 ) (-896 -2048 320 ) 
4 99 103 (-896 -2560 72 ) (-896 -2560 320 ) (-896 -2176 320 ) (-896 -2176 72 ) 
4 100 103 (-896 -2880 72 ) (-896 -2880 320 ) (-896 -2624 320 ) (-896 -2624 72 ) 
4 101 128 (-384 -3072 320 ) (-896 -3072 320 ) (-896 -3072 72 ) (-384 -3072 72 ) 
4 101 103 (-896 -3072 72 ) (-896 -3072 320 ) (-896 -2944 320 ) (-896 -2944 72 ) 
4 102 118 (-1024 -2048 72 ) (-1024 -2048 64 ) (-1024 -2112 64 ) (-1024 -2112 72 ) 
4 102 116 (-1024 -2112 320 ) (-1024 -2048 320 ) (-1024 -2048 72 ) (-1024 -2112 72 ) 
4 102 103 (-896 -2112 72 ) (-896 -2112 320 ) (-1024 -2112 320 ) (-1024 -2112 72 ) 
4 103 130 (-896 -3072 320 ) (-1024 -3072 320 ) (-1024 -3072 72 ) (-896 -3072 72 ) 
4 103 116 (-1024 -3072 72 ) (-1024 -3072 320 ) (-1024 -2112 320 ) (-1024 -2112 72 ) 
4 104 106 (-1024 -1920 640 ) (-1024 -1920 4288 ) (-1216 -1920 4288 ) (-1216 -1920 640 ) 
5 104 105 (-1216 -1024 448 ) (-1216 -1152 448 ) (-1216 -1920 640 ) (-1216 -1920 4288 ) (-1216 -1024 4288 ) 
4 105 112 (-2048 -1024 4288 ) (-2048 -1024 448 ) (-2048 -1152 448 ) (-2048 -1152 4288 ) 
4 105 114 (-2048 -1152 448 ) (-2048 -1920 448 ) (-2048 -1920 4288 ) (-2048 -1152 4288 ) 
4 105 110 (-2048 -1920 448 ) (-2048 -1152 448 ) (-1216 -1152 448 ) (-1216 -1920 448 ) 
4 105 107 (-1600 -1920 448 ) (-1216 -1920 448 ) (-1216 -1920 576 ) (-1600 -1920 576 ) 
4 105 108 (-2048 -1920 640 ) (-2048 -1920 448 ) (-1600 -1920 448 ) (-1600 -1920 640 ) 
4 105 106 (-2048 -1920 4288 ) (-2048 -1920 640 ) (-1216 -1920 640 ) (-1216 -1920 4288 ) 
4 106 115 (-1024 -2048 640 ) (-1024 -2048 4288 ) (-2048 -2048 4288 ) (-2048 -2048 640 ) 
4 106 114 (-2048 -2048 640 ) (-2048 -2048 4288 ) (-2048 -1920 4288 ) (-2048 -1920 640 ) 
4 106 108 (-1600 -2048 640 ) (-2048 -2048 640 ) (-2048 -1920 640 ) (-1600 -1920 640 ) 
4 107 116 (-1024 -2048 448 ) (-1024 -2048 576 ) (-1600 -2048 576 ) (-1600 -2048 448 ) 
4 107 109 (-1024 -2048 448 ) (-1216 -2048 448 ) (-1216 -1920 448 ) (-1024 -1920 448 ) 
4 107 110 (-1216 -2048 448 ) (-1600 -2048 448 ) (-1600 -1920 448 ) (-1216 -1920 448 ) 
4 107 108 (-1600 -1920 576 ) (-1600 -1920 448 ) (-1600 -2048 448 ) (-1600 -2048 576 ) 
4 108 117 (-1600 -2048 640 ) (-2048 -2048 640 ) (-2048 -2048 448 ) (-1600 -2048 448 ) 
4 108 114 (-2048 -1920 448 ) (-2048 -2048 448 ) (-2048 -2048 640 ) (-2048 -1920 640 ) 
4 108 110 (-1600 -2048 448 ) (-2048 -2048 448 ) (-2048 -1920 448 ) (-1600 -1920 448 ) 
4 109 116 (-1024 -2048 384 ) (-1024 -2048 448 ) (-1216 -2048 448 ) (-1216 -2048 384 ) 
4 109 111 (-1024 -1920 384 ) (-1024 -2048 384 ) (-1216 -2048 384 ) (-1216 -1920 384 ) 
4 109 110 (-1216 -1920 384 ) (-1216 -2048 384 ) (-1216 -2048 448 ) (-1216 -1920 448 ) 
4 110 116 (-1216 -2048 448 ) (-1600 -2048 448 ) (-1600 -2048 384 ) (-1216 -2048 384 ) 
4 110 117 (-1600 -2048 448 ) (-2048 -2048 448 ) (-2048 -2048 384 ) (-1600 -2048 384 ) 
4 110 114 (-2048 -1152 384 ) (-2048 -2048 384 ) (-2048 -2048 448 ) (-2048 -1152 448 ) 
4 110 111 (-2048 -2048 384 ) (-2048 -1152 384 ) (-1216 -1152 384 ) (-1216 -2048 384 ) 
4 111 118 (-1024 -2048 64 ) (-1024 -2048 72 ) (-1664 -2048 72 ) (-1664 -2048 64 ) 
4 111 119 (-1664 -2048 72 ) (-2048 -2048 72 ) (-2048 -2048 64 ) (-1664 -2048 64 ) 
4 111 116 (-1024 -2048 72 ) (-1024 -2048 384 ) (-1600 -2048 384 ) (-1600 -2048 72 ) 
4 111 117 (-1600 -2048 384 ) (-2048 -2048 384 ) (-2048 -2048 72 ) (-1600 -2048 72 ) 
4 111 113 (-2048 -1024 384 ) (-2048 -1024 64 ) (-2048 -1152 64 ) (-2048 -1152 384 ) 
4 111 114 (-2048 -1152 64 ) (-2048 -2048 64 ) (-2048 -2048 384 ) (-2048 -1152 384 ) 
4 112 232 (-3072 -1152 4288 ) (-3072 -1024 4288 ) (-3072 -1024 448 ) (-3072 -1152 448 ) 
4 112 114 (-2048 -1152 448 ) (-2048 -1152 4288 ) (-3072 -1152 4288 ) (-3072 -1152 448 ) 
4 113 234 (-3072 -1024 384 ) (-3072 -1024 64 ) (-3072 -1152 64 ) (-3072 -1152 384 ) 
4 113 114 (-3072 -1152 64 ) (-2048 -1152 64 ) (-2048 -1152 384 ) (-3072 -1152 384 ) 
4 114 234 (-3072 -2048 64 ) (-3072 -2048 384 ) (-3072 -1152 384 ) (-3072 -1152 64 ) 
4 114 233 (-3072 -2048 384 ) (-3072 -2048 448 ) (-3072 -1152 448 ) (-3072 -1152 384 ) 
4 114 232 (-3072 -2048 448 ) (-3072 -2048 4288 ) (-3072 -1152 4288 ) (-3072 -1152 448 ) 
4 114 120 (-2048 -2048 64 ) (-2048 -2048 4288 ) (-3072 -2048 4288 ) (-3072 -2048 64 ) 
4 115 132 (-1024 -3072 640 ) (-1024 -3072 4288 ) (-2048 -3072 4288 ) (-2048 -3072 640 ) 
4 115 120 (-2048 -2048 4288 ) (-2048 -2048 640 ) (-2048 -3072 640 ) (-2048 -3072 4288 ) 
4 115 117 (-2048 -2048 640 ) (-1600 -2048 640 ) (-1600 -3072 640 ) (-2048 -3072 640 ) 
4 116 132 (-1024 -3072 72 ) (-1024 -3072 576 ) (-1600 -3072 576 ) (-1600 -3072 72 ) 
4 116 118 (-1600 -2112 72 ) (-1600 -2048 72 ) (-1024 -2048 72 ) (-1024 -2112 72 ) 
4 116 117 (-1600 -2048 72 ) (-1600 -3072 72 ) (-1600 -3072 576 ) (-1600 -2048 576 ) 
4 117 132 (-1600 -3072 640 ) (-2048 -3072 640 ) (-2048 -3072 72 ) (-1600 -3072 72 ) 
4 117 120 (-2048 -2048 640 ) (-2048 -2048 72 ) (-2048 -3072 72 ) (-2048 -3072 640 ) 
4 117 118 (-1664 -2112 72 ) (-1664 -2048 72 ) (-1600 -2048 72 ) (-1600 -2112 72 ) 
4 117 119 (-1664 -3072 72 ) (-2048 -3072 72 ) (-2048 -2048 72 ) (-1664 -2048 72 ) 
4 118 119 (-1664 -2048 64 ) (-1664 -2112 64 ) (-1664 -2112 72 ) (-1664 -2048 72 ) 
4 119 133 (-1664 -3072 72 ) (-2048 -3072 72 ) (-2048 -3072 64 ) (-1664 -3072 64 ) 
4 119 120 (-2048 -2048 72 ) (-2048 -2048 64 ) (-2048 -3072 64 ) (-2048 -3072 72 ) 
4 120 238 (-3072 -3072 64 ) (-3072 -3072 4288 ) (-3072 -2048 4288 ) (-3072 -2048 64 ) 
4 120 134 (-3072 -3072 4288 ) (-3072 -3072 64 ) (-2048 -3072 64 ) (-2048 -3072 4288 ) 
4 121 123 (0 -3072 4288 ) (0 -3072 320 ) (0 -4096 320 ) (0 -4096 4288 ) 
4 121 122 (54.966301 -4096 320 ) (54.966301 -4096 4288 ) (0 -4096 4288 ) (0 -4096 320 ) 
4 122 136 (0 -4721.799805 4288 ) (0 -4096 4288 ) (0 -4096 320 ) (0 -4721.799805 320 ) 
4 123 136 (0 -4096 320 ) (0 -4096 4288 ) (-320 -4096 4288 ) (-320 -4096 320 ) 
4 123 127 (-320 -3072 320 ) (-64 -3072 320 ) (-64 -4096 320 ) (-320 -4096 320 ) 
4 123 125 (-320 -3392 320 ) (-320 -4096 320 ) (-320 -4096 448 ) (-320 -3200 448 ) 
4 123 124 (-320 -4096 448 ) (-320 -4096 4288 ) (-320 -3072 4288 ) (-320 -3072 448 ) 
4 124 136 (-320 -4096 4288 ) (-896 -4096 4288 ) (-896 -4096 448 ) (-320 -4096 448 ) 
4 124 125 (-896 -4096 448 ) (-896 -3200 448 ) (-320 -3200 448 ) (-320 -4096 448 ) 
4 124 126 (-896 -4096 448 ) (-896 -4096 4288 ) (-896 -3072 4288 ) (-896 -3072 448 ) 
4 125 136 (-896 -4096 448 ) (-896 -4096 320 ) (-320 -4096 320 ) (-320 -4096 448 ) 
4 125 131 (-320 -3712 320 ) (-320 -4096 320 ) (-896 -4096 320 ) (-896 -3712 320 ) 
4 125 129 (-320 -3392 320 ) (-320 -3712 320 ) (-896 -3712 320 ) (-896 -3392 320 ) 
4 125 126 (-896 -3392 320 ) (-896 -4096 320 ) (-896 -4096 448 ) (-896 -3200 448 ) 
4 126 136 (-896 -4096 4288 ) (-1024 -4096 4288 ) (-1024 -4096 320 ) (-896 -4096 320 ) 
4 126 132 (-1024 -3072 4288 ) (-1024 -3072 320 ) (-1024 -4096 320 ) (-1024 -4096 4288 ) 
4 126 131 (-1024 -4096 320 ) (-1024 -3712 320 ) (-896 -3712 320 ) (-896 -4096 320 ) 
4 126 130 (-1024 -3712 320 ) (-1024 -3072 320 ) (-896 -3072 320 ) (-896 -3712 320 ) 
4 127 137 (-64 -4096 320 ) (-320 -4096 320 ) (-320 -4096 64 ) (-64 -4096 64 ) 
4 127 131 (-320 -4096 72 ) (-320 -4096 320 ) (-320 -3712 320 ) (-320 -3712 72 ) 
4 127 129 (-320 -3392 64 ) (-320 -3712 64 ) (-320 -3712 320 ) (-320 -3392 320 ) 
4 128 130 (-896 -3328 72 ) (-896 -3328 320 ) (-896 -3072 320 ) (-896 -3072 72 ) 
4 129 131 (-320 -3712 72 ) (-320 -3712 320 ) (-896 -3712 320 ) (-896 -3712 72 ) 
4 129 130 (-896 -3712 72 ) (-896 -3712 320 ) (-896 -3392 320 ) (-896 -3392 72 ) 
4 130 132 (-1024 -3072 320 ) (-1024 -3072 72 ) (-1024 -3712 72 ) (-1024 -3712 320 ) 
4 130 131 (-896 -3712 72 ) (-896 -3712 320 ) (-1024 -3712 320 ) (-1024 -3712 72 ) 
4 131 138 (-320 -4096 320 ) (-1024 -4096 320 ) (-1024 -4096 72 ) (-320 -4096 72 ) 
4 131 132 (-1024 -4096 72 ) (-1024 -4096 320 ) (-1024 -3712 320 ) (-1024 -3712 72 ) 
4 132 140 (-1024 -4096 72 ) (-1024 -4096 4288 ) (-2048 -4096 4288 ) (-2048 -4096 72 ) 
4 132 135 (-2048 -4096 72 ) (-2048 -4096 4288 ) (-2048 -3712 4288 ) (-2048 -3712 72 ) 
4 132 134 (-2048 -3712 4288 ) (-2048 -3072 4288 ) (-2048 -3072 72 ) (-2048 -3712 72 ) 
4 132 133 (-2048 -3712 72 ) (-2048 -3072 72 ) (-1664 -3072 72 ) (-1664 -3712 72 ) 
4 133 134 (-2048 -3712 72 ) (-2048 -3072 72 ) (-2048 -3072 64 ) (-2048 -3712 64 ) 
4 134 262 (-3072 -3712 4288 ) (-3072 -3072 4288 ) (-3072 -3072 64 ) (-3072 -3712 64 ) 
4 134 135 (-2048 -3712 72 ) (-2048 -3712 4288 ) (-3072 -3712 4288 ) (-3072 -3712 72 ) 
4 135 263 (-3072 -4096 72 ) (-3072 -4096 4288 ) (-3072 -3712 4288 ) (-3072 -3712 72 ) 
4 135 143 (-3072 -4096 4288 ) (-3072 -4096 72 ) (-2048 -4096 72 ) (-2048 -4096 4288 ) 
4 136 142 (-1024 -4608 320 ) (-1024 -4721.799805 320 ) (-1024 -4721.799805 4288 ) (-1024 -4608 4288 ) 
4 136 140 (-1024 -4096 4288 ) (-1024 -4096 320 ) (-1024 -4480 320 ) (-1024 -4480 4288 ) 
4 136 141 (-1024 -4480 320 ) (-1024 -4608 320 ) (-1024 -4608 4288 ) (-1024 -4480 4288 ) 
4 136 139 (-1024 -4608 320 ) (-1024 -4480 320 ) (-64 -4480 320 ) (-64 -4608 320 ) 
4 136 138 (-1024 -4480 320 ) (-1024 -4096 320 ) (-320 -4096 320 ) (-320 -4480 320 ) 
4 136 137 (-320 -4096 320 ) (-64 -4096 320 ) (-64 -4480 320 ) (-320 -4480 320 ) 
4 137 139 (-320 -4480 64 ) (-64 -4480 64 ) (-64 -4480 320 ) (-320 -4480 320 ) 
4 137 138 (-320 -4480 72 ) (-320 -4480 320 ) (-320 -4096 320 ) (-320 -4096 72 ) 
4 138 140 (-1024 -4096 320 ) (-1024 -4096 72 ) (-1024 -4480 72 ) (-1024 -4480 320 ) 
4 138 139 (-320 -4480 72 ) (-320 -4480 320 ) (-1024 -4480 320 ) (-1024 -4480 72 ) 
4 139 141 (-1024 -4480 64 ) (-1024 -4608 64 ) (-1024 -4608 320 ) (-1024 -4480 320 ) 
4 140 143 (-2048 -4096 4288 ) (-2048 -4096 72 ) (-2048 -4480 72 ) (-2048 -4480 4288 ) 
4 140 141 (-1024 -4480 72 ) (-1024 -4480 4288 ) (-2048 -4480 4288 ) (-2048 -4480 72 ) 
4 141 144 (-2048 -4480 64 ) (-2048 -4608 64 ) (-2048 -4608 4288 ) (-2048 -4480 4288 ) 
4 141 142 (-1024 -4608 320 ) (-1024 -4608 4288 ) (-2048 -4608 4288 ) (-2048 -4608 320 ) 
4 142 145 (-2048 -4721.799805 320 ) (-2048 -4721.799805 4288 ) (-2048 -4608 4288 ) (-2048 -4608 320 ) 
4 143 273 (-3072 -4480 4288 ) (-3072 -4096 4288 ) (-3072 -4096 72 ) (-3072 -4480 72 ) 
4 143 144 (-2048 -4480 72 ) (-2048 -4480 4288 ) (-3072 -4480 4288 ) (-3072 -4480 72 ) 
4 144 274 (-3072 -4608 4288 ) (-3072 -4480 4288 ) (-3072 -4480 64 ) (-3072 -4608 64 ) 
4 144 145 (-2048 -4608 320 ) (-2048 -4608 4288 ) (-3072 -4608 4288 ) (-3072 -4608 320 ) 
4 145 275 (-3072 -4721.799805 4288 ) (-3072 -4608 4288 ) (-3072 -4608 320 ) (-3072 -4721.799805 320 ) 
4 146 151 (-4096 2576 4288 ) (-4096 2577.800293 4288 ) (-4096 2577.800293 64 ) (-4096 2576 64 ) 
4 146 147 (-3072 2576 320 ) (-3072 2576 4288 ) (-4096 2576 4288 ) (-4096 2576 320 ) 
4 147 152 (-4096 2512 4288 ) (-4096 2576 4288 ) (-4096 2576 320 ) (-4096 2512 320 ) 
4 147 148 (-3072 2512 320 ) (-3072 2512 4288 ) (-4096 2512 4288 ) (-4096 2512 320 ) 
4 148 161 (-3072 2048 64 ) (-3072 2048 4288 ) (-4096 2048 4288 ) (-4096 2048 64 ) 
4 148 153 (-4096 2048 64 ) (-4096 2048 4288 ) (-4096 2512 4288 ) (-4096 2512 64 ) 
4 148 149 (-4096 2048 64 ) (-4096 2368 64 ) (-3072 2368 64 ) (-3072 2048 64 ) 
4 149 161 (-3072 2048 56 ) (-3072 2048 64 ) (-4096 2048 64 ) (-4096 2048 56 ) 
4 149 154 (-4096 2048 56 ) (-4096 2048 64 ) (-4096 2368 64 ) (-4096 2368 56 ) 
4 149 150 (-4096 2048 56 ) (-4096 2368 56 ) (-3072 2368 56 ) (-3072 2048 56 ) 
4 150 162 (-3072 2048 -224 ) (-3072 2048 56 ) (-4096 2048 56 ) (-4096 2048 -224 ) 
4 150 155 (-4096 2048 -224 ) (-4096 2048 56 ) (-4096 2368 56 ) (-4096 2368 -224 ) 
4 151 156 (-5120 2576 4288 ) (-5120 2577.800293 4288 ) (-5120 2577.800293 64 ) (-5120 2576 64 ) 
4 151 152 (-4096 2576 320 ) (-4096 2576 4288 ) (-5120 2576 4288 ) (-5120 2576 320 ) 
4 152 157 (-5120 2512 4288 ) (-5120 2576 4288 ) (-5120 2576 320 ) (-5120 2512 320 ) 
4 152 153 (-4096 2512 320 ) (-4096 2512 4288 ) (-5120 2512 4288 ) (-5120 2512 320 ) 
4 153 163 (-4096 2048 64 ) (-4096 2048 4288 ) (-5120 2048 4288 ) (-5120 2048 64 ) 
4 153 158 (-5120 2048 64 ) (-5120 2048 4288 ) (-5120 2512 4288 ) (-5120 2512 64 ) 
4 153 154 (-4096 2368 64 ) (-4096 2048 64 ) (-5120 2048 64 ) (-5120 2368 64 ) 
4 154 163 (-4096 2048 56 ) (-4096 2048 64 ) (-5120 2048 64 ) (-5120 2048 56 ) 
4 154 159 (-5120 2048 56 ) (-5120 2048 64 ) (-5120 2368 64 ) (-5120 2368 56 ) 
4 154 155 (-4096 2368 56 ) (-4096 2048 56 ) (-5120 2048 56 ) (-5120 2368 56 ) 
4 155 164 (-4096 2048 -224 ) (-4096 2048 56 ) (-5120 2048 56 ) (-5120 2048 -224 ) 
4 155 160 (-5120 2048 -224 ) (-5120 2048 56 ) (-5120 2368 56 ) (-5120 2368 -224 ) 
4 156 212 (-6144 2576 4288 ) (-6144 2577.800293 4288 ) (-6144 2577.800293 64 ) (-6144 2576 64 ) 
4 156 157 (-5120 2576 320 ) (-5120 2576 4288 ) (-6144 2576 4288 ) (-6144 2576 320 ) 
4 157 213 (-6144 2512 4288 ) (-6144 2576 4288 ) (-6144 2576 320 ) (-6144 2512 320 ) 
4 157 158 (-5120 2512 320 ) (-5120 2512 4288 ) (-6144 2512 4288 ) (-6144 2512 320 ) 
4 158 214 (-6144 2048 64 ) (-6144 2048 4288 ) (-6144 2512 4288 ) (-6144 2512 64 ) 
4 158 165 (-5120 2048 64 ) (-5120 2048 4288 ) (-6144 2048 4288 ) (-6144 2048 64 ) 
4 158 159 (-5120 2368 64 ) (-5120 2048 64 ) (-6144 2048 64 ) (-6144 2368 64 ) 
4 159 216 (-6144 2048 56 ) (-6144 2048 64 ) (-6144 2368 64 ) (-6144 2368 56 ) 
4 159 165 (-5120 2048 56 ) (-5120 2048 64 ) (-6144 2048 64 ) (-6144 2048 56 ) 
4 159 160 (-5120 2368 56 ) (-5120 2048 56 ) (-6144 2048 56 ) (-6144 2368 56 ) 
4 160 217 (-6144 2048 -224 ) (-6144 2048 56 ) (-6144 2368 56 ) (-6144 2368 -224 ) 
4 160 166 (-5120 2048 -224 ) (-5120 2048 56 ) (-6144 2048 56 ) (-6144 2048 -224 ) 
4 161 173 (-3072 1024 56 ) (-3072 1024 64 ) (-4096 1024 64 ) (-4096 1024 56 ) 
4 161 170 (-3072 1024 64 ) (-3072 1024 256 ) (-4096 1024 256 ) (-4096 1024 64 ) 
4 161 167 (-3072 1024 256 ) (-3072 1024 4288 ) (-4096 1024 4288 ) (-4096 1024 256 ) 
4 161 163 (-4096 1024 56 ) (-4096 1024 4288 ) (-4096 2048 4288 ) (-4096 2048 56 ) 
4 161 162 (-3072 1024 56 ) (-4096 1024 56 ) (-4096 2048 56 ) (-3072 2048 56 ) 
4 162 174 (-3072 1024 -224 ) (-3072 1024 56 ) (-4096 1024 56 ) (-4096 1024 -224 ) 
4 162 164 (-4096 1024 -224 ) (-4096 1024 56 ) (-4096 2048 56 ) (-4096 2048 -224 ) 
4 163 190 (-4096 1024 56 ) (-4096 1024 64 ) (-5120 1024 64 ) (-5120 1024 56 ) 
4 163 186 (-4096 1024 64 ) (-4096 1024 256 ) (-5120 1024 256 ) (-5120 1024 64 ) 
4 163 183 (-4096 1024 256 ) (-4096 1024 4288 ) (-5120 1024 4288 ) (-5120 1024 256 ) 
4 163 165 (-5120 2048 4288 ) (-5120 2048 56 ) (-5120 1024 56 ) (-5120 1024 4288 ) 
4 163 164 (-4096 1024 56 ) (-5120 1024 56 ) (-5120 2048 56 ) (-4096 2048 56 ) 
4 164 191 (-4096 1024 -224 ) (-4096 1024 56 ) (-5120 1024 56 ) (-5120 1024 -224 ) 
4 164 166 (-5120 2048 56 ) (-5120 2048 -224 ) (-5120 1024 -224 ) (-5120 1024 56 ) 
4 165 220 (-6144 1024 56 ) (-6144 1024 64 ) (-6144 2048 64 ) (-6144 2048 56 ) 
4 165 218 (-6144 1024 64 ) (-6144 1024 4288 ) (-6144 2048 4288 ) (-6144 2048 64 ) 
4 165 199 (-6144 1024 64 ) (-6144 1024 56 ) (-5120 1024 56 ) (-5120 1024 64 ) 
4 165 196 (-6144 1024 256 ) (-6144 1024 64 ) (-5120 1024 64 ) (-5120 1024 256 ) 
4 165 193 (-6144 1024 320 ) (-6144 1024 256 ) (-5120 1024 256 ) (-5120 1024 320 ) 
4 165 192 (-6144 1024 4288 ) (-6144 1024 320 ) (-5120 1024 320 ) (-5120 1024 4288 ) 
4 165 166 (-6144 1024 56 ) (-6144 2048 56 ) (-5120 2048 56 ) (-5120 1024 56 ) 
4 166 221 (-6144 1024 -224 ) (-6144 1024 56 ) (-6144 2048 56 ) (-6144 2048 -224 ) 
4 166 200 (-6144 1024 56 ) (-6144 1024 -224 ) (-5120 1024 -224 ) (-5120 1024 56 ) 
4 167 183 (-4096 1024 4288 ) (-4096 1024 256 ) (-4096 320 256 ) (-4096 320 4288 ) 
4 167 170 (-4096 320 256 ) (-4096 1024 256 ) (-3072 1024 256 ) (-3072 320 256 ) 
4 167 168 (-3072 320 320 ) (-3072 320 4288 ) (-4096 320 4288 ) (-4096 320 320 ) 
4 168 184 (-4096 192 320 ) (-4096 192 4288 ) (-4096 320 4288 ) (-4096 320 320 ) 
4 168 169 (-3072 192 320 ) (-3072 192 4288 ) (-4096 192 4288 ) (-4096 192 320 ) 
4 169 185 (-4096 192 256 ) (-4096 0 256 ) (-4096 0 4288 ) (-4096 192 4288 ) 
4 169 178 (-3776 0 4288 ) (-4096 0 4288 ) (-4096 0 256 ) (-3776 0 256 ) 
4 169 176 (-3072 0 256 ) (-3072 0 448 ) (-3776 0 448 ) (-3776 0 256 ) 
4 169 175 (-3072 0 448 ) (-3072 0 4288 ) (-3776 0 4288 ) (-3776 0 448 ) 
4 169 171 (-4096 64 256 ) (-4096 192 256 ) (-3072 192 256 ) (-3072 64 256 ) 
4 170 186 (-4096 1024 256 ) (-4096 1024 64 ) (-4096 320 64 ) (-4096 320 256 ) 
4 170 173 (-4096 576 64 ) (-4096 1024 64 ) (-3072 1024 64 ) (-3072 576 64 ) 
4 171 187 (-4096 192 64 ) (-4096 64 64 ) (-4096 64 256 ) (-4096 192 256 ) 
4 171 172 (-4096 64 64 ) (-3072 64 64 ) (-3072 64 192 ) (-4096 64 192 ) 
4 172 188 (-4096 64 64 ) (-4096 0 64 ) (-4096 0 192 ) (-4096 64 192 ) 
4 172 182 (-3072 0 64 ) (-3072 0 192 ) (-4096 0 192 ) (-4096 0 64 ) 
4 173 190 (-4096 1024 64 ) (-4096 1024 56 ) (-4096 576 56 ) (-4096 576 64 ) 
4 173 174 (-4096 576 56 ) (-4096 1024 56 ) (-3072 1024 56 ) (-3072 576 56 ) 
4 174 191 (-4096 1024 56 ) (-4096 1024 -224 ) (-4096 576 -224 ) (-4096 576 56 ) 
4 175 232 (-3072 -1024 448 ) (-3072 -1024 4288 ) (-3776 -1024 4288 ) (-3776 -1024 448 ) 
4 175 179 (-3776 -1024 448 ) (-3776 -1024 4288 ) (-3776 -768 4288 ) (-3776 -768 448 ) 
4 175 178 (-3776 -768 4288 ) (-3776 0 4288 ) (-3776 0 448 ) (-3776 -768 448 ) 
4 175 176 (-3776 -768 448 ) (-3776 0 448 ) (-3072 0 448 ) (-3072 -768 448 ) 
4 176 180 (-3776 -768 256 ) (-3776 -320 256 ) (-3072 -320 256 ) (-3072 -768 256 ) 
4 176 178 (-3776 0 256 ) (-3776 -768 256 ) (-3776 -768 448 ) (-3776 0 448 ) 
4 176 177 (-3776 -768 384 ) (-3776 -768 256 ) (-3072 -768 256 ) (-3072 -768 384 ) 
4 177 234 (-3072 -1024 256 ) (-3072 -1024 384 ) (-3776 -1024 384 ) (-3776 -1024 256 ) 
4 177 180 (-3072 -1024 256 ) (-3776 -1024 256 ) (-3776 -768 256 ) (-3072 -768 256 ) 
4 178 201 (-4096 -768 4288 ) (-4096 0 4288 ) (-4096 0 256 ) (-4096 -768 256 ) 
4 178 181 (-4096 -768 256 ) (-4096 -320 256 ) (-3776 -320 256 ) (-3776 -768 256 ) 
4 178 179 (-3776 -768 448 ) (-3776 -768 4288 ) (-4096 -768 4288 ) (-4096 -768 368 ) 
4 179 235 (-4096 -1024 4288 ) (-4096 -1024 368 ) (-3776 -1024 448 ) (-3776 -1024 4288 ) 
4 179 202 (-4096 -1024 368 ) (-4096 -1024 4288 ) (-4096 -768 4288 ) (-4096 -768 368 ) 
4 180 234 (-3072 -1024 192 ) (-3072 -1024 256 ) (-3776 -1024 256 ) (-3776 -1024 192 ) 
4 180 182 (-3072 -320 192 ) (-3072 -1024 192 ) (-3776 -1024 192 ) (-3776 -320 192 ) 
4 180 181 (-3776 -320 256 ) (-3776 -320 192 ) (-3776 -768 192 ) (-3776 -768 256 ) 
4 181 204 (-4096 -768 256 ) (-4096 -320 256 ) (-4096 -320 192 ) (-4096 -768 192 ) 
4 181 182 (-4096 -768 192 ) (-4096 -320 192 ) (-3776 -320 192 ) (-3776 -768 192 ) 
4 182 237 (-3776 -1024 192 ) (-4096 -1024 192 ) (-4096 -1024 64 ) (-3776 -1024 64 ) 
4 182 234 (-3072 -1024 64 ) (-3072 -1024 192 ) (-3776 -1024 192 ) (-3776 -1024 64 ) 
4 182 206 (-4096 -1024 64 ) (-4096 -1024 192 ) (-4096 0 192 ) (-4096 0 64 ) 
4 183 193 (-5120 1024 320 ) (-5120 1024 256 ) (-5120 320 256 ) (-5120 320 320 ) 
4 183 192 (-5120 1024 4288 ) (-5120 1024 320 ) (-5120 320 320 ) (-5120 320 4288 ) 
4 183 186 (-5120 320 256 ) (-5120 1024 256 ) (-4096 1024 256 ) (-4096 320 256 ) 
4 183 184 (-4096 320 320 ) (-4096 320 4288 ) (-5120 320 4288 ) (-5120 320 320 ) 
4 184 192 (-5120 192 320 ) (-5120 192 4288 ) (-5120 320 4288 ) (-5120 320 320 ) 
4 184 185 (-4096 192 320 ) (-4096 192 4288 ) (-5120 192 4288 ) (-5120 192 320 ) 
4 185 201 (-4096 0 256 ) (-4096 0 4288 ) (-5120 0 4288 ) (-5120 0 256 ) 
4 185 194 (-5120 192 256 ) (-5120 0 256 ) (-5120 0 320 ) (-5120 192 320 ) 
4 185 192 (-5120 0 320 ) (-5120 0 4288 ) (-5120 192 4288 ) (-5120 192 320 ) 
4 185 187 (-4928 192 256 ) (-4096 192 256 ) (-4096 64 256 ) (-4928 64 256 ) 
4 185 189 (-5120 0 256 ) (-5120 192 256 ) (-4928 192 256 ) (-4928 0 256 ) 
4 186 196 (-5120 1024 256 ) (-5120 1024 64 ) (-5120 320 64 ) (-5120 320 256 ) 
4 186 190 (-5120 576 64 ) (-5120 1024 64 ) (-4096 1024 64 ) (-4096 576 64 ) 
4 187 188 (-4928 64 192 ) (-4928 64 64 ) (-4096 64 64 ) (-4096 64 192 ) 
4 187 189 (-4928 192 256 ) (-4928 192 64 ) (-4928 64 64 ) (-4928 64 256 ) 
4 188 206 (-4096 0 64 ) (-4096 0 192 ) (-4928 0 192 ) (-4928 0 64 ) 
4 188 189 (-4928 64 64 ) (-4928 0 64 ) (-4928 0 192 ) (-4928 64 192 ) 
4 189 206 (-5120 0 192 ) (-5120 0 64 ) (-4928 0 64 ) (-4928 0 192 ) 
4 189 203 (-4928 0 256 ) (-5120 0 256 ) (-5120 0 192 ) (-4928 0 192 ) 
4 189 197 (-5120 192 64 ) (-5120 0 64 ) (-5120 0 256 ) (-5120 192 256 ) 
4 190 199 (-5120 1024 64 ) (-5120 1024 56 ) (-5120 576 56 ) (-5120 576 64 ) 
4 190 191 (-5120 576 56 ) (-5120 1024 56 ) (-4096 1024 56 ) (-4096 576 56 ) 
4 191 200 (-5120 1024 56 ) (-5120 1024 -224 ) (-5120 576 -224 ) (-5120 576 56 ) 
4 192 225 (-6144 192 4288 ) (-6144 320 4288 ) (-6144 320 320 ) (-6144 192 320 ) 
4 192 226 (-6144 0 320 ) (-6144 0 4288 ) (-6144 192 4288 ) (-6144 192 320 ) 
4 192 222 (-6144 320 4288 ) (-6144 1024 4288 ) (-6144 1024 320 ) (-6144 320 320 ) 
4 192 208 (-5568 0 320 ) (-5440 0 320 ) (-5440 0 4288 ) (-5568 0 4288 ) 
4 192 207 (-5440 0 320 ) (-5120 0 320 ) (-5120 0 4288 ) (-5440 0 4288 ) 
4 192 209 (-6144 0 4288 ) (-6144 0 320 ) (-5568 0 320 ) (-5568 0 4288 ) 
4 192 194 (-5120 192 320 ) (-5120 0 320 ) (-5440 0 320 ) (-5440 192 320 ) 
4 192 195 (-5568 0 320 ) (-6144 0 320 ) (-6144 192 320 ) (-5568 192 320 ) 
4 192 193 (-5120 1024 320 ) (-5120 320 320 ) (-6144 320 320 ) (-6144 1024 320 ) 
4 193 222 (-6144 320 320 ) (-6144 1024 320 ) (-6144 1024 256 ) (-6144 320 256 ) 
4 193 196 (-6144 320 256 ) (-6144 1024 256 ) (-5120 1024 256 ) (-5120 320 256 ) 
4 194 207 (-5440 0 256 ) (-5120 0 256 ) (-5120 0 320 ) (-5440 0 320 ) 
4 194 197 (-5120 0 256 ) (-5440 0 256 ) (-5440 192 256 ) (-5120 192 256 ) 
4 195 226 (-6144 0 256 ) (-6144 0 320 ) (-6144 192 320 ) (-6144 192 256 ) 
4 195 209 (-6144 0 320 ) (-6144 0 256 ) (-5568 0 256 ) (-5568 0 320 ) 
4 195 198 (-5568 0 256 ) (-6144 0 256 ) (-6144 192 256 ) (-5568 192 256 ) 
4 196 222 (-6144 320 256 ) (-6144 1024 256 ) (-6144 1024 64 ) (-6144 320 64 ) 
4 196 199 (-5120 1024 64 ) (-5120 576 64 ) (-6144 576 64 ) (-6144 1024 64 ) 
4 197 210 (-5440 0 64 ) (-5120 0 64 ) (-5120 0 256 ) (-5440 0 256 ) 
4 198 227 (-6144 0 64 ) (-6144 0 256 ) (-6144 192 256 ) (-6144 192 64 ) 
4 198 211 (-6144 0 256 ) (-6144 0 64 ) (-5568 0 64 ) (-5568 0 256 ) 
4 199 224 (-6144 576 64 ) (-6144 1024 64 ) (-6144 1024 56 ) (-6144 576 56 ) 
4 199 200 (-5120 1024 56 ) (-5120 576 56 ) (-6144 576 56 ) (-6144 1024 56 ) 
4 200 229 (-6144 576 -224 ) (-6144 576 56 ) (-6144 1024 56 ) (-6144 1024 -224 ) 
4 201 207 (-5120 0 4288 ) (-5120 0 256 ) (-5120 -768 256 ) (-5120 -768 4288 ) 
4 201 205 (-4928 -768 256 ) (-5120 -768 256 ) (-5120 -320 256 ) (-4928 -320 256 ) 
4 201 204 (-4096 -320 256 ) (-4096 -768 256 ) (-4544 -768 256 ) (-4544 -320 256 ) 
4 201 203 (-5120 0 256 ) (-4928 0 256 ) (-4928 -320 256 ) (-5120 -320 256 ) 
5 201 202 (-5120 -768 256 ) (-4544 -768 256 ) (-4096 -768 368 ) (-4096 -768 4288 ) (-5120 -768 4288 ) 
5 202 239 (-4096 -1024 368 ) (-4096 -1024 4288 ) (-5120 -1024 4288 ) (-5120 -1024 256 ) (-4544 -1024 256 ) 
4 202 207 (-5120 -768 256 ) (-5120 -1024 256 ) (-5120 -1024 4288 ) (-5120 -768 4288 ) 
4 202 205 (-4928 -1024 256 ) (-5120 -1024 256 ) (-5120 -768 256 ) (-4928 -768 256 ) 
4 203 210 (-5120 0 256 ) (-5120 0 192 ) (-5120 -320 192 ) (-5120 -320 256 ) 
4 203 206 (-5120 -320 192 ) (-5120 0 192 ) (-4928 0 192 ) (-4928 -320 192 ) 
4 203 205 (-5120 -320 192 ) (-4928 -320 192 ) (-4928 -320 256 ) (-5120 -320 256 ) 
4 204 206 (-4544 -768 192 ) (-4544 -320 192 ) (-4096 -320 192 ) (-4096 -768 192 ) 
4 205 243 (-4928 -1024 256 ) (-5120 -1024 256 ) (-5120 -1024 192 ) (-4928 -1024 192 ) 
4 205 210 (-5120 -320 192 ) (-5120 -1024 192 ) (-5120 -1024 256 ) (-5120 -320 256 ) 
4 205 206 (-4928 -1024 192 ) (-5120 -1024 192 ) (-5120 -320 192 ) (-4928 -320 192 ) 
4 206 244 (-4096 -1024 64 ) (-4096 -1024 192 ) (-5120 -1024 192 ) (-5120 -1024 64 ) 
4 206 210 (-5120 0 192 ) (-5120 0 64 ) (-5120 -1024 64 ) (-5120 -1024 192 ) 
4 207 245 (-5120 -1024 256 ) (-5120 -1024 4288 ) (-5440 -1024 4288 ) (-5440 -1024 256 ) 
4 207 210 (-5440 0 256 ) (-5120 0 256 ) (-5120 -1024 256 ) (-5440 -1024 256 ) 
4 207 208 (-5440 -1024 320 ) (-5440 -1024 4288 ) (-5440 0 4288 ) (-5440 0 320 ) 
4 208 246 (-5440 -1024 4288 ) (-5568 -1024 4288 ) (-5568 -1024 320 ) (-5440 -1024 320 ) 
4 208 209 (-5568 -1024 320 ) (-5568 -1024 4288 ) (-5568 0 4288 ) (-5568 0 320 ) 
4 209 247 (-5568 -1024 4288 ) (-6144 -1024 4288 ) (-6144 -1024 256 ) (-5568 -1024 256 ) 
4 209 230 (-6144 -1024 256 ) (-6144 -1024 4288 ) (-6144 0 4288 ) (-6144 0 256 ) 
4 209 211 (-6144 -1024 256 ) (-6144 0 256 ) (-5568 0 256 ) (-5568 -1024 256 ) 
4 210 248 (-5120 -1024 64 ) (-5120 -1024 256 ) (-5440 -1024 256 ) (-5440 -1024 64 ) 
4 211 249 (-5568 -1024 256 ) (-6144 -1024 256 ) (-6144 -1024 64 ) (-5568 -1024 64 ) 
4 211 230 (-6144 -1024 64 ) (-6144 -1024 256 ) (-6144 0 256 ) (-6144 0 64 ) 
4 212 215 (-7104 2576 320 ) (-7104 2576 4288 ) (-7166.970215 2576 4288 ) (-7166.970215 2576 320 ) 
4 212 213 (-6144 2576 320 ) (-6144 2576 4288 ) (-7104 2576 4288 ) (-7104 2576 320 ) 
4 213 215 (-7104 2576 4288 ) (-7104 2576 320 ) (-7104 2512 320 ) (-7104 2512 4288 ) 
4 213 214 (-7104 2512 4288 ) (-7104 2512 320 ) (-6144 2512 320 ) (-6144 2512 4288 ) 
4 214 218 (-6144 2048 64 ) (-6144 2048 4288 ) (-7104 2048 4288 ) (-7104 2048 64 ) 
4 214 216 (-6144 2368 64 ) (-6144 2048 64 ) (-6912 2048 64 ) (-6912 2368 64 ) 
4 214 215 (-7104 2048 320 ) (-7104 2048 4288 ) (-7104 2512 4288 ) (-7104 2512 320 ) 
4 215 219 (-7104 2048 4288 ) (-7166.970215 2048 4288 ) (-7166.970215 2048 320 ) (-7104 2048 320 ) 
4 216 220 (-6144 2048 56 ) (-6144 2048 64 ) (-6912 2048 64 ) (-6912 2048 56 ) 
4 216 217 (-6144 2368 56 ) (-6144 2048 56 ) (-6912 2048 56 ) (-6912 2368 56 ) 
4 217 221 (-6144 2048 -224 ) (-6144 2048 56 ) (-6912 2048 56 ) (-6912 2048 -224 ) 
4 218 222 (-6144 1024 64 ) (-6144 1024 4288 ) (-7104 1024 4288 ) (-7104 1024 64 ) 
4 218 220 (-6912 2048 64 ) (-6144 2048 64 ) (-6144 1024 64 ) (-6912 1024 64 ) 
4 218 219 (-7104 1024 320 ) (-7104 1024 4288 ) (-7104 2048 4288 ) (-7104 2048 320 ) 
4 219 223 (-7104 1024 4288 ) (-7166.970215 1024 4288 ) (-7166.970215 1024 320 ) (-7104 1024 320 ) 
4 220 224 (-6144 1024 56 ) (-6144 1024 64 ) (-6912 1024 64 ) (-6912 1024 56 ) 
4 220 221 (-6144 1024 56 ) (-6912 1024 56 ) (-6912 2048 56 ) (-6144 2048 56 ) 
4 221 229 (-6144 1024 -224 ) (-6144 1024 56 ) (-6912 1024 56 ) (-6912 1024 -224 ) 
4 222 228 (-7040 320 4288 ) (-7104 320 4288 ) (-7104 320 320 ) (-7040 320 320 ) 
4 222 225 (-6144 320 320 ) (-6144 320 4288 ) (-7040 320 4288 ) (-7040 320 320 ) 
4 222 224 (-6912 576 64 ) (-6912 1024 64 ) (-6144 1024 64 ) (-6144 576 64 ) 
4 222 223 (-7104 320 320 ) (-7104 320 4288 ) (-7104 1024 4288 ) (-7104 1024 320 ) 
4 223 228 (-7104 320 4288 ) (-7166.970215 320 4288 ) (-7166.970215 320 320 ) (-7104 320 320 ) 
4 224 229 (-6912 1024 56 ) (-6144 1024 56 ) (-6144 576 56 ) (-6912 576 56 ) 
4 225 228 (-7040 320 4288 ) (-7040 320 320 ) (-7040 192 320 ) (-7040 192 4288 ) 
4 225 226 (-6144 192 320 ) (-6144 192 4288 ) (-7040 192 4288 ) (-7040 192 320 ) 
4 226 230 (-6144 0 256 ) (-6144 0 4288 ) (-7040 0 4288 ) (-7040 0 256 ) 
4 226 228 (-7040 0 320 ) (-7040 0 4288 ) (-7040 192 4288 ) (-7040 192 320 ) 
4 226 227 (-6144 0 256 ) (-7040 0 256 ) (-7040 192 256 ) (-6144 192 256 ) 
4 227 230 (-6144 0 64 ) (-6144 0 256 ) (-7040 0 256 ) (-7040 0 64 ) 
4 228 231 (-7166.970215 0 4288 ) (-7166.970215 0 320 ) (-7040 0 320 ) (-7040 0 4288 ) 
4 230 284 (-6144 -1024 64 ) (-6144 -1024 4288 ) (-7040 -1024 4288 ) (-7040 -1024 64 ) 
4 230 231 (-7040 -1024 320 ) (-7040 -1024 4288 ) (-7040 0 4288 ) (-7040 0 320 ) 
4 231 285 (-7040 -1024 4288 ) (-7166.970215 -1024 4288 ) (-7166.970215 -1024 320 ) (-7040 -1024 320 ) 
4 232 238 (-3072 -2048 448 ) (-3072 -2048 4288 ) (-3776 -2048 4288 ) (-3776 -2048 448 ) 
4 232 235 (-3776 -1024 4288 ) (-3776 -1024 448 ) (-3776 -1152 448 ) (-3776 -1152 4288 ) 
4 232 236 (-3776 -1152 448 ) (-3776 -2048 448 ) (-3776 -2048 4288 ) (-3776 -1152 4288 ) 
4 232 233 (-3776 -2048 448 ) (-3776 -1152 448 ) (-3072 -1152 448 ) (-3072 -2048 448 ) 
4 233 238 (-3072 -2048 384 ) (-3072 -2048 448 ) (-3776 -2048 448 ) (-3776 -2048 384 ) 
4 233 236 (-3776 -1152 384 ) (-3776 -2048 384 ) (-3776 -2048 448 ) (-3776 -1152 448 ) 
4 233 234 (-3072 -2048 384 ) (-3776 -2048 384 ) (-3776 -1152 384 ) (-3072 -1152 384 ) 
4 234 238 (-3072 -2048 64 ) (-3072 -2048 384 ) (-3776 -2048 384 ) (-3776 -2048 64 ) 
4 234 237 (-3776 -1024 192 ) (-3776 -1024 64 ) (-3776 -2048 64 ) (-3776 -2048 192 ) 
4 234 236 (-3776 -1152 192 ) (-3776 -2048 192 ) (-3776 -2048 384 ) (-3776 -1152 384 ) 
4 235 239 (-4096 -1024 4288 ) (-4096 -1024 368 ) (-4096 -1152 368 ) (-4096 -1152 4288 ) 
4 235 236 (-3776 -1152 448 ) (-3776 -1152 4288 ) (-4096 -1152 4288 ) (-4096 -1152 368 ) 
4 236 241 (-4096 -1152 192 ) (-4096 -2048 192 ) (-4096 -2048 256 ) (-4096 -1152 256 ) 
4 236 240 (-4096 -2048 256 ) (-4096 -2048 4288 ) (-4096 -1152 4288 ) (-4096 -1152 256 ) 
4 236 238 (-3776 -2048 192 ) (-3776 -2048 4288 ) (-4096 -2048 4288 ) (-4096 -2048 192 ) 
4 236 237 (-3776 -1152 192 ) (-3776 -2048 192 ) (-4096 -2048 192 ) (-4096 -1152 192 ) 
4 237 244 (-4096 -1024 192 ) (-4096 -1024 64 ) (-4096 -2048 64 ) (-4096 -2048 192 ) 
4 237 238 (-3776 -2048 64 ) (-3776 -2048 192 ) (-4096 -2048 192 ) (-4096 -2048 64 ) 
4 238 262 (-3072 -3072 64 ) (-3072 -3072 4288 ) (-4096 -3072 4288 ) (-4096 -3072 64 ) 
4 238 253 (-4096 -3072 64 ) (-4096 -3072 4288 ) (-4096 -2048 4288 ) (-4096 -2048 64 ) 
4 239 245 (-5120 -1024 4288 ) (-5120 -1024 256 ) (-5120 -1152 256 ) (-5120 -1152 4288 ) 
4 239 243 (-5120 -1152 256 ) (-5120 -1024 256 ) (-4928 -1024 256 ) (-4928 -1152 256 ) 
5 239 240 (-5120 -1152 256 ) (-4544 -1152 256 ) (-4096 -1152 368 ) (-4096 -1152 4288 ) (-5120 -1152 4288 ) 
4 240 253 (-4096 -2048 256 ) (-4096 -2048 4288 ) (-5120 -2048 4288 ) (-5120 -2048 256 ) 
4 240 245 (-5120 -1152 256 ) (-5120 -2048 256 ) (-5120 -2048 4288 ) (-5120 -1152 4288 ) 
4 240 242 (-4544 -2048 256 ) (-4928 -2048 256 ) (-4928 -1152 256 ) (-4544 -1152 256 ) 
4 240 243 (-4928 -2048 256 ) (-5120 -2048 256 ) (-5120 -1152 256 ) (-4928 -1152 256 ) 
4 240 241 (-4096 -2048 256 ) (-4544 -2048 256 ) (-4544 -1152 256 ) (-4096 -1152 256 ) 
4 241 253 (-4096 -2048 192 ) (-4096 -2048 256 ) (-4544 -2048 256 ) (-4544 -2048 192 ) 
4 241 244 (-4096 -1152 192 ) (-4096 -2048 192 ) (-4544 -2048 192 ) (-4544 -1152 192 ) 
4 241 242 (-4544 -1152 192 ) (-4544 -2048 192 ) (-4544 -2048 256 ) (-4544 -1152 256 ) 
4 242 253 (-4544 -2048 256 ) (-4928 -2048 256 ) (-4928 -2048 192 ) (-4544 -2048 192 ) 
4 242 244 (-4544 -1152 192 ) (-4544 -2048 192 ) (-4928 -2048 192 ) (-4928 -1152 192 ) 
4 242 243 (-4928 -1152 192 ) (-4928 -2048 192 ) (-4928 -2048 256 ) (-4928 -1152 256 ) 
4 243 253 (-4928 -2048 256 ) (-5120 -2048 256 ) (-5120 -2048 192 ) (-4928 -2048 192 ) 
4 243 250 (-5120 -1728 192 ) (-5120 -2048 192 ) (-5120 -2048 256 ) (-5120 -1728 256 ) 
4 243 248 (-5120 -1024 256 ) (-5120 -1024 192 ) (-5120 -1728 192 ) (-5120 -1728 256 ) 
4 243 244 (-5120 -2048 192 ) (-5120 -1024 192 ) (-4928 -1024 192 ) (-4928 -2048 192 ) 
4 244 253 (-4096 -2048 64 ) (-4096 -2048 192 ) (-5120 -2048 192 ) (-5120 -2048 64 ) 
4 244 250 (-5120 -1728 64 ) (-5120 -2048 64 ) (-5120 -2048 192 ) (-5120 -1728 192 ) 
4 244 248 (-5120 -1024 192 ) (-5120 -1024 64 ) (-5120 -1728 64 ) (-5120 -1728 192 ) 
4 245 254 (-5120 -2048 256 ) (-5120 -2048 4288 ) (-5440 -2048 4288 ) (-5440 -2048 256 ) 
4 245 250 (-5120 -1728 256 ) (-5120 -2048 256 ) (-5440 -2048 256 ) (-5440 -1728 256 ) 
4 245 248 (-5440 -1024 256 ) (-5120 -1024 256 ) (-5120 -1728 256 ) (-5440 -1728 256 ) 
4 245 246 (-5440 -2048 320 ) (-5440 -2048 4288 ) (-5440 -1024 4288 ) (-5440 -1024 320 ) 
4 246 255 (-5440 -2048 4288 ) (-5568 -2048 4288 ) (-5568 -2048 320 ) (-5440 -2048 320 ) 
4 246 247 (-5568 -2048 320 ) (-5568 -2048 4288 ) (-5568 -1024 4288 ) (-5568 -1024 320 ) 
4 247 284 (-6144 -1024 4288 ) (-6144 -1024 256 ) (-6144 -2048 256 ) (-6144 -2048 4288 ) 
4 247 256 (-5568 -2048 4288 ) (-6144 -2048 4288 ) (-6144 -2048 256 ) (-5568 -2048 256 ) 
4 247 252 (-5568 -1728 256 ) (-5568 -2048 256 ) (-6144 -2048 256 ) (-6144 -1728 256 ) 
4 247 249 (-6144 -1024 256 ) (-5568 -1024 256 ) (-5568 -1728 256 ) (-6144 -1728 256 ) 
4 248 250 (-5440 -1728 64 ) (-5120 -1728 64 ) (-5120 -1728 256 ) (-5440 -1728 256 ) 
4 249 284 (-6144 -1024 256 ) (-6144 -1024 64 ) (-6144 -1728 64 ) (-6144 -1728 256 ) 
4 249 252 (-6144 -1728 64 ) (-5568 -1728 64 ) (-5568 -1728 256 ) (-6144 -1728 256 ) 
4 250 257 (-5120 -2048 64 ) (-5120 -2048 256 ) (-5440 -2048 256 ) (-5440 -2048 64 ) 
5 250 251 (-5440 -1728 192 ) (-5440 -1728 64 ) (-5440 -2048 64 ) (-5440 -2048 256 ) (-5440 -1856 256 ) 
4 251 258 (-5440 -2048 256 ) (-5568 -2048 256 ) (-5568 -2048 64 ) (-5440 -2048 64 ) 
5 251 252 (-5568 -1728 192 ) (-5568 -1728 64 ) (-5568 -2048 64 ) (-5568 -2048 256 ) (-5568 -1856 256 ) 
4 252 284 (-6144 -1728 64 ) (-6144 -2048 64 ) (-6144 -2048 256 ) (-6144 -1728 256 ) 
4 252 259 (-5568 -2048 256 ) (-6144 -2048 256 ) (-6144 -2048 64 ) (-5568 -2048 64 ) 
4 253 264 (-4096 -3072 64 ) (-4096 -3072 4288 ) (-5120 -3072 4288 ) (-5120 -3072 64 ) 
4 253 260 (-5120 -2176 64 ) (-5120 -3072 64 ) (-5120 -3072 256 ) (-5120 -2176 256 ) 
4 253 257 (-5120 -2048 256 ) (-5120 -2048 64 ) (-5120 -2176 64 ) (-5120 -2176 256 ) 
4 253 254 (-5120 -2048 4288 ) (-5120 -2048 256 ) (-5120 -3072 256 ) (-5120 -3072 4288 ) 
4 254 268 (-5120 -3072 256 ) (-5120 -3072 4288 ) (-5440 -3072 4288 ) (-5440 -3072 256 ) 
4 254 260 (-5120 -2176 256 ) (-5120 -3072 256 ) (-5440 -3072 256 ) (-5440 -2176 256 ) 
4 254 257 (-5120 -2048 256 ) (-5120 -2176 256 ) (-5440 -2176 256 ) (-5440 -2048 256 ) 
4 254 255 (-5440 -3072 320 ) (-5440 -3072 4288 ) (-5440 -2048 4288 ) (-5440 -2048 320 ) 
4 255 269 (-5440 -3072 4288 ) (-5568 -3072 4288 ) (-5568 -3072 320 ) (-5440 -3072 320 ) 
4 255 256 (-5568 -3072 320 ) (-5568 -3072 4288 ) (-5568 -2048 4288 ) (-5568 -2048 320 ) 
4 256 286 (-6144 -3072 256 ) (-6144 -3072 4288 ) (-6144 -2048 4288 ) (-6144 -2048 256 ) 
4 256 270 (-5568 -3072 4288 ) (-6144 -3072 4288 ) (-6144 -3072 256 ) (-5568 -3072 256 ) 
4 256 261 (-5568 -3072 256 ) (-6144 -3072 256 ) (-6144 -2176 256 ) (-5568 -2176 256 ) 
4 256 259 (-6144 -2176 256 ) (-6144 -2048 256 ) (-5568 -2048 256 ) (-5568 -2176 256 ) 
4 257 260 (-5440 -2176 64 ) (-5120 -2176 64 ) (-5120 -2176 256 ) (-5440 -2176 256 ) 
4 257 258 (-5440 -2048 64 ) (-5440 -2176 64 ) (-5440 -2176 192 ) (-5440 -2048 256 ) 
4 258 259 (-5568 -2048 64 ) (-5568 -2176 64 ) (-5568 -2176 192 ) (-5568 -2048 256 ) 
4 259 286 (-6144 -2176 256 ) (-6144 -2048 256 ) (-6144 -2048 64 ) (-6144 -2176 64 ) 
4 259 261 (-6144 -2176 64 ) (-5568 -2176 64 ) (-5568 -2176 256 ) (-6144 -2176 256 ) 
4 260 271 (-5120 -3072 64 ) (-5120 -3072 256 ) (-5440 -3072 256 ) (-5440 -3072 64 ) 
4 261 286 (-6144 -3072 64 ) (-6144 -3072 256 ) (-6144 -2176 256 ) (-6144 -2176 64 ) 
4 261 272 (-5568 -3072 256 ) (-6144 -3072 256 ) (-6144 -3072 64 ) (-5568 -3072 64 ) 
4 262 264 (-4096 -3712 4288 ) (-4096 -3072 4288 ) (-4096 -3072 64 ) (-4096 -3712 64 ) 
4 262 263 (-3072 -3712 72 ) (-3072 -3712 4288 ) (-4096 -3712 4288 ) (-4096 -3712 72 ) 
4 263 273 (-3072 -4096 72 ) (-3072 -4096 4288 ) (-4096 -4096 4288 ) (-4096 -4096 72 ) 
4 263 265 (-4096 -4096 72 ) (-4096 -4096 4288 ) (-4096 -3712 4288 ) (-4096 -3712 72 ) 
4 264 271 (-5120 -3072 256 ) (-5120 -3072 64 ) (-5120 -3712 64 ) (-5120 -3712 256 ) 
4 264 268 (-5120 -3072 4288 ) (-5120 -3072 256 ) (-5120 -3712 256 ) (-5120 -3712 4288 ) 
4 264 267 (-5120 -3712 64 ) (-4912 -3712 64 ) (-4912 -3712 384 ) (-5120 -3712 470.666748 ) 
4 264 265 (-4096 -3712 72 ) (-4096 -3712 4288 ) (-4160 -3712 4288 ) (-4160 -3712 72 ) 
4 264 266 (-4160 -3712 4288 ) (-5120 -3712 4288 ) (-5120 -3712 470.666748 ) (-4160 -3712 70.666656 ) 
4 265 276 (-4096 -4096 72 ) (-4096 -4096 4288 ) (-4160 -4096 4288 ) (-4160 -4096 72 ) 
4 265 266 (-4160 -3712 4288 ) (-4160 -3712 72 ) (-4160 -4096 72 ) (-4160 -4096 4288 ) 
4 266 277 (-4160 -4096 4288 ) (-5120 -4096 4288 ) (-5120 -4096 470.666748 ) (-4160 -4096 70.666656 ) 
4 266 268 (-5120 -4096 470.666687 ) (-5120 -4096 4288 ) (-5120 -3712 4288 ) (-5120 -3712 470.666748 ) 
4 266 267 (-5120 -4096 470.665985 ) (-5120 -3712 470.666016 ) (-4912 -3712 384 ) (-4912 -4096 384 ) 
4 267 278 (-5120 -4096 470.666748 ) (-5120 -4096 64 ) (-4912 -4096 64 ) (-4912 -4096 384 ) 
4 267 271 (-5120 -3712 64 ) (-5120 -4096 64 ) (-5120 -4096 256 ) (-5120 -3712 256 ) 
4 267 268 (-5120 -4096 256 ) (-5120 -4096 470.666687 ) (-5120 -3712 470.666748 ) (-5120 -3712 256 ) 
4 268 282 (-5440 -4096 256 ) (-5120 -4096 256 ) (-5120 -4096 320 ) (-5440 -4096 320 ) 
4 268 281 (-5120 -4096 320 ) (-5120 -4096 4288 ) (-5440 -4096 4288 ) (-5440 -4096 320 ) 
4 268 271 (-5440 -3072 256 ) (-5120 -3072 256 ) (-5120 -4096 256 ) (-5440 -4096 256 ) 
4 268 269 (-5440 -4096 320 ) (-5440 -4096 4288 ) (-5440 -3072 4288 ) (-5440 -3072 320 ) 
4 269 281 (-5440 -4096 320 ) (-5440 -4096 4288 ) (-5568 -4096 4288 ) (-5568 -4096 320 ) 
4 269 270 (-5568 -4096 320 ) (-5568 -4096 4288 ) (-5568 -3072 4288 ) (-5568 -3072 320 ) 
4 270 288 (-6144 -4096 256 ) (-6144 -4096 4288 ) (-6144 -3072 4288 ) (-6144 -3072 256 ) 
4 270 283 (-6144 -4096 320 ) (-6144 -4096 256 ) (-5568 -4096 256 ) (-5568 -4096 320 ) 
4 270 281 (-6144 -4096 4288 ) (-6144 -4096 320 ) (-5568 -4096 320 ) (-5568 -4096 4288 ) 
4 270 272 (-6144 -4096 256 ) (-6144 -3072 256 ) (-5568 -3072 256 ) (-5568 -4096 256 ) 
4 271 282 (-5440 -4096 64 ) (-5120 -4096 64 ) (-5120 -4096 256 ) (-5440 -4096 256 ) 
4 272 288 (-6144 -4096 64 ) (-6144 -4096 256 ) (-6144 -3072 256 ) (-6144 -3072 64 ) 
4 272 283 (-6144 -4096 256 ) (-6144 -4096 64 ) (-5568 -4096 64 ) (-5568 -4096 256 ) 
4 273 276 (-4096 -4096 4288 ) (-4096 -4096 72 ) (-4096 -4480 72 ) (-4096 -4480 4288 ) 
4 273 274 (-3072 -4480 72 ) (-3072 -4480 4288 ) (-4096 -4480 4288 ) (-4096 -4480 72 ) 
4 274 279 (-4096 -4480 64 ) (-4096 -4608 64 ) (-4096 -4608 4288 ) (-4096 -4480 4288 ) 
4 274 275 (-3072 -4608 320 ) (-3072 -4608 4288 ) (-4096 -4608 4288 ) (-4096 -4608 320 ) 
4 275 280 (-4096 -4721.799805 320 ) (-4096 -4721.799805 4288 ) (-4096 -4608 4288 ) (-4096 -4608 320 ) 
4 276 279 (-4096 -4480 72 ) (-4096 -4480 4288 ) (-4160 -4480 4288 ) (-4160 -4480 72 ) 
4 276 277 (-4160 -4480 72 ) (-4160 -4480 4288 ) (-4160 -4096 4288 ) (-4160 -4096 72 ) 
4 277 281 (-5120 -4096 4288 ) (-5120 -4096 470.666748 ) (-5120 -4480 470.666687 ) (-5120 -4480 4288 ) 
4 277 279 (-4160 -4480 4288 ) (-5120 -4480 4288 ) (-5120 -4480 470.666748 ) (-4160 -4480 70.666656 ) 
4 277 278 (-4912 -4480 383.996826 ) (-5120 -4480 470.663513 ) (-5120 -4096 470.663513 ) (-4912 -4096 383.996826 ) 
4 278 282 (-5120 -4096 320 ) (-5120 -4096 64 ) (-5120 -4480 64 ) (-5120 -4480 320 ) 
4 278 281 (-5120 -4096 470.666748 ) (-5120 -4096 320 ) (-5120 -4480 320 ) (-5120 -4480 470.666687 ) 
4 278 279 (-5120 -4480 64 ) (-4912 -4480 64 ) (-4912 -4480 384 ) (-5120 -4480 470.666748 ) 
4 279 282 (-5120 -4480 64 ) (-5120 -4608 64 ) (-5120 -4608 320 ) (-5120 -4480 320 ) 
4 279 281 (-5120 -4608 320 ) (-5120 -4608 4288 ) (-5120 -4480 4288 ) (-5120 -4480 320 ) 
4 279 280 (-4096 -4608 320 ) (-4096 -4608 4288 ) (-5120 -4608 4288 ) (-5120 -4608 320 ) 
4 280 281 (-5120 -4721.799805 320 ) (-5120 -4721.799805 4288 ) (-5120 -4608 4288 ) (-5120 -4608 320 ) 
4 281 292 (-6144 -4721.799805 320 ) (-6144 -4721.799805 4288 ) (-6144 -4608 4288 ) (-6144 -4608 320 ) 
4 281 290 (-6144 -4608 4288 ) (-6144 -4096 4288 ) (-6144 -4096 320 ) (-6144 -4608 320 ) 
4 281 283 (-6144 -4608 320 ) (-6144 -4096 320 ) (-5568 -4096 320 ) (-5568 -4608 320 ) 
4 281 282 (-5440 -4608 320 ) (-5440 -4096 320 ) (-5120 -4096 320 ) (-5120 -4608 320 ) 
4 283 290 (-6144 -4608 320 ) (-6144 -4096 320 ) (-6144 -4096 64 ) (-6144 -4608 64 ) 
4 284 286 (-6144 -2048 64 ) (-6144 -2048 4288 ) (-7040 -2048 4288 ) (-7040 -2048 64 ) 
4 284 285 (-7040 -2048 320 ) (-7040 -2048 4288 ) (-7040 -1024 4288 ) (-7040 -1024 320 ) 
4 285 287 (-7040 -2048 4288 ) (-7166.970215 -2048 4288 ) (-7166.970215 -2048 320 ) (-7040 -2048 320 ) 
4 286 288 (-6144 -3072 64 ) (-6144 -3072 4288 ) (-7040 -3072 4288 ) (-7040 -3072 64 ) 
4 286 287 (-7040 -3072 320 ) (-7040 -3072 4288 ) (-7040 -2048 4288 ) (-7040 -2048 320 ) 
4 287 289 (-7040 -3072 4288 ) (-7166.970215 -3072 4288 ) (-7166.970215 -3072 320 ) (-7040 -3072 320 ) 
4 288 290 (-6144 -4096 64 ) (-6144 -4096 4288 ) (-7040 -4096 4288 ) (-7040 -4096 64 ) 
4 288 289 (-7040 -4096 320 ) (-7040 -4096 4288 ) (-7040 -3072 4288 ) (-7040 -3072 320 ) 
4 289 291 (-7040 -4096 4288 ) (-7166.970215 -4096 4288 ) (-7166.970215 -4096 320 ) (-7040 -4096 320 ) 
4 290 292 (-6144 -4608 320 ) (-6144 -4608 4288 ) (-7040 -4608 4288 ) (-7040 -4608 320 ) 
4 290 291 (-7040 -4608 320 ) (-7040 -4608 4288 ) (-7040 -4096 4288 ) (-7040 -4096 320 ) 
4 291 292 (-7040 -4608 320 ) (-7040 -4608 4288 ) (-7166.970215 -4608 4288 ) (-7166.970215 -4608 320 ) 
