PRT1
25
57
4 0 17 (1024 0 256 ) (1024 0 587.896973 ) (0 0 587.896973 ) (0 0 256 ) 
4 0 4 (0 0 256 ) (0 0 272 ) (0 1024 272 ) (0 1024 256 ) 
4 0 3 (0 0 272 ) (0 0 587.896973 ) (0 1024 587.896973 ) (0 1024 272 ) 
4 0 1 (0 0 256 ) (0 992 256 ) (992 992 256 ) (992 0 256 ) 
4 1 19 (992 0 256 ) (0 0 256 ) (0 0 64 ) (992 0 64 ) 
4 1 15 (0 0 64 ) (0 0 256 ) (0 256 256 ) (0 256 64 ) 
4 1 9 (0 256 256 ) (0 768 256 ) (0 768 64 ) (0 256 64 ) 
4 1 8 (0 768 256 ) (0 992 256 ) (0 992 64 ) (0 768 64 ) 
4 1 2 (992 0 64 ) (0 0 64 ) (0 992 64 ) (992 992 64 ) 
4 2 18 (1024 0 32 ) (1024 0 64 ) (992 0 64 ) (992 0 32 ) 
4 2 19 (992 0 64 ) (0 0 64 ) (0 0 32 ) (992 0 32 ) 
4 2 16 (0 0 32 ) (0 0 64 ) (0 1024 64 ) (0 1024 32 ) 
4 3 21 (0 0 272 ) (0 0 587.896973 ) (-1024 0 587.896973 ) (-1024 0 272 ) 
4 3 5 (-768 768 272 ) (-768 1024 272 ) (-256 1024 272 ) (-256 768 272 ) 
4 3 6 (-256 0 272 ) (-768 0 272 ) (-768 256 272 ) (-256 256 272 ) 
4 3 4 (0 0 272 ) (-256 0 272 ) (-256 1024 272 ) (0 1024 272 ) 
4 3 7 (-768 0 272 ) (-1024 0 272 ) (-1024 1024 272 ) (-768 1024 272 ) 
4 4 21 (0 0 256 ) (0 0 272 ) (-256 0 272 ) (-256 0 256 ) 
4 4 15 (0 256 256 ) (0 0 256 ) (-256 0 256 ) (-256 256 256 ) 
4 4 9 (0 768 256 ) (0 256 256 ) (-256 256 256 ) (-256 768 256 ) 
4 4 8 (0 992 256 ) (0 768 256 ) (-256 768 256 ) (-256 992 256 ) 
4 4 5 (-256 1024 256 ) (-256 768 256 ) (-256 768 272 ) (-256 1024 272 ) 
4 4 6 (-256 256 256 ) (-256 0 256 ) (-256 0 272 ) (-256 256 272 ) 
4 5 13 (-752 992 256 ) (-752 768 256 ) (-768 768 256 ) (-768 992 256 ) 
4 5 10 (-272 992 256 ) (-272 768 256 ) (-752 768 256 ) (-752 992 256 ) 
4 5 8 (-256 992 256 ) (-256 768 256 ) (-272 768 256 ) (-272 992 256 ) 
4 5 7 (-768 1024 256 ) (-768 768 256 ) (-768 768 272 ) (-768 1024 272 ) 
4 6 21 (-256 0 272 ) (-768 0 272 ) (-768 0 256 ) (-256 0 256 ) 
4 6 15 (-256 256 256 ) (-256 0 256 ) (-768 0 256 ) (-768 256 256 ) 
4 6 7 (-768 256 256 ) (-768 0 256 ) (-768 0 272 ) (-768 256 272 ) 
4 7 21 (-768 0 272 ) (-1024 0 272 ) (-1024 0 256 ) (-768 0 256 ) 
4 7 15 (-768 256 256 ) (-768 0 256 ) (-992 0 256 ) (-992 256 256 ) 
4 7 14 (-768 992 256 ) (-768 256 256 ) (-992 256 256 ) (-992 992 256 ) 
4 8 16 (0 992 64 ) (0 768 64 ) (-256 768 64 ) (-256 992 64 ) 
4 8 10 (-272 992 64 ) (-272 768 64 ) (-272 768 256 ) (-272 992 256 ) 
4 8 9 (-256 768 64 ) (0 768 64 ) (0 768 256 ) (-256 768 256 ) 
4 9 16 (0 768 64 ) (0 256 64 ) (-256 256 64 ) (-256 768 64 ) 
4 9 15 (-256 256 64 ) (0 256 64 ) (0 256 256 ) (-256 256 256 ) 
4 10 13 (-752 992 64 ) (-752 768 64 ) (-752 768 256 ) (-752 992 256 ) 
4 11 12 (-688 272 64 ) (-640 272 64 ) (-640 272 144 ) (-688 272 144 ) 
4 12 15 (-688 256 64 ) (-640 256 64 ) (-640 256 144 ) (-688 256 144 ) 
4 13 14 (-768 992 256 ) (-768 992 64 ) (-768 768 64 ) (-768 768 256 ) 
4 14 15 (-992 256 64 ) (-768 256 64 ) (-768 256 256 ) (-992 256 256 ) 
4 15 22 (0 0 64 ) (0 0 256 ) (-992 0 256 ) (-992 0 64 ) 
4 15 16 (0 0 64 ) (-256 0 64 ) (-256 256 64 ) (0 256 64 ) 
4 16 23 (0 0 32 ) (0 0 64 ) (-256 0 64 ) (-256 0 32 ) 
4 17 21 (0 0 587.896973 ) (0 0 256 ) (0 -1024 256 ) (0 -1024 587.896973 ) 
4 17 19 (0 -992 256 ) (0 0 256 ) (992 0 256 ) (992 -992 256 ) 
4 18 20 (992 -992 32 ) (1024 -992 32 ) (1024 -992 48 ) (992 -992 48 ) 
4 18 19 (992 0 32 ) (992 -992 32 ) (992 -992 64 ) (992 0 64 ) 
4 19 23 (0 0 64 ) (0 0 32 ) (0 -992 32 ) (0 -992 64 ) 
4 19 22 (0 0 256 ) (0 0 64 ) (0 -992 64 ) (0 -992 256 ) 
4 19 20 (0 -992 32 ) (992 -992 32 ) (992 -992 48 ) (0 -992 48 ) 
4 20 24 (0 -992 32 ) (0 -1024 32 ) (0 -1024 48 ) (0 -992 48 ) 
4 21 22 (-992 0 256 ) (0 0 256 ) (0 -992 256 ) (-992 -992 256 ) 
4 22 23 (-256 0 64 ) (0 0 64 ) (0 -992 64 ) (-256 -992 64 ) 
4 23 24 (-256 -992 32 ) (0 -992 32 ) (0 -992 48 ) (-256 -992 48 ) 
