PRT1
204
495
4 0 2 (3072 2048 72 ) (3072 2048 1408 ) (3072 2560 1408 ) (3072 2560 72 ) 
4 0 1 (3072 2048 1408 ) (3072 2048 72 ) (3712 2048 72 ) (3712 2048 1408 ) 
4 1 6 (3712 1024 72 ) (3712 1024 1408 ) (3072 1024 1408 ) (3072 1024 72 ) 
4 1 4 (3072 1024 72 ) (3072 1024 1408 ) (3072 2048 1408 ) (3072 2048 72 ) 
4 2 4 (3072 2048 72 ) (3072 2048 1408 ) (2048 2048 1408 ) (2048 2048 72 ) 
4 2 3 (2048 2048 72 ) (2048 2048 1408 ) (2048 2560 1408 ) (2048 2560 72 ) 
4 3 66 (1024 2048 72 ) (1024 2048 1408 ) (1024 2560 1408 ) (1024 2560 72 ) 
4 3 5 (1024 2048 1408 ) (1024 2048 72 ) (2048 2048 72 ) (2048 2048 1408 ) 
4 4 9 (3072 1024 72 ) (3072 1024 1408 ) (2048 1024 1408 ) (2048 1024 72 ) 
4 4 5 (2048 2048 1408 ) (2048 2048 72 ) (2048 1024 72 ) (2048 1024 1408 ) 
4 5 68 (1024 1024 72 ) (1024 1024 1408 ) (1024 2048 1408 ) (1024 2048 72 ) 
4 5 14 (2048 1024 72 ) (2048 1024 1408 ) (1024 1024 1408 ) (1024 1024 72 ) 
4 6 10 (3072 512 72 ) (3072 0 72 ) (3072 0 1408 ) (3072 512 1408 ) 
4 6 9 (3072 1024 1408 ) (3072 1024 72 ) (3072 512 72 ) (3072 512 1408 ) 
4 6 7 (3712 0 1408 ) (3072 0 1408 ) (3072 0 72 ) (3712 0 72 ) 
4 7 28 (3072 -1024 72 ) (3072 -1024 1408 ) (3072 0 1408 ) (3072 0 72 ) 
4 7 8 (3072 -1024 1408 ) (3072 -1024 72 ) (3712 -1024 72 ) (3712 -1024 1408 ) 
4 8 106 (3712 -2048 72 ) (3712 -2048 1408 ) (3072 -2048 1408 ) (3072 -2048 72 ) 
4 8 44 (3072 -2048 72 ) (3072 -2048 1408 ) (3072 -1536 1408 ) (3072 -1536 72 ) 
4 8 43 (3072 -1536 1408 ) (3072 -1024 1408 ) (3072 -1024 72 ) (3072 -1536 72 ) 
4 9 14 (2048 1024 1408 ) (2048 1024 72 ) (2048 512 72 ) (2048 512 1408 ) 
4 9 12 (2048 512 768 ) (2048 512 72 ) (2112 512 72 ) (2112 512 768 ) 
4 9 11 (2112 512 1408 ) (2048 512 1408 ) (2048 512 768 ) (2112 512 768 ) 
4 9 10 (3072 512 72 ) (3072 512 1408 ) (2112 512 1408 ) (2112 512 72 ) 
4 10 28 (3072 0 72 ) (3072 0 1408 ) (2112 0 1408 ) (2112 0 72 ) 
4 10 13 (2112 448 72 ) (2112 0 72 ) (2112 0 768 ) (2112 448 768 ) 
4 10 12 (2112 512 768 ) (2112 512 72 ) (2112 448 72 ) (2112 448 768 ) 
4 10 11 (2112 512 1408 ) (2112 512 768 ) (2112 0 768 ) (2112 0 1408 ) 
4 11 29 (2112 0 768 ) (2112 0 1408 ) (2048 0 1408 ) (2048 0 768 ) 
4 11 17 (2048 0 768 ) (2048 0 1408 ) (2048 448 1408 ) (2048 448 768 ) 
4 11 15 (2048 448 1408 ) (2048 512 1408 ) (2048 512 768 ) (2048 448 768 ) 
4 11 13 (2048 0 768 ) (2048 448 768 ) (2112 448 768 ) (2112 0 768 ) 
4 11 12 (2048 448 768 ) (2048 512 768 ) (2112 512 768 ) (2112 448 768 ) 
4 12 16 (2048 448 768 ) (2048 512 768 ) (2048 512 64 ) (2048 448 64 ) 
4 12 13 (2048 448 64 ) (2112 448 64 ) (2112 448 768 ) (2048 448 768 ) 
4 13 31 (2112 0 64 ) (2112 0 320 ) (2048 0 320 ) (2048 0 64 ) 
4 13 30 (2112 0 320 ) (2112 0 768 ) (2048 0 768 ) (2048 0 320 ) 
4 13 21 (2048 0 64 ) (2048 0 256 ) (2048 448 256 ) (2048 448 64 ) 
4 13 20 (2048 0 256 ) (2048 0 320 ) (2048 448 320 ) (2048 448 256 ) 
4 13 17 (2048 0 320 ) (2048 0 768 ) (2048 448 768 ) (2048 448 320 ) 
4 14 70 (1024 1024 1408 ) (1024 1024 72 ) (1024 512 72 ) (1024 512 1408 ) 
4 14 16 (2048 512 72 ) (2048 512 768 ) (1024 512 768 ) (1024 512 72 ) 
4 14 15 (2048 512 768 ) (2048 512 1408 ) (1024 512 1408 ) (1024 512 768 ) 
4 15 71 (1024 512 1408 ) (1024 512 768 ) (1024 448 768 ) (1024 448 1408 ) 
4 15 18 (1344 448 768 ) (1856 448 768 ) (1856 448 1408 ) (1344 448 1408 ) 
4 15 17 (1856 448 768 ) (2048 448 768 ) (2048 448 1408 ) (1856 448 1408 ) 
4 15 19 (1024 448 1408 ) (1024 448 768 ) (1344 448 768 ) (1344 448 1408 ) 
4 15 16 (2048 448 768 ) (1024 448 768 ) (1024 512 768 ) (2048 512 768 ) 
4 16 72 (1024 512 768 ) (1024 512 64 ) (1024 448 64 ) (1024 448 768 ) 
4 16 26 (1024 448 320 ) (1024 448 192 ) (1152 448 192 ) (1152 448 320 ) 
4 16 24 (1344 448 192 ) (1344 448 320 ) (1152 448 320 ) (1152 448 192 ) 
4 16 21 (1856 448 64 ) (2048 448 64 ) (2048 448 256 ) (1856 448 256 ) 
4 16 20 (2048 448 256 ) (2048 448 320 ) (1856 448 320 ) (1856 448 256 ) 
4 16 18 (1856 448 384 ) (1856 448 768 ) (1344 448 768 ) (1344 448 384 ) 
4 16 17 (1856 448 320 ) (2048 448 320 ) (2048 448 768 ) (1856 448 768 ) 
4 16 19 (1024 448 768 ) (1024 448 320 ) (1344 448 320 ) (1344 448 768 ) 
4 17 33 (2048 0 320 ) (2048 0 384 ) (1856 0 384 ) (1856 0 320 ) 
4 17 32 (2048 0 384 ) (2048 0 1408 ) (1856 0 1408 ) (1856 0 384 ) 
4 17 20 (1856 448 320 ) (2048 448 320 ) (2048 0 320 ) (1856 0 320 ) 
4 17 18 (1856 0 384 ) (1856 0 1408 ) (1856 448 1408 ) (1856 448 384 ) 
4 18 32 (1856 0 1408 ) (1344 0 1408 ) (1344 0 384 ) (1856 0 384 ) 
4 18 19 (1344 0 384 ) (1344 0 1408 ) (1344 448 1408 ) (1344 448 384 ) 
4 19 73 (1024 0 320 ) (1024 0 1408 ) (1024 448 1408 ) (1024 448 320 ) 
4 19 35 (1024 0 384 ) (1024 0 320 ) (1344 0 320 ) (1344 0 384 ) 
4 19 32 (1344 0 1408 ) (1024 0 1408 ) (1024 0 384 ) (1344 0 384 ) 
4 19 26 (1024 448 320 ) (1152 448 320 ) (1152 128 320 ) (1024 128 320 ) 
4 19 27 (1152 128 320 ) (1152 0 320 ) (1024 0 320 ) (1024 128 320 ) 
4 19 24 (1152 448 320 ) (1344 448 320 ) (1344 0 320 ) (1152 0 320 ) 
4 20 36 (2048 0 256 ) (2048 0 320 ) (1856 0 320 ) (1856 0 256 ) 
4 20 21 (2048 0 256 ) (1856 0 256 ) (1856 448 256 ) (2048 448 256 ) 
4 21 37 (2048 0 64 ) (2048 0 256 ) (1856 0 256 ) (1856 0 64 ) 
4 21 22 (1856 0 256 ) (1856 384 256 ) (1856 384 64 ) (1856 0 64 ) 
4 22 23 (1792 384 64 ) (1792 0 64 ) (1792 0 256 ) (1792 384 256 ) 
4 24 38 (1344 0 320 ) (1152 0 320 ) (1152 0 192 ) (1344 0 192 ) 
4 24 26 (1152 128 320 ) (1152 448 320 ) (1152 448 192 ) (1152 128 192 ) 
4 24 27 (1152 0 320 ) (1152 128 320 ) (1152 128 192 ) (1152 0 192 ) 
4 24 25 (1152 0 192 ) (1152 256 192 ) (1344 256 192 ) (1344 0 192 ) 
4 25 38 (1152 0 192 ) (1152 0 64 ) (1344 0 64 ) (1344 0 192 ) 
5 25 27 (1152 64 64 ) (1152 0 64 ) (1152 0 192 ) (1152 128 192 ) (1152 128 106.666672 ) 
4 26 73 (1024 128 320 ) (1024 448 320 ) (1024 448 192 ) (1024 128 192 ) 
4 26 27 (1152 128 192 ) (1152 128 320 ) (1024 128 320 ) (1024 128 192 ) 
4 27 76 (1024 0 64 ) (1024 0 192 ) (1024 128 192 ) (1024 128 64 ) 
4 27 73 (1024 0 192 ) (1024 0 320 ) (1024 128 320 ) (1024 128 192 ) 
4 27 38 (1152 0 320 ) (1024 0 320 ) (1024 0 64 ) (1152 0 64 ) 
4 28 55 (2112 -1024 320 ) (2112 -1024 72 ) (2176 -1024 72 ) (2176 -1024 320 ) 
4 28 53 (2112 -1024 640 ) (2112 -1024 320 ) (2176 -1024 320 ) (2176 -1024 640 ) 
4 28 52 (2112 -1024 768 ) (2112 -1024 640 ) (2176 -1024 640 ) (2176 -1024 768 ) 
4 28 51 (2176 -1024 1408 ) (2112 -1024 1408 ) (2112 -1024 768 ) (2176 -1024 768 ) 
4 28 46 (2560 -1024 1408 ) (2176 -1024 1408 ) (2176 -1024 72 ) (2560 -1024 72 ) 
4 28 43 (3072 -1024 72 ) (3072 -1024 1408 ) (2560 -1024 1408 ) (2560 -1024 72 ) 
4 28 31 (2112 0 320 ) (2112 0 72 ) (2112 -512 72 ) (2112 -512 320 ) 
4 28 30 (2112 0 768 ) (2112 0 320 ) (2112 -1024 320 ) (2112 -1024 768 ) 
4 28 29 (2112 0 1408 ) (2112 0 768 ) (2112 -1024 768 ) (2112 -1024 1408 ) 
4 29 56 (2112 -1024 768 ) (2112 -1024 1408 ) (2048 -1024 1408 ) (2048 -1024 768 ) 
4 29 32 (2048 -1024 768 ) (2048 -1024 1408 ) (2048 0 1408 ) (2048 0 768 ) 
4 29 30 (2048 0 768 ) (2112 0 768 ) (2112 -1024 768 ) (2048 -1024 768 ) 
4 30 56 (2112 -1024 640 ) (2112 -1024 768 ) (2048 -1024 768 ) (2048 -1024 668.444397 ) 
4 30 33 (2048 -1024 320 ) (2048 -1024 384 ) (2048 0 384 ) (2048 0 320 ) 
4 30 32 (2048 -1024 384 ) (2048 -1024 768 ) (2048 0 768 ) (2048 0 384 ) 
4 30 31 (2048 0 320 ) (2112 0 320 ) (2112 -512 320 ) (2048 -512 320 ) 
4 31 39 (2048 -512 320 ) (2048 -64 320 ) (2048 -64 64 ) (2048 -512 64 ) 
4 31 37 (2048 0 256 ) (2048 0 64 ) (2048 -64 64 ) (2048 -64 256 ) 
4 31 36 (2048 -64 320 ) (2048 0 320 ) (2048 0 256 ) (2048 -64 256 ) 
4 32 83 (1024 -1024 384 ) (1024 -1024 1408 ) (1024 -512 1408 ) (1024 -512 384 ) 
4 32 82 (1024 -512 1408 ) (1024 0 1408 ) (1024 0 384 ) (1024 -512 384 ) 
3 32 61 (2048 -1024 668.444397 ) (2048 -1024 896 ) (1536 -1024 896 ) 
3 32 60 (1024 -1024 896 ) (1024 -1024 867.555603 ) (1088 -1024 896 ) 
4 32 59 (1024 -1024 1408 ) (1024 -1024 896 ) (2048 -1024 896 ) (2048 -1024 1408 ) 
4 32 62 (1024 -1024 640 ) (1024 -1024 384 ) (2048 -1024 384 ) (2048 -1024 640 ) 
4 32 34 (1856 -64 384 ) (1856 -1024 384 ) (1344 -1024 384 ) (1344 -64 384 ) 
4 32 33 (1856 0 384 ) (2048 0 384 ) (2048 -1024 384 ) (1856 -1024 384 ) 
4 32 35 (1024 0 384 ) (1344 0 384 ) (1344 -1024 384 ) (1024 -1024 384 ) 
4 33 62 (1856 -1024 320 ) (2048 -1024 320 ) (2048 -1024 384 ) (1856 -1024 384 ) 
4 33 39 (1856 -512 320 ) (1856 -64 320 ) (2048 -64 320 ) (2048 -512 320 ) 
4 33 36 (1856 -64 320 ) (1856 0 320 ) (2048 0 320 ) (2048 -64 320 ) 
4 33 34 (1856 -64 320 ) (1856 -1024 320 ) (1856 -1024 384 ) (1856 -64 384 ) 
4 34 62 (1344 -1024 320 ) (1856 -1024 320 ) (1856 -1024 384 ) (1344 -1024 384 ) 
4 34 40 (1344 -512 320 ) (1344 -64 320 ) (1600 -64 320 ) (1600 -512 320 ) 
4 34 39 (1600 -512 320 ) (1600 -64 320 ) (1856 -64 320 ) (1856 -512 320 ) 
4 34 35 (1344 -64 320 ) (1344 -1024 320 ) (1344 -1024 384 ) (1344 -64 384 ) 
4 35 83 (1024 -1024 320 ) (1024 -1024 384 ) (1024 -512 384 ) (1024 -512 320 ) 
4 35 82 (1024 -512 384 ) (1024 0 384 ) (1024 0 320 ) (1024 -512 320 ) 
4 35 62 (1024 -1024 384 ) (1024 -1024 320 ) (1344 -1024 320 ) (1344 -1024 384 ) 
4 35 40 (1024 -512 320 ) (1024 -64 320 ) (1344 -64 320 ) (1344 -512 320 ) 
4 35 38 (1024 -64 320 ) (1024 0 320 ) (1344 0 320 ) (1344 -64 320 ) 
4 36 39 (2048 -64 256 ) (2048 -64 320 ) (1856 -64 320 ) (1856 -64 256 ) 
4 36 37 (2048 -64 256 ) (1856 -64 256 ) (1856 0 256 ) (2048 0 256 ) 
4 37 39 (1856 -64 64 ) (2048 -64 64 ) (2048 -64 256 ) (1856 -64 256 ) 
4 38 82 (1024 -64 320 ) (1024 0 320 ) (1024 0 64 ) (1024 -64 64 ) 
4 38 40 (1024 -64 64 ) (1344 -64 64 ) (1344 -64 320 ) (1024 -64 320 ) 
4 39 42 (1600 -256 64 ) (1600 -64 64 ) (1856 -64 64 ) (1856 -256 64 ) 
4 39 40 (1600 -64 320 ) (1600 -64 64 ) (1600 -512 64 ) (1600 -512 320 ) 
4 40 82 (1024 -512 320 ) (1024 -64 320 ) (1024 -64 64 ) (1024 -512 64 ) 
4 40 42 (1408 -64 64 ) (1600 -64 64 ) (1600 -256 64 ) (1408 -256 64 ) 
4 40 41 (1024 -512 64 ) (1600 -512 64 ) (1600 -512 256 ) (1024 -512 256 ) 
4 41 64 (1024 -1024 256 ) (1024 -1024 64 ) (1600 -1024 64 ) (1600 -1024 256 ) 
4 43 46 (2560 -1536 72 ) (2560 -1536 1408 ) (2560 -1024 1408 ) (2560 -1024 72 ) 
4 43 45 (2560 -1536 1408 ) (2560 -1536 768 ) (2688 -1536 768 ) (2688 -1536 1408 ) 
4 43 44 (2688 -1536 72 ) (3072 -1536 72 ) (3072 -1536 1408 ) (2688 -1536 1408 ) 
4 44 109 (3072 -2048 72 ) (3072 -2048 1408 ) (2688 -2048 1408 ) (2688 -2048 72 ) 
4 44 45 (2688 -1536 1408 ) (2688 -1536 768 ) (2688 -2048 768 ) (2688 -2048 1408 ) 
4 45 110 (2688 -2048 768 ) (2688 -2048 1408 ) (2560 -2048 1408 ) (2560 -2048 768 ) 
4 45 48 (2560 -2048 768 ) (2560 -2048 1408 ) (2560 -1600 1408 ) (2560 -1600 768 ) 
4 45 47 (2560 -1600 1408 ) (2560 -1536 1408 ) (2560 -1536 768 ) (2560 -1600 768 ) 
4 46 55 (2176 -1024 320 ) (2176 -1024 72 ) (2176 -1536 72 ) (2176 -1536 320 ) 
4 46 53 (2176 -1024 640 ) (2176 -1024 320 ) (2176 -1536 320 ) (2176 -1536 640 ) 
4 46 52 (2176 -1024 768 ) (2176 -1024 640 ) (2176 -1536 640 ) (2176 -1536 768 ) 
4 46 51 (2176 -1024 1408 ) (2176 -1024 768 ) (2176 -1536 768 ) (2176 -1536 1408 ) 
4 46 47 (2176 -1536 1408 ) (2176 -1536 768 ) (2560 -1536 768 ) (2560 -1536 1408 ) 
4 47 51 (2176 -1600 768 ) (2176 -1600 1408 ) (2176 -1536 1408 ) (2176 -1536 768 ) 
4 47 48 (2176 -1600 1408 ) (2176 -1600 768 ) (2560 -1600 768 ) (2560 -1600 1408 ) 
4 48 111 (2560 -2048 768 ) (2560 -2048 1408 ) (2176 -2048 1408 ) (2176 -2048 768 ) 
4 48 51 (2176 -2048 768 ) (2176 -2048 1408 ) (2176 -1600 1408 ) (2176 -1600 768 ) 
4 49 112 (2560 -2048 320 ) (2560 -2048 704 ) (2176 -2048 704 ) (2176 -2048 320 ) 
4 49 54 (2176 -1984 640 ) (2176 -1600 640 ) (2176 -1600 320 ) (2176 -1984 320 ) 
4 49 50 (2176 -2048 320 ) (2176 -1984 320 ) (2560 -1984 320 ) (2560 -2048 320 ) 
4 50 112 (2560 -2048 308.148132 ) (2560 -2048 320 ) (2176 -2048 320 ) (2176 -2048 308.148102 ) 
4 51 113 (2176 -2048 768 ) (2176 -2048 1408 ) (2112 -2048 1408 ) (2112 -2048 768 ) 
4 51 56 (2112 -1536 1408 ) (2112 -1024 1408 ) (2112 -1024 768 ) (2112 -1536 768 ) 
4 51 57 (2112 -2048 768 ) (2112 -2048 1408 ) (2112 -1536 1408 ) (2112 -1536 768 ) 
4 51 52 (2112 -1536 768 ) (2112 -1024 768 ) (2176 -1024 768 ) (2176 -1536 768 ) 
4 52 56 (2112 -1536 768 ) (2112 -1024 768 ) (2112 -1024 640 ) (2112 -1536 640 ) 
4 52 53 (2112 -1536 640 ) (2112 -1024 640 ) (2176 -1024 640 ) (2176 -1536 640 ) 
4 53 55 (2112 -1536 320 ) (2112 -1024 320 ) (2176 -1024 320 ) (2176 -1536 320 ) 
4 54 58 (2112 -1984 640 ) (2112 -1600 640 ) (2112 -1600 320 ) (2112 -1984 320 ) 
4 56 61 (2048 -1024 896 ) (2048 -1024 668.444397 ) (2048 -1536 668.444397 ) (2048 -1536 896 ) 
4 56 59 (2048 -1024 1408 ) (2048 -1024 896 ) (2048 -1536 896 ) (2048 -1536 1408 ) 
4 56 57 (2112 -1536 640 ) (2112 -1536 1408 ) (2048 -1536 1408 ) (2048 -1536 668.444397 ) 
4 57 114 (2112 -2048 640 ) (2112 -2048 1408 ) (2048 -2048 1408 ) (2048 -2048 640 ) 
4 57 63 (2048 -1536 640 ) (2048 -2048 640 ) (2048 -2048 1408 ) (2048 -1536 1408 ) 
4 57 58 (2112 -1536 640 ) (2112 -2048 640 ) (2048 -2048 640 ) (2048 -1536 640 ) 
4 58 114 (2112 -2048 320 ) (2112 -2048 640 ) (2048 -2048 640 ) (2048 -2048 320 ) 
4 58 63 (2048 -1536 320 ) (2048 -2048 320 ) (2048 -2048 640 ) (2048 -1536 640 ) 
4 59 88 (1024 -1536 1408 ) (1024 -1024 1408 ) (1024 -1024 896 ) (1024 -1536 896 ) 
4 59 61 (2048 -1536 896 ) (1536 -1536 896 ) (1536 -1024 896 ) (2048 -1024 896 ) 
4 59 60 (1088 -1536 896 ) (1024 -1536 896 ) (1024 -1024 896 ) (1088 -1024 896 ) 
4 59 63 (2048 -1536 896 ) (2048 -1536 1408 ) (1024 -1536 1408 ) (1024 -1536 896 ) 
4 60 88 (1024 -1024 896 ) (1024 -1024 867.555603 ) (1024 -1536 867.555603 ) (1024 -1536 896 ) 
3 60 63 (1088 -1536 896 ) (1024 -1536 896 ) (1024 -1536 867.555603 ) 
3 61 63 (2048 -1536 668.444397 ) (2048 -1536 896 ) (1536 -1536 896 ) 
4 62 64 (1024 -1536 320 ) (1024 -1024 320 ) (1600 -1024 320 ) (1600 -1536 320 ) 
4 62 63 (1024 -1536 320 ) (2048 -1536 320 ) (2048 -1536 640 ) (1024 -1536 640 ) 
4 63 115 (2048 -2048 320 ) (2048 -2048 1408 ) (1024 -2048 1408 ) (1024 -2048 320 ) 
4 63 98 (1024 -2048 320 ) (1024 -2048 384 ) (1024 -1536 384 ) (1024 -1536 320 ) 
4 63 96 (1024 -2048 384 ) (1024 -2048 1408 ) (1024 -1536 1408 ) (1024 -1536 384 ) 
4 64 65 (1024 -1536 64 ) (1600 -1536 64 ) (1600 -1536 256 ) (1024 -1536 256 ) 
4 65 115 (1024 -2048 256 ) (1024 -2048 64 ) (1600 -2048 64 ) (1600 -2048 256 ) 
4 66 68 (1024 2048 72 ) (1024 2048 1408 ) (0 2048 1408 ) (0 2048 72 ) 
4 66 67 (0 2048 72 ) (0 2048 1408 ) (0 2560 1408 ) (0 2560 72 ) 
4 67 69 (-1024 2048 1408 ) (-1024 2048 72 ) (0 2048 72 ) (0 2048 1408 ) 
4 68 70 (1024 1024 72 ) (1024 1024 1408 ) (0 1024 1408 ) (0 1024 72 ) 
4 68 69 (0 2048 1408 ) (0 2048 72 ) (0 1024 72 ) (0 1024 1408 ) 
4 69 80 (0 1024 72 ) (0 1024 1408 ) (-1024 1024 1408 ) (-1024 1024 72 ) 
4 70 80 (0 1024 1408 ) (0 1024 72 ) (0 512 72 ) (0 512 1408 ) 
4 70 72 (1024 512 72 ) (1024 512 768 ) (0 512 768 ) (0 512 72 ) 
4 70 71 (1024 512 768 ) (1024 512 1408 ) (0 512 1408 ) (0 512 768 ) 
4 71 81 (0 448 768 ) (0 448 1408 ) (0 512 1408 ) (0 512 768 ) 
4 71 74 (0 448 1408 ) (0 448 768 ) (64 448 768 ) (64 448 1408 ) 
4 71 73 (64 448 768 ) (1024 448 768 ) (1024 448 1408 ) (64 448 1408 ) 
4 71 72 (1024 448 768 ) (0 448 768 ) (0 512 768 ) (1024 512 768 ) 
4 72 81 (0 512 64 ) (0 448 64 ) (0 448 768 ) (0 512 768 ) 
4 72 79 (0 448 192 ) (0 448 64 ) (64 448 64 ) (64 448 192 ) 
4 72 78 (64 448 64 ) (576 448 64 ) (576 448 192 ) (64 448 192 ) 
4 72 75 (0 448 768 ) (0 448 192 ) (64 448 192 ) (64 448 768 ) 
4 72 73 (64 448 192 ) (1024 448 192 ) (1024 448 768 ) (64 448 768 ) 
4 73 84 (512 0 1408 ) (64 0 1408 ) (64 0 192 ) (512 0 192 ) 
4 73 82 (1024 0 192 ) (1024 0 1408 ) (512 0 1408 ) (512 0 192 ) 
4 73 78 (576 0 192 ) (64 0 192 ) (64 448 192 ) (576 448 192 ) 
4 73 77 (768 0 192 ) (576 0 192 ) (576 256 192 ) (768 256 192 ) 
4 73 76 (1024 0 192 ) (768 0 192 ) (768 128 192 ) (1024 128 192 ) 
4 73 75 (64 448 192 ) (64 0 192 ) (64 0 768 ) (64 448 768 ) 
4 73 74 (64 0 768 ) (64 0 1408 ) (64 448 1408 ) (64 448 768 ) 
4 74 85 (64 0 1408 ) (0 0 1408 ) (0 0 768 ) (64 0 768 ) 
4 74 81 (0 0 768 ) (0 0 1408 ) (0 448 1408 ) (0 448 768 ) 
4 74 75 (0 0 768 ) (0 448 768 ) (64 448 768 ) (64 0 768 ) 
4 75 86 (0 0 768 ) (0 0 192 ) (64 0 192 ) (64 0 768 ) 
4 75 81 (0 0 192 ) (0 0 768 ) (0 448 768 ) (0 448 192 ) 
4 75 79 (64 0 192 ) (0 0 192 ) (0 448 192 ) (64 448 192 ) 
4 76 82 (1024 0 64 ) (1024 0 192 ) (768 0 192 ) (768 0 64 ) 
5 76 77 (768 0 192 ) (768 128 192 ) (768 128 106.666664 ) (768 64 64 ) (768 0 64 ) 
4 77 82 (768 0 192 ) (576 0 192 ) (576 0 64 ) (768 0 64 ) 
4 77 78 (576 0 192 ) (576 256 192 ) (576 64 64 ) (576 0 64 ) 
4 78 84 (512 0 192 ) (64 0 192 ) (64 0 64 ) (512 0 64 ) 
4 78 82 (576 0 192 ) (512 0 192 ) (512 0 64 ) (576 0 64 ) 
4 78 79 (64 0 192 ) (64 448 192 ) (64 448 64 ) (64 0 64 ) 
4 79 86 (64 0 192 ) (0 0 192 ) (0 0 64 ) (64 0 64 ) 
4 79 81 (0 448 64 ) (0 0 64 ) (0 0 192 ) (0 448 192 ) 
4 80 81 (0 512 72 ) (0 512 1408 ) (-1024 512 1408 ) (-1024 512 72 ) 
4 81 87 (0 0 64 ) (0 0 1408 ) (-1024 0 1408 ) (-1024 0 64 ) 
4 82 84 (512 0 64 ) (512 -512 64 ) (512 -512 1408 ) (512 0 1408 ) 
4 82 83 (512 -512 1408 ) (512 -512 320 ) (1024 -512 320 ) (1024 -512 1408 ) 
4 83 91 (960 -1024 640 ) (576 -1024 640 ) (576 -1024 320 ) (960 -1024 320 ) 
4 83 88 (1024 -1024 867.555542 ) (1024 -1024 1408 ) (512 -1024 1408 ) (512 -1024 640 ) 
4 83 84 (512 -1024 320 ) (512 -1024 1408 ) (512 -512 1408 ) (512 -512 320 ) 
4 84 94 (64 -1024 320 ) (64 -1024 64 ) (512 -1024 64 ) (512 -1024 320 ) 
4 84 92 (64 -1024 640 ) (64 -1024 320 ) (512 -1024 320 ) (512 -1024 640 ) 
4 84 88 (512 -1024 1408 ) (64 -1024 1408 ) (64 -1024 640 ) (512 -1024 640 ) 
4 84 86 (64 0 64 ) (64 -1024 64 ) (64 -1024 768 ) (64 0 768 ) 
4 84 85 (64 -1024 768 ) (64 -1024 1408 ) (64 0 1408 ) (64 0 768 ) 
4 85 89 (64 -1024 1408 ) (0 -1024 1408 ) (0 -1024 768 ) (64 -1024 768 ) 
4 85 87 (0 -1024 768 ) (0 -1024 1408 ) (0 0 1408 ) (0 0 768 ) 
4 85 86 (0 0 768 ) (64 0 768 ) (64 -1024 768 ) (0 -1024 768 ) 
4 86 95 (0 -1024 320 ) (0 -1024 64 ) (64 -1024 64 ) (64 -1024 320 ) 
4 86 93 (0 -1024 640 ) (0 -1024 320 ) (64 -1024 320 ) (64 -1024 640 ) 
4 86 90 (0 -1024 768 ) (0 -1024 640 ) (64 -1024 640 ) (64 -1024 768 ) 
4 86 87 (0 -1024 64 ) (0 -1024 768 ) (0 0 768 ) (0 0 64 ) 
4 87 103 (-640 -1024 64 ) (-128 -1024 64 ) (-128 -1024 1408 ) (-640 -1024 1408 ) 
4 87 105 (-1024 -1024 1408 ) (-1024 -1024 64 ) (-640 -1024 64 ) (-640 -1024 1408 ) 
4 87 102 (-128 -1024 64 ) (0 -1024 64 ) (0 -1024 384 ) (-128 -1024 384 ) 
4 87 101 (0 -1024 384 ) (0 -1024 768 ) (-128 -1024 768 ) (-128 -1024 384 ) 
4 87 100 (0 -1024 768 ) (0 -1024 1408 ) (-128 -1024 1408 ) (-128 -1024 768 ) 
5 88 96 (64 -1536 640 ) (512 -1536 640 ) (1024 -1536 867.555542 ) (1024 -1536 1408 ) (64 -1536 1408 ) 
4 88 92 (512 -1536 640 ) (64 -1536 640 ) (64 -1024 640 ) (512 -1024 640 ) 
4 88 90 (64 -1024 640 ) (64 -1536 640 ) (64 -1536 768 ) (64 -1024 768 ) 
4 88 89 (64 -1536 768 ) (64 -1536 1408 ) (64 -1024 1408 ) (64 -1024 768 ) 
4 89 100 (0 -1024 1408 ) (0 -1024 768 ) (0 -1536 768 ) (0 -1536 1408 ) 
4 89 97 (0 -1536 1408 ) (0 -1536 768 ) (64 -1536 768 ) (64 -1536 1408 ) 
4 89 90 (64 -1024 768 ) (64 -1536 768 ) (0 -1536 768 ) (0 -1024 768 ) 
4 90 101 (0 -1024 768 ) (0 -1024 640 ) (0 -1536 640 ) (0 -1536 768 ) 
4 90 93 (64 -1536 640 ) (0 -1536 640 ) (0 -1024 640 ) (64 -1024 640 ) 
4 91 98 (576 -1536 320 ) (960 -1536 320 ) (960 -1536 384 ) (576 -1536 384 ) 
4 91 96 (960 -1536 384 ) (960 -1536 640 ) (576 -1536 640 ) (576 -1536 384 ) 
4 92 99 (64 -1536 320 ) (512 -1536 320 ) (512 -1536 384 ) (64 -1536 384 ) 
4 92 96 (512 -1536 384 ) (512 -1536 640 ) (64 -1536 640 ) (64 -1536 384 ) 
4 92 94 (512 -1536 320 ) (64 -1536 320 ) (64 -1024 320 ) (512 -1024 320 ) 
4 92 93 (64 -1024 320 ) (64 -1536 320 ) (64 -1536 640 ) (64 -1024 640 ) 
4 93 102 (0 -1024 384 ) (0 -1024 320 ) (0 -1536 320 ) (0 -1536 384 ) 
4 93 101 (0 -1024 640 ) (0 -1024 384 ) (0 -1536 384 ) (0 -1536 640 ) 
4 93 95 (64 -1536 320 ) (0 -1536 320 ) (0 -1024 320 ) (64 -1024 320 ) 
4 94 99 (64 -1536 64 ) (512 -1536 64 ) (512 -1536 320 ) (64 -1536 320 ) 
4 94 95 (64 -1024 64 ) (64 -1536 64 ) (64 -1536 320 ) (64 -1024 320 ) 
4 95 102 (0 -1024 320 ) (0 -1024 64 ) (0 -1536 64 ) (0 -1536 320 ) 
4 96 169 (1024 -2048 384 ) (1024 -2048 768 ) (64 -2048 768 ) (64 -2048 384 ) 
4 96 168 (1024 -2048 768 ) (1024 -2048 1408 ) (64 -2048 1408 ) (64 -2048 768 ) 
4 96 98 (1024 -2048 384 ) (512 -2048 384 ) (512 -1536 384 ) (1024 -1536 384 ) 
4 96 99 (512 -2048 384 ) (64 -2048 384 ) (64 -1536 384 ) (512 -1536 384 ) 
4 96 97 (64 -2048 768 ) (64 -2048 1408 ) (64 -1536 1408 ) (64 -1536 768 ) 
4 97 168 (64 -2048 1408 ) (0 -2048 1408 ) (0 -2048 768 ) (64 -2048 768 ) 
4 97 100 (0 -2048 768 ) (0 -2048 1408 ) (0 -1536 1408 ) (0 -1536 768 ) 
4 98 170 (1024 -2048 320 ) (1024 -2048 384 ) (512 -2048 384 ) (512 -2048 320 ) 
4 98 99 (512 -2048 384 ) (512 -1536 384 ) (512 -1536 320 ) (512 -2048 320 ) 
4 99 170 (512 -2048 384 ) (64 -2048 384 ) (64 -2048 64 ) (512 -2048 64 ) 
4 100 172 (0 -2048 768 ) (0 -2048 1408 ) (-128 -2048 1408 ) (-128 -2048 768 ) 
4 100 104 (-128 -1536 768 ) (-128 -2048 768 ) (-128 -2048 1408 ) (-128 -1536 1408 ) 
4 100 103 (-128 -1024 1408 ) (-128 -1024 768 ) (-128 -1536 768 ) (-128 -1536 1408 ) 
4 100 101 (-128 -1536 768 ) (-128 -1024 768 ) (0 -1024 768 ) (0 -1536 768 ) 
4 101 103 (-128 -1024 768 ) (-128 -1024 384 ) (-128 -1536 384 ) (-128 -1536 768 ) 
4 101 102 (-128 -1536 384 ) (-128 -1024 384 ) (0 -1024 384 ) (0 -1536 384 ) 
4 102 103 (-128 -1024 384 ) (-128 -1024 64 ) (-128 -1536 64 ) (-128 -1536 384 ) 
4 103 104 (-640 -1536 1408 ) (-640 -1536 768 ) (-128 -1536 768 ) (-128 -1536 1408 ) 
4 103 105 (-640 -1024 64 ) (-640 -1536 64 ) (-640 -1536 1408 ) (-640 -1024 1408 ) 
4 104 174 (-128 -2048 768 ) (-128 -2048 1408 ) (-640 -2048 1408 ) (-640 -2048 768 ) 
4 104 105 (-640 -2048 768 ) (-640 -2048 1408 ) (-640 -1536 1408 ) (-640 -1536 768 ) 
4 105 175 (-1024 -2048 768 ) (-1024 -2048 64 ) (-640 -2048 64 ) (-640 -2048 768 ) 
4 105 174 (-1024 -2048 1408 ) (-1024 -2048 768 ) (-640 -2048 768 ) (-640 -2048 1408 ) 
4 106 109 (3072 -2048 1408 ) (3072 -2048 72 ) (3072 -3072 72 ) (3072 -3072 1408 ) 
4 106 107 (3712 -3072 72 ) (3712 -3072 1408 ) (3072 -3072 1408 ) (3072 -3072 72 ) 
4 107 116 (3072 -4096 72 ) (3072 -4096 1408 ) (3072 -3072 1408 ) (3072 -3072 72 ) 
4 107 108 (3072 -4096 1408 ) (3072 -4096 72 ) (3712 -4096 72 ) (3712 -4096 1408 ) 
4 108 133 (3584 -5120 1408 ) (3072 -5120 1408 ) (3072 -5120 768 ) (3584 -5120 768 ) 
4 108 132 (3712 -5120 768 ) (3712 -5120 1408 ) (3584 -5120 1408 ) (3584 -5120 768 ) 
4 108 126 (3072 -5120 72 ) (3072 -5120 768 ) (3072 -4096 768 ) (3072 -4096 72 ) 
4 108 125 (3072 -5120 768 ) (3072 -5120 1408 ) (3072 -4096 1408 ) (3072 -4096 768 ) 
4 109 116 (3072 -3072 72 ) (3072 -3072 1408 ) (2688 -3072 1408 ) (2688 -3072 72 ) 
4 109 110 (2688 -3072 768 ) (2688 -3072 1408 ) (2688 -2048 1408 ) (2688 -2048 768 ) 
4 110 117 (2688 -3072 768 ) (2688 -3072 1408 ) (2560 -3072 1408 ) (2560 -3072 768 ) 
4 110 111 (2560 -2048 1408 ) (2560 -2048 768 ) (2560 -3072 768 ) (2560 -3072 1408 ) 
4 111 118 (2560 -3072 768 ) (2560 -3072 1408 ) (2176 -3072 1408 ) (2176 -3072 768 ) 
4 111 113 (2176 -3072 768 ) (2176 -3072 1408 ) (2176 -2048 1408 ) (2176 -2048 768 ) 
4 112 119 (2560 -3072 118.518509 ) (2560 -3072 704 ) (2176 -3072 704 ) (2176 -3072 118.518555 ) 
4 113 118 (2176 -3072 768 ) (2176 -3072 1408 ) (2112 -3072 1408 ) (2112 -3072 768 ) 
4 113 114 (2112 -2048 1408 ) (2112 -2048 768 ) (2112 -3072 768 ) (2112 -3072 1408 ) 
4 114 118 (2112 -3072 768 ) (2112 -3072 1408 ) (2048 -3072 1408 ) (2048 -3072 768 ) 
4 114 115 (2048 -2048 1408 ) (2048 -2048 64 ) (2048 -3072 64 ) (2048 -3072 1408 ) 
4 115 170 (1024 -2048 384 ) (1024 -2048 64 ) (1024 -3072 64 ) (1024 -3072 384 ) 
4 115 169 (1024 -2048 768 ) (1024 -2048 384 ) (1024 -3072 384 ) (1024 -3072 768 ) 
4 115 168 (1024 -2048 1408 ) (1024 -2048 768 ) (1024 -3072 768 ) (1024 -3072 1408 ) 
4 115 122 (1216 -3072 384 ) (1024 -3072 384 ) (1024 -3072 64 ) (1216 -3072 64 ) 
4 115 121 (2048 -3072 768 ) (2048 -3072 1408 ) (1024 -3072 1408 ) (1024 -3072 768 ) 
4 116 126 (3072 -4096 72 ) (3072 -4096 768 ) (2688 -4096 768 ) (2688 -4096 72 ) 
4 116 125 (3072 -4096 768 ) (3072 -4096 1408 ) (2688 -4096 1408 ) (2688 -4096 768 ) 
4 116 117 (2688 -4096 768 ) (2688 -4096 1408 ) (2688 -3072 1408 ) (2688 -3072 768 ) 
4 117 125 (2688 -4096 768 ) (2688 -4096 1408 ) (2560 -4096 1408 ) (2560 -4096 768 ) 
4 117 118 (2560 -3072 1408 ) (2560 -3072 768 ) (2560 -4096 768 ) (2560 -4096 1408 ) 
4 118 125 (2560 -4096 768 ) (2560 -4096 1408 ) (2048 -4096 1408 ) (2048 -4096 768 ) 
4 118 123 (2048 -4096 768 ) (2048 -4096 1408 ) (2048 -3712 1408 ) (2048 -3712 768 ) 
4 118 121 (2048 -3712 1408 ) (2048 -3072 1408 ) (2048 -3072 768 ) (2048 -3712 768 ) 
4 119 120 (2176 -3712 64 ) (2560 -3712 64 ) (2560 -3712 704 ) (2176 -3712 704 ) 
4 120 124 (2048 -4096 64 ) (2048 -4096 704 ) (2048 -3712 704 ) (2048 -3712 64 ) 
4 121 178 (1024 -3072 1408 ) (1024 -3072 768 ) (1024 -3712 768 ) (1024 -3712 1408 ) 
4 121 123 (2048 -3712 768 ) (2048 -3712 1408 ) (1024 -3712 1408 ) (1024 -3712 768 ) 
4 122 179 (1024 -3072 384 ) (1024 -3072 64 ) (1024 -3712 64 ) (1024 -3712 384 ) 
4 122 124 (1024 -3712 64 ) (1216 -3712 64 ) (1216 -3712 384 ) (1024 -3712 384 ) 
4 123 180 (1024 -4096 768 ) (1024 -4096 1408 ) (1024 -3712 1408 ) (1024 -3712 768 ) 
4 123 128 (1024 -4096 1408 ) (1024 -4096 768 ) (2048 -4096 768 ) (2048 -4096 1408 ) 
4 124 181 (1024 -4096 64 ) (1024 -4096 704 ) (1024 -3712 704 ) (1024 -3712 64 ) 
4 124 130 (1024 -4096 384 ) (1024 -4096 64 ) (1216 -4096 64 ) (1216 -4096 384 ) 
4 125 152 (2688 -5120 1408 ) (2048 -5120 1408 ) (2048 -5120 768 ) (2688 -5120 768 ) 
4 125 146 (3072 -5120 768 ) (3072 -5120 1408 ) (2688 -5120 1408 ) (2688 -5120 768 ) 
4 125 128 (2048 -4096 1408 ) (2048 -4096 768 ) (2048 -5120 768 ) (2048 -5120 1408 ) 
4 125 127 (2048 -5120 768 ) (2048 -4160 768 ) (2560 -4160 768 ) (2560 -5120 768 ) 
4 125 126 (2688 -4096 768 ) (3072 -4096 768 ) (3072 -5120 768 ) (2688 -5120 768 ) 
4 127 154 (2560 -5120 768 ) (2048 -5120 768 ) (2048 -5120 64 ) (2560 -5120 64 ) 
4 127 129 (2048 -4160 64 ) (2048 -5120 64 ) (2048 -5120 768 ) (2048 -4160 768 ) 
4 128 186 (1024 -5120 768 ) (1024 -5120 1408 ) (1024 -4096 1408 ) (1024 -4096 768 ) 
4 128 155 (2048 -5120 768 ) (2048 -5120 1408 ) (1024 -5120 1408 ) (1024 -5120 768 ) 
4 128 131 (1216 -5120 768 ) (1024 -5120 768 ) (1024 -4160 768 ) (1216 -4160 768 ) 
4 128 129 (2048 -5120 768 ) (1216 -5120 768 ) (1216 -4160 768 ) (2048 -4160 768 ) 
4 129 155 (2048 -5120 64 ) (2048 -5120 768 ) (1216 -5120 768 ) (1216 -5120 64 ) 
4 129 131 (1216 -4160 64 ) (1216 -5120 64 ) (1216 -5120 768 ) (1216 -4160 768 ) 
4 130 187 (1024 -4096 384 ) (1024 -4096 64 ) (1024 -4160 64 ) (1024 -4160 384 ) 
4 130 131 (1024 -4160 64 ) (1216 -4160 64 ) (1216 -4160 384 ) (1024 -4160 384 ) 
4 131 188 (1024 -5120 64 ) (1024 -5120 768 ) (1024 -4160 768 ) (1024 -4160 64 ) 
4 131 155 (1216 -5120 768 ) (1024 -5120 768 ) (1024 -5120 64 ) (1216 -5120 64 ) 
4 132 139 (3712 -6144 1408 ) (3584 -6144 1408 ) (3584 -6144 768 ) (3712 -6144 768 ) 
4 132 135 (3584 -6144 768 ) (3584 -6144 1408 ) (3584 -5312 1408 ) (3584 -5312 768 ) 
4 132 133 (3584 -5248 1408 ) (3584 -5120 1408 ) (3584 -5120 768 ) (3584 -5248 768 ) 
4 132 134 (3584 -5312 1408 ) (3584 -5248 1408 ) (3584 -5248 768 ) (3584 -5312 768 ) 
4 133 146 (3072 -5248 1408 ) (3072 -5120 1408 ) (3072 -5120 768 ) (3072 -5248 768 ) 
4 133 134 (3584 -5248 768 ) (3584 -5248 1408 ) (3072 -5248 1408 ) (3072 -5248 768 ) 
4 134 149 (3072 -5248 320 ) (3072 -5248 64 ) (3072 -5312 64 ) (3072 -5312 320 ) 
4 134 147 (3072 -5312 1408 ) (3072 -5248 1408 ) (3072 -5248 320 ) (3072 -5312 320 ) 
4 134 137 (3520 -5312 64 ) (3584 -5312 64 ) (3584 -5312 320 ) (3520 -5312 320 ) 
4 134 136 (3520 -5312 1408 ) (3072 -5312 1408 ) (3072 -5312 384 ) (3520 -5312 384 ) 
4 134 135 (3584 -5312 320 ) (3584 -5312 1408 ) (3520 -5312 1408 ) (3520 -5312 320 ) 
4 135 140 (3584 -6144 1408 ) (3520 -6144 1408 ) (3520 -6144 320 ) (3584 -6144 320 ) 
4 135 137 (3520 -5312 320 ) (3584 -5312 320 ) (3584 -6144 320 ) (3520 -6144 320 ) 
4 135 136 (3520 -5312 1408 ) (3520 -5312 384 ) (3520 -6144 384 ) (3520 -6144 1408 ) 
4 136 148 (3072 -6144 384 ) (3072 -6144 1408 ) (3072 -5312 1408 ) (3072 -5312 384 ) 
4 136 141 (3520 -6144 1408 ) (3072 -6144 1408 ) (3072 -6144 384 ) (3520 -6144 384 ) 
4 137 140 (3520 -6144 64 ) (3584 -6144 64 ) (3584 -6144 320 ) (3520 -6144 320 ) 
4 138 150 (3072 -6144 64 ) (3072 -6144 320 ) (3072 -5376 320 ) (3072 -5376 64 ) 
4 138 144 (3072 -6144 320 ) (3072 -6144 64 ) (3456 -6144 64 ) (3456 -6144 320 ) 
4 139 165 (3712 -7168 1408 ) (3584 -7168 1408 ) (3584 -7168 768 ) (3712 -7168 768 ) 
4 139 140 (3584 -7168 768 ) (3584 -7168 1408 ) (3584 -6144 1408 ) (3584 -6144 768 ) 
4 140 165 (3584 -7168 1408 ) (3520 -7168 1408 ) (3520 -7168 768 ) (3584 -7168 768 ) 
4 140 143 (3520 -7104 64 ) (3520 -7168 64 ) (3520 -7168 320 ) (3520 -7104 320 ) 
4 140 141 (3520 -7104 1408 ) (3520 -6144 1408 ) (3520 -6144 384 ) (3520 -7104 384 ) 
4 140 142 (3520 -7168 320 ) (3520 -7168 1408 ) (3520 -7104 1408 ) (3520 -7104 320 ) 
4 141 156 (3072 -7104 1408 ) (3072 -6144 1408 ) (3072 -6144 384 ) (3072 -7104 384 ) 
4 141 142 (3520 -7104 384 ) (3520 -7104 1408 ) (3072 -7104 1408 ) (3072 -7104 384 ) 
4 142 165 (3520 -7168 1408 ) (3072 -7168 1408 ) (3072 -7168 768 ) (3520 -7168 768 ) 
4 142 157 (3072 -7168 320 ) (3072 -7168 384 ) (3072 -7104 384 ) (3072 -7104 320 ) 
4 142 156 (3072 -7168 384 ) (3072 -7168 1408 ) (3072 -7104 1408 ) (3072 -7104 384 ) 
4 142 145 (3072 -7168 320 ) (3072 -7104 320 ) (3456 -7104 320 ) (3456 -7168 320 ) 
4 142 143 (3456 -7104 320 ) (3520 -7104 320 ) (3520 -7168 320 ) (3456 -7168 320 ) 
4 143 145 (3456 -7104 64 ) (3456 -7168 64 ) (3456 -7168 320 ) (3456 -7104 320 ) 
4 144 159 (3072 -7040 320 ) (3072 -6144 320 ) (3072 -6144 64 ) (3072 -7040 64 ) 
4 145 160 (3072 -7168 64 ) (3072 -7168 320 ) (3072 -7104 320 ) (3072 -7104 64 ) 
4 146 152 (2688 -5248 1408 ) (2688 -5120 1408 ) (2688 -5120 768 ) (2688 -5248 768 ) 
4 146 147 (3072 -5248 768 ) (3072 -5248 1408 ) (2688 -5248 1408 ) (2688 -5248 768 ) 
4 147 153 (2688 -5248 768 ) (2688 -5248 320 ) (2688 -5312 320 ) (2688 -5312 768 ) 
4 147 152 (2688 -5312 1408 ) (2688 -5248 1408 ) (2688 -5248 768 ) (2688 -5312 768 ) 
4 147 149 (2688 -5312 320 ) (2688 -5248 320 ) (3072 -5248 320 ) (3072 -5312 320 ) 
4 147 148 (3072 -5312 384 ) (3072 -5312 1408 ) (2688 -5312 1408 ) (2688 -5312 384 ) 
4 148 156 (3072 -6144 384 ) (3072 -6144 1408 ) (2688 -6144 1408 ) (2688 -6144 384 ) 
4 148 153 (2688 -6144 384 ) (2688 -6144 768 ) (2688 -5312 768 ) (2688 -5312 384 ) 
4 148 152 (2688 -6144 768 ) (2688 -6144 1408 ) (2688 -5312 1408 ) (2688 -5312 768 ) 
4 149 153 (2688 -5248 64 ) (2688 -5312 64 ) (2688 -5312 320 ) (2688 -5248 320 ) 
4 150 159 (3072 -6144 64 ) (3072 -6144 320 ) (2752 -6144 320 ) (2752 -6144 64 ) 
4 150 151 (2752 -6016 64 ) (2752 -6144 64 ) (2752 -6144 320 ) (2752 -6016 320 ) 
4 151 161 (2752 -6144 320 ) (2688 -6144 320 ) (2688 -6144 64 ) (2752 -6144 64 ) 
4 151 153 (2688 -6016 64 ) (2688 -6144 64 ) (2688 -6144 320 ) (2688 -6016 320 ) 
4 152 156 (2048 -6144 1408 ) (2048 -6144 768 ) (2688 -6144 768 ) (2688 -6144 1408 ) 
4 152 155 (2048 -6144 768 ) (2048 -6144 1408 ) (2048 -5120 1408 ) (2048 -5120 768 ) 
4 152 153 (2688 -5248 768 ) (2688 -6144 768 ) (2560 -6144 768 ) (2560 -5248 768 ) 
4 152 154 (2048 -5120 768 ) (2560 -5120 768 ) (2560 -6144 768 ) (2048 -6144 768 ) 
4 153 163 (2560 -6144 64 ) (2688 -6144 64 ) (2688 -6144 320 ) (2560 -6144 320 ) 
4 153 158 (2688 -6144 320 ) (2688 -6144 384 ) (2560 -6144 384 ) (2560 -6144 320 ) 
4 153 156 (2688 -6144 384 ) (2688 -6144 768 ) (2560 -6144 768 ) (2560 -6144 384 ) 
4 153 154 (2560 -5248 64 ) (2560 -6144 64 ) (2560 -6144 768 ) (2560 -5248 768 ) 
4 154 163 (2048 -6144 320 ) (2048 -6144 64 ) (2560 -6144 64 ) (2560 -6144 320 ) 
4 154 158 (2048 -6144 384 ) (2048 -6144 320 ) (2560 -6144 320 ) (2560 -6144 384 ) 
4 154 156 (2048 -6144 768 ) (2048 -6144 384 ) (2560 -6144 384 ) (2560 -6144 768 ) 
4 154 155 (2048 -6144 64 ) (2048 -6144 768 ) (2048 -5120 768 ) (2048 -5120 64 ) 
4 155 193 (1024 -6144 64 ) (1024 -6144 1408 ) (1024 -5120 1408 ) (1024 -5120 64 ) 
4 155 164 (1024 -6144 1408 ) (1024 -6144 64 ) (2048 -6144 64 ) (2048 -6144 1408 ) 
4 156 166 (3072 -7168 768 ) (3072 -7168 1408 ) (2048 -7168 1408 ) (2048 -7168 768 ) 
4 156 164 (2048 -6144 1408 ) (2048 -6144 384 ) (2048 -7168 384 ) (2048 -7168 1408 ) 
4 156 157 (3072 -7104 384 ) (3072 -7168 384 ) (2688 -7168 384 ) (2688 -7104 384 ) 
4 156 158 (2048 -6144 384 ) (2688 -6144 384 ) (2688 -7168 384 ) (2048 -7168 384 ) 
4 157 162 (2752 -7168 320 ) (2688 -7168 320 ) (2688 -7104 320 ) (2752 -7104 320 ) 
4 157 160 (3072 -7168 320 ) (2752 -7168 320 ) (2752 -7104 320 ) (3072 -7104 320 ) 
4 157 158 (2688 -7104 320 ) (2688 -7168 320 ) (2688 -7168 384 ) (2688 -7104 384 ) 
4 158 164 (2048 -6144 384 ) (2048 -6144 320 ) (2048 -7168 320 ) (2048 -7168 384 ) 
4 158 163 (2688 -7168 320 ) (2048 -7168 320 ) (2048 -6144 320 ) (2688 -6144 320 ) 
4 159 161 (2752 -6144 64 ) (2752 -6400 64 ) (2752 -6400 320 ) (2752 -6144 320 ) 
4 160 162 (2752 -7104 64 ) (2752 -7168 64 ) (2752 -7168 320 ) (2752 -7104 320 ) 
4 161 163 (2688 -6144 64 ) (2688 -6400 64 ) (2688 -6400 320 ) (2688 -6144 320 ) 
4 162 163 (2688 -7104 64 ) (2688 -7168 64 ) (2688 -7168 320 ) (2688 -7104 320 ) 
4 163 164 (2048 -6144 320 ) (2048 -6144 64 ) (2048 -7168 64 ) (2048 -7168 320 ) 
4 164 197 (1024 -7168 64 ) (1024 -7168 1408 ) (1024 -6144 1408 ) (1024 -6144 64 ) 
4 164 167 (1024 -7168 1408 ) (1024 -7168 768 ) (2048 -7168 768 ) (2048 -7168 1408 ) 
4 165 166 (3072 -7168 1408 ) (3072 -7168 768 ) (3072 -7296 768 ) (3072 -7296 1408 ) 
4 166 167 (2048 -7168 1408 ) (2048 -7168 768 ) (2048 -7296 768 ) (2048 -7296 1408 ) 
4 167 201 (1024 -7296 768 ) (1024 -7296 1408 ) (1024 -7168 1408 ) (1024 -7168 768 ) 
4 168 178 (1024 -3072 768 ) (1024 -3072 1408 ) (0 -3072 1408 ) (0 -3072 768 ) 
4 168 172 (0 -2048 1408 ) (0 -2048 768 ) (0 -3072 768 ) (0 -3072 1408 ) 
4 168 169 (1024 -3072 768 ) (64 -3072 768 ) (64 -2048 768 ) (1024 -2048 768 ) 
4 169 170 (64 -2048 384 ) (1024 -2048 384 ) (1024 -3072 384 ) (64 -3072 384 ) 
4 170 179 (1024 -3072 64 ) (1024 -3072 384 ) (832 -3072 384 ) (832 -3072 64 ) 
4 170 171 (64 -2496 64 ) (64 -2880 64 ) (64 -2880 384 ) (64 -2496 384 ) 
4 171 173 (0 -2496 64 ) (0 -2880 64 ) (0 -2880 384 ) (0 -2496 384 ) 
4 172 182 (0 -3072 768 ) (0 -3072 1408 ) (-128 -3072 1408 ) (-128 -3072 768 ) 
4 172 174 (-128 -2048 1408 ) (-128 -2048 768 ) (-128 -3072 768 ) (-128 -3072 1408 ) 
4 173 176 (-128 -2496 64 ) (-128 -2880 64 ) (-128 -2880 384 ) (-128 -2496 384 ) 
4 174 182 (-1024 -3072 1408 ) (-1024 -3072 768 ) (-128 -3072 768 ) (-128 -3072 1408 ) 
4 174 177 (-640 -3072 768 ) (-1024 -3072 768 ) (-1024 -2496 768 ) (-640 -2496 768 ) 
4 174 175 (-1024 -2048 768 ) (-640 -2048 768 ) (-640 -2496 768 ) (-1024 -2496 768 ) 
4 175 177 (-1024 -2496 64 ) (-640 -2496 64 ) (-640 -2496 768 ) (-1024 -2496 768 ) 
4 176 184 (-512 -3072 64 ) (-128 -3072 64 ) (-128 -3072 704 ) (-512 -3072 704 ) 
4 177 185 (-1024 -3072 768 ) (-1024 -3072 64 ) (-640 -3072 64 ) (-640 -3072 768 ) 
4 178 182 (0 -3072 1408 ) (0 -3072 768 ) (0 -3712 768 ) (0 -3712 1408 ) 
4 178 180 (0 -3712 1408 ) (0 -3712 768 ) (1024 -3712 768 ) (1024 -3712 1408 ) 
4 179 181 (832 -3712 64 ) (1024 -3712 64 ) (1024 -3712 384 ) (832 -3712 384 ) 
4 180 186 (1024 -4096 768 ) (1024 -4096 1408 ) (0 -4096 1408 ) (0 -4096 768 ) 
4 180 182 (0 -4096 768 ) (0 -4096 1408 ) (0 -3712 1408 ) (0 -3712 768 ) 
4 181 187 (1024 -4096 64 ) (1024 -4096 384 ) (832 -4096 384 ) (832 -4096 64 ) 
4 181 183 (0 -4096 64 ) (0 -4096 704 ) (0 -3712 704 ) (0 -3712 64 ) 
4 182 190 (-1024 -4096 1408 ) (-1024 -4096 768 ) (0 -4096 768 ) (0 -4096 1408 ) 
4 182 185 (-640 -4096 768 ) (-1024 -4096 768 ) (-1024 -3072 768 ) (-640 -3072 768 ) 
4 183 184 (-128 -3712 64 ) (-128 -4096 64 ) (-128 -4096 704 ) (-128 -3712 704 ) 
4 185 192 (-1024 -4096 768 ) (-1024 -4096 64 ) (-640 -4096 64 ) (-640 -4096 768 ) 
4 186 193 (1024 -5120 768 ) (1024 -5120 1408 ) (0 -5120 1408 ) (0 -5120 768 ) 
4 186 190 (0 -4096 1408 ) (0 -4096 768 ) (0 -5120 768 ) (0 -5120 1408 ) 
4 186 189 (832 -5120 768 ) (0 -5120 768 ) (0 -4160 768 ) (832 -4160 768 ) 
4 186 188 (1024 -5120 768 ) (832 -5120 768 ) (832 -4160 768 ) (1024 -4160 768 ) 
4 187 188 (832 -4160 384 ) (832 -4160 64 ) (1024 -4160 64 ) (1024 -4160 384 ) 
4 188 193 (1024 -5120 64 ) (1024 -5120 768 ) (832 -5120 768 ) (832 -5120 64 ) 
4 188 189 (832 -4160 64 ) (832 -5120 64 ) (832 -5120 768 ) (832 -4160 768 ) 
4 189 193 (832 -5120 768 ) (0 -5120 768 ) (0 -5120 64 ) (832 -5120 64 ) 
4 189 191 (0 -4160 64 ) (0 -5120 64 ) (0 -5120 768 ) (0 -4160 768 ) 
4 190 194 (0 -5120 768 ) (0 -5120 1408 ) (-1024 -5120 1408 ) (-1024 -5120 768 ) 
4 190 192 (-640 -5120 768 ) (-1024 -5120 768 ) (-1024 -4096 768 ) (-640 -4096 768 ) 
4 190 191 (0 -5120 768 ) (-512 -5120 768 ) (-512 -4160 768 ) (0 -4160 768 ) 
4 191 195 (0 -5120 64 ) (0 -5120 768 ) (-512 -5120 768 ) (-512 -5120 64 ) 
4 192 196 (-640 -5120 768 ) (-1024 -5120 768 ) (-1024 -5120 64 ) (-640 -5120 64 ) 
4 193 197 (1024 -6144 64 ) (1024 -6144 1408 ) (0 -6144 1408 ) (0 -6144 64 ) 
4 193 195 (0 -6144 64 ) (0 -6144 768 ) (0 -5120 768 ) (0 -5120 64 ) 
4 193 194 (0 -6144 768 ) (0 -6144 1408 ) (0 -5120 1408 ) (0 -5120 768 ) 
4 194 198 (0 -6144 768 ) (0 -6144 1408 ) (-1024 -6144 1408 ) (-1024 -6144 768 ) 
4 194 195 (0 -6144 768 ) (-512 -6144 768 ) (-512 -5120 768 ) (0 -5120 768 ) 
4 194 196 (-640 -6144 768 ) (-1024 -6144 768 ) (-1024 -5120 768 ) (-640 -5120 768 ) 
4 195 199 (0 -6144 64 ) (0 -6144 768 ) (-512 -6144 768 ) (-512 -6144 64 ) 
4 196 200 (-640 -6144 768 ) (-1024 -6144 768 ) (-1024 -6144 64 ) (-640 -6144 64 ) 
4 197 201 (1024 -7168 768 ) (1024 -7168 1408 ) (0 -7168 1408 ) (0 -7168 768 ) 
4 197 199 (0 -6144 768 ) (0 -6144 64 ) (0 -7168 64 ) (0 -7168 768 ) 
4 197 198 (0 -6144 1408 ) (0 -6144 768 ) (0 -7168 768 ) (0 -7168 1408 ) 
4 198 202 (0 -7168 768 ) (0 -7168 1408 ) (-640 -7168 1408 ) (-640 -7168 768 ) 
4 198 203 (-640 -7168 1408 ) (-1024 -7168 1408 ) (-1024 -7168 768 ) (-640 -7168 768 ) 
4 198 199 (0 -7168 768 ) (-512 -7168 768 ) (-512 -6144 768 ) (0 -6144 768 ) 
4 198 200 (-640 -7168 768 ) (-1024 -7168 768 ) (-1024 -6144 768 ) (-640 -6144 768 ) 
4 200 203 (-640 -7168 768 ) (-1024 -7168 768 ) (-1024 -7168 64 ) (-640 -7168 64 ) 
4 201 202 (0 -7168 1408 ) (0 -7168 768 ) (0 -7296 768 ) (0 -7296 1408 ) 
4 202 203 (-640 -7296 768 ) (-640 -7296 1408 ) (-640 -7168 1408 ) (-640 -7168 768 ) 
