PRT1
209
581
4 0 2 (2133.050293 -1024 26.666700 ) (2133.050293 -1024 917.333008 ) (2048 -1024 917.333008 ) (2048 -1024 26.666700 ) 
4 0 1 (2048 -1024 26.666700 ) (2048 -1024 917.333008 ) (2048 -746.666992 917.333008 ) (2048 -746.666992 26.666700 ) 
4 1 28 (1024 -1024 26.666700 ) (1024 -1024 917.333008 ) (1024 -746.666992 917.333008 ) (1024 -746.666992 26.666700 ) 
4 1 3 (2048 -1024 26.666700 ) (2048 -1024 917.333008 ) (1024 -1024 917.333008 ) (1024 -1024 26.666700 ) 
4 2 4 (2133.050293 -2048 26.666700 ) (2133.050293 -2048 917.333008 ) (2048 -2048 917.333008 ) (2048 -2048 26.666700 ) 
4 2 3 (2048 -1024 917.333008 ) (2048 -1024 26.666700 ) (2048 -2048 26.666700 ) (2048 -2048 917.333008 ) 
4 3 31 (1024 -2048 26.666700 ) (1024 -2048 917.333008 ) (1024 -1024 917.333008 ) (1024 -1024 26.666700 ) 
4 3 7 (1024 -2048 490.666992 ) (1024 -2048 26.666700 ) (1059.369995 -2048 26.666700 ) (1059.369995 -2048 490.666992 ) 
4 3 6 (1024 -2048 917.333008 ) (1024 -2048 490.666992 ) (1059.369995 -2048 490.666992 ) (1059.369995 -2048 917.333008 ) 
4 3 5 (1059.369995 -2048 26.666700 ) (2048 -2048 26.666700 ) (2048 -2048 917.333008 ) (1059.369995 -2048 917.333008 ) 
4 4 11 (2133.050293 -3072 26.666700 ) (2133.050293 -3072 917.333008 ) (2048 -3072 917.333008 ) (2048 -3072 26.666700 ) 
4 4 5 (2048 -2048 917.333008 ) (2048 -2048 26.666700 ) (2048 -3072 26.666700 ) (2048 -3072 917.333008 ) 
4 5 17 (2048 -3072 26.666700 ) (2048 -3072 192 ) (1059.369995 -3072 192 ) (1059.369995 -3072 26.666700 ) 
4 5 12 (2048 -3072 192 ) (2048 -3072 917.333008 ) (1059.369995 -3072 917.333008 ) (1059.369995 -3072 192 ) 
4 5 10 (1059.369995 -3072 192 ) (1059.369995 -3072 490.666992 ) (1059.369995 -2794.669922 490.666992 ) (1059.369995 -2794.669922 192 ) 
4 5 9 (1059.369995 -2794.669922 490.666992 ) (1059.369995 -2154.669922 490.666992 ) (1059.369995 -2154.669922 26.666700 ) (1059.369995 -2794.669922 26.666700 ) 
4 5 7 (1059.369995 -2112 490.666992 ) (1059.369995 -2048 490.666992 ) (1059.369995 -2048 26.666700 ) (1059.369995 -2112 26.666700 ) 
4 5 8 (1059.369995 -2154.669922 490.666992 ) (1059.369995 -2112 490.666992 ) (1059.369995 -2112 26.666700 ) (1059.369995 -2154.669922 26.666700 ) 
4 5 6 (1059.369995 -3072 490.666992 ) (1059.369995 -3072 917.333008 ) (1059.369995 -2048 917.333008 ) (1059.369995 -2048 490.666992 ) 
4 6 36 (1024 -3072 490.666992 ) (1024 -3072 917.333008 ) (1024 -2154.669922 917.333008 ) (1024 -2154.669922 490.666992 ) 
4 6 34 (1024 -2154.669922 917.333008 ) (1024 -2112 917.333008 ) (1024 -2112 490.666992 ) (1024 -2154.669922 490.666992 ) 
4 6 33 (1024 -2112 917.333008 ) (1024 -2048 917.333008 ) (1024 -2048 490.666992 ) (1024 -2112 490.666992 ) 
4 6 13 (1024 -3072 917.333008 ) (1024 -3072 490.666992 ) (1059.369995 -3072 490.666992 ) (1059.369995 -3072 917.333008 ) 
4 6 10 (1059.369995 -2794.669922 490.666992 ) (1059.369995 -3072 490.666992 ) (1024 -3072 490.666992 ) (1024 -2794.669922 490.666992 ) 
4 6 9 (1059.369995 -2154.669922 490.666992 ) (1059.369995 -2794.669922 490.666992 ) (1024 -2794.669922 490.666992 ) (1024 -2154.669922 490.666992 ) 
4 6 7 (1059.369995 -2048 490.666992 ) (1059.369995 -2112 490.666992 ) (1024 -2112 490.666992 ) (1024 -2048 490.666992 ) 
4 6 8 (1059.369995 -2112 490.666992 ) (1059.369995 -2154.669922 490.666992 ) (1024 -2154.669922 490.666992 ) (1024 -2112 490.666992 ) 
4 7 33 (1024 -2112 490.666992 ) (1024 -2048 490.666992 ) (1024 -2048 26.666700 ) (1024 -2112 26.666700 ) 
4 7 8 (1059.369995 -2112 26.666700 ) (1059.369995 -2112 490.666992 ) (1024 -2112 490.666992 ) (1024 -2112 26.666700 ) 
4 8 35 (1024 -2154.669922 490.666992 ) (1024 -2112 490.666992 ) (1024 -2112 21.333302 ) (1024 -2154.669922 21.333302 ) 
4 8 9 (1024 -2154.669922 21.333302 ) (1059.369995 -2154.669922 21.333302 ) (1059.369995 -2154.669922 490.666992 ) (1024 -2154.669922 490.666992 ) 
4 9 53 (1024 -2496 21.333302 ) (1024 -2794.669922 21.333302 ) (1024 -2794.669922 192 ) (1024 -2496 192 ) 
4 9 42 (1024 -2154.669922 192 ) (1024 -2154.669922 21.333302 ) (1024 -2496 21.333302 ) (1024 -2496 192 ) 
4 9 37 (1024 -2794.669922 490.666992 ) (1024 -2154.669922 490.666992 ) (1024 -2154.669922 192 ) (1024 -2794.669922 192 ) 
4 9 10 (1059.369995 -2794.669922 192 ) (1059.369995 -2794.669922 490.666992 ) (1024 -2794.669922 490.666992 ) (1024 -2794.669922 192 ) 
4 10 37 (1024 -3072 192 ) (1024 -3072 490.666992 ) (1024 -2794.669922 490.666992 ) (1024 -2794.669922 192 ) 
4 10 14 (1024 -3072 490.666992 ) (1024 -3072 192 ) (1059.369995 -3072 192 ) (1059.369995 -3072 490.666992 ) 
4 11 102 (2133.050293 -4096 26.666700 ) (2133.050293 -4096 917.333008 ) (2048 -4096 917.333008 ) (2048 -4096 26.666700 ) 
4 11 18 (2048 -3477.330078 26.666700 ) (2048 -4096 26.666700 ) (2048 -4096 917.333008 ) (2048 -3477.330078 917.333008 ) 
4 11 17 (2048 -3072 192 ) (2048 -3072 26.666700 ) (2048 -3477.330078 26.666700 ) (2048 -3477.330078 192 ) 
4 11 16 (2048 -3136 192 ) (2048 -3477.330078 192 ) (2048 -3477.330078 405.333008 ) (2048 -3136 405.333008 ) 
4 11 15 (2048 -3477.330078 405.333008 ) (2048 -3477.330078 917.333008 ) (2048 -3136 917.333008 ) (2048 -3136 405.333008 ) 
4 11 12 (2048 -3072 917.333008 ) (2048 -3072 192 ) (2048 -3136 192 ) (2048 -3136 917.333008 ) 
4 12 17 (1059.369995 -3072 192 ) (2048 -3072 192 ) (2048 -3136 192 ) (1059.369995 -3136 192 ) 
4 12 16 (1059.369995 -3136 192 ) (2048 -3136 192 ) (2048 -3136 405.333008 ) (1059.369995 -3136 405.333008 ) 
4 12 15 (2048 -3136 405.333008 ) (2048 -3136 917.333008 ) (1059.369995 -3136 917.333008 ) (1059.369995 -3136 405.333008 ) 
4 12 14 (1059.369995 -3072 192 ) (1059.369995 -3136 192 ) (1059.369995 -3136 490.666992 ) (1059.369995 -3072 490.666992 ) 
4 12 13 (1059.369995 -3136 490.666992 ) (1059.369995 -3136 917.333008 ) (1059.369995 -3072 917.333008 ) (1059.369995 -3072 490.666992 ) 
4 13 69 (1024 -3072 917.333008 ) (1024 -3072 490.666992 ) (1024 -3136 490.666992 ) (1024 -3136 917.333008 ) 
4 13 15 (1024 -3136 917.333008 ) (1024 -3136 490.666992 ) (1059.369995 -3136 490.666992 ) (1059.369995 -3136 917.333008 ) 
4 13 14 (1024 -3072 490.666992 ) (1059.369995 -3072 490.666992 ) (1059.369995 -3136 490.666992 ) (1024 -3136 490.666992 ) 
4 14 70 (1024 -3072 490.666992 ) (1024 -3072 192 ) (1024 -3136 192 ) (1024 -3136 490.666992 ) 
4 14 15 (1024 -3136 490.666992 ) (1024 -3136 420.950165 ) (1059.369995 -3136 405.333008 ) (1059.369995 -3136 490.666992 ) 
4 15 74 (1024 -3477.330078 420.950165 ) (1024 -3477.330078 576 ) (1024 -3136 576 ) (1024 -3136 420.950165 ) 
4 15 72 (1024 -3477.330078 576 ) (1024 -3477.330078 917.333008 ) (1024 -3136 917.333008 ) (1024 -3136 576 ) 
4 15 26 (1024 -3477.330078 917.333008 ) (1024 -3477.330078 420.950165 ) (1059.369873 -3477.330078 405.333008 ) (1059.369995 -3477.330078 917.333008 ) 
4 15 24 (1102.320068 -3477.330078 490.666992 ) (1102.320068 -3477.330078 917.333008 ) (1059.369995 -3477.330078 917.333008 ) (1059.369873 -3477.330078 490.666992 ) 
4 15 20 (1360 -3477.330078 490.666992 ) (1360 -3477.330078 917.333008 ) (1102.320068 -3477.330078 917.333008 ) (1102.320068 -3477.330078 490.666992 ) 
4 15 19 (1445.890015 -3477.330078 490.666992 ) (1445.890015 -3477.330078 917.333008 ) (1360 -3477.330078 917.333008 ) (1360 -3477.330078 490.666992 ) 
4 15 18 (1445.890015 -3477.330078 405.333008 ) (2048 -3477.330078 405.333008 ) (2048 -3477.330078 917.333008 ) (1445.890015 -3477.330078 917.333008 ) 
4 15 16 (2048 -3477.330078 405.333008 ) (1059.369873 -3477.330078 405.333008 ) (1059.369873 -3136 405.333008 ) (2048 -3136 405.333008 ) 
4 16 18 (1445.890015 -3477.330078 192 ) (2048 -3477.330078 192 ) (2048 -3477.330078 405.333008 ) (1445.890015 -3477.330078 405.333008 ) 
4 16 17 (2048 -3477.330078 192 ) (1059.369995 -3477.330078 192 ) (1059.369995 -3136 192 ) (2048 -3136 192 ) 
4 17 18 (2048 -3477.330078 26.666700 ) (2048 -3477.330078 192 ) (1445.890015 -3477.330078 192 ) (1445.890015 -3477.330078 26.666700 ) 
4 18 104 (2048 -4096 26.666700 ) (2048 -4096 490.666992 ) (1445.890015 -4096 490.666992 ) (1445.890015 -4096 26.666700 ) 
4 18 103 (2048 -4096 490.666992 ) (2048 -4096 917.333008 ) (1445.890015 -4096 917.333008 ) (1445.890015 -4096 490.666992 ) 
4 18 19 (1445.890015 -3477.330078 917.333008 ) (1445.890015 -3477.330078 490.666992 ) (1445.890015 -4096 490.666992 ) (1445.890015 -4096 917.333008 ) 
4 19 103 (1445.890015 -4096 490.666992 ) (1445.890015 -4096 917.333008 ) (1360 -4096 917.333008 ) (1360 -4096 490.666992 ) 
4 19 21 (1360 -3520 490.666992 ) (1360 -4096 490.666992 ) (1360 -4096 917.333008 ) (1360 -3520 917.333008 ) 
4 19 20 (1360 -3477.330078 917.333008 ) (1360 -3477.330078 490.666992 ) (1360 -3520 490.666992 ) (1360 -3520 917.333008 ) 
4 20 24 (1102.320068 -3477.330078 917.333008 ) (1102.320068 -3477.330078 490.666992 ) (1102.320068 -3520 490.666992 ) (1102.320068 -3520 917.333008 ) 
4 20 21 (1102.320068 -3520 917.333008 ) (1102.320068 -3520 490.666992 ) (1360 -3520 490.666992 ) (1360 -3520 917.333008 ) 
4 21 103 (1360 -4096 490.666992 ) (1360 -4096 917.333008 ) (1102.320068 -4096 917.333008 ) (1102.320068 -4096 490.666992 ) 
4 21 24 (1102.320068 -4096 490.666992 ) (1102.320068 -4096 917.333008 ) (1102.320068 -3520 917.333008 ) (1102.320068 -3520 490.666992 ) 
4 22 105 (1360 -4096 192 ) (1360 -4096 448 ) (1102.320068 -4096 448 ) (1102.320068 -4096 192 ) 
4 22 25 (1102.320068 -3776 405.333008 ) (1102.320068 -3520 405.333008 ) (1102.320068 -3520 192 ) (1102.320068 -3776 192 ) 
4 22 23 (1102.320068 -4096 192 ) (1102.320068 -3776 192 ) (1360 -3776 192 ) (1360 -4096 192 ) 
4 23 105 (1360 -4096 132.740753 ) (1360 -4096 192 ) (1102.320068 -4096 192 ) (1102.320068 -4096 132.740753 ) 
4 24 103 (1102.320068 -4096 490.666992 ) (1102.320068 -4096 917.333008 ) (1059.369995 -4096 917.333008 ) (1059.369995 -4096 490.666992 ) 
4 24 26 (1059.369995 -3477.330078 917.333008 ) (1059.369995 -3477.330078 490.666992 ) (1059.369995 -4096 490.666992 ) (1059.369995 -4096 917.333008 ) 
4 25 26 (1059.369995 -3520 192 ) (1059.369995 -3776 192 ) (1059.369995 -3776 405.333008 ) (1059.369995 -3520 405.333008 ) 
4 26 106 (1059.369995 -4096 192 ) (1059.369995 -4096 490.666992 ) (1024 -4096 490.666992 ) (1024 -4096 192 ) 
4 26 103 (1059.369995 -4096 490.666992 ) (1059.369995 -4096 917.333008 ) (1024 -4096 917.333008 ) (1024 -4096 490.666992 ) 
4 26 78 (1024 -4096 192 ) (1024 -4096 405.333008 ) (1024 -3477.330078 405.333008 ) (1024 -3477.330078 192 ) 
4 26 75 (1024 -4096 405.333008 ) (1024 -4096 917.333008 ) (1024 -3477.330078 917.333008 ) (1024 -3477.330078 405.333008 ) 
4 26 27 (1024 -4096 192 ) (1024 -3818.669922 192 ) (1059.369995 -3818.669922 192 ) (1059.369995 -4096 192 ) 
4 27 106 (1059.369995 -4096 21.333302 ) (1059.369995 -4096 192 ) (1024 -4096 192 ) (1024 -4096 21.333302 ) 
4 27 79 (1024 -4096 21.333302 ) (1024 -4096 192 ) (1024 -3818.669922 192 ) (1024 -3818.669922 21.333302 ) 
4 28 31 (1024 -1024 26.666700 ) (1024 -1024 917.333008 ) (0 -1024 917.333008 ) (0 -1024 26.666700 ) 
4 28 29 (0 -1024 26.666700 ) (0 -1024 917.333008 ) (0 -746.666992 917.333008 ) (0 -746.666992 26.666700 ) 
4 29 32 (0 -1024 26.666700 ) (0 -1024 917.333008 ) (-1024 -1024 917.333008 ) (-1024 -1024 26.666700 ) 
4 29 30 (-1024 -1024 26.666700 ) (-1024 -1024 917.333008 ) (-1024 -746.666992 917.333008 ) (-1024 -746.666992 26.666700 ) 
4 30 98 (-1024 -1024 26.666700 ) (-1024 -1024 917.333008 ) (-1045.050049 -1024 917.333008 ) (-1045.050049 -1024 26.666700 ) 
4 31 33 (1024 -2048 26.666700 ) (1024 -2048 917.333008 ) (0 -2048 917.333008 ) (0 -2048 26.666700 ) 
4 31 32 (0 -1024 917.333008 ) (0 -1024 26.666700 ) (0 -2048 26.666700 ) (0 -2048 917.333008 ) 
4 32 98 (-1024 -1024 917.333008 ) (-1024 -1024 26.666700 ) (-1024 -2048 26.666700 ) (-1024 -2048 917.333008 ) 
4 32 61 (0 -2048 26.666700 ) (0 -2048 490.666992 ) (-1024 -2048 490.666992 ) (-1024 -2048 26.666700 ) 
4 32 60 (0 -2048 490.666992 ) (0 -2048 917.333008 ) (-1024 -2048 917.333008 ) (-1024 -2048 490.666992 ) 
4 33 61 (0 -2048 490.666992 ) (0 -2048 26.666700 ) (0 -2112 26.666700 ) (0 -2112 490.666992 ) 
4 33 60 (0 -2048 917.333008 ) (0 -2048 490.666992 ) (0 -2112 490.666992 ) (0 -2112 917.333008 ) 
4 33 35 (1024 -2112 26.666700 ) (1024 -2112 490.666992 ) (0 -2112 490.666992 ) (0 -2112 26.666700 ) 
4 33 34 (1024 -2112 490.666992 ) (1024 -2112 917.333008 ) (0 -2112 917.333008 ) (0 -2112 490.666992 ) 
4 34 60 (0 -2112 917.333008 ) (0 -2112 490.666992 ) (0 -2154.669922 490.666992 ) (0 -2154.669922 917.333008 ) 
4 34 39 (544 -2154.669922 490.666992 ) (887.578979 -2154.669922 490.666992 ) (887.578979 -2154.669922 917.333008 ) (544 -2154.669922 917.333008 ) 
4 34 41 (0 -2154.669922 917.333008 ) (0 -2154.669922 490.666992 ) (544 -2154.669922 490.666992 ) (544 -2154.669922 917.333008 ) 
4 34 36 (1016.420044 -2154.669922 490.666992 ) (1024 -2154.669922 490.666992 ) (1024 -2154.669922 917.333008 ) (1016.420044 -2154.669922 917.333008 ) 
4 34 38 (887.578979 -2154.669922 490.666992 ) (1016.420044 -2154.669922 490.666992 ) (1016.420044 -2154.669922 917.333008 ) (887.578979 -2154.669922 917.333008 ) 
4 34 35 (1024 -2154.669922 490.666992 ) (0 -2154.669922 490.666992 ) (0 -2112 490.666992 ) (1024 -2112 490.666992 ) 
4 35 62 (0 -2112 490.666992 ) (0 -2112 21.333302 ) (0 -2154.669922 21.333302 ) (0 -2154.669922 490.666992 ) 
4 35 50 (157.473999 -2154.669922 106.667007 ) (157.473999 -2154.669922 192 ) (28.631599 -2154.669922 192 ) (28.631599 -2154.669922 106.667007 ) 
4 35 52 (0 -2154.669922 192 ) (0 -2154.669922 21.333302 ) (28.631599 -2154.669922 21.333302 ) (28.631599 -2154.669922 192 ) 
4 35 48 (415.158020 -2154.669922 106.667007 ) (415.158020 -2154.669922 192 ) (157.473999 -2154.669922 192 ) (157.473999 -2154.669922 106.667007 ) 
4 35 46 (544 -2154.669922 106.667007 ) (544 -2154.669922 192 ) (415.158020 -2154.669922 192 ) (415.158020 -2154.669922 106.667007 ) 
4 35 43 (887.578979 -2154.669922 21.333302 ) (1016.420044 -2154.669922 21.333302 ) (1016.420044 -2154.669922 192 ) (887.578979 -2154.669922 192 ) 
4 35 42 (1016.420044 -2154.669922 21.333302 ) (1024 -2154.669922 21.333302 ) (1024 -2154.669922 192 ) (1016.420044 -2154.669922 192 ) 
4 35 39 (887.578979 -2154.669922 234.667023 ) (887.578979 -2154.669922 490.666992 ) (544 -2154.669922 490.666992 ) (544 -2154.669922 234.667023 ) 
4 35 41 (0 -2154.669922 490.666992 ) (0 -2154.669922 192 ) (544 -2154.669922 192 ) (544 -2154.669922 490.666992 ) 
4 35 37 (1016.420044 -2154.669922 192 ) (1024 -2154.669922 192 ) (1024 -2154.669922 490.666992 ) (1016.420044 -2154.669922 490.666992 ) 
4 35 38 (887.578979 -2154.669922 192 ) (1016.420044 -2154.669922 192 ) (1016.420044 -2154.669922 490.666992 ) (887.578979 -2154.669922 490.666992 ) 
4 36 69 (1024 -3072 490.666992 ) (1024 -3072 917.333008 ) (1016.420044 -3072 917.333008 ) (1016.420044 -3072 490.666992 ) 
4 36 38 (1016.420044 -3072 490.666992 ) (1016.420044 -3072 917.333008 ) (1016.420044 -2154.669922 917.333008 ) (1016.420044 -2154.669922 490.666992 ) 
4 36 37 (1024 -3072 490.666992 ) (1016.420044 -3072 490.666992 ) (1016.420044 -2154.669922 490.666992 ) (1024 -2154.669922 490.666992 ) 
4 37 70 (1024 -3072 192 ) (1024 -3072 490.666992 ) (1016.420044 -3072 490.666992 ) (1016.420044 -3072 192 ) 
4 37 53 (1016.420044 -2794.669922 192 ) (1016.420044 -2496 192 ) (1024 -2496 192 ) (1024 -2794.669922 192 ) 
4 37 42 (1016.420044 -2496 192 ) (1016.420044 -2154.669922 192 ) (1024 -2154.669922 192 ) (1024 -2496 192 ) 
4 37 38 (1016.420044 -2154.669922 192 ) (1016.420044 -3072 192 ) (1016.420044 -3072 490.666992 ) (1016.420044 -2154.669922 490.666992 ) 
4 38 71 (887.578979 -3072 490.666992 ) (887.578979 -3072 192 ) (1016.420044 -3072 192 ) (1016.420044 -3072 490.666992 ) 
4 38 69 (1016.420044 -3072 917.333008 ) (887.578979 -3072 917.333008 ) (887.578979 -3072 490.666992 ) (1016.420044 -3072 490.666992 ) 
4 38 55 (887.578979 -2624 192 ) (887.578979 -2496 192 ) (896 -2496 192 ) (896 -2624 192 ) 
4 38 57 (887.578979 -2794.669922 192 ) (887.578979 -2624 192 ) (896 -2624 192 ) (896 -2794.669922 192 ) 
4 38 54 (896 -2496 192 ) (1016.420044 -2496 192 ) (1016.420044 -2794.669922 192 ) (896 -2794.669922 192 ) 
4 38 43 (887.578979 -2496 192 ) (887.578979 -2154.669922 192 ) (1016.420044 -2154.669922 192 ) (1016.420044 -2496 192 ) 
4 38 39 (887.578979 -2496 234.667023 ) (887.578979 -2496 917.333008 ) (887.578979 -2154.669922 917.333008 ) (887.578979 -2154.669922 234.667023 ) 
4 38 40 (887.578979 -2496 192 ) (887.578979 -3072 192 ) (887.578979 -3072 917.333008 ) (887.578979 -2496 917.333008 ) 
4 39 40 (544 -2496 917.333008 ) (544 -2496 234.667023 ) (887.578979 -2496 234.667023 ) (887.578979 -2496 917.333008 ) 
4 39 41 (544 -2496 234.667023 ) (544 -2496 917.333008 ) (544 -2154.669922 917.333008 ) (544 -2154.669922 234.667023 ) 
4 40 71 (544 -3072 490.666992 ) (544 -3072 192 ) (887.578979 -3072 192 ) (887.578979 -3072 490.666992 ) 
4 40 69 (887.578979 -3072 917.333008 ) (544 -3072 917.333008 ) (544 -3072 490.666992 ) (887.578979 -3072 490.666992 ) 
4 40 55 (584 -2496 192 ) (887.578979 -2496 192 ) (887.578979 -2624 192 ) (584 -2624 192 ) 
4 40 57 (887.578979 -2624 192 ) (887.578979 -2794.669922 192 ) (584 -2794.669922 192 ) (584 -2624 192 ) 
4 40 58 (544 -2794.669922 192 ) (544 -2496 192 ) (584 -2496 192 ) (584 -2794.669922 192 ) 
4 40 41 (544 -2496 192 ) (544 -3072 192 ) (544 -3072 917.333008 ) (544 -2496 917.333008 ) 
4 41 71 (0 -3072 490.666992 ) (0 -3072 192 ) (544 -3072 192 ) (544 -3072 490.666992 ) 
4 41 69 (544 -3072 917.333008 ) (0 -3072 917.333008 ) (0 -3072 490.666992 ) (544 -3072 490.666992 ) 
4 41 65 (0 -3072 192 ) (0 -3072 490.666992 ) (0 -2794.669922 490.666992 ) (0 -2794.669922 192 ) 
4 41 64 (0 -2794.669922 490.666992 ) (0 -2154.669922 490.666992 ) (0 -2154.669922 192 ) (0 -2794.669922 192 ) 
4 41 60 (0 -3072 490.666992 ) (0 -3072 917.333008 ) (0 -2154.669922 917.333008 ) (0 -2154.669922 490.666992 ) 
4 41 58 (0 -2794.669922 192 ) (0 -2496 192 ) (544 -2496 192 ) (544 -2794.669922 192 ) 
4 41 50 (28.631599 -2154.669922 192 ) (157.473999 -2154.669922 192 ) (157.473999 -2496 192 ) (28.631599 -2496 192 ) 
4 41 52 (0 -2496 192 ) (0 -2154.669922 192 ) (28.631599 -2154.669922 192 ) (28.631599 -2496 192 ) 
4 41 48 (157.473999 -2154.669922 192 ) (415.158020 -2154.669922 192 ) (415.158020 -2368 192 ) (157.473999 -2368 192 ) 
4 41 49 (415.158020 -2368 192 ) (415.158020 -2496 192 ) (157.473999 -2496 192 ) (157.473999 -2368 192 ) 
4 41 46 (415.158020 -2154.669922 192 ) (544 -2154.669922 192 ) (544 -2496 192 ) (415.158020 -2496 192 ) 
4 42 53 (1016.420044 -2496 21.333302 ) (1024 -2496 21.333302 ) (1024 -2496 192 ) (1016.420044 -2496 192 ) 
4 42 43 (1016.420044 -2496 21.333302 ) (1016.420044 -2496 192 ) (1016.420044 -2154.669922 192 ) (1016.420044 -2154.669922 21.333302 ) 
4 43 55 (896 -2496 128 ) (896 -2496 192 ) (887.578979 -2496 192 ) (887.578979 -2496 128 ) 
4 43 54 (896 -2496 21.333302 ) (1016.420044 -2496 21.333302 ) (1016.420044 -2496 192 ) (896 -2496 192 ) 
4 43 44 (887.578979 -2453.330078 149.332993 ) (887.578979 -2197.330078 149.332993 ) (887.578979 -2197.330078 21.333302 ) (887.578979 -2453.330078 21.333302 ) 
4 44 45 (844.632019 -2453.330078 149.332993 ) (844.632019 -2197.330078 149.332993 ) (844.632019 -2197.330078 21.333302 ) (844.632019 -2453.330078 21.333302 ) 
4 46 58 (544 -2496 106.667007 ) (544 -2496 192 ) (415.158020 -2496 192 ) (415.158020 -2496 106.667007 ) 
4 46 48 (415.158020 -2368 192 ) (415.158020 -2154.669922 192 ) (415.158020 -2154.669922 106.667007 ) (415.158020 -2368 106.667007 ) 
4 46 49 (415.158020 -2496 106.667007 ) (415.158020 -2496 192 ) (415.158020 -2368 192 ) (415.158020 -2368 106.667007 ) 
4 46 47 (415.158020 -2496 106.667007 ) (415.158020 -2282.669922 106.667007 ) (544 -2282.669922 106.667007 ) (544 -2496 106.667007 ) 
4 47 58 (415.158020 -2496 21.333302 ) (544 -2496 21.333302 ) (544 -2496 106.667007 ) (415.158020 -2496 106.667007 ) 
5 47 49 (415.158020 -2496 21.333302 ) (415.158020 -2496 106.667007 ) (415.158020 -2368 106.667007 ) (415.158020 -2368 49.780037 ) (415.158020 -2410.669922 21.333302 ) 
4 48 50 (157.473999 -2368 192 ) (157.473999 -2154.669922 192 ) (157.473999 -2154.669922 106.667007 ) (157.473999 -2368 106.667007 ) 
4 48 49 (157.473999 -2368 192 ) (157.473999 -2368 106.667007 ) (415.158020 -2368 106.667007 ) (415.158020 -2368 192 ) 
4 49 58 (157.473999 -2496 21.333302 ) (415.158020 -2496 21.333302 ) (415.158020 -2496 192 ) (157.473999 -2496 192 ) 
5 49 51 (157.473999 -2496 21.333302 ) (157.473999 -2496 106.667007 ) (157.473999 -2368 106.667007 ) (157.473999 -2368 49.780018 ) (157.473999 -2410.669922 21.333302 ) 
4 49 50 (157.473999 -2496 106.667007 ) (157.473999 -2496 192 ) (157.473999 -2368 192 ) (157.473999 -2368 106.667007 ) 
4 50 58 (157.473999 -2496 106.667007 ) (157.473999 -2496 192 ) (28.631599 -2496 192 ) (28.631599 -2496 106.667007 ) 
4 50 51 (28.631599 -2496 106.667007 ) (28.631599 -2282.669922 106.667007 ) (157.473999 -2282.669922 106.667007 ) (157.473999 -2496 106.667007 ) 
4 50 52 (28.631599 -2496 106.667007 ) (28.631599 -2496 192 ) (28.631599 -2154.669922 192 ) (28.631599 -2154.669922 106.667007 ) 
4 51 58 (28.631599 -2496 21.333302 ) (157.473999 -2496 21.333302 ) (157.473999 -2496 106.667007 ) (28.631599 -2496 106.667007 ) 
4 51 52 (28.631599 -2496 21.333302 ) (28.631599 -2496 106.667007 ) (28.631599 -2282.669922 106.667007 ) (28.631599 -2410.669922 21.333302 ) 
4 52 64 (0 -2496 192 ) (0 -2154.669922 192 ) (0 -2154.669922 21.333302 ) (0 -2496 21.333302 ) 
4 52 58 (0 -2496 21.333302 ) (28.631599 -2496 21.333302 ) (28.631599 -2496 192 ) (0 -2496 192 ) 
4 53 54 (1016.420044 -2496 192 ) (1016.420044 -2496 21.333302 ) (1016.420044 -2794.669922 21.333302 ) (1016.420044 -2794.669922 192 ) 
3 54 56 (896 -2624 64 ) (896 -2624 128 ) (896 -2560 128 ) 
4 54 55 (896 -2496 192 ) (896 -2496 128 ) (896 -2624 128 ) (896 -2624 192 ) 
4 54 57 (896 -2624 21.333302 ) (896 -2794.669922 21.333302 ) (896 -2794.669922 192 ) (896 -2624 192 ) 
4 55 56 (896 -2624 128 ) (584 -2624 128 ) (584 -2560 128 ) (896 -2560 128 ) 
4 55 57 (584 -2624 192 ) (584 -2624 128 ) (896 -2624 128 ) (896 -2624 192 ) 
4 55 58 (584 -2496 192 ) (584 -2496 128 ) (584 -2624 128 ) (584 -2624 192 ) 
3 56 58 (584 -2624 64 ) (584 -2624 128 ) (584 -2560 128 ) 
4 56 57 (584 -2624 128 ) (584 -2624 64 ) (896 -2624 64 ) (896 -2624 128 ) 
4 57 59 (584 -2794.669922 21.333302 ) (715.789978 -2794.669922 21.333302 ) (715.789978 -2794.669922 149.332993 ) (584 -2794.669922 149.332993 ) 
4 57 58 (584 -2624 21.333302 ) (584 -2794.669922 21.333302 ) (584 -2794.669922 192 ) (584 -2624 192 ) 
4 58 64 (0 -2794.669922 192 ) (0 -2496 192 ) (0 -2496 21.333302 ) (0 -2794.669922 21.333302 ) 
4 58 59 (329.263000 -2794.669922 21.333302 ) (584 -2794.669922 21.333302 ) (584 -2794.669922 149.332993 ) (329.263000 -2794.669922 149.332993 ) 
4 59 82 (329.263000 -3072 149.332993 ) (329.263000 -3072 21.333302 ) (715.789978 -3072 21.333302 ) (715.789978 -3072 149.332993 ) 
4 60 100 (-1024 -3072 490.666992 ) (-1024 -3072 917.333008 ) (-1024 -2112 917.333008 ) (-1024 -2112 490.666992 ) 
4 60 99 (-1024 -2112 917.333008 ) (-1024 -2048 917.333008 ) (-1024 -2048 490.666992 ) (-1024 -2112 490.666992 ) 
4 60 87 (-1024 -3072 917.333008 ) (-1024 -3072 490.666992 ) (-14.315700 -3072 490.666992 ) (-14.315700 -3072 917.333008 ) 
4 60 84 (-14.315700 -3072 490.666992 ) (0 -3072 490.666992 ) (0 -3072 917.333008 ) (-14.315700 -3072 917.333008 ) 
4 60 67 (-314.946991 -3072 490.666992 ) (-357.894989 -3072 490.666992 ) (-357.894989 -2154.669922 490.666992 ) (-314.946991 -2154.669922 490.666992 ) 
4 60 66 (-14.315700 -3072 490.666992 ) (-314.946991 -3072 490.666992 ) (-314.946991 -2154.669922 490.666992 ) (-14.315700 -2154.669922 490.666992 ) 
4 60 68 (-357.894989 -3072 490.666992 ) (-1024 -3072 490.666992 ) (-1024 -2154.669922 490.666992 ) (-357.894989 -2154.669922 490.666992 ) 
4 60 65 (0 -3072 490.666992 ) (-14.315700 -3072 490.666992 ) (-14.315700 -2794.669922 490.666992 ) (0 -2794.669922 490.666992 ) 
4 60 64 (-14.315700 -2794.669922 490.666992 ) (-14.315700 -2154.669922 490.666992 ) (0 -2154.669922 490.666992 ) (0 -2794.669922 490.666992 ) 
4 60 63 (-1024 -2154.669922 490.666992 ) (-1024 -2112 490.666992 ) (-357.894989 -2112 490.666992 ) (-357.894989 -2154.669922 490.666992 ) 
4 60 62 (-357.894989 -2112 490.666992 ) (0 -2112 490.666992 ) (0 -2154.669922 490.666992 ) (-357.894989 -2154.669922 490.666992 ) 
4 60 61 (-1024 -2112 490.666992 ) (-1024 -2048 490.666992 ) (0 -2048 490.666992 ) (0 -2112 490.666992 ) 
4 61 99 (-1024 -2112 490.666992 ) (-1024 -2048 490.666992 ) (-1024 -2048 26.666700 ) (-1024 -2112 26.666700 ) 
4 61 63 (-357.894989 -2112 490.666992 ) (-1024 -2112 490.666992 ) (-1024 -2112 26.666700 ) (-357.894989 -2112 26.666700 ) 
4 61 62 (0 -2112 26.666700 ) (0 -2112 490.666992 ) (-357.894989 -2112 490.666992 ) (-357.894989 -2112 26.666700 ) 
4 62 67 (-357.894989 -2154.669922 21.333302 ) (-314.946991 -2154.669922 21.333302 ) (-314.946991 -2154.669922 490.666992 ) (-357.894989 -2154.669922 490.666992 ) 
4 62 66 (-314.946991 -2154.669922 21.333302 ) (-14.315700 -2154.669922 21.333302 ) (-14.315700 -2154.669922 490.666992 ) (-314.946991 -2154.669922 490.666992 ) 
4 62 64 (-14.315700 -2154.669922 21.333302 ) (0 -2154.669922 21.333302 ) (0 -2154.669922 490.666992 ) (-14.315700 -2154.669922 490.666992 ) 
4 62 63 (-357.894989 -2112 490.666992 ) (-357.894989 -2112 21.333302 ) (-357.894989 -2154.669922 21.333302 ) (-357.894989 -2154.669922 490.666992 ) 
4 63 100 (-1024 -2154.669922 490.666992 ) (-1024 -2112 490.666992 ) (-1024 -2112 21.333302 ) (-1024 -2154.669922 21.333302 ) 
4 63 68 (-1024 -2154.669922 21.333302 ) (-357.894989 -2154.669922 21.333302 ) (-357.894989 -2154.669922 490.666992 ) (-1024 -2154.669922 490.666992 ) 
4 64 66 (-14.315700 -2154.669922 490.666992 ) (-14.315700 -2154.669922 21.333302 ) (-14.315700 -2794.669922 21.333302 ) (-14.315700 -2794.669922 490.666992 ) 
4 64 65 (-14.315700 -2794.669922 490.666992 ) (-14.315700 -2794.669922 192 ) (0 -2794.669922 192 ) (0 -2794.669922 490.666992 ) 
4 65 86 (0 -3072 192 ) (0 -3072 405.333008 ) (-14.315700 -3072 405.333008 ) (-14.315700 -3072 192 ) 
4 65 84 (0 -3072 405.333008 ) (0 -3072 490.666992 ) (-14.315700 -3072 490.666992 ) (-14.315700 -3072 405.333008 ) 
4 65 66 (-14.315700 -3072 192 ) (-14.315700 -3072 490.666992 ) (-14.315700 -2794.669922 490.666992 ) (-14.315700 -2794.669922 192 ) 
4 66 88 (-314.946991 -3072 21.333302 ) (-14.315700 -3072 21.333302 ) (-14.315700 -3072 490.666992 ) (-314.946991 -3072 490.666992 ) 
4 66 67 (-314.946991 -2154.669922 490.666992 ) (-314.946991 -2154.669922 21.333302 ) (-314.946991 -3072 21.333302 ) (-314.946991 -3072 490.666992 ) 
4 67 89 (-357.894989 -3072 21.333302 ) (-314.946991 -3072 21.333302 ) (-314.946991 -3072 490.666992 ) (-357.894989 -3072 490.666992 ) 
4 67 68 (-357.894989 -2154.669922 490.666992 ) (-357.894989 -2154.669922 21.333302 ) (-357.894989 -3072 21.333302 ) (-357.894989 -3072 490.666992 ) 
4 68 100 (-1024 -3072 21.333302 ) (-1024 -3072 490.666992 ) (-1024 -2154.669922 490.666992 ) (-1024 -2154.669922 21.333302 ) 
4 68 90 (-1024 -3072 490.666992 ) (-1024 -3072 21.333302 ) (-357.894989 -3072 21.333302 ) (-357.894989 -3072 490.666992 ) 
4 69 84 (0 -3072 917.333008 ) (0 -3072 490.666992 ) (0 -3136 490.666992 ) (0 -3136 917.333008 ) 
4 69 74 (866.104797 -3136 490.666992 ) (1024 -3136 490.666992 ) (1024 -3136 576 ) (672.841919 -3136 576 ) 
4 69 73 (0 -3136 576 ) (0 -3136 490.666992 ) (178.948792 -3136 490.666992 ) (372.210999 -3136 576 ) 
4 69 72 (0 -3136 917.333008 ) (0 -3136 576 ) (1024 -3136 576 ) (1024 -3136 917.333008 ) 
4 69 71 (1016.420044 -3136 490.666992 ) (0 -3136 490.666992 ) (0 -3072 490.666992 ) (1016.420044 -3072 490.666992 ) 
4 69 70 (1024 -3136 490.666992 ) (1016.420044 -3136 490.666992 ) (1016.420044 -3072 490.666992 ) (1024 -3072 490.666992 ) 
4 70 74 (1024 -3136 420.950165 ) (1024 -3136 490.666992 ) (1016.420044 -3136 490.666992 ) (1016.420044 -3136 424.297028 ) 
4 70 71 (1016.420044 -3072 192 ) (1016.420044 -3136 192 ) (1016.420044 -3136 490.666992 ) (1016.420044 -3072 490.666992 ) 
4 71 86 (0 -3072 405.333008 ) (0 -3072 192 ) (0 -3136 192 ) (0 -3136 405.333008 ) 
4 71 84 (0 -3072 490.666992 ) (0 -3072 405.333008 ) (0 -3136 405.333008 ) (0 -3136 490.666992 ) 
4 71 76 (329.263000 -3136 192 ) (1016.420044 -3136 192 ) (1016.420044 -3136 405.333008 ) (329.263000 -3136 405.333008 ) 
4 71 77 (28.631599 -3136 192 ) (286.316010 -3136 192 ) (286.316010 -3136 405.333008 ) (28.631599 -3136 405.333008 ) 
3 71 74 (1016.420044 -3136 424.297028 ) (1016.420044 -3136 490.666992 ) (866.104736 -3136 490.666992 ) 
3 71 73 (0 -3136 490.666992 ) (0 -3136 411.653961 ) (178.948730 -3136 490.666992 ) 
4 72 85 (0 -3477.330078 917.333008 ) (0 -3136 917.333008 ) (0 -3136 576 ) (0 -3477.330078 576 ) 
4 72 74 (1024 -3477.330078 576 ) (672.841919 -3477.330078 576 ) (672.841919 -3136 576 ) (1024 -3136 576 ) 
4 72 73 (372.210999 -3477.330078 576 ) (0 -3477.330078 576 ) (0 -3136 576 ) (372.210999 -3136 576 ) 
4 72 75 (1024 -3477.330078 576 ) (1024 -3477.330078 917.333008 ) (0 -3477.330078 917.333008 ) (0 -3477.330078 576 ) 
4 73 85 (0 -3136 576 ) (0 -3136 411.653961 ) (0 -3477.330078 411.653961 ) (0 -3477.330078 576 ) 
3 73 75 (372.210999 -3477.330078 576 ) (0 -3477.330078 576 ) (0 -3477.330078 411.653961 ) 
3 74 75 (1024 -3477.330078 420.950165 ) (1024 -3477.330078 576 ) (672.841919 -3477.330078 576 ) 
4 75 143 (1024 -4096 405.333008 ) (1024 -4096 490.666992 ) (0 -4096 490.666992 ) (0 -4096 405.333008 ) 
4 75 142 (1024 -4096 490.666992 ) (1024 -4096 917.333008 ) (0 -4096 917.333008 ) (0 -4096 490.666992 ) 
4 75 92 (0 -4096 405.333008 ) (0 -4096 490.666992 ) (0 -3477.330078 490.666992 ) (0 -3477.330078 405.333008 ) 
4 75 91 (0 -4096 490.666992 ) (0 -4096 917.333008 ) (0 -3477.330078 917.333008 ) (0 -3477.330078 490.666992 ) 
4 75 78 (1024 -4096 405.333008 ) (0 -4096 405.333008 ) (0 -3477.330078 405.333008 ) (1024 -3477.330078 405.333008 ) 
4 76 80 (329.263000 -3136 192 ) (715.789978 -3136 192 ) (715.789978 -3477.330078 192 ) (329.263000 -3477.330078 192 ) 
4 76 78 (329.263000 -3477.330078 192 ) (1016.420044 -3477.330078 192 ) (1016.420044 -3477.330078 405.333008 ) (329.263000 -3477.330078 405.333008 ) 
4 77 78 (28.631599 -3477.330078 192 ) (286.316010 -3477.330078 192 ) (286.316010 -3477.330078 405.333008 ) (28.631599 -3477.330078 405.333008 ) 
4 78 145 (1024 -4096 192 ) (1024 -4096 234.667023 ) (0 -4096 234.667023 ) (0 -4096 192 ) 
4 78 143 (1024 -4096 234.667023 ) (1024 -4096 405.333008 ) (0 -4096 405.333008 ) (0 -4096 234.667023 ) 
4 78 93 (0 -3477.330078 192 ) (0 -3818.669922 192 ) (0 -3818.669922 234.667023 ) (0 -3477.330078 234.667023 ) 
4 78 94 (0 -3818.669922 192 ) (0 -4096 192 ) (0 -4096 234.667023 ) (0 -3818.669922 234.667023 ) 
4 78 92 (0 -4096 234.667023 ) (0 -4096 405.333008 ) (0 -3477.330078 405.333008 ) (0 -3477.330078 234.667023 ) 
4 78 83 (329.263000 -4096 192 ) (0 -4096 192 ) (0 -3818.669922 192 ) (329.263000 -3818.669922 192 ) 
4 78 81 (715.789978 -4096 192 ) (329.263000 -4096 192 ) (329.263000 -3818.669922 192 ) (715.789978 -3818.669922 192 ) 
4 78 79 (1024 -4096 192 ) (715.789978 -4096 192 ) (715.789978 -3818.669922 192 ) (1024 -3818.669922 192 ) 
4 79 145 (1024 -4096 21.333302 ) (1024 -4096 192 ) (715.789978 -4096 192 ) (715.789978 -4096 21.333302 ) 
4 79 81 (715.789978 -4096 149.332993 ) (715.789978 -4096 192 ) (715.789978 -3818.669922 192 ) (715.789978 -3818.669922 149.332993 ) 
4 79 82 (715.789978 -3818.669922 21.333302 ) (715.789978 -4096 21.333302 ) (715.789978 -4096 149.332993 ) (715.789978 -3818.669922 149.332993 ) 
4 80 82 (329.263000 -3477.330078 149.332993 ) (329.263000 -3136 149.332993 ) (715.789978 -3136 149.332993 ) (715.789978 -3477.330078 149.332993 ) 
4 81 145 (715.789978 -4096 192 ) (329.263000 -4096 192 ) (329.263000 -4096 149.332993 ) (715.789978 -4096 149.332993 ) 
4 81 83 (329.263000 -4096 149.332993 ) (329.263000 -4096 192 ) (329.263000 -3818.669922 192 ) (329.263000 -3818.669922 149.332993 ) 
4 81 82 (329.263000 -4096 149.332993 ) (329.263000 -3818.669922 149.332993 ) (715.789978 -3818.669922 149.332993 ) (715.789978 -4096 149.332993 ) 
4 82 145 (329.263000 -4096 149.332993 ) (329.263000 -4096 21.333302 ) (715.789978 -4096 21.333302 ) (715.789978 -4096 149.332993 ) 
4 82 83 (329.263000 -3818.669922 21.333302 ) (329.263000 -4096 21.333302 ) (329.263000 -4096 149.332993 ) (329.263000 -3818.669922 149.332993 ) 
4 83 145 (329.263000 -4096 192 ) (0 -4096 192 ) (0 -4096 21.333302 ) (329.263000 -4096 21.333302 ) 
4 83 94 (0 -3818.669922 21.333302 ) (0 -4096 21.333302 ) (0 -4096 192 ) (0 -3818.669922 192 ) 
4 84 88 (-14.315700 -3072 490.666992 ) (-14.315700 -3072 405.333008 ) (-14.315700 -3136 405.333008 ) (-14.315700 -3136 490.666992 ) 
4 84 87 (-14.315700 -3136 917.333008 ) (-14.315700 -3072 917.333008 ) (-14.315700 -3072 490.666992 ) (-14.315700 -3136 490.666992 ) 
4 84 86 (-14.315700 -3136 405.333008 ) (-14.315700 -3072 405.333008 ) (0 -3072 405.333008 ) (0 -3136 405.333008 ) 
4 84 85 (-14.315700 -3136 405.333008 ) (0 -3136 411.653961 ) (0 -3136 917.333008 ) (-14.315700 -3136 917.333008 ) 
4 85 92 (0 -3477.330078 411.653961 ) (0 -3477.330078 490.666992 ) (-14.315700 -3477.330078 490.666992 ) (-14.315700 -3477.330078 405.333008 ) 
4 85 91 (0 -3477.330078 490.666992 ) (0 -3477.330078 917.333008 ) (-14.315700 -3477.330078 917.333008 ) (-14.315700 -3477.330078 490.666992 ) 
4 85 88 (-14.315700 -3477.330078 405.333008 ) (-14.315700 -3477.330078 490.666992 ) (-14.315700 -3136 490.666992 ) (-14.315700 -3136 405.333008 ) 
4 85 87 (-14.315700 -3477.330078 490.666992 ) (-14.315700 -3477.330078 917.333008 ) (-14.315700 -3136 917.333008 ) (-14.315700 -3136 490.666992 ) 
4 86 88 (-14.315700 -3136 405.333008 ) (-14.315700 -3072 405.333008 ) (-14.315700 -3072 192 ) (-14.315700 -3136 192 ) 
4 87 101 (-1024 -3072 917.333008 ) (-1024 -3072 490.666992 ) (-1024 -3477.330078 490.666992 ) (-1024 -3477.330078 917.333008 ) 
4 87 96 (-443.789001 -3477.330078 917.333008 ) (-1024 -3477.330078 917.333008 ) (-1024 -3477.330078 490.666992 ) (-443.789001 -3477.330078 490.666992 ) 
4 87 91 (-14.315700 -3477.330078 490.666992 ) (-14.315700 -3477.330078 917.333008 ) (-443.789001 -3477.330078 917.333008 ) (-443.789001 -3477.330078 490.666992 ) 
4 87 89 (-357.894989 -3072 490.666992 ) (-314.946991 -3072 490.666992 ) (-314.946991 -3477.330078 490.666992 ) (-357.894989 -3477.330078 490.666992 ) 
4 87 88 (-314.946991 -3072 490.666992 ) (-14.315700 -3072 490.666992 ) (-14.315700 -3477.330078 490.666992 ) (-314.946991 -3477.330078 490.666992 ) 
4 87 90 (-1024 -3072 490.666992 ) (-357.894989 -3072 490.666992 ) (-357.894989 -3477.330078 490.666992 ) (-1024 -3477.330078 490.666992 ) 
4 88 95 (-314.946991 -3477.330078 21.333302 ) (-14.315700 -3477.330078 21.333302 ) (-14.315700 -3477.330078 234.667023 ) (-314.946991 -3477.330078 234.667023 ) 
4 88 92 (-14.315700 -3477.330078 234.667023 ) (-14.315700 -3477.330078 490.666992 ) (-314.946991 -3477.330078 490.666992 ) (-314.946991 -3477.330078 234.667023 ) 
4 88 89 (-314.946991 -3072 21.333302 ) (-314.946991 -3477.330078 21.333302 ) (-314.946991 -3477.330078 490.666992 ) (-314.946991 -3072 490.666992 ) 
4 89 90 (-357.894989 -3072 21.333302 ) (-357.894989 -3477.330078 21.333302 ) (-357.894989 -3477.330078 490.666992 ) (-357.894989 -3072 490.666992 ) 
4 90 101 (-1024 -3072 490.666992 ) (-1024 -3072 21.333302 ) (-1024 -3477.330078 21.333302 ) (-1024 -3477.330078 490.666992 ) 
4 90 97 (-1024 -3477.330078 21.333302 ) (-787.368042 -3477.330078 21.333302 ) (-787.368042 -3477.330078 490.666992 ) (-1024 -3477.330078 490.666992 ) 
4 91 149 (-314.946991 -4096 917.333008 ) (-443.789001 -4096 917.333008 ) (-443.789001 -4096 490.666992 ) (-314.946991 -4096 490.666992 ) 
4 91 148 (0 -4096 490.666992 ) (0 -4096 917.333008 ) (-314.946991 -4096 917.333008 ) (-314.946991 -4096 490.666992 ) 
4 91 96 (-443.789001 -3477.330078 917.333008 ) (-443.789001 -3477.330078 490.666992 ) (-443.789001 -4096 490.666992 ) (-443.789001 -4096 917.333008 ) 
4 91 92 (-314.946991 -3477.330078 490.666992 ) (0 -3477.330078 490.666992 ) (0 -4096 490.666992 ) (-314.946991 -4096 490.666992 ) 
4 92 148 (0 -4096 234.667023 ) (0 -4096 490.666992 ) (-314.946991 -4096 490.666992 ) (-314.946991 -4096 234.667023 ) 
4 92 93 (-14.315700 -3818.669922 234.667023 ) (-14.315700 -3477.330078 234.667023 ) (0 -3477.330078 234.667023 ) (0 -3818.669922 234.667023 ) 
4 92 94 (0 -4096 234.667023 ) (-14.315700 -4096 234.667023 ) (-14.315700 -3818.669922 234.667023 ) (0 -3818.669922 234.667023 ) 
4 92 95 (-14.315700 -4096 234.667023 ) (-314.946991 -4096 234.667023 ) (-314.946991 -3477.330078 234.667023 ) (-14.315700 -3477.330078 234.667023 ) 
4 93 94 (-14.315700 -3818.669922 234.667023 ) (-14.315700 -3818.669922 192 ) (0 -3818.669922 192 ) (0 -3818.669922 234.667023 ) 
4 93 95 (-14.315700 -3818.669922 234.667023 ) (-14.315700 -3477.330078 234.667023 ) (-14.315700 -3477.330078 192 ) (-14.315700 -3818.669922 192 ) 
4 94 150 (0 -4096 21.333302 ) (0 -4096 234.667023 ) (-14.315700 -4096 234.667023 ) (-14.315700 -4096 21.333302 ) 
4 94 95 (-14.315700 -4096 234.667023 ) (-14.315700 -3818.669922 234.667023 ) (-14.315700 -3818.669922 21.333302 ) (-14.315700 -4096 21.333302 ) 
4 95 150 (-14.315700 -4096 234.667023 ) (-314.946991 -4096 234.667023 ) (-314.946991 -4096 21.333302 ) (-14.315700 -4096 21.333302 ) 
4 96 155 (-1024 -4096 917.333008 ) (-1024 -4096 490.666992 ) (-443.789001 -4096 490.666992 ) (-443.789001 -4096 917.333008 ) 
4 96 101 (-1024 -4096 490.666992 ) (-1024 -4096 917.333008 ) (-1024 -3477.330078 917.333008 ) (-1024 -3477.330078 490.666992 ) 
4 96 97 (-1024 -3477.330078 490.666992 ) (-787.368042 -3477.330078 490.666992 ) (-787.368042 -4096 490.666992 ) (-1024 -4096 490.666992 ) 
4 97 156 (-1024 -4096 490.666992 ) (-1024 -4096 21.333302 ) (-787.368042 -4096 21.333302 ) (-787.368042 -4096 490.666992 ) 
4 97 101 (-1024 -4096 21.333302 ) (-1024 -4096 490.666992 ) (-1024 -3477.330078 490.666992 ) (-1024 -3477.330078 21.333302 ) 
4 98 99 (-1024 -2048 26.666700 ) (-1024 -2048 917.333008 ) (-1045.050049 -2048 917.333008 ) (-1045.050049 -2048 26.666700 ) 
4 99 100 (-1045.050049 -2112 917.333008 ) (-1045.050049 -2112 26.666700 ) (-1024 -2112 26.666700 ) (-1024 -2112 917.333008 ) 
4 100 101 (-1024 -3072 21.333302 ) (-1024 -3072 917.333008 ) (-1045.050049 -3072 917.333008 ) (-1045.050049 -3072 21.333302 ) 
4 101 190 (-1024 -4096 21.333302 ) (-1024 -4096 917.333008 ) (-1045.050049 -4096 917.333008 ) (-1045.050049 -4096 21.333302 ) 
4 102 108 (2133.050293 -5120 26.666700 ) (2133.050293 -5120 917.333008 ) (2048 -5120 917.333008 ) (2048 -5120 26.666700 ) 
4 102 104 (2048 -4096 490.666992 ) (2048 -4096 26.666700 ) (2048 -5120 26.666700 ) (2048 -5120 490.666992 ) 
4 102 103 (2048 -4096 917.333008 ) (2048 -4096 490.666992 ) (2048 -5120 490.666992 ) (2048 -5120 917.333008 ) 
4 103 142 (1024 -4096 917.333008 ) (1024 -4096 490.666992 ) (1024 -5120 490.666992 ) (1024 -5120 917.333008 ) 
4 103 118 (1445.890015 -5120 917.333008 ) (1024 -5120 917.333008 ) (1024 -5120 490.666992 ) (1445.890015 -5120 490.666992 ) 
4 103 110 (2048 -5120 490.666992 ) (2048 -5120 917.333008 ) (1445.890015 -5120 917.333008 ) (1445.890015 -5120 490.666992 ) 
4 103 106 (1024 -4501.330078 490.666992 ) (1024 -4096 490.666992 ) (1059.369995 -4096 490.666992 ) (1059.369995 -4501.330078 490.666992 ) 
4 103 104 (2048 -5120 490.666992 ) (1445.890015 -5120 490.666992 ) (1445.890015 -4096 490.666992 ) (2048 -4096 490.666992 ) 
4 104 110 (2048 -5120 26.666700 ) (2048 -5120 490.666992 ) (1445.890015 -5120 490.666992 ) (1445.890015 -5120 26.666700 ) 
4 105 120 (1102.320068 -5120 448 ) (1102.320068 -5120 21.333302 ) (1360 -5120 21.333302 ) (1360 -5120 448 ) 
4 105 107 (1102.320068 -4928 21.333302 ) (1102.320068 -5120 21.333302 ) (1102.320068 -5120 448 ) (1102.320068 -4928 448 ) 
4 106 145 (1024 -4096 234.667023 ) (1024 -4096 21.333302 ) (1024 -4501.330078 21.333302 ) (1024 -4501.330078 234.667023 ) 
4 106 143 (1024 -4096 490.666992 ) (1024 -4096 234.667023 ) (1024 -4501.330078 234.667023 ) (1024 -4501.330078 490.666992 ) 
4 107 147 (1024 -4928 21.333302 ) (1024 -5120 21.333302 ) (1024 -5120 234.667023 ) (1024 -4928 234.667023 ) 
4 107 144 (1024 -5120 234.667023 ) (1024 -5120 448 ) (1024 -4928 448 ) (1024 -4928 234.667023 ) 
4 107 120 (1024 -5120 448 ) (1024 -5120 21.333302 ) (1102.320068 -5120 21.333302 ) (1102.320068 -5120 448 ) 
4 108 110 (2048 -5120 917.333008 ) (2048 -5120 26.666700 ) (2048 -5866.669922 26.666700 ) (2048 -5866.669922 917.333008 ) 
4 108 109 (2048 -5866.669922 917.333008 ) (2048 -5866.669922 490.666992 ) (2133.050293 -5866.669922 490.666992 ) (2133.050293 -5866.669922 917.333008 ) 
4 109 122 (2133.050293 -6144 490.666992 ) (2133.050293 -6144 917.333008 ) (2048 -6144 917.333008 ) (2048 -6144 490.666992 ) 
4 109 111 (2048 -6144 490.666992 ) (2048 -6144 917.333008 ) (2048 -5866.669922 917.333008 ) (2048 -5866.669922 490.666992 ) 
4 110 118 (1445.890015 -5120 917.333008 ) (1445.890015 -5120 490.666992 ) (1445.890015 -5866.669922 490.666992 ) (1445.890015 -5866.669922 917.333008 ) 
4 110 111 (1445.890015 -5866.669922 917.333008 ) (1445.890015 -5866.669922 490.666992 ) (2048 -5866.669922 490.666992 ) (2048 -5866.669922 917.333008 ) 
4 111 123 (2048 -6144 490.666992 ) (2048 -6144 917.333008 ) (1445.890015 -6144 917.333008 ) (1445.890015 -6144 490.666992 ) 
4 111 118 (1445.890015 -6144 490.666992 ) (1445.890015 -6144 917.333008 ) (1445.890015 -5866.669922 917.333008 ) (1445.890015 -5866.669922 490.666992 ) 
4 111 114 (1445.890015 -6144 490.666992 ) (1445.890015 -5994.669922 490.666992 ) (2004.209961 -5994.669922 490.666992 ) (2004.209961 -6144 490.666992 ) 
4 111 113 (2004.209961 -5994.669922 490.666992 ) (2047.160034 -5994.669922 490.666992 ) (2047.160034 -6144 490.666992 ) (2004.209961 -6144 490.666992 ) 
4 111 112 (1445.890015 -5994.669922 490.666992 ) (1445.890015 -5952 490.666992 ) (2047.160034 -5952 490.666992 ) (2047.160034 -5994.669922 490.666992 ) 
4 112 119 (1445.890015 -5994.669922 490.666992 ) (1445.890015 -5952 490.666992 ) (1445.890015 -5952 192 ) (1445.890015 -5994.669922 192 ) 
4 112 115 (1445.890015 -5994.669922 192 ) (1445.890015 -5952 192 ) (2047.160034 -5952 192 ) (2047.160034 -5994.669922 192 ) 
4 112 114 (2004.209961 -5994.669922 234.667023 ) (2004.209961 -5994.669922 490.666992 ) (1445.890015 -5994.669922 490.666992 ) (1445.890015 -5994.669922 234.667023 ) 
4 112 113 (2004.209961 -5994.669922 192 ) (2047.160034 -5994.669922 192 ) (2047.160034 -5994.669922 490.666992 ) (2004.209961 -5994.669922 490.666992 ) 
4 113 124 (2047.160034 -6144 490.666992 ) (2004.209961 -6144 490.666992 ) (2004.209961 -6144 192 ) (2047.160034 -6144 192 ) 
4 113 116 (2047.160034 -6144 192 ) (2004.209961 -6144 192 ) (2004.209961 -5994.669922 192 ) (2047.160034 -5994.669922 192 ) 
4 113 114 (2004.209961 -5994.669922 490.666992 ) (2004.209961 -5994.669922 234.667023 ) (2004.209961 -6144 234.667023 ) (2004.209961 -6144 490.666992 ) 
4 114 125 (2004.209961 -6144 490.666992 ) (1445.890015 -6144 490.666992 ) (1445.890015 -6144 234.667023 ) (2004.209961 -6144 234.667023 ) 
4 114 119 (1445.890015 -6144 234.667023 ) (1445.890015 -6144 490.666992 ) (1445.890015 -5994.669922 490.666992 ) (1445.890015 -5994.669922 234.667023 ) 
4 115 119 (1445.890015 -5952 21.333302 ) (1445.890015 -5994.669922 21.333302 ) (1445.890015 -5994.669922 192 ) (1445.890015 -5952 192 ) 
4 115 116 (2047.160034 -5994.669922 192 ) (2004.209961 -5994.669922 192 ) (2004.209961 -5994.669922 21.333302 ) (2047.160034 -5994.669922 21.333302 ) 
4 116 127 (2047.160034 -6144 192 ) (2004.209961 -6144 192 ) (2004.209961 -6144 21.333302 ) (2047.160034 -6144 21.333302 ) 
4 117 128 (1961.260132 -6144 192 ) (1488.840088 -6144 192 ) (1488.840088 -6144 21.333302 ) (1961.260132 -6144 21.333302 ) 
4 118 159 (1024 -6144 490.666992 ) (1024 -6144 917.333008 ) (1024 -5120 917.333008 ) (1024 -5120 490.666992 ) 
4 118 123 (1024 -6144 917.333008 ) (1024 -6144 490.666992 ) (1445.890015 -6144 490.666992 ) (1445.890015 -6144 917.333008 ) 
4 118 121 (1360 -6144 490.666992 ) (1024 -6144 490.666992 ) (1024 -5226.669922 490.666992 ) (1360 -5226.669922 490.666992 ) 
4 118 119 (1445.890015 -5952 490.666992 ) (1445.890015 -6144 490.666992 ) (1360 -6144 490.666992 ) (1360 -5952 490.666992 ) 
4 119 130 (1360 -6144 21.333302 ) (1445.890015 -6144 21.333302 ) (1445.890015 -6144 192 ) (1360 -6144 192 ) 
4 119 126 (1445.890015 -6144 192 ) (1445.890015 -6144 490.666992 ) (1360 -6144 490.666992 ) (1360 -6144 192 ) 
4 119 121 (1360 -5952 21.333302 ) (1360 -6144 21.333302 ) (1360 -6144 490.666992 ) (1360 -5952 490.666992 ) 
4 120 160 (1024 -5120 448 ) (1024 -5120 21.333302 ) (1024 -5184 21.333302 ) (1024 -5184 448 ) 
4 121 166 (1024 -5888.315918 192 ) (1024 -5619.138672 192 ) (1024 -5619.138672 21.333302 ) (1024 -5888.315918 21.333302 ) 
4 121 164 (1024 -5619.138672 192 ) (1024 -5226.669922 192 ) (1024 -5226.669922 21.333302 ) (1024 -5619.138672 21.333302 ) 
4 121 163 (1024 -6144 21.333302 ) (1024 -6144 192 ) (1024 -5888.315918 192 ) (1024 -5888.315918 21.333302 ) 
4 121 162 (1024 -6144 192 ) (1024 -6144 490.666992 ) (1024 -5226.669922 490.666992 ) (1024 -5226.669922 192 ) 
4 121 130 (1024 -6144 192 ) (1024 -6144 21.333302 ) (1360 -6144 21.333302 ) (1360 -6144 192 ) 
4 121 126 (1024 -6144 490.666992 ) (1024 -6144 192 ) (1360 -6144 192 ) (1360 -6144 490.666992 ) 
4 122 131 (2133.050293 -7168 490.666992 ) (2133.050293 -7168 917.333008 ) (2048 -7168 917.333008 ) (2048 -7168 490.666992 ) 
4 122 123 (2048 -6144 917.333008 ) (2048 -6144 490.666992 ) (2048 -7168 490.666992 ) (2048 -7168 917.333008 ) 
4 123 192 (1024 -7168 490.666992 ) (1024 -7168 917.333008 ) (1024 -6144 917.333008 ) (1024 -6144 490.666992 ) 
4 123 135 (1445.890015 -7168 490.666992 ) (2004.209961 -7168 490.666992 ) (2004.209961 -7168 917.333008 ) (1445.890015 -7168 917.333008 ) 
4 123 136 (1024 -7168 917.333008 ) (1024 -7168 490.666992 ) (1445.890015 -7168 490.666992 ) (1445.890015 -7168 917.333008 ) 
4 123 133 (2047.160034 -7168 490.666992 ) (2048 -7168 490.666992 ) (2048 -7168 917.333008 ) (2047.160034 -7168 917.333008 ) 
4 123 134 (2004.209961 -7168 490.666992 ) (2047.160034 -7168 490.666992 ) (2047.160034 -7168 917.333008 ) (2004.209961 -7168 917.333008 ) 
4 123 125 (1445.890015 -6144 490.666992 ) (2004.209961 -6144 490.666992 ) (2004.209961 -7168 490.666992 ) (1445.890015 -7168 490.666992 ) 
4 123 124 (2004.209961 -6144 490.666992 ) (2047.160034 -6144 490.666992 ) (2047.160034 -7168 490.666992 ) (2004.209961 -7168 490.666992 ) 
4 123 126 (1024 -7168 490.666992 ) (1024 -6144 490.666992 ) (1445.890015 -6144 490.666992 ) (1445.890015 -7168 490.666992 ) 
4 124 134 (2004.209961 -7168 192 ) (2047.160034 -7168 192 ) (2047.160034 -7168 490.666992 ) (2004.209961 -7168 490.666992 ) 
4 124 127 (2047.160034 -7168 192 ) (2004.209961 -7168 192 ) (2004.209961 -6144 192 ) (2047.160034 -6144 192 ) 
4 124 125 (2004.209961 -7168 234.667023 ) (2004.209961 -7168 490.666992 ) (2004.209961 -6144 490.666992 ) (2004.209961 -6144 234.667023 ) 
4 125 135 (2004.209961 -7168 234.667023 ) (2004.209961 -7168 490.666992 ) (1445.890015 -7168 490.666992 ) (1445.890015 -7168 234.667023 ) 
4 125 126 (1445.890015 -7168 234.667023 ) (1445.890015 -7168 490.666992 ) (1445.890015 -6144 490.666992 ) (1445.890015 -6144 234.667023 ) 
4 126 192 (1024 -7168 192 ) (1024 -7168 490.666992 ) (1024 -6144 490.666992 ) (1024 -6144 192 ) 
4 126 136 (1024 -7168 490.666992 ) (1024 -7168 192 ) (1445.890015 -7168 192 ) (1445.890015 -7168 490.666992 ) 
4 126 130 (1445.890015 -7168 192 ) (1024 -7168 192 ) (1024 -6144 192 ) (1445.890015 -6144 192 ) 
4 127 137 (2004.209961 -7168 21.333302 ) (2047.160034 -7168 21.333302 ) (2047.160034 -7168 192 ) (2004.209961 -7168 192 ) 
4 128 129 (1488.840088 -6464 21.333302 ) (1488.840088 -6720 21.333302 ) (1488.840088 -6720 192 ) (1488.840088 -6464 192 ) 
4 129 130 (1445.890015 -6464 21.333302 ) (1445.890015 -6720 21.333302 ) (1445.890015 -6720 192 ) (1445.890015 -6464 192 ) 
4 130 192 (1024 -7168 21.333302 ) (1024 -7168 192 ) (1024 -6144 192 ) (1024 -6144 21.333302 ) 
4 130 138 (1024 -7168 192 ) (1024 -7168 21.333302 ) (1445.890015 -7168 21.333302 ) (1445.890015 -7168 192 ) 
4 131 139 (2048 -7189.330078 490.666992 ) (2048 -7232 490.666992 ) (2048 -7232 917.333008 ) (2048 -7189.330078 917.333008 ) 
4 131 133 (2048 -7168 917.333008 ) (2048 -7168 490.666992 ) (2048 -7189.330078 490.666992 ) (2048 -7189.330078 917.333008 ) 
4 131 132 (2133.050293 -7232 490.666992 ) (2133.050293 -7232 917.333008 ) (2048 -7232 917.333008 ) (2048 -7232 490.666992 ) 
4 132 141 (2048 -7317.330078 490.666992 ) (2048 -7317.330078 917.333008 ) (2048 -7232 917.333008 ) (2048 -7232 490.666992 ) 
4 133 139 (2048 -7189.330078 490.666992 ) (2048 -7189.330078 917.333008 ) (2047.160034 -7189.330078 917.333008 ) (2047.160034 -7189.330078 490.666992 ) 
4 133 134 (2047.160034 -7189.330078 490.666992 ) (2047.160034 -7189.330078 917.333008 ) (2047.160034 -7168 917.333008 ) (2047.160034 -7168 490.666992 ) 
4 134 140 (2047.160034 -7189.330078 917.333008 ) (2004.209961 -7189.330078 917.333008 ) (2004.209961 -7189.330078 192 ) (2047.160034 -7189.330078 192 ) 
4 134 137 (2047.160034 -7189.330078 192 ) (2004.209961 -7189.330078 192 ) (2004.209961 -7168 192 ) (2047.160034 -7168 192 ) 
4 134 135 (2004.209961 -7189.330078 234.667023 ) (2004.209961 -7189.330078 917.333008 ) (2004.209961 -7168 917.333008 ) (2004.209961 -7168 234.667023 ) 
4 135 140 (2004.209961 -7189.330078 917.333008 ) (1445.890015 -7189.330078 917.333008 ) (1445.890015 -7189.330078 234.667023 ) (2004.209961 -7189.330078 234.667023 ) 
4 135 136 (1445.890015 -7189.330078 234.667023 ) (1445.890015 -7189.330078 917.333008 ) (1445.890015 -7168 917.333008 ) (1445.890015 -7168 234.667023 ) 
4 136 200 (1024 -7189.330078 917.333008 ) (1024 -7168 917.333008 ) (1024 -7168 192 ) (1024 -7189.330078 192 ) 
4 136 140 (1445.890015 -7189.330078 917.333008 ) (1024 -7189.330078 917.333008 ) (1024 -7189.330078 192 ) (1445.890015 -7189.330078 192 ) 
4 136 138 (1445.890015 -7189.330078 192 ) (1024 -7189.330078 192 ) (1024 -7168 192 ) (1445.890015 -7168 192 ) 
4 137 140 (2004.209961 -7189.330078 21.333302 ) (2047.160034 -7189.330078 21.333302 ) (2047.160034 -7189.330078 192 ) (2004.209961 -7189.330078 192 ) 
4 138 200 (1024 -7168 192 ) (1024 -7168 21.333302 ) (1024 -7189.330078 21.333302 ) (1024 -7189.330078 192 ) 
4 138 140 (1024 -7189.330078 21.333302 ) (1445.890015 -7189.330078 21.333302 ) (1445.890015 -7189.330078 192 ) (1024 -7189.330078 192 ) 
4 139 141 (2048 -7232 490.666992 ) (2048 -7232 917.333008 ) (2047.160034 -7232 917.333008 ) (2047.160034 -7232 490.666992 ) 
4 139 140 (2047.160034 -7189.330078 917.333008 ) (2047.160034 -7189.330078 490.666992 ) (2047.160034 -7232 490.666992 ) (2047.160034 -7232 917.333008 ) 
4 140 200 (1024 -7232 917.333008 ) (1024 -7189.330078 917.333008 ) (1024 -7189.330078 21.333302 ) (1024 -7232 21.333302 ) 
4 140 141 (2047.160034 -7232 490.666992 ) (2047.160034 -7232 917.333008 ) (1024 -7232 917.333008 ) (1024 -7232 490.666992 ) 
4 141 201 (1024 -7317.330078 917.333008 ) (1024 -7232 917.333008 ) (1024 -7232 490.666992 ) (1024 -7317.330078 490.666992 ) 
4 142 159 (1024 -5120 490.666992 ) (1024 -5120 917.333008 ) (0 -5120 917.333008 ) (0 -5120 490.666992 ) 
4 142 153 (0 -4928 490.666992 ) (0 -5120 490.666992 ) (0 -5120 917.333008 ) (0 -4928 917.333008 ) 
4 142 152 (0 -4501.330078 490.666992 ) (0 -4928 490.666992 ) (0 -4928 917.333008 ) (0 -4501.330078 917.333008 ) 
4 142 148 (0 -4096 917.333008 ) (0 -4096 490.666992 ) (0 -4501.330078 490.666992 ) (0 -4501.330078 917.333008 ) 
4 142 143 (0 -4501.330078 490.666992 ) (0 -4096 490.666992 ) (1024 -4096 490.666992 ) (1024 -4501.330078 490.666992 ) 
4 143 148 (0 -4096 490.666992 ) (0 -4096 234.667023 ) (0 -4501.330078 234.667023 ) (0 -4501.330078 490.666992 ) 
4 143 145 (0 -4501.330078 234.667023 ) (0 -4096 234.667023 ) (1024 -4096 234.667023 ) (1024 -4501.330078 234.667023 ) 
4 144 160 (1024 -5120 234.667023 ) (1024 -5120 448 ) (0 -5120 448 ) (0 -5120 234.667023 ) 
4 144 154 (0 -4928 234.667023 ) (0 -5120 234.667023 ) (0 -5120 448 ) (0 -4928 448 ) 
4 144 147 (0 -5120 234.667023 ) (0 -4928 234.667023 ) (1024 -4928 234.667023 ) (1024 -5120 234.667023 ) 
4 145 150 (0 -4096 234.667023 ) (0 -4096 21.333302 ) (0 -4501.330078 21.333302 ) (0 -4501.330078 234.667023 ) 
4 145 146 (200.421005 -4501.330078 21.333302 ) (458.105042 -4501.330078 21.333302 ) (458.105042 -4501.330078 234.667023 ) (200.421005 -4501.330078 234.667023 ) 
4 146 147 (200.421005 -4928 21.333302 ) (458.105042 -4928 21.333302 ) (458.105042 -4928 234.667023 ) (200.421005 -4928 234.667023 ) 
4 147 160 (1024 -5120 21.333302 ) (1024 -5120 234.667023 ) (0 -5120 234.667023 ) (0 -5120 21.333302 ) 
4 147 154 (0 -4928 21.333302 ) (0 -5120 21.333302 ) (0 -5120 234.667023 ) (0 -4928 234.667023 ) 
4 148 152 (0 -4501.330078 490.666992 ) (0 -4501.330078 917.333008 ) (-314.946991 -4501.330078 917.333008 ) (-314.946991 -4501.330078 490.666992 ) 
4 148 150 (0 -4501.330078 234.667023 ) (-314.946991 -4501.330078 234.667023 ) (-314.946991 -4096 234.667023 ) (0 -4096 234.667023 ) 
4 148 149 (-314.946991 -4501.330078 490.666992 ) (-314.946991 -4501.330078 917.333008 ) (-314.946991 -4096 917.333008 ) (-314.946991 -4096 490.666992 ) 
4 149 155 (-443.789001 -4096 917.333008 ) (-443.789001 -4096 490.666992 ) (-443.789001 -4501.330078 490.666992 ) (-443.789001 -4501.330078 917.333008 ) 
4 149 152 (-443.789001 -4501.330078 917.333008 ) (-443.789001 -4501.330078 490.666992 ) (-314.946991 -4501.330078 490.666992 ) (-314.946991 -4501.330078 917.333008 ) 
4 150 151 (-314.946991 -4117.330078 21.333302 ) (-314.946991 -4373.330078 21.333302 ) (-314.946991 -4373.330078 234.667023 ) (-314.946991 -4117.330078 234.667023 ) 
4 151 157 (-443.789001 -4117.330078 21.333302 ) (-443.789001 -4373.330078 21.333302 ) (-443.789001 -4373.330078 234.667023 ) (-443.789001 -4117.330078 234.667023 ) 
4 152 155 (-443.789001 -4928 490.666992 ) (-443.789001 -4928 917.333008 ) (-443.789001 -4501.330078 917.333008 ) (-443.789001 -4501.330078 490.666992 ) 
4 152 153 (-443.789001 -4928 917.333008 ) (-443.789001 -4928 490.666992 ) (0 -4928 490.666992 ) (0 -4928 917.333008 ) 
4 153 169 (0 -5120 490.666992 ) (0 -5120 768 ) (-443.789001 -5120 768 ) (-443.789001 -5120 490.666992 ) 
4 153 168 (0 -5120 768 ) (0 -5120 917.333008 ) (-443.789001 -5120 917.333008 ) (-443.789001 -5120 768 ) 
4 153 155 (-443.789001 -5120 490.666992 ) (-443.789001 -5120 917.333008 ) (-443.789001 -4928 917.333008 ) (-443.789001 -4928 490.666992 ) 
4 154 175 (0 -5120 21.333302 ) (0 -5120 448 ) (-443.789001 -5120 448 ) (-443.789001 -5120 21.333302 ) 
4 154 157 (-443.789001 -4928 21.333302 ) (-443.789001 -5120 21.333302 ) (-443.789001 -5120 448 ) (-443.789001 -4928 448 ) 
4 155 190 (-1024 -4096 917.333008 ) (-1024 -4096 490.666992 ) (-1024 -5120 490.666992 ) (-1024 -5120 917.333008 ) 
4 155 169 (-768 -5120 490.666992 ) (-443.789001 -5120 490.666992 ) (-443.789001 -5120 768 ) (-768 -5120 768 ) 
4 155 171 (-1024 -5120 768 ) (-1024 -5120 490.666992 ) (-768 -5120 490.666992 ) (-768 -5120 768 ) 
4 155 168 (-1024 -5120 917.333008 ) (-1024 -5120 768 ) (-443.789001 -5120 768 ) (-443.789001 -5120 917.333008 ) 
4 155 158 (-787.368042 -5120 490.666992 ) (-1024 -5120 490.666992 ) (-1024 -4117.330078 490.666992 ) (-787.368042 -4117.330078 490.666992 ) 
4 155 156 (-1024 -4096 490.666992 ) (-787.368042 -4096 490.666992 ) (-787.368042 -4117.330078 490.666992 ) (-1024 -4117.330078 490.666992 ) 
4 156 190 (-1024 -4096 490.666992 ) (-1024 -4096 21.333302 ) (-1024 -4117.330078 21.333302 ) (-1024 -4117.330078 490.666992 ) 
4 156 158 (-1024 -4117.330078 21.333302 ) (-787.368042 -4117.330078 21.333302 ) (-787.368042 -4117.330078 490.666992 ) (-1024 -4117.330078 490.666992 ) 
4 157 175 (-701.473999 -5120 21.333302 ) (-443.789001 -5120 21.333302 ) (-443.789001 -5120 448 ) (-701.473999 -5120 448 ) 
4 158 190 (-1024 -4117.330078 21.333302 ) (-1024 -5120 21.333302 ) (-1024 -5120 490.666992 ) (-1024 -4117.330078 490.666992 ) 
4 158 189 (-1024 -5120 490.666992 ) (-1024 -5120 21.333302 ) (-787.368042 -5120 21.333302 ) (-787.368042 -5120 490.666992 ) 
4 159 192 (1024 -6144 490.666992 ) (1024 -6144 917.333008 ) (0 -6144 917.333008 ) (0 -6144 490.666992 ) 
4 159 172 (0 -5216 490.666992 ) (0 -6144 490.666992 ) (0 -6144 768 ) (0 -5216 768 ) 
4 159 170 (0 -5184 490.666992 ) (0 -5216 490.666992 ) (0 -5216 768 ) (0 -5184 768 ) 
4 159 169 (0 -5120 768 ) (0 -5120 490.666992 ) (0 -5184 490.666992 ) (0 -5184 768 ) 
4 159 168 (0 -5120 917.333008 ) (0 -5120 768 ) (0 -6144 768 ) (0 -6144 917.333008 ) 
4 159 162 (0 -6144 490.666992 ) (0 -5226.669922 490.666992 ) (1024 -5226.669922 490.666992 ) (1024 -6144 490.666992 ) 
4 160 175 (0 -5120 448 ) (0 -5120 21.333302 ) (0 -5184 21.333302 ) (0 -5184 448 ) 
4 160 161 (200.421005 -5184 21.333302 ) (458.105042 -5184 21.333302 ) (458.105042 -5184 234.667023 ) (200.421005 -5184 234.667023 ) 
4 161 164 (200.421005 -5226.669922 21.333302 ) (458.105042 -5226.669922 21.333302 ) (458.105042 -5226.669922 192 ) (200.421005 -5226.669922 192 ) 
4 161 162 (458.105042 -5226.669922 192 ) (458.105042 -5226.669922 234.667023 ) (200.421005 -5226.669922 234.667023 ) (200.421005 -5226.669922 192 ) 
4 162 192 (1024 -6144 192 ) (1024 -6144 490.666992 ) (0 -6144 490.666992 ) (0 -6144 192 ) 
4 162 181 (0 -6144 192 ) (0 -6144 490.666992 ) (0 -5600 490.666992 ) (0 -5600 192 ) 
4 162 178 (0 -5226.669922 384 ) (0 -5226.669922 192 ) (0 -5600 192 ) (0 -5600 384 ) 
4 162 176 (0 -5600 490.666992 ) (0 -5226.669922 490.666992 ) (0 -5226.669922 384 ) (0 -5600 384 ) 
4 162 167 (404.776184 -6144 192 ) (0 -6144 192 ) (0 -5715.425781 192 ) (10.424610 -5706.040039 192 ) 
4 162 166 (155.877991 -5337.029785 192 ) (1024 -5619.138672 192 ) (1024 -5888.315918 192 ) (76.769653 -5580.500000 192 ) 
4 162 165 (0 -5555.552734 192 ) (0 -5286.375000 192 ) (95.010361 -5317.250000 192 ) (15.902039 -5560.720215 192 ) 
4 162 164 (0 -5286.375000 192 ) (0 -5226.669922 192 ) (1024 -5226.669922 192 ) (1024 -5619.138672 192 ) 
5 162 163 (1024 -6144 192 ) (404.776184 -6144 192 ) (0 -5694.462402 192 ) (0 -5555.552734 192 ) (1024 -5888.315918 192 ) 
4 163 192 (1024 -6144 21.333302 ) (1024 -6144 192 ) (404.776184 -6144 192 ) (404.776154 -6144 21.333302 ) 
4 163 183 (0 -5600 21.333302 ) (0 -5694.462402 21.333302 ) (0 -5694.462402 192 ) (0 -5600 192 ) 
4 163 178 (0 -5555.552734 21.333302 ) (0 -5600 21.333302 ) (0 -5600 192 ) (0 -5555.552734 192 ) 
4 163 167 (404.777100 -6144 192 ) (10.425232 -5706.039063 192 ) (10.423955 -5706.040527 21.333302 ) (404.774811 -6144 21.333302 ) 
4 163 166 (1024 -5888.316406 21.333302 ) (76.769653 -5580.500000 21.333302 ) (76.769753 -5580.500000 192 ) (1024 -5888.315918 192 ) 
4 163 165 (15.902039 -5560.720215 21.333302 ) (0 -5555.552734 21.333302 ) (0 -5555.552734 192 ) (15.902009 -5560.720215 192 ) 
4 164 178 (0 -5226.669922 21.333302 ) (0 -5286.375000 21.333302 ) (0 -5286.375000 192 ) (0 -5226.669922 192 ) 
4 164 166 (1024 -5619.138672 192 ) (155.877991 -5337.029785 192 ) (155.878113 -5337.029297 21.333302 ) (1024 -5619.137695 21.333302 ) 
4 164 165 (95.010376 -5317.250000 192 ) (0 -5286.375000 192 ) (0 -5286.374512 21.333302 ) (95.010483 -5317.249512 21.333302 ) 
4 165 178 (0 -5286.375000 21.333302 ) (0 -5555.552734 21.333302 ) (0 -5555.552734 192 ) (0 -5286.375000 192 ) 
4 167 192 (404.776184 -6144 192 ) (0 -6144 192 ) (0 -6144 21.333302 ) (404.776154 -6144 21.333302 ) 
4 167 185 (0 -5715.425781 21.333302 ) (0 -6077.032227 21.333302 ) (0 -6077.032227 192 ) (0 -5715.425781 192 ) 
4 167 182 (0 -6077.032227 21.333302 ) (0 -6144 21.333302 ) (0 -6144 192 ) (0 -6077.032227 192 ) 
4 168 194 (-725.052979 -6144 917.333008 ) (-768 -6144 917.333008 ) (-768 -6144 768 ) (-725.052979 -6144 768 ) 
4 168 193 (0 -6144 768 ) (0 -6144 917.333008 ) (-725.052979 -6144 917.333008 ) (-725.052979 -6144 768 ) 
4 168 197 (-768 -6144 917.333008 ) (-1024 -6144 917.333008 ) (-1024 -6144 768 ) (-768 -6144 768 ) 
4 168 191 (-1024 -6144 768 ) (-1024 -6144 917.333008 ) (-1024 -5120 917.333008 ) (-1024 -5120 768 ) 
4 168 173 (-725.052979 -6144 768 ) (-768 -6144 768 ) (-768 -5216 768 ) (-725.052979 -5216 768 ) 
4 168 172 (0 -6144 768 ) (-725.052979 -6144 768 ) (-725.052979 -5216 768 ) (0 -5216 768 ) 
4 168 174 (-768 -6144 768 ) (-1024 -6144 768 ) (-1024 -5216 768 ) (-768 -5216 768 ) 
4 168 170 (0 -5184 768 ) (0 -5216 768 ) (-768 -5216 768 ) (-768 -5184 768 ) 
4 168 169 (-768 -5120 768 ) (0 -5120 768 ) (0 -5184 768 ) (-768 -5184 768 ) 
4 168 171 (-1024 -5216 768 ) (-1024 -5120 768 ) (-768 -5120 768 ) (-768 -5216 768 ) 
4 169 171 (-768 -5120 490.666992 ) (-768 -5184 490.666992 ) (-768 -5184 768 ) (-768 -5120 768 ) 
4 169 170 (-768 -5184 768 ) (-768 -5184 490.666992 ) (0 -5184 490.666992 ) (0 -5184 768 ) 
4 170 173 (-768 -5216 490.666992 ) (-725.052979 -5216 490.666992 ) (-725.052979 -5216 768 ) (-768 -5216 768 ) 
4 170 172 (-725.052979 -5216 490.666992 ) (0 -5216 490.666992 ) (0 -5216 768 ) (-725.052979 -5216 768 ) 
4 170 171 (-768 -5184 490.666992 ) (-768 -5216 490.666992 ) (-768 -5216 768 ) (-768 -5184 768 ) 
4 171 191 (-1024 -5216 768 ) (-1024 -5120 768 ) (-1024 -5120 490.666992 ) (-1024 -5216 490.666992 ) 
4 171 189 (-787.368042 -5216 490.666992 ) (-1024 -5216 490.666992 ) (-1024 -5120 490.666992 ) (-787.368042 -5120 490.666992 ) 
4 171 174 (-1024 -5216 490.666992 ) (-768 -5216 490.666992 ) (-768 -5216 768 ) (-1024 -5216 768 ) 
4 172 193 (0 -6144 490.666992 ) (0 -6144 768 ) (-725.052979 -6144 768 ) (-725.052979 -6144 490.666992 ) 
4 172 181 (0 -5600 490.666992 ) (0 -6144 490.666992 ) (-701.473999 -6144 490.666992 ) (-701.473999 -5600 490.666992 ) 
4 172 177 (-352 -5600 490.666992 ) (-701.473999 -5600 490.666992 ) (-701.473999 -5226.669922 490.666992 ) (-352 -5226.669922 490.666992 ) 
4 172 176 (0 -5226.669922 490.666992 ) (0 -5600 490.666992 ) (-352 -5600 490.666992 ) (-352 -5226.669922 490.666992 ) 
4 172 173 (-725.052979 -5216 768 ) (-725.052979 -5216 490.666992 ) (-725.052979 -6144 490.666992 ) (-725.052979 -6144 768 ) 
4 173 195 (-725.052979 -6144 768 ) (-768 -6144 768 ) (-768 -6144 490.666992 ) (-725.052979 -6144 490.666992 ) 
4 173 174 (-768 -5216 768 ) (-768 -5216 490.666992 ) (-768 -6144 490.666992 ) (-768 -6144 768 ) 
4 174 197 (-768 -6144 768 ) (-1024 -6144 768 ) (-1024 -6144 490.666992 ) (-768 -6144 490.666992 ) 
4 174 191 (-1024 -6144 490.666992 ) (-1024 -6144 768 ) (-1024 -5216 768 ) (-1024 -5216 490.666992 ) 
4 174 189 (-787.368042 -6144 490.666992 ) (-1024 -6144 490.666992 ) (-1024 -5216 490.666992 ) (-787.368042 -5216 490.666992 ) 
4 176 181 (-352 -5600 384 ) (0 -5600 384 ) (0 -5600 490.666992 ) (-352 -5600 490.666992 ) 
4 176 178 (0 -5600 384 ) (-352 -5600 384 ) (-352 -5226.669922 384 ) (0 -5226.669922 384 ) 
4 176 177 (-352 -5600 416 ) (-352 -5600 490.666992 ) (-352 -5226.669922 490.666992 ) (-352 -5226.669922 416 ) 
4 177 181 (-701.473999 -5600 490.666992 ) (-701.473999 -5600 416 ) (-352 -5600 416 ) (-352 -5600 490.666992 ) 
4 178 184 (-85.056801 -5600 192 ) (-352 -5600 192 ) (-352 -5600 21.333302 ) (-85.056824 -5600 21.333302 ) 
4 178 183 (0 -5600 21.333302 ) (0 -5600 192 ) (-85.056801 -5600 192 ) (-85.056824 -5600 21.333302 ) 
4 178 181 (0 -5600 192 ) (0 -5600 384 ) (-352 -5600 384 ) (-352 -5600 192 ) 
4 179 180 (-576 -5568 160 ) (-672 -5568 160 ) (-672 -5568 24 ) (-576 -5568 24 ) 
4 180 187 (-623.676392 -5600 24 ) (-576 -5600 24 ) (-576 -5600 160 ) (-623.676392 -5600 160 ) 
4 180 186 (-672 -5600 24 ) (-623.676392 -5600 24 ) (-623.676392 -5600 160 ) (-672 -5600 160 ) 
4 181 198 (0 -6144 192 ) (0 -6144 490.666992 ) (-701.473999 -6144 490.666992 ) (-701.473999 -6144 192 ) 
4 181 188 (-361.571014 -5947.529785 192 ) (-358.141541 -6144 192 ) (-614.180481 -6144 192 ) (-617.531982 -5952 192 ) 
4 181 187 (-623.676453 -5600 192 ) (-367.637329 -5600 192 ) (-362.687988 -5883.540039 192 ) (-618.648987 -5888.009766 192 ) 
4 181 186 (-701.473999 -6144 192 ) (-701.473999 -5600 192 ) (-623.676453 -5600 192 ) (-614.180481 -6144 192 ) 
3 181 185 (0 -5715.425781 192 ) (0 -6077.032227 192 ) (-179.820145 -5877.330078 192 ) 
5 181 184 (-367.637329 -5600 192 ) (-85.056732 -5600 192 ) (-32.399765 -5658.479980 192 ) (-222.645142 -5829.770020 192 ) (-366.413605 -5670.105469 192 ) 
3 181 183 (-85.056732 -5600 192 ) (0 -5600 192 ) (0 -5694.462402 192 ) 
4 181 182 (0 -6077.032227 192 ) (0 -6144 192 ) (-358.141541 -6144 192 ) (-366.413605 -5670.105469 192 ) 
4 182 198 (0 -6144 21.333302 ) (0 -6144 192 ) (-358.141541 -6144 192 ) (-358.141541 -6144 21.333302 ) 
4 182 188 (-361.571136 -5947.529785 21.333302 ) (-358.141663 -6144 21.333302 ) (-358.141479 -6144 192 ) (-361.570984 -5947.529785 192 ) 
4 182 187 (-366.413727 -5670.104980 21.333302 ) (-362.688110 -5883.540039 21.333302 ) (-362.687958 -5883.540039 192 ) (-366.413605 -5670.105469 192 ) 
4 182 185 (0 -6077.027344 21.333302 ) (-179.818878 -5877.328613 21.333302 ) (-179.820023 -5877.330566 192 ) (0 -6077.032715 192 ) 
4 182 184 (-222.644196 -5829.769043 21.333302 ) (-366.412109 -5670.107422 21.333302 ) (-366.412109 -5670.107422 192 ) (-222.645233 -5829.770020 192 ) 
4 183 184 (-85.054077 -5600 21.333302 ) (-32.398113 -5658.478516 21.333302 ) (-32.397739 -5658.478027 192 ) (-85.054688 -5600 192 ) 
4 184 187 (-367.637451 -5600 21.333302 ) (-366.413727 -5670.104980 21.333302 ) (-366.413605 -5670.105469 192 ) (-367.637329 -5600 192 ) 
4 186 198 (-614.180481 -6144 192 ) (-701.473999 -6144 192 ) (-701.473999 -6144 21.333302 ) (-614.180481 -6144 21.333302 ) 
4 186 188 (-614.180298 -6144 21.333302 ) (-617.531799 -5952 21.333302 ) (-617.531799 -5952 192 ) (-614.180298 -6144 192 ) 
4 186 187 (-618.648804 -5888.009766 21.333302 ) (-623.676270 -5600 21.333302 ) (-623.676270 -5600 192 ) (-618.648804 -5888.009766 192 ) 
4 188 198 (-358.141541 -6144 192 ) (-614.180481 -6144 192 ) (-614.180481 -6144 21.333302 ) (-358.141541 -6144 21.333302 ) 
4 189 199 (-787.368042 -6144 21.333302 ) (-787.368042 -6144 490.666992 ) (-1024 -6144 490.666992 ) (-1024 -6144 21.333302 ) 
4 189 191 (-1024 -6144 21.333302 ) (-1024 -6144 490.666992 ) (-1024 -5120 490.666992 ) (-1024 -5120 21.333302 ) 
4 190 191 (-1024 -5120 21.333302 ) (-1024 -5120 917.333008 ) (-1045.050049 -5120 917.333008 ) (-1045.050049 -5120 21.333302 ) 
4 191 207 (-1024 -6144 21.333302 ) (-1024 -6144 917.333008 ) (-1045.050049 -6144 917.333008 ) (-1045.050049 -6144 21.333302 ) 
4 192 200 (1024 -7168 21.333302 ) (1024 -7168 917.333008 ) (0 -7168 917.333008 ) (0 -7168 21.333302 ) 
4 192 198 (0 -6144 490.666992 ) (0 -6144 21.333302 ) (0 -7168 21.333302 ) (0 -7168 490.666992 ) 
4 192 193 (0 -6144 917.333008 ) (0 -6144 490.666992 ) (0 -7168 490.666992 ) (0 -7168 917.333008 ) 
4 193 203 (-701.473999 -7168 917.333008 ) (-725.052979 -7168 917.333008 ) (-725.052979 -7168 490.666992 ) (-701.473999 -7168 490.666992 ) 
4 193 202 (0 -7168 490.666992 ) (0 -7168 917.333008 ) (-701.473999 -7168 917.333008 ) (-701.473999 -7168 490.666992 ) 
4 193 198 (0 -7168 490.666992 ) (-701.473999 -7168 490.666992 ) (-701.473999 -6144 490.666992 ) (0 -6144 490.666992 ) 
4 193 195 (-725.052979 -6144 490.666992 ) (-725.052979 -6165.330078 490.666992 ) (-725.052979 -6165.330078 768 ) (-725.052979 -6144 768 ) 
4 193 194 (-725.052979 -6165.330078 768 ) (-725.052979 -6165.330078 917.333008 ) (-725.052979 -6144 917.333008 ) (-725.052979 -6144 768 ) 
4 193 196 (-725.052979 -6165.330078 490.666992 ) (-725.052979 -7168 490.666992 ) (-725.052979 -7168 917.333008 ) (-725.052979 -6165.330078 917.333008 ) 
4 194 196 (-768 -6165.330078 917.333008 ) (-768 -6165.330078 768 ) (-725.052979 -6165.330078 768 ) (-725.052979 -6165.330078 917.333008 ) 
4 194 197 (-768 -6165.330078 768 ) (-768 -6165.330078 917.333008 ) (-768 -6144 917.333008 ) (-768 -6144 768 ) 
4 194 195 (-725.052979 -6165.330078 768 ) (-768 -6165.330078 768 ) (-768 -6144 768 ) (-725.052979 -6144 768 ) 
4 195 196 (-768 -6165.330078 768 ) (-768 -6165.330078 490.666992 ) (-725.052979 -6165.330078 490.666992 ) (-725.052979 -6165.330078 768 ) 
4 195 197 (-768 -6144 490.666992 ) (-768 -6165.330078 490.666992 ) (-768 -6165.330078 768 ) (-768 -6144 768 ) 
4 196 203 (-725.052979 -7168 917.333008 ) (-768 -7168 917.333008 ) (-768 -7168 490.666992 ) (-725.052979 -7168 490.666992 ) 
4 196 197 (-768 -6165.330078 490.666992 ) (-768 -7168 490.666992 ) (-768 -7168 917.333008 ) (-768 -6165.330078 917.333008 ) 
4 197 207 (-1024 -6144 917.333008 ) (-1024 -6144 490.666992 ) (-1024 -7168 490.666992 ) (-1024 -7168 917.333008 ) 
4 197 203 (-768 -7168 917.333008 ) (-787.368042 -7168 917.333008 ) (-787.368042 -7168 490.666992 ) (-768 -7168 490.666992 ) 
4 197 204 (-787.368042 -7168 917.333008 ) (-1024 -7168 917.333008 ) (-1024 -7168 490.666992 ) (-787.368042 -7168 490.666992 ) 
4 197 199 (-787.368042 -7168 490.666992 ) (-1024 -7168 490.666992 ) (-1024 -6144 490.666992 ) (-787.368042 -6144 490.666992 ) 
4 198 202 (0 -7168 21.333302 ) (0 -7168 490.666992 ) (-701.473999 -7168 490.666992 ) (-701.473999 -7168 21.333302 ) 
4 199 207 (-1024 -6144 490.666992 ) (-1024 -6144 21.333302 ) (-1024 -7168 21.333302 ) (-1024 -7168 490.666992 ) 
4 199 204 (-787.368042 -7168 490.666992 ) (-1024 -7168 490.666992 ) (-1024 -7168 21.333302 ) (-787.368042 -7168 21.333302 ) 
4 200 202 (0 -7232 21.333302 ) (0 -7232 917.333008 ) (0 -7168 917.333008 ) (0 -7168 21.333302 ) 
4 200 201 (1024 -7232 490.666992 ) (1024 -7232 917.333008 ) (0 -7232 917.333008 ) (0 -7232 490.666992 ) 
4 201 205 (0 -7317.330078 490.666992 ) (0 -7317.330078 917.333008 ) (0 -7232 917.333008 ) (0 -7232 490.666992 ) 
4 202 205 (0 -7232 490.666992 ) (0 -7232 917.333008 ) (-701.473999 -7232 917.333008 ) (-701.473999 -7232 490.666992 ) 
4 202 203 (-701.473999 -7232 490.666992 ) (-701.473999 -7232 917.333008 ) (-701.473999 -7168 917.333008 ) (-701.473999 -7168 490.666992 ) 
4 203 205 (-701.473999 -7232 490.666992 ) (-701.473999 -7232 917.333008 ) (-787.368042 -7232 917.333008 ) (-787.368042 -7232 490.666992 ) 
4 203 204 (-787.368042 -7232 490.666992 ) (-787.368042 -7232 917.333008 ) (-787.368042 -7168 917.333008 ) (-787.368042 -7168 490.666992 ) 
4 204 208 (-1024 -7232 917.333008 ) (-1024 -7168 917.333008 ) (-1024 -7168 21.333302 ) (-1024 -7232 21.333302 ) 
4 204 206 (-1024 -7232 21.333302 ) (-787.368042 -7232 21.333302 ) (-787.368042 -7232 917.333008 ) (-1024 -7232 917.333008 ) 
4 205 206 (-787.368042 -7232 917.333008 ) (-787.368042 -7232 490.666992 ) (-787.368042 -7317.330078 490.666992 ) (-787.368042 -7317.330078 917.333008 ) 
4 206 208 (-1024 -7317.330078 917.333008 ) (-1024 -7232 917.333008 ) (-1024 -7232 21.333302 ) (-1024 -7317.330078 21.333302 ) 
4 207 208 (-1024 -7168 21.333302 ) (-1024 -7168 917.333008 ) (-1045.050049 -7168 917.333008 ) (-1045.050049 -7168 21.333302 ) 
