PRT1
128
371
4 0 3 (1024 5584 768 ) (1024 5632 768 ) (1024 5632 208 ) (1024 5584 208 ) 
4 0 1 (1536 5584 208 ) (1536 5584 768 ) (1488 5584 768 ) (1488 5584 208 ) 
4 0 2 (1488 5584 768 ) (1024 5584 768 ) (1024 5584 208 ) (1488 5584 208 ) 
4 1 7 (1536 5120 208 ) (1536 5120 768 ) (1488 5120 768 ) (1488 5120 208 ) 
4 1 2 (1488 5584 768 ) (1488 5584 208 ) (1488 5120 208 ) (1488 5120 768 ) 
4 2 8 (1024 5120 208 ) (1024 5120 64 ) (1488 5120 64 ) (1488 5120 208 ) 
4 2 7 (1488 5120 768 ) (1024 5120 768 ) (1024 5120 208 ) (1488 5120 208 ) 
4 2 4 (1024 5120 64 ) (1024 5120 208 ) (1024 5584 208 ) (1024 5584 64 ) 
4 2 3 (1024 5120 208 ) (1024 5120 768 ) (1024 5584 768 ) (1024 5584 208 ) 
4 3 13 (480 5120 304 ) (32 5120 304 ) (32 5120 208 ) (480 5120 208 ) 
4 3 12 (1024 5120 208 ) (1024 5120 304 ) (512 5120 304 ) (512 5120 208 ) 
4 3 11 (1024 5120 304 ) (1024 5120 768 ) (0 5120 768 ) (0 5120 304 ) 
4 3 5 (0 5120 208 ) (0 5120 768 ) (0 5632 768 ) (0 5632 208 ) 
4 3 4 (1024 5584 208 ) (1024 5120 208 ) (0 5120 208 ) (0 5584 208 ) 
4 4 15 (1024 5120 64 ) (1024 5120 80 ) (512 5120 80 ) (512 5120 64 ) 
4 4 13 (480 5120 208 ) (32 5120 208 ) (32 5120 80 ) (480 5120 80 ) 
4 4 12 (1024 5120 80 ) (1024 5120 208 ) (512 5120 208 ) (512 5120 80 ) 
4 4 6 (0 5120 64 ) (0 5120 208 ) (0 5584 208 ) (0 5584 64 ) 
4 5 22 (-1024 5120 208 ) (-1024 5120 768 ) (-1024 5632 768 ) (-1024 5632 208 ) 
4 5 16 (0 5120 208 ) (0 5120 768 ) (-1024 5120 768 ) (-1024 5120 208 ) 
4 5 6 (0 5584 208 ) (0 5120 208 ) (-1024 5120 208 ) (-1024 5584 208 ) 
4 6 23 (-1024 5120 64 ) (-1024 5120 208 ) (-1024 5584 208 ) (-1024 5584 64 ) 
4 6 16 (0 5120 64 ) (0 5120 208 ) (-1024 5120 208 ) (-1024 5120 64 ) 
4 7 12 (1024 5120 304 ) (1024 5120 208 ) (1024 5088 208 ) (1024 5088 304 ) 
4 7 14 (1024 5088 208 ) (1024 4096 208 ) (1024 4096 304 ) (1024 5088 304 ) 
4 7 11 (1024 5120 768 ) (1024 5120 304 ) (1024 4096 304 ) (1024 4096 768 ) 
4 7 9 (1536 4096 208 ) (1536 4096 768 ) (1024 4096 768 ) (1024 4096 208 ) 
4 7 8 (1024 5120 208 ) (1488 5120 208 ) (1488 4096 208 ) (1024 4096 208 ) 
4 8 15 (1024 5120 80 ) (1024 5120 64 ) (1024 4096 64 ) (1024 4096 80 ) 
4 8 12 (1024 5120 208 ) (1024 5120 80 ) (1024 5088 80 ) (1024 5088 208 ) 
4 8 14 (1024 5088 80 ) (1024 4096 80 ) (1024 4096 208 ) (1024 5088 208 ) 
4 8 10 (1488 4096 208 ) (1024 4096 208 ) (1024 4096 64 ) (1488 4096 64 ) 
4 9 51 (1536 3072 208 ) (1536 3072 768 ) (1024 3072 768 ) (1024 3072 208 ) 
4 9 17 (1024 3072 208 ) (1024 3072 768 ) (1024 4096 768 ) (1024 4096 208 ) 
4 9 10 (1488 3072 208 ) (1024 3072 208 ) (1024 4096 208 ) (1488 4096 208 ) 
4 10 52 (1488 3072 208 ) (1024 3072 208 ) (1024 3072 64 ) (1488 3072 64 ) 
4 10 17 (1024 3072 64 ) (1024 3072 208 ) (1024 4096 208 ) (1024 4096 64 ) 
4 11 18 (512 4096 768 ) (0 4096 768 ) (0 4096 304 ) (512 4096 304 ) 
4 11 17 (1024 4096 304 ) (1024 4096 768 ) (512 4096 768 ) (512 4096 304 ) 
4 11 16 (0 5120 768 ) (0 5120 304 ) (0 4096 304 ) (0 4096 768 ) 
4 11 13 (32 5120 304 ) (480 5120 304 ) (480 5088 304 ) (32 5088 304 ) 
4 11 12 (512 5120 304 ) (1024 5120 304 ) (1024 5088 304 ) (512 5088 304 ) 
4 11 14 (0 4096 304 ) (0 5088 304 ) (1024 5088 304 ) (1024 4096 304 ) 
4 12 15 (512 5120 80 ) (1024 5120 80 ) (1024 5088 80 ) (512 5088 80 ) 
4 12 14 (512 5088 80 ) (1024 5088 80 ) (1024 5088 304 ) (512 5088 304 ) 
4 13 14 (32 5088 80 ) (480 5088 80 ) (480 5088 304 ) (32 5088 304 ) 
4 14 18 (512 4096 304 ) (0 4096 304 ) (0 4096 80 ) (512 4096 80 ) 
4 14 17 (1024 4096 80 ) (1024 4096 304 ) (512 4096 304 ) (512 4096 80 ) 
4 14 16 (0 5088 80 ) (0 4096 80 ) (0 4096 304 ) (0 5088 304 ) 
4 14 15 (1024 4096 80 ) (512 4096 80 ) (512 5088 80 ) (1024 5088 80 ) 
4 15 17 (1024 4096 64 ) (1024 4096 80 ) (512 4096 80 ) (512 4096 64 ) 
4 16 35 (-1024 4096 64 ) (-1024 4096 80 ) (-1024 5120 80 ) (-1024 5120 64 ) 
4 16 32 (-1024 5088 304 ) (-1024 5120 304 ) (-1024 5120 80 ) (-1024 5088 80 ) 
4 16 34 (-1024 4096 80 ) (-1024 4096 304 ) (-1024 5088 304 ) (-1024 5088 80 ) 
4 16 30 (-1024 4096 304 ) (-1024 4096 416 ) (-1024 5120 416 ) (-1024 5120 304 ) 
4 16 29 (-1024 4096 416 ) (-1024 4096 768 ) (-1024 5120 768 ) (-1024 5120 416 ) 
4 16 20 (-512 4096 768 ) (-1024 4096 768 ) (-1024 4096 64 ) (-512 4096 64 ) 
4 16 19 (0 4096 64 ) (0 4096 768 ) (-512 4096 768 ) (-512 4096 64 ) 
4 17 55 (1024 3072 64 ) (1024 3072 768 ) (512 3072 768 ) (512 3072 64 ) 
4 17 18 (512 3072 80 ) (512 3072 768 ) (512 4096 768 ) (512 4096 80 ) 
4 18 56 (512 3072 768 ) (0 3072 768 ) (0 3072 80 ) (512 3072 80 ) 
4 18 19 (0 4096 768 ) (0 4096 80 ) (0 3072 80 ) (0 3072 768 ) 
4 19 58 (0 3072 64 ) (0 3072 80 ) (-512 3072 80 ) (-512 3072 64 ) 
4 19 57 (0 3072 80 ) (0 3072 768 ) (-512 3072 768 ) (-512 3072 80 ) 
4 19 21 (-512 3072 80 ) (-512 3072 768 ) (-512 3520 768 ) (-512 3520 80 ) 
4 19 20 (-512 4096 64 ) (-512 3520 64 ) (-512 3520 768 ) (-512 4096 768 ) 
4 20 44 (-1024 4096 80 ) (-1024 4096 64 ) (-1024 3520 64 ) (-1024 3520 80 ) 
4 20 43 (-1024 3520 768 ) (-1024 4096 768 ) (-1024 4096 80 ) (-1024 3520 80 ) 
4 20 21 (-512 3520 80 ) (-512 3520 768 ) (-1024 3520 768 ) (-1024 3520 80 ) 
4 21 57 (-512 3072 768 ) (-1024 3072 768 ) (-1024 3072 80 ) (-512 3072 80 ) 
4 21 43 (-1024 3072 80 ) (-1024 3072 768 ) (-1024 3520 768 ) (-1024 3520 80 ) 
4 22 32 (-1024 5120 208 ) (-1024 5120 304 ) (-1536 5120 304 ) (-1536 5120 208 ) 
4 22 33 (-1568 5120 304 ) (-2016 5120 304 ) (-2016 5120 208 ) (-1568 5120 208 ) 
4 22 30 (-1024 5120 304 ) (-1024 5120 416 ) (-1536 5120 416 ) (-1536 5120 304 ) 
4 22 29 (-1024 5120 416 ) (-1024 5120 768 ) (-2048 5120 768 ) (-2048 5120 416 ) 
4 22 24 (-2048 5120 208 ) (-2048 5120 768 ) (-2048 5632 768 ) (-2048 5632 208 ) 
4 22 23 (-1024 5120 208 ) (-2048 5120 208 ) (-2048 5584 208 ) (-1024 5584 208 ) 
4 23 35 (-1024 5120 64 ) (-1024 5120 80 ) (-1536 5120 80 ) (-1536 5120 64 ) 
4 23 32 (-1024 5120 80 ) (-1024 5120 208 ) (-1536 5120 208 ) (-1536 5120 80 ) 
4 23 33 (-1568 5120 208 ) (-2016 5120 208 ) (-2016 5120 80 ) (-1568 5120 80 ) 
4 23 25 (-2048 5120 64 ) (-2048 5120 208 ) (-2048 5584 208 ) (-2048 5584 64 ) 
4 24 39 (-2048 5120 208 ) (-2048 5120 304 ) (-2560 5120 304 ) (-2560 5120 208 ) 
4 24 40 (-2592 5120 304 ) (-3040 5120 304 ) (-3040 5120 208 ) (-2592 5120 208 ) 
4 24 37 (-2048 5120 304 ) (-2048 5120 416 ) (-2560 5120 416 ) (-2560 5120 304 ) 
4 24 36 (-2048 5120 416 ) (-2048 5120 768 ) (-3072 5120 768 ) (-3072 5120 416 ) 
4 24 27 (-3072 5120 208 ) (-3072 5120 768 ) (-3072 5584 768 ) (-3072 5584 208 ) 
4 24 26 (-3072 5584 768 ) (-3072 5632 768 ) (-3072 5632 208 ) (-3072 5584 208 ) 
4 24 25 (-2048 5584 208 ) (-2048 5120 208 ) (-3072 5120 208 ) (-3072 5584 208 ) 
4 25 42 (-2048 5120 64 ) (-2048 5120 80 ) (-2560 5120 80 ) (-2560 5120 64 ) 
4 25 39 (-2048 5120 80 ) (-2048 5120 208 ) (-2560 5120 208 ) (-2560 5120 80 ) 
4 25 40 (-2592 5120 208 ) (-3040 5120 208 ) (-3040 5120 80 ) (-2592 5120 80 ) 
4 25 27 (-3072 5120 64 ) (-3072 5120 208 ) (-3072 5584 208 ) (-3072 5584 64 ) 
4 26 28 (-3536 5584 768 ) (-3584 5584 768 ) (-3584 5584 208 ) (-3536 5584 208 ) 
4 26 27 (-3072 5584 208 ) (-3072 5584 768 ) (-3536 5584 768 ) (-3536 5584 208 ) 
4 27 48 (-3072 5120 64 ) (-3072 5120 208 ) (-3536 5120 208 ) (-3536 5120 64 ) 
4 27 47 (-3072 5120 208 ) (-3072 5120 768 ) (-3536 5120 768 ) (-3536 5120 208 ) 
4 27 28 (-3536 5584 768 ) (-3536 5584 208 ) (-3536 5120 208 ) (-3536 5120 768 ) 
4 28 47 (-3536 5120 768 ) (-3584 5120 768 ) (-3584 5120 208 ) (-3536 5120 208 ) 
4 29 43 (-1024 4096 416 ) (-1024 4096 768 ) (-2048 4096 768 ) (-2048 4096 416 ) 
4 29 36 (-2048 5120 768 ) (-2048 5120 416 ) (-2048 4096 416 ) (-2048 4096 768 ) 
4 29 31 (-1536 4096 416 ) (-2048 4096 416 ) (-2048 5088 416 ) (-1536 5088 416 ) 
4 29 30 (-1024 4096 416 ) (-1536 4096 416 ) (-1536 5120 416 ) (-1024 5120 416 ) 
4 30 43 (-1024 4096 304 ) (-1024 4096 416 ) (-1536 4096 416 ) (-1536 4096 304 ) 
4 30 32 (-1536 5120 304 ) (-1024 5120 304 ) (-1024 5088 304 ) (-1536 5088 304 ) 
4 30 34 (-1024 5088 304 ) (-1024 4096 304 ) (-1536 4096 304 ) (-1536 5088 304 ) 
4 30 31 (-1536 5088 304 ) (-1536 4096 304 ) (-1536 4096 416 ) (-1536 5088 416 ) 
4 31 43 (-1536 4096 416 ) (-2048 4096 416 ) (-2048 4096 304 ) (-1536 4096 304 ) 
4 31 37 (-2048 5088 304 ) (-2048 4096 304 ) (-2048 4096 416 ) (-2048 5088 416 ) 
4 31 34 (-2048 4096 304 ) (-2048 5088 304 ) (-1536 5088 304 ) (-1536 4096 304 ) 
4 32 35 (-1536 5120 80 ) (-1024 5120 80 ) (-1024 5088 80 ) (-1536 5088 80 ) 
4 32 34 (-1536 5088 80 ) (-1024 5088 80 ) (-1024 5088 304 ) (-1536 5088 304 ) 
4 33 34 (-2016 5088 80 ) (-1568 5088 80 ) (-1568 5088 304 ) (-2016 5088 304 ) 
4 34 43 (-1024 4096 80 ) (-1024 4096 304 ) (-2048 4096 304 ) (-2048 4096 80 ) 
4 34 41 (-2048 5088 80 ) (-2048 4096 80 ) (-2048 4096 304 ) (-2048 5088 304 ) 
4 34 35 (-1024 4096 80 ) (-1536 4096 80 ) (-1536 5088 80 ) (-1024 5088 80 ) 
4 35 44 (-1024 4096 64 ) (-1024 4096 80 ) (-1536 4096 80 ) (-1536 4096 64 ) 
4 36 47 (-3072 5120 768 ) (-3072 5120 416 ) (-3072 4096 416 ) (-3072 4096 768 ) 
4 36 46 (-2560 4096 768 ) (-3072 4096 768 ) (-3072 4096 416 ) (-2560 4096 416 ) 
4 36 45 (-2048 4096 416 ) (-2048 4096 768 ) (-2560 4096 768 ) (-2560 4096 416 ) 
4 36 38 (-2560 5088 416 ) (-2560 4096 416 ) (-3072 4096 416 ) (-3072 5088 416 ) 
4 36 37 (-2560 5120 416 ) (-2048 5120 416 ) (-2048 4096 416 ) (-2560 4096 416 ) 
4 37 45 (-2048 4096 304 ) (-2048 4096 416 ) (-2560 4096 416 ) (-2560 4096 304 ) 
4 37 39 (-2560 5088 304 ) (-2560 5120 304 ) (-2048 5120 304 ) (-2048 5088 304 ) 
4 37 41 (-2048 4096 304 ) (-2560 4096 304 ) (-2560 5088 304 ) (-2048 5088 304 ) 
4 37 38 (-2560 5088 304 ) (-2560 4096 304 ) (-2560 4096 416 ) (-2560 5088 416 ) 
4 38 47 (-3072 5088 304 ) (-3072 4096 304 ) (-3072 4096 416 ) (-3072 5088 416 ) 
4 38 46 (-2560 4096 416 ) (-3072 4096 416 ) (-3072 4096 304 ) (-2560 4096 304 ) 
4 38 41 (-2560 4096 304 ) (-3072 4096 304 ) (-3072 5088 304 ) (-2560 5088 304 ) 
4 39 42 (-2560 5120 80 ) (-2048 5120 80 ) (-2048 5088 80 ) (-2560 5088 80 ) 
4 39 41 (-2560 5088 80 ) (-2048 5088 80 ) (-2048 5088 304 ) (-2560 5088 304 ) 
4 40 41 (-3040 5088 80 ) (-2592 5088 80 ) (-2592 5088 304 ) (-3040 5088 304 ) 
4 41 48 (-3072 5088 80 ) (-3072 4096 80 ) (-3072 4096 208 ) (-3072 5088 208 ) 
4 41 47 (-3072 4096 208 ) (-3072 4096 304 ) (-3072 5088 304 ) (-3072 5088 208 ) 
4 41 46 (-2560 4096 304 ) (-3072 4096 304 ) (-3072 4096 80 ) (-2560 4096 80 ) 
4 41 45 (-2048 4096 80 ) (-2048 4096 304 ) (-2560 4096 304 ) (-2560 4096 80 ) 
4 41 42 (-2048 5088 80 ) (-2048 4096 80 ) (-2560 4096 80 ) (-2560 5088 80 ) 
4 42 45 (-2048 4096 64 ) (-2048 4096 80 ) (-2560 4096 80 ) (-2560 4096 64 ) 
4 43 86 (-1024 3072 80 ) (-1024 3072 768 ) (-2048 3072 768 ) (-2048 3072 80 ) 
4 43 45 (-2048 4096 768 ) (-2048 4096 80 ) (-2048 3072 80 ) (-2048 3072 768 ) 
4 43 44 (-1536 4096 80 ) (-1024 4096 80 ) (-1024 3520 80 ) (-1536 3520 80 ) 
4 45 88 (-2048 3072 64 ) (-2048 3072 768 ) (-2560 3072 768 ) (-2560 3072 64 ) 
4 45 46 (-2560 3072 80 ) (-2560 3072 768 ) (-2560 4096 768 ) (-2560 4096 80 ) 
4 46 89 (-2560 3072 768 ) (-3072 3072 768 ) (-3072 3072 80 ) (-2560 3072 80 ) 
4 46 50 (-3072 3072 80 ) (-3072 3072 208 ) (-3072 4096 208 ) (-3072 4096 80 ) 
4 46 49 (-3072 3072 208 ) (-3072 3072 768 ) (-3072 4096 768 ) (-3072 4096 208 ) 
4 47 49 (-3072 4096 208 ) (-3072 4096 768 ) (-3584 4096 768 ) (-3584 4096 208 ) 
4 47 48 (-3072 4096 208 ) (-3536 4096 208 ) (-3536 5120 208 ) (-3072 5120 208 ) 
4 48 50 (-3072 4096 64 ) (-3072 4096 208 ) (-3536 4096 208 ) (-3536 4096 64 ) 
4 49 95 (-3072 3072 208 ) (-3072 3072 768 ) (-3584 3072 768 ) (-3584 3072 208 ) 
4 49 50 (-3536 4096 208 ) (-3072 4096 208 ) (-3072 3072 208 ) (-3536 3072 208 ) 
4 50 96 (-3072 3072 64 ) (-3072 3072 208 ) (-3536 3072 208 ) (-3536 3072 64 ) 
4 51 55 (1024 3072 768 ) (1024 3072 208 ) (1024 2048 208 ) (1024 2048 768 ) 
4 51 53 (1536 2048 208 ) (1536 2048 768 ) (1024 2048 768 ) (1024 2048 208 ) 
4 51 52 (1024 3072 208 ) (1488 3072 208 ) (1488 2048 208 ) (1024 2048 208 ) 
4 52 55 (1024 3072 208 ) (1024 3072 64 ) (1024 2048 64 ) (1024 2048 208 ) 
4 52 54 (1488 2048 208 ) (1024 2048 208 ) (1024 2048 64 ) (1488 2048 64 ) 
4 53 66 (1536 1024 208 ) (1536 1024 768 ) (1024 1024 768 ) (1024 1024 208 ) 
4 53 60 (1024 1024 208 ) (1024 1024 768 ) (1024 2048 768 ) (1024 2048 208 ) 
4 53 54 (1488 1024 208 ) (1024 1024 208 ) (1024 2048 208 ) (1488 2048 208 ) 
4 54 67 (1488 1024 208 ) (1024 1024 208 ) (1024 1024 64 ) (1488 1024 64 ) 
4 54 60 (1024 1024 64 ) (1024 1024 208 ) (1024 2048 208 ) (1024 2048 64 ) 
4 55 60 (1024 2048 64 ) (1024 2048 768 ) (512 2048 768 ) (512 2048 64 ) 
4 55 56 (512 2048 80 ) (512 2048 768 ) (512 3072 768 ) (512 3072 80 ) 
4 56 61 (512 2048 768 ) (0 2048 768 ) (0 2048 80 ) (512 2048 80 ) 
4 56 57 (0 3072 768 ) (0 3072 80 ) (0 2048 80 ) (0 2048 768 ) 
4 57 86 (-1024 3072 768 ) (-1024 3072 80 ) (-1024 3008 80 ) (-1024 3008 768 ) 
4 57 87 (-1024 3008 80 ) (-1024 2048 80 ) (-1024 2048 768 ) (-1024 3008 768 ) 
4 57 62 (0 2048 80 ) (0 2048 768 ) (-1024 2048 768 ) (-1024 2048 80 ) 
4 57 59 (0 2048 80 ) (-512 2048 80 ) (-512 3008 80 ) (0 3008 80 ) 
4 57 58 (-512 3072 80 ) (0 3072 80 ) (0 3008 80 ) (-512 3008 80 ) 
4 58 59 (-512 3008 64 ) (0 3008 64 ) (0 3008 80 ) (-512 3008 80 ) 
4 59 63 (0 2048 64 ) (0 2048 80 ) (-512 2048 80 ) (-512 2048 64 ) 
4 60 79 (1024 1024 64 ) (1024 1024 80 ) (512 1024 80 ) (512 1024 64 ) 
4 60 75 (1024 1024 80 ) (1024 1024 304 ) (512 1024 304 ) (512 1024 80 ) 
4 60 72 (1024 1024 304 ) (1024 1024 416 ) (512 1024 416 ) (512 1024 304 ) 
4 60 71 (1024 1024 416 ) (1024 1024 768 ) (512 1024 768 ) (512 1024 416 ) 
4 60 61 (512 1024 80 ) (512 1024 768 ) (512 2048 768 ) (512 2048 80 ) 
4 61 75 (0 1024 304 ) (0 1024 80 ) (512 1024 80 ) (512 1024 304 ) 
4 61 73 (0 1024 416 ) (0 1024 304 ) (512 1024 304 ) (512 1024 416 ) 
4 61 71 (512 1024 768 ) (0 1024 768 ) (0 1024 416 ) (512 1024 416 ) 
4 61 62 (0 2048 768 ) (0 2048 80 ) (0 1024 80 ) (0 1024 768 ) 
4 62 90 (-1024 1024 80 ) (-1024 1024 768 ) (-1024 2048 768 ) (-1024 2048 80 ) 
4 62 81 (0 1024 80 ) (0 1024 768 ) (-1024 1024 768 ) (-1024 1024 80 ) 
4 62 65 (-512 1024 80 ) (-1024 1024 80 ) (-1024 1280 80 ) (-512 1280 80 ) 
4 62 64 (0 1024 80 ) (-512 1024 80 ) (-512 1792 80 ) (0 1792 80 ) 
4 62 63 (-512 2048 80 ) (0 2048 80 ) (0 1792 80 ) (-512 1792 80 ) 
4 63 64 (-512 1792 64 ) (0 1792 64 ) (0 1792 80 ) (-512 1792 80 ) 
4 64 81 (0 1024 64 ) (0 1024 80 ) (-512 1024 80 ) (-512 1024 64 ) 
4 64 65 (-512 1280 64 ) (-512 1024 64 ) (-512 1024 80 ) (-512 1280 80 ) 
4 65 92 (-1024 1024 64 ) (-1024 1024 80 ) (-1024 1280 80 ) (-1024 1280 64 ) 
4 65 81 (-512 1024 80 ) (-1024 1024 80 ) (-1024 1024 64 ) (-512 1024 64 ) 
4 66 76 (1024 96 208 ) (1024 64 208 ) (1024 64 304 ) (1024 96 304 ) 
4 66 75 (1024 1024 304 ) (1024 1024 208 ) (1024 96 208 ) (1024 96 304 ) 
4 66 78 (1024 64 208 ) (1024 0 208 ) (1024 0 304 ) (1024 64 304 ) 
4 66 72 (1024 1024 416 ) (1024 1024 304 ) (1024 0 304 ) (1024 0 416 ) 
4 66 71 (1024 1024 768 ) (1024 1024 416 ) (1024 0 416 ) (1024 0 768 ) 
4 66 68 (1536 0 208 ) (1536 0 768 ) (1488 0 768 ) (1488 0 208 ) 
4 66 69 (1488 0 768 ) (1024 0 768 ) (1024 0 208 ) (1488 0 208 ) 
4 66 67 (1024 1024 208 ) (1488 1024 208 ) (1488 0 208 ) (1024 0 208 ) 
4 67 79 (1024 1024 80 ) (1024 1024 64 ) (1024 0 64 ) (1024 0 80 ) 
4 67 76 (1024 96 80 ) (1024 64 80 ) (1024 64 208 ) (1024 96 208 ) 
4 67 75 (1024 1024 208 ) (1024 1024 80 ) (1024 96 80 ) (1024 96 208 ) 
4 67 78 (1024 64 80 ) (1024 0 80 ) (1024 0 208 ) (1024 64 208 ) 
4 67 69 (1488 0 208 ) (1024 0 208 ) (1024 0 64 ) (1488 0 64 ) 
4 68 70 (1536 -464 208 ) (1536 -464 768 ) (1488 -464 768 ) (1488 -464 208 ) 
4 68 69 (1488 -464 208 ) (1488 -464 768 ) (1488 0 768 ) (1488 0 208 ) 
4 69 83 (1024 0 208 ) (1024 0 64 ) (1024 -464 64 ) (1024 -464 208 ) 
4 69 82 (1024 -464 768 ) (1024 0 768 ) (1024 0 208 ) (1024 -464 208 ) 
4 69 70 (1488 -464 208 ) (1488 -464 768 ) (1024 -464 768 ) (1024 -464 208 ) 
4 70 82 (1024 -512 768 ) (1024 -464 768 ) (1024 -464 208 ) (1024 -512 208 ) 
4 71 82 (1024 0 416 ) (1024 0 768 ) (0 0 768 ) (0 0 416 ) 
4 71 81 (0 1024 768 ) (0 1024 416 ) (0 0 416 ) (0 0 768 ) 
4 71 73 (0 96 416 ) (0 1024 416 ) (512 1024 416 ) (512 96 416 ) 
4 71 74 (512 0 416 ) (0 0 416 ) (0 64 416 ) (512 64 416 ) 
4 71 72 (1024 0 416 ) (512 0 416 ) (512 1024 416 ) (1024 1024 416 ) 
4 72 82 (1024 0 304 ) (1024 0 416 ) (512 0 416 ) (512 0 304 ) 
4 72 76 (1024 96 304 ) (1024 64 304 ) (512 64 304 ) (512 96 304 ) 
4 72 75 (512 1024 304 ) (1024 1024 304 ) (1024 96 304 ) (512 96 304 ) 
4 72 78 (1024 64 304 ) (1024 0 304 ) (512 0 304 ) (512 64 304 ) 
4 72 73 (512 1024 304 ) (512 96 304 ) (512 96 416 ) (512 1024 416 ) 
4 72 74 (512 64 304 ) (512 0 304 ) (512 0 416 ) (512 64 416 ) 
4 73 81 (0 1024 416 ) (0 1024 304 ) (0 96 304 ) (0 96 416 ) 
4 73 75 (0 96 304 ) (0 1024 304 ) (512 1024 304 ) (512 96 304 ) 
4 74 82 (512 0 416 ) (0 0 416 ) (0 0 304 ) (512 0 304 ) 
4 74 81 (0 64 304 ) (0 0 304 ) (0 0 416 ) (0 64 416 ) 
4 74 78 (0 0 304 ) (0 64 304 ) (512 64 304 ) (512 0 304 ) 
4 75 81 (0 1024 304 ) (0 1024 80 ) (0 96 80 ) (0 96 304 ) 
4 75 79 (512 1024 80 ) (1024 1024 80 ) (1024 96 80 ) (512 96 80 ) 
4 75 77 (32 96 80 ) (480 96 80 ) (480 96 304 ) (32 96 304 ) 
4 75 76 (512 96 80 ) (1024 96 80 ) (1024 96 304 ) (512 96 304 ) 
4 76 79 (512 96 80 ) (1024 96 80 ) (1024 64 80 ) (512 64 80 ) 
4 76 78 (512 64 80 ) (1024 64 80 ) (1024 64 304 ) (512 64 304 ) 
4 77 78 (32 64 80 ) (480 64 80 ) (480 64 304 ) (32 64 304 ) 
4 78 83 (1024 0 80 ) (1024 0 208 ) (0 0 208 ) (0 0 80 ) 
4 78 82 (1024 0 208 ) (1024 0 304 ) (0 0 304 ) (0 0 208 ) 
4 78 81 (0 64 80 ) (0 0 80 ) (0 0 304 ) (0 64 304 ) 
4 78 80 (512 0 80 ) (0 0 80 ) (0 64 80 ) (512 64 80 ) 
4 78 79 (1024 0 80 ) (512 0 80 ) (512 64 80 ) (1024 64 80 ) 
4 79 83 (1024 0 64 ) (1024 0 80 ) (512 0 80 ) (512 0 64 ) 
4 79 80 (512 64 64 ) (512 0 64 ) (512 0 80 ) (512 64 80 ) 
4 80 83 (512 0 80 ) (0 0 80 ) (0 0 64 ) (512 0 64 ) 
4 80 81 (0 64 64 ) (0 0 64 ) (0 0 80 ) (0 64 80 ) 
4 81 107 (-1024 0 64 ) (-1024 0 80 ) (-1024 1024 80 ) (-1024 1024 64 ) 
4 81 104 (-1024 64 304 ) (-1024 96 304 ) (-1024 96 80 ) (-1024 64 80 ) 
4 81 103 (-1024 96 304 ) (-1024 1024 304 ) (-1024 1024 80 ) (-1024 96 80 ) 
4 81 106 (-1024 0 80 ) (-1024 0 304 ) (-1024 64 304 ) (-1024 64 80 ) 
4 81 100 (-1024 0 304 ) (-1024 0 416 ) (-1024 1024 416 ) (-1024 1024 304 ) 
4 81 99 (-1024 0 416 ) (-1024 0 768 ) (-1024 1024 768 ) (-1024 1024 416 ) 
4 81 85 (0 0 64 ) (0 0 208 ) (-1024 0 208 ) (-1024 0 64 ) 
4 81 84 (0 0 208 ) (0 0 768 ) (-1024 0 768 ) (-1024 0 208 ) 
4 82 84 (0 -512 208 ) (0 -512 768 ) (0 0 768 ) (0 0 208 ) 
4 82 83 (0 -464 208 ) (0 0 208 ) (1024 0 208 ) (1024 -464 208 ) 
4 83 85 (0 -464 208 ) (0 0 208 ) (0 0 64 ) (0 -464 64 ) 
4 84 119 (-1024 -512 208 ) (-1024 -512 768 ) (-1024 0 768 ) (-1024 0 208 ) 
4 84 85 (-1024 -464 208 ) (-1024 0 208 ) (0 0 208 ) (0 -464 208 ) 
4 85 120 (-1024 -464 208 ) (-1024 0 208 ) (-1024 0 64 ) (-1024 -464 64 ) 
4 86 88 (-2048 3072 768 ) (-2048 3072 80 ) (-2048 3008 80 ) (-2048 3008 768 ) 
4 86 87 (-1024 3008 80 ) (-1024 3008 768 ) (-2048 3008 768 ) (-2048 3008 80 ) 
4 87 91 (-1024 2048 64 ) (-1024 2048 80 ) (-2048 2048 80 ) (-2048 2048 64 ) 
4 87 90 (-1024 2048 80 ) (-1024 2048 768 ) (-2048 2048 768 ) (-2048 2048 80 ) 
4 87 88 (-2048 3008 64 ) (-2048 2048 64 ) (-2048 2048 768 ) (-2048 3008 768 ) 
4 88 93 (-2048 2048 64 ) (-2048 2048 768 ) (-2560 2048 768 ) (-2560 2048 64 ) 
4 88 89 (-2560 2048 80 ) (-2560 2048 768 ) (-2560 3072 768 ) (-2560 3072 80 ) 
4 89 96 (-3072 3072 208 ) (-3072 3072 80 ) (-3072 2048 80 ) (-3072 2048 208 ) 
4 89 95 (-3072 3072 768 ) (-3072 3072 208 ) (-3072 2048 208 ) (-3072 2048 768 ) 
4 89 94 (-2560 2048 768 ) (-3072 2048 768 ) (-3072 2048 80 ) (-2560 2048 80 ) 
4 90 103 (-1024 1024 80 ) (-1024 1024 304 ) (-2048 1024 304 ) (-2048 1024 80 ) 
4 90 101 (-1536 1024 416 ) (-2048 1024 416 ) (-2048 1024 304 ) (-1536 1024 304 ) 
4 90 100 (-1024 1024 304 ) (-1024 1024 416 ) (-1536 1024 416 ) (-1536 1024 304 ) 
4 90 99 (-1024 1024 416 ) (-1024 1024 768 ) (-2048 1024 768 ) (-2048 1024 416 ) 
4 90 93 (-2048 2048 768 ) (-2048 2048 80 ) (-2048 1024 80 ) (-2048 1024 768 ) 
4 90 92 (-1536 1280 80 ) (-1024 1280 80 ) (-1024 1024 80 ) (-1536 1024 80 ) 
4 90 91 (-2048 1792 80 ) (-2048 2048 80 ) (-1024 2048 80 ) (-1024 1792 80 ) 
4 91 93 (-2048 2048 80 ) (-2048 2048 64 ) (-2048 1792 64 ) (-2048 1792 80 ) 
4 92 107 (-1024 1024 64 ) (-1024 1024 80 ) (-1536 1024 80 ) (-1536 1024 64 ) 
4 93 117 (-2048 1024 64 ) (-2048 1024 80 ) (-2560 1024 80 ) (-2560 1024 64 ) 
4 93 113 (-2048 1024 80 ) (-2048 1024 304 ) (-2560 1024 304 ) (-2560 1024 80 ) 
4 93 110 (-2048 1024 304 ) (-2048 1024 416 ) (-2560 1024 416 ) (-2560 1024 304 ) 
4 93 109 (-2048 1024 416 ) (-2048 1024 768 ) (-2560 1024 768 ) (-2560 1024 416 ) 
4 93 94 (-2560 1024 80 ) (-2560 1024 768 ) (-2560 2048 768 ) (-2560 2048 80 ) 
4 94 113 (-3072 1024 304 ) (-3072 1024 80 ) (-2560 1024 80 ) (-2560 1024 304 ) 
4 94 111 (-3072 1024 416 ) (-3072 1024 304 ) (-2560 1024 304 ) (-2560 1024 416 ) 
4 94 109 (-2560 1024 768 ) (-3072 1024 768 ) (-3072 1024 416 ) (-2560 1024 416 ) 
4 94 98 (-3072 1024 80 ) (-3072 1024 208 ) (-3072 2048 208 ) (-3072 2048 80 ) 
4 94 97 (-3072 1024 208 ) (-3072 1024 768 ) (-3072 2048 768 ) (-3072 2048 208 ) 
4 95 97 (-3072 2048 208 ) (-3072 2048 768 ) (-3584 2048 768 ) (-3584 2048 208 ) 
4 95 96 (-3072 2048 208 ) (-3536 2048 208 ) (-3536 3072 208 ) (-3072 3072 208 ) 
4 96 98 (-3072 2048 64 ) (-3072 2048 208 ) (-3536 2048 208 ) (-3536 2048 64 ) 
4 97 123 (-3072 1024 208 ) (-3072 1024 768 ) (-3584 1024 768 ) (-3584 1024 208 ) 
4 97 98 (-3536 2048 208 ) (-3072 2048 208 ) (-3072 1024 208 ) (-3536 1024 208 ) 
4 98 124 (-3072 1024 64 ) (-3072 1024 208 ) (-3536 1024 208 ) (-3536 1024 64 ) 
4 99 119 (-1024 0 416 ) (-1024 0 768 ) (-2048 0 768 ) (-2048 0 416 ) 
4 99 109 (-2048 1024 768 ) (-2048 1024 416 ) (-2048 0 416 ) (-2048 0 768 ) 
4 99 101 (-2048 96 416 ) (-2048 1024 416 ) (-1536 1024 416 ) (-1536 96 416 ) 
4 99 102 (-1536 0 416 ) (-2048 0 416 ) (-2048 64 416 ) (-1536 64 416 ) 
4 99 100 (-1024 0 416 ) (-1536 0 416 ) (-1536 1024 416 ) (-1024 1024 416 ) 
4 100 119 (-1024 0 304 ) (-1024 0 416 ) (-1536 0 416 ) (-1536 0 304 ) 
4 100 104 (-1024 96 304 ) (-1024 64 304 ) (-1536 64 304 ) (-1536 96 304 ) 
4 100 103 (-1536 1024 304 ) (-1024 1024 304 ) (-1024 96 304 ) (-1536 96 304 ) 
4 100 106 (-1024 64 304 ) (-1024 0 304 ) (-1536 0 304 ) (-1536 64 304 ) 
4 100 101 (-1536 1024 304 ) (-1536 96 304 ) (-1536 96 416 ) (-1536 1024 416 ) 
4 100 102 (-1536 64 304 ) (-1536 0 304 ) (-1536 0 416 ) (-1536 64 416 ) 
4 101 110 (-2048 1024 416 ) (-2048 1024 304 ) (-2048 96 304 ) (-2048 96 416 ) 
4 101 103 (-2048 96 304 ) (-2048 1024 304 ) (-1536 1024 304 ) (-1536 96 304 ) 
4 102 119 (-1536 0 416 ) (-2048 0 416 ) (-2048 0 304 ) (-1536 0 304 ) 
4 102 110 (-2048 64 304 ) (-2048 0 304 ) (-2048 0 416 ) (-2048 64 416 ) 
4 102 106 (-2048 0 304 ) (-2048 64 304 ) (-1536 64 304 ) (-1536 0 304 ) 
4 103 113 (-2048 1024 304 ) (-2048 1024 80 ) (-2048 96 80 ) (-2048 96 304 ) 
4 103 107 (-1536 1024 80 ) (-1024 1024 80 ) (-1024 96 80 ) (-1536 96 80 ) 
4 103 105 (-2016 96 80 ) (-1568 96 80 ) (-1568 96 304 ) (-2016 96 304 ) 
4 103 104 (-1536 96 80 ) (-1024 96 80 ) (-1024 96 304 ) (-1536 96 304 ) 
4 104 107 (-1536 96 80 ) (-1024 96 80 ) (-1024 64 80 ) (-1536 64 80 ) 
4 104 106 (-1536 64 80 ) (-1024 64 80 ) (-1024 64 304 ) (-1536 64 304 ) 
4 105 106 (-2016 64 80 ) (-1568 64 80 ) (-1568 64 304 ) (-2016 64 304 ) 
4 106 120 (-1024 0 80 ) (-1024 0 208 ) (-2048 0 208 ) (-2048 0 80 ) 
4 106 119 (-1024 0 208 ) (-1024 0 304 ) (-2048 0 304 ) (-2048 0 208 ) 
4 106 116 (-2048 64 80 ) (-2048 0 80 ) (-2048 0 304 ) (-2048 64 304 ) 
4 106 108 (-1536 0 80 ) (-2048 0 80 ) (-2048 64 80 ) (-1536 64 80 ) 
4 106 107 (-1024 0 80 ) (-1536 0 80 ) (-1536 64 80 ) (-1024 64 80 ) 
4 107 120 (-1024 0 64 ) (-1024 0 80 ) (-1536 0 80 ) (-1536 0 64 ) 
4 107 108 (-1536 64 64 ) (-1536 0 64 ) (-1536 0 80 ) (-1536 64 80 ) 
4 108 120 (-1536 0 80 ) (-2048 0 80 ) (-2048 0 64 ) (-1536 0 64 ) 
4 108 117 (-2048 64 64 ) (-2048 0 64 ) (-2048 0 80 ) (-2048 64 80 ) 
4 109 123 (-3072 1024 768 ) (-3072 1024 416 ) (-3072 0 416 ) (-3072 0 768 ) 
4 109 121 (-2048 0 416 ) (-2048 0 768 ) (-3072 0 768 ) (-3072 0 416 ) 
4 109 111 (-3072 1024 416 ) (-2560 1024 416 ) (-2560 96 416 ) (-3072 96 416 ) 
4 109 112 (-2560 64 416 ) (-2560 0 416 ) (-3072 0 416 ) (-3072 64 416 ) 
4 109 110 (-2560 1024 416 ) (-2048 1024 416 ) (-2048 0 416 ) (-2560 0 416 ) 
4 110 121 (-2048 0 304 ) (-2048 0 416 ) (-2560 0 416 ) (-2560 0 304 ) 
4 110 114 (-2560 64 304 ) (-2560 96 304 ) (-2048 96 304 ) (-2048 64 304 ) 
4 110 113 (-2560 96 304 ) (-2560 1024 304 ) (-2048 1024 304 ) (-2048 96 304 ) 
4 110 116 (-2048 0 304 ) (-2560 0 304 ) (-2560 64 304 ) (-2048 64 304 ) 
4 110 111 (-2560 1024 304 ) (-2560 96 304 ) (-2560 96 416 ) (-2560 1024 416 ) 
4 110 112 (-2560 64 304 ) (-2560 0 304 ) (-2560 0 416 ) (-2560 64 416 ) 
4 111 123 (-3072 1024 416 ) (-3072 1024 304 ) (-3072 96 304 ) (-3072 96 416 ) 
4 111 113 (-3072 96 304 ) (-3072 1024 304 ) (-2560 1024 304 ) (-2560 96 304 ) 
4 112 123 (-3072 64 304 ) (-3072 0 304 ) (-3072 0 416 ) (-3072 64 416 ) 
4 112 121 (-2560 0 416 ) (-3072 0 416 ) (-3072 0 304 ) (-2560 0 304 ) 
4 112 116 (-2560 0 304 ) (-3072 0 304 ) (-3072 64 304 ) (-2560 64 304 ) 
4 113 124 (-3072 1024 208 ) (-3072 1024 80 ) (-3072 96 80 ) (-3072 96 208 ) 
4 113 123 (-3072 1024 304 ) (-3072 1024 208 ) (-3072 96 208 ) (-3072 96 304 ) 
4 113 117 (-2560 1024 80 ) (-2048 1024 80 ) (-2048 96 80 ) (-2560 96 80 ) 
4 113 114 (-2560 96 80 ) (-2048 96 80 ) (-2048 96 304 ) (-2560 96 304 ) 
4 113 115 (-3040 96 80 ) (-2592 96 80 ) (-2592 96 304 ) (-3040 96 304 ) 
4 114 117 (-2048 96 80 ) (-2048 64 80 ) (-2560 64 80 ) (-2560 96 80 ) 
4 114 116 (-2560 64 80 ) (-2048 64 80 ) (-2048 64 304 ) (-2560 64 304 ) 
4 115 116 (-3040 64 80 ) (-2592 64 80 ) (-2592 64 304 ) (-3040 64 304 ) 
4 116 124 (-3072 64 80 ) (-3072 0 80 ) (-3072 0 208 ) (-3072 64 208 ) 
4 116 123 (-3072 0 208 ) (-3072 0 304 ) (-3072 64 304 ) (-3072 64 208 ) 
4 116 122 (-2048 0 80 ) (-2048 0 208 ) (-3072 0 208 ) (-3072 0 80 ) 
4 116 121 (-2048 0 208 ) (-2048 0 304 ) (-3072 0 304 ) (-3072 0 208 ) 
4 116 118 (-2560 0 80 ) (-3072 0 80 ) (-3072 64 80 ) (-2560 64 80 ) 
4 116 117 (-2048 64 80 ) (-2048 0 80 ) (-2560 0 80 ) (-2560 64 80 ) 
4 117 122 (-2048 0 64 ) (-2048 0 80 ) (-2560 0 80 ) (-2560 0 64 ) 
4 117 118 (-2560 64 64 ) (-2560 0 64 ) (-2560 0 80 ) (-2560 64 80 ) 
4 118 124 (-3072 64 64 ) (-3072 0 64 ) (-3072 0 80 ) (-3072 64 80 ) 
4 118 122 (-2560 0 80 ) (-3072 0 80 ) (-3072 0 64 ) (-2560 0 64 ) 
4 119 121 (-2048 -512 208 ) (-2048 -512 768 ) (-2048 0 768 ) (-2048 0 208 ) 
4 119 120 (-2048 -464 208 ) (-2048 0 208 ) (-1024 0 208 ) (-1024 -464 208 ) 
4 120 122 (-2048 -464 208 ) (-2048 0 208 ) (-2048 0 64 ) (-2048 -464 64 ) 
4 121 127 (-3072 -512 208 ) (-3072 -512 768 ) (-3072 -464 768 ) (-3072 -464 208 ) 
4 121 125 (-3072 -464 768 ) (-3072 0 768 ) (-3072 0 208 ) (-3072 -464 208 ) 
4 121 122 (-3072 -464 208 ) (-3072 0 208 ) (-2048 0 208 ) (-2048 -464 208 ) 
4 122 125 (-3072 -464 208 ) (-3072 0 208 ) (-3072 0 64 ) (-3072 -464 64 ) 
4 123 126 (-3536 0 768 ) (-3584 0 768 ) (-3584 0 208 ) (-3536 0 208 ) 
4 123 125 (-3072 0 208 ) (-3072 0 768 ) (-3536 0 768 ) (-3536 0 208 ) 
4 123 124 (-3072 0 208 ) (-3536 0 208 ) (-3536 1024 208 ) (-3072 1024 208 ) 
4 124 125 (-3072 0 64 ) (-3072 0 208 ) (-3536 0 208 ) (-3536 0 64 ) 
4 125 127 (-3072 -464 208 ) (-3072 -464 768 ) (-3536 -464 768 ) (-3536 -464 208 ) 
4 125 126 (-3536 -464 208 ) (-3536 -464 768 ) (-3536 0 768 ) (-3536 0 208 ) 
4 126 127 (-3536 -464 208 ) (-3536 -464 768 ) (-3584 -464 768 ) (-3584 -464 208 ) 
