PRT1
59
149
4 0 17 (0 1024 -192 ) (0 1024 768 ) (0 1152 768 ) (0 1152 -192 ) 
4 0 15 (0 1024 320 ) (0 1024 64 ) (256 1024 64 ) (256 1024 320 ) 
4 0 14 (256 1024 64 ) (576 1024 64 ) (576 1024 320 ) (256 1024 320 ) 
4 0 13 (576 1024 384 ) (0 1024 384 ) (0 1024 320 ) (576 1024 320 ) 
4 0 12 (1024 1024 64 ) (1024 1024 384 ) (832 1024 384 ) (832 1024 64 ) 
4 0 2 (1024 1024 384 ) (1024 1024 416 ) (832 1024 416 ) (832 1024 384 ) 
4 0 11 (768 1024 416 ) (0 1024 416 ) (0 1024 384 ) (768 1024 384 ) 
4 0 1 (1024 1024 416 ) (1024 1024 768 ) (0 1024 768 ) (0 1024 416 ) 
4 1 34 (1024 0 416 ) (1024 0 768 ) (0 0 768 ) (0 0 416 ) 
4 1 18 (0 0 416 ) (0 0 768 ) (0 1024 768 ) (0 1024 416 ) 
4 1 9 (832 192 416 ) (832 128 416 ) (768 128 416 ) (768 192 416 ) 
4 1 10 (832 64 416 ) (832 0 416 ) (768 0 416 ) (768 64 416 ) 
4 1 7 (832 448 416 ) (832 384 416 ) (768 384 416 ) (768 448 416 ) 
4 1 8 (832 320 416 ) (832 256 416 ) (768 256 416 ) (768 320 416 ) 
4 1 6 (832 576 416 ) (832 512 416 ) (768 512 416 ) (768 576 416 ) 
4 1 5 (832 704 416 ) (832 640 416 ) (768 640 416 ) (768 704 416 ) 
4 1 3 (832 960 416 ) (832 896 416 ) (768 896 416 ) (768 960 416 ) 
4 1 4 (832 832 416 ) (832 768 416 ) (768 768 416 ) (768 832 416 ) 
4 1 2 (832 1024 416 ) (1024 1024 416 ) (1024 0 416 ) (832 0 416 ) 
4 1 11 (0 0 416 ) (0 1024 416 ) (768 1024 416 ) (768 0 416 ) 
4 2 35 (1024 0 384 ) (1024 0 416 ) (832 0 416 ) (832 0 384 ) 
4 2 12 (1024 0 384 ) (832 0 384 ) (832 1024 384 ) (1024 1024 384 ) 
4 2 9 (832 192 384 ) (832 128 384 ) (832 128 416 ) (832 192 416 ) 
4 2 10 (832 64 384 ) (832 0 384 ) (832 0 416 ) (832 64 416 ) 
4 2 7 (832 448 384 ) (832 384 384 ) (832 384 416 ) (832 448 416 ) 
4 2 8 (832 320 384 ) (832 256 384 ) (832 256 416 ) (832 320 416 ) 
4 2 6 (832 576 384 ) (832 512 384 ) (832 512 416 ) (832 576 416 ) 
4 2 5 (832 704 384 ) (832 640 384 ) (832 640 416 ) (832 704 416 ) 
4 2 3 (832 960 384 ) (832 896 384 ) (832 896 416 ) (832 960 416 ) 
4 2 4 (832 832 384 ) (832 768 384 ) (832 768 416 ) (832 832 416 ) 
4 3 11 (768 960 384 ) (768 896 384 ) (768 896 416 ) (768 960 416 ) 
4 4 11 (768 832 384 ) (768 768 384 ) (768 768 416 ) (768 832 416 ) 
4 5 11 (768 704 384 ) (768 640 384 ) (768 640 416 ) (768 704 416 ) 
4 6 11 (768 576 384 ) (768 512 384 ) (768 512 416 ) (768 576 416 ) 
4 7 11 (768 448 384 ) (768 384 384 ) (768 384 416 ) (768 448 416 ) 
4 8 11 (768 320 384 ) (768 256 384 ) (768 256 416 ) (768 320 416 ) 
4 9 11 (768 192 384 ) (768 128 384 ) (768 128 416 ) (768 192 416 ) 
4 10 11 (768 64 384 ) (768 0 384 ) (768 0 416 ) (768 64 416 ) 
4 11 41 (128 0 416 ) (64 0 416 ) (64 0 384 ) (128 0 384 ) 
4 11 40 (256 0 416 ) (192 0 416 ) (192 0 384 ) (256 0 384 ) 
4 11 39 (384 0 416 ) (320 0 416 ) (320 0 384 ) (384 0 384 ) 
4 11 38 (512 0 416 ) (448 0 416 ) (448 0 384 ) (512 0 384 ) 
4 11 36 (768 0 416 ) (704 0 416 ) (704 0 384 ) (768 0 384 ) 
4 11 37 (640 0 416 ) (576 0 416 ) (576 0 384 ) (640 0 384 ) 
4 11 19 (0 0 384 ) (0 0 416 ) (0 1024 416 ) (0 1024 384 ) 
4 11 13 (0 192 384 ) (0 1024 384 ) (576 1024 384 ) (576 192 384 ) 
4 12 43 (1024 0 64 ) (1024 0 384 ) (832 0 384 ) (832 0 64 ) 
4 13 29 (0 192 384 ) (0 1024 384 ) (0 1024 320 ) (0 192 320 ) 
4 13 15 (0 192 320 ) (0 1024 320 ) (256 1024 320 ) (256 192 320 ) 
4 13 14 (256 1024 320 ) (576 1024 320 ) (576 192 320 ) (256 192 320 ) 
4 14 15 (256 1024 64 ) (256 192 64 ) (256 192 320 ) (256 1024 320 ) 
4 15 30 (0 192 320 ) (0 1024 320 ) (0 1024 64 ) (0 192 64 ) 
5 15 16 (0 192 64 ) (256 192 64 ) (256 192 256 ) (192 192 320 ) (0 192 320 ) 
5 16 45 (0 0 320 ) (0 0 64 ) (256 0 64 ) (256 0 256 ) (192 0 320 ) 
4 16 31 (0 0 64 ) (0 0 320 ) (0 192 320 ) (0 192 64 ) 
4 17 33 (-768 1024 384 ) (-1024 1024 384 ) (-1024 1024 64 ) (-768 1024 64 ) 
4 17 32 (-192 1024 320 ) (-512 1024 320 ) (-512 1024 64 ) (-192 1024 64 ) 
4 17 30 (0 1024 64 ) (0 1024 320 ) (-192 1024 320 ) (-192 1024 64 ) 
4 17 29 (0 1024 320 ) (0 1024 384 ) (-512 1024 384 ) (-512 1024 320 ) 
4 17 19 (0 1024 384 ) (0 1024 416 ) (-704 1024 416 ) (-704 1024 384 ) 
4 17 28 (-768 1024 416 ) (-1024 1024 416 ) (-1024 1024 384 ) (-768 1024 384 ) 
4 17 18 (0 1024 416 ) (0 1024 768 ) (-1024 1024 768 ) (-1024 1024 416 ) 
4 18 47 (0 0 416 ) (0 0 768 ) (-1024 0 768 ) (-1024 0 416 ) 
4 18 26 (-768 128 416 ) (-768 192 416 ) (-704 192 416 ) (-704 128 416 ) 
4 18 27 (-704 0 416 ) (-768 0 416 ) (-768 64 416 ) (-704 64 416 ) 
4 18 25 (-768 256 416 ) (-768 320 416 ) (-704 320 416 ) (-704 256 416 ) 
4 18 24 (-768 384 416 ) (-768 448 416 ) (-704 448 416 ) (-704 384 416 ) 
4 18 23 (-768 512 416 ) (-768 576 416 ) (-704 576 416 ) (-704 512 416 ) 
4 18 21 (-768 768 416 ) (-768 832 416 ) (-704 832 416 ) (-704 768 416 ) 
4 18 22 (-768 640 416 ) (-768 704 416 ) (-704 704 416 ) (-704 640 416 ) 
4 18 20 (-768 896 416 ) (-768 960 416 ) (-704 960 416 ) (-704 896 416 ) 
4 18 19 (0 1024 416 ) (0 0 416 ) (-704 0 416 ) (-704 1024 416 ) 
4 18 28 (-768 0 416 ) (-1024 0 416 ) (-1024 1024 416 ) (-768 1024 416 ) 
4 19 53 (-640 0 416 ) (-704 0 416 ) (-704 0 384 ) (-640 0 384 ) 
4 19 52 (-512 0 416 ) (-576 0 416 ) (-576 0 384 ) (-512 0 384 ) 
4 19 51 (-384 0 416 ) (-448 0 416 ) (-448 0 384 ) (-384 0 384 ) 
4 19 49 (-128 0 416 ) (-192 0 416 ) (-192 0 384 ) (-128 0 384 ) 
4 19 50 (-256 0 416 ) (-320 0 416 ) (-320 0 384 ) (-256 0 384 ) 
4 19 48 (0 0 384 ) (0 0 416 ) (-64 0 416 ) (-64 0 384 ) 
4 19 29 (-512 192 384 ) (-512 1024 384 ) (0 1024 384 ) (0 192 384 ) 
4 19 26 (-704 192 384 ) (-704 128 384 ) (-704 128 416 ) (-704 192 416 ) 
4 19 27 (-704 64 384 ) (-704 0 384 ) (-704 0 416 ) (-704 64 416 ) 
4 19 25 (-704 320 384 ) (-704 256 384 ) (-704 256 416 ) (-704 320 416 ) 
4 19 24 (-704 448 384 ) (-704 384 384 ) (-704 384 416 ) (-704 448 416 ) 
4 19 23 (-704 576 384 ) (-704 512 384 ) (-704 512 416 ) (-704 576 416 ) 
4 19 21 (-704 832 384 ) (-704 768 384 ) (-704 768 416 ) (-704 832 416 ) 
4 19 22 (-704 704 384 ) (-704 640 384 ) (-704 640 416 ) (-704 704 416 ) 
4 19 20 (-704 960 384 ) (-704 896 384 ) (-704 896 416 ) (-704 960 416 ) 
4 20 28 (-768 960 384 ) (-768 896 384 ) (-768 896 416 ) (-768 960 416 ) 
4 21 28 (-768 832 384 ) (-768 768 384 ) (-768 768 416 ) (-768 832 416 ) 
4 22 28 (-768 704 384 ) (-768 640 384 ) (-768 640 416 ) (-768 704 416 ) 
4 23 28 (-768 576 384 ) (-768 512 384 ) (-768 512 416 ) (-768 576 416 ) 
4 24 28 (-768 448 384 ) (-768 384 384 ) (-768 384 416 ) (-768 448 416 ) 
4 25 28 (-768 320 384 ) (-768 256 384 ) (-768 256 416 ) (-768 320 416 ) 
4 26 28 (-768 192 384 ) (-768 128 384 ) (-768 128 416 ) (-768 192 416 ) 
4 27 28 (-768 64 384 ) (-768 0 384 ) (-768 0 416 ) (-768 64 416 ) 
4 28 54 (-768 0 416 ) (-1024 0 416 ) (-1024 0 384 ) (-768 0 384 ) 
4 28 33 (-768 0 384 ) (-1024 0 384 ) (-1024 1024 384 ) (-768 1024 384 ) 
4 29 32 (-512 192 320 ) (-512 1024 320 ) (-192 1024 320 ) (-192 192 320 ) 
4 29 30 (-192 1024 320 ) (0 1024 320 ) (0 192 320 ) (-192 192 320 ) 
4 30 32 (-192 1024 64 ) (-192 192 64 ) (-192 192 320 ) (-192 1024 320 ) 
5 30 31 (-192 192 256 ) (-192 192 64 ) (0 192 64 ) (0 192 320 ) (-128 192 320 ) 
5 31 56 (0 0 64 ) (0 0 320 ) (-128 0 320 ) (-192 0 256 ) (-192 0 64 ) 
4 33 57 (-768 0 384 ) (-1024 0 384 ) (-1024 0 64 ) (-768 0 64 ) 
4 34 47 (0 0 768 ) (0 0 416 ) (0 -1024 416 ) (0 -1024 768 ) 
4 34 41 (64 0 416 ) (128 0 416 ) (128 -64 416 ) (64 -64 416 ) 
4 34 40 (192 0 416 ) (256 0 416 ) (256 -64 416 ) (192 -64 416 ) 
4 34 39 (320 0 416 ) (384 0 416 ) (384 -64 416 ) (320 -64 416 ) 
4 34 38 (448 0 416 ) (512 0 416 ) (512 -64 416 ) (448 -64 416 ) 
4 34 36 (704 0 416 ) (768 0 416 ) (768 -64 416 ) (704 -64 416 ) 
4 34 37 (576 0 416 ) (640 0 416 ) (640 -64 416 ) (576 -64 416 ) 
4 34 35 (832 0 416 ) (1024 0 416 ) (1024 -64 416 ) (768 -64 416 ) 
4 34 42 (1024 -64 416 ) (1024 -1024 416 ) (0 -1024 416 ) (0 -64 416 ) 
3 35 44 (832 0 384 ) (832 -64 384 ) (768 -64 384 ) 
4 35 43 (832 0 384 ) (1024 0 384 ) (1024 -64 384 ) (832 -64 384 ) 
4 35 42 (768 -64 384 ) (1024 -64 384 ) (1024 -64 416 ) (768 -64 416 ) 
4 36 42 (704 -64 384 ) (768 -64 384 ) (768 -64 416 ) (704 -64 416 ) 
4 37 42 (576 -64 384 ) (640 -64 384 ) (640 -64 416 ) (576 -64 416 ) 
4 38 42 (448 -64 384 ) (512 -64 384 ) (512 -64 416 ) (448 -64 416 ) 
4 39 42 (320 -64 384 ) (384 -64 384 ) (384 -64 416 ) (320 -64 416 ) 
4 40 42 (192 -64 384 ) (256 -64 384 ) (256 -64 416 ) (192 -64 416 ) 
4 41 42 (64 -64 384 ) (128 -64 384 ) (128 -64 416 ) (64 -64 416 ) 
4 42 55 (0 -64 384 ) (0 -1024 384 ) (0 -1024 416 ) (0 -64 416 ) 
4 42 46 (1024 -1024 384 ) (0 -1024 384 ) (0 -64 384 ) (1024 -64 384 ) 
4 43 44 (832 0 64 ) (832 -64 64 ) (832 -64 384 ) (832 0 384 ) 
4 43 46 (832 -64 64 ) (1024 -64 64 ) (1024 -64 384 ) (832 -64 384 ) 
4 44 46 (768 -64 64 ) (832 -64 64 ) (832 -64 384 ) (768 -64 384 ) 
4 45 56 (0 0 320 ) (0 0 64 ) (0 -64 64 ) (0 -64 320 ) 
5 45 46 (0 -64 64 ) (256 -64 64 ) (256 -64 256 ) (192 -64 320 ) (0 -64 320 ) 
4 46 58 (0 -64 64 ) (0 -1024 64 ) (0 -1024 384 ) (0 -64 384 ) 
4 47 54 (-1024 -64 416 ) (-1024 0 416 ) (-768 0 416 ) (-704 -64 416 ) 
4 47 53 (-704 0 416 ) (-640 0 416 ) (-640 -64 416 ) (-704 -64 416 ) 
4 47 52 (-576 0 416 ) (-512 0 416 ) (-512 -64 416 ) (-576 -64 416 ) 
4 47 51 (-448 0 416 ) (-384 0 416 ) (-384 -64 416 ) (-448 -64 416 ) 
4 47 49 (-192 0 416 ) (-128 0 416 ) (-128 -64 416 ) (-192 -64 416 ) 
4 47 50 (-320 0 416 ) (-256 0 416 ) (-256 -64 416 ) (-320 -64 416 ) 
4 47 48 (-64 0 416 ) (0 0 416 ) (0 -64 416 ) (-64 -64 416 ) 
4 47 55 (-1024 -1024 416 ) (-1024 -64 416 ) (0 -64 416 ) (0 -1024 416 ) 
4 48 55 (-64 -64 384 ) (0 -64 384 ) (0 -64 416 ) (-64 -64 416 ) 
4 49 55 (-192 -64 384 ) (-128 -64 384 ) (-128 -64 416 ) (-192 -64 416 ) 
4 50 55 (-320 -64 384 ) (-256 -64 384 ) (-256 -64 416 ) (-320 -64 416 ) 
4 51 55 (-448 -64 384 ) (-384 -64 384 ) (-384 -64 416 ) (-448 -64 416 ) 
4 52 55 (-576 -64 384 ) (-512 -64 384 ) (-512 -64 416 ) (-576 -64 416 ) 
4 53 55 (-704 -64 384 ) (-640 -64 384 ) (-640 -64 416 ) (-704 -64 416 ) 
4 54 57 (-1024 -64 384 ) (-1024 0 384 ) (-768 0 384 ) (-704 -64 384 ) 
4 54 55 (-1024 -64 384 ) (-704 -64 384 ) (-704 -64 416 ) (-1024 -64 416 ) 
4 55 58 (0 -1024 384 ) (-1024 -1024 384 ) (-1024 -64 384 ) (0 -64 384 ) 
5 56 58 (-192 -64 64 ) (0 -64 64 ) (0 -64 320 ) (-128 -64 320 ) (-192 -64 256 ) 
4 57 58 (-1024 -64 64 ) (-704 -64 64 ) (-704 -64 384 ) (-1024 -64 384 ) 
