PRT1
106
270
4 0 3 (1024 1216 960 ) (1024 1263.160034 960 ) (1024 1263.160034 384 ) (1024 1216 384 ) 
4 0 1 (1327.160034 1216 384 ) (1327.160034 1216 960 ) (1280 1216 960 ) (1280 1216 384 ) 
4 0 2 (1280 1216 960 ) (1024 1216 960 ) (1024 1216 384 ) (1280 1216 384 ) 
4 1 5 (1327.160034 1024 384 ) (1327.160034 1024 960 ) (1280 1024 960 ) (1280 1024 384 ) 
4 1 2 (1280 1216 960 ) (1280 1216 384 ) (1280 1024 384 ) (1280 1024 960 ) 
4 2 6 (1280 1024 960 ) (1024 1024 960 ) (1024 1024 64 ) (1280 1024 64 ) 
4 2 4 (1024 1024 64 ) (1024 1024 960 ) (1024 1216 960 ) (1024 1216 64 ) 
4 3 21 (0 1216 960 ) (0 1263.160034 960 ) (0 1263.160034 384 ) (0 1216 384 ) 
4 3 4 (1024 1216 384 ) (1024 1216 960 ) (0 1216 960 ) (0 1216 384 ) 
4 4 22 (0 1024 64 ) (0 1024 960 ) (0 1216 960 ) (0 1216 64 ) 
4 4 19 (896 1024 192 ) (0 1024 192 ) (0 1024 64 ) (896 1024 64 ) 
4 4 18 (1024 1024 64 ) (1024 1024 192 ) (896 1024 192 ) (896 1024 64 ) 
4 4 15 (256 1024 320 ) (0 1024 320 ) (0 1024 192 ) (256 1024 192 ) 
4 4 10 (384 1024 320 ) (256 1024 320 ) (256 1024 192 ) (384 1024 192 ) 
4 4 9 (768 1024 320 ) (384 1024 320 ) (384 1024 192 ) (768 1024 192 ) 
4 4 8 (1024 1024 192 ) (1024 1024 320 ) (768 1024 320 ) (768 1024 192 ) 
4 4 7 (1024 1024 320 ) (1024 1024 960 ) (0 1024 960 ) (0 1024 320 ) 
4 5 45 (1327.160034 0 384 ) (1327.160034 0 960 ) (1280 0 960 ) (1280 0 384 ) 
4 5 6 (1280 0 384 ) (1280 0 960 ) (1280 1024 960 ) (1280 1024 384 ) 
4 6 46 (1280 0 960 ) (1024 0 960 ) (1024 0 64 ) (1280 0 64 ) 
4 6 18 (1024 1024 192 ) (1024 1024 64 ) (1024 832 64 ) (1024 320 192 ) 
4 6 12 (1024 192 192 ) (1024 0 192 ) (1024 0 320 ) (1024 192 320 ) 
4 6 8 (1024 1024 320 ) (1024 1024 192 ) (1024 192 192 ) (1024 192 320 ) 
4 6 7 (1024 1024 960 ) (1024 1024 320 ) (1024 0 320 ) (1024 0 960 ) 
4 7 47 (1024 0 320 ) (1024 0 960 ) (0 0 960 ) (0 0 320 ) 
4 7 23 (0 0 320 ) (0 0 960 ) (0 1024 960 ) (0 1024 320 ) 
4 7 15 (0 640 320 ) (0 1024 320 ) (256 1024 320 ) (256 640 320 ) 
4 7 17 (256 0 320 ) (0 0 320 ) (0 512 320 ) (256 512 320 ) 
4 7 12 (1024 0 320 ) (704 0 320 ) (704 192 320 ) (1024 192 320 ) 
4 7 14 (576 0 320 ) (256 0 320 ) (256 192 320 ) (576 192 320 ) 
4 7 11 (256 192 320 ) (256 448 320 ) (384 448 320 ) (384 192 320 ) 
4 7 10 (256 704 320 ) (256 1024 320 ) (384 1024 320 ) (384 704 320 ) 
4 7 9 (384 1024 320 ) (768 1024 320 ) (768 704 320 ) (384 704 320 ) 
4 7 8 (768 1024 320 ) (1024 1024 320 ) (1024 192 320 ) (768 192 320 ) 
4 8 20 (768 832 192 ) (768 960 192 ) (896 960 192 ) (896 832 192 ) 
4 8 19 (768 960 192 ) (768 1024 192 ) (896 1024 192 ) (896 960 192 ) 
4 8 18 (1024 1024 192 ) (1024 320 192 ) (896 320 192 ) (896 1024 192 ) 
4 8 12 (768 192 192 ) (1024 192 192 ) (1024 192 320 ) (768 192 320 ) 
4 8 9 (768 1024 192 ) (768 704 192 ) (768 704 320 ) (768 1024 320 ) 
4 9 20 (384 832 192 ) (384 960 192 ) (768 960 192 ) (768 832 192 ) 
4 9 19 (384 960 192 ) (384 1024 192 ) (768 1024 192 ) (768 960 192 ) 
4 9 10 (384 1024 192 ) (384 704 192 ) (384 704 320 ) (384 1024 320 ) 
4 10 19 (256 960 192 ) (256 1024 192 ) (384 1024 192 ) (384 960 192 ) 
4 10 15 (256 1024 192 ) (256 704 192 ) (256 704 320 ) (256 1024 320 ) 
3 11 17 (256 192 192 ) (256 192 320 ) (256 448 320 ) 
4 11 14 (256 192 320 ) (256 192 192 ) (384 192 192 ) (384 192 320 ) 
4 12 48 (1024 0 192 ) (1024 0 320 ) (704 0 320 ) (704 0 192 ) 
4 12 13 (704 192 304 ) (704 192 192 ) (704 0 192 ) (704 0 304 ) 
4 13 49 (576 0 304 ) (576 0 192 ) (704 0 192 ) (704 0 304 ) 
4 13 14 (576 192 304 ) (576 192 192 ) (576 0 192 ) (576 0 304 ) 
4 14 50 (576 0 320 ) (256 0 320 ) (256 0 192 ) (576 0 192 ) 
4 14 17 (256 192 192 ) (256 0 192 ) (256 0 320 ) (256 192 320 ) 
4 15 24 (0 640 320 ) (0 1024 320 ) (0 1024 192 ) (0 640 192 ) 
4 15 19 (0 960 192 ) (0 1024 192 ) (256 1024 192 ) (256 960 192 ) 
4 15 16 (0 640 192 ) (256 640 192 ) (256 640 304 ) (0 640 304 ) 
4 16 25 (0 640 304 ) (0 640 192 ) (0 512 192 ) (0 512 304 ) 
4 16 17 (0 512 192 ) (256 512 192 ) (256 512 304 ) (0 512 304 ) 
4 17 50 (256 0 320 ) (0 0 320 ) (0 0 192 ) (256 0 192 ) 
4 17 29 (0 0 192 ) (0 0 320 ) (0 192 320 ) (0 192 192 ) 
4 17 26 (0 192 320 ) (0 512 320 ) (0 512 192 ) (0 192 192 ) 
4 18 20 (896 960 64 ) (896 832 64 ) (896 832 192 ) (896 960 192 ) 
4 18 19 (896 1024 64 ) (896 960 64 ) (896 960 192 ) (896 1024 192 ) 
4 19 32 (0 960 192 ) (0 1024 192 ) (0 1024 64 ) (0 960 64 ) 
3 19 20 (896 960 64 ) (896 960 192 ) (384 960 192 ) 
4 21 36 (-1024 1216 960 ) (-1024 1263.160034 960 ) (-1024 1263.160034 384 ) (-1024 1216 384 ) 
4 21 22 (0 1216 384 ) (0 1216 960 ) (-1024 1216 960 ) (-1024 1216 384 ) 
4 22 37 (-1024 1024 64 ) (-1024 1024 960 ) (-1024 1216 960 ) (-1024 1216 64 ) 
4 22 34 (-256 1024 192 ) (-1024 1024 192 ) (-1024 1024 64 ) (-256 1024 64 ) 
4 22 32 (0 1024 64 ) (0 1024 192 ) (-256 1024 192 ) (-256 1024 64 ) 
4 22 27 (-512 1024 320 ) (-1024 1024 320 ) (-1024 1024 192 ) (-512 1024 192 ) 
4 22 24 (0 1024 192 ) (0 1024 320 ) (-512 1024 320 ) (-512 1024 192 ) 
4 22 23 (0 1024 320 ) (0 1024 960 ) (-1024 1024 960 ) (-1024 1024 320 ) 
4 23 71 (0 0 320 ) (0 0 960 ) (-1024 0 960 ) (-1024 0 320 ) 
4 23 41 (-1024 0 320 ) (-1024 0 960 ) (-1024 832 960 ) (-1024 832 320 ) 
4 23 40 (-1024 832 960 ) (-1024 960 960 ) (-1024 960 320 ) (-1024 832 320 ) 
4 23 39 (-1024 960 960 ) (-1024 1024 960 ) (-1024 1024 320 ) (-1024 960 320 ) 
4 23 29 (0 192 320 ) (0 0 320 ) (-832 0 320 ) (-832 192 320 ) 
4 23 31 (-960 0 320 ) (-1024 0 320 ) (-1024 192 320 ) (-960 192 320 ) 
4 23 28 (-512 192 320 ) (-768 192 320 ) (-768 320 320 ) (-512 320 320 ) 
4 23 27 (-1024 704 320 ) (-1024 1024 320 ) (-512 1024 320 ) (-512 704 320 ) 
4 23 24 (0 1024 320 ) (0 640 320 ) (-512 640 320 ) (-512 1024 320 ) 
4 23 26 (0 512 320 ) (0 192 320 ) (-512 192 320 ) (-512 512 320 ) 
4 24 34 (-512 1024 192 ) (-256 1024 192 ) (-256 960 192 ) (-512 960 192 ) 
4 24 32 (-256 1024 192 ) (0 1024 192 ) (0 640 192 ) (-256 640 192 ) 
4 24 27 (-512 1024 192 ) (-512 704 192 ) (-512 704 320 ) (-512 1024 320 ) 
4 24 25 (-512 640 304 ) (-512 640 192 ) (0 640 192 ) (0 640 304 ) 
4 25 32 (0 640 192 ) (0 512 192 ) (-256 512 192 ) (-256 640 192 ) 
4 25 26 (-512 512 304 ) (-512 512 192 ) (0 512 192 ) (0 512 304 ) 
4 26 32 (0 512 192 ) (0 192 192 ) (-256 192 192 ) (-256 512 192 ) 
4 26 29 (-512 192 192 ) (0 192 192 ) (0 192 320 ) (-512 192 320 ) 
4 26 28 (-512 320 192 ) (-512 192 192 ) (-512 192 320 ) (-512 320 320 ) 
4 27 41 (-1024 704 320 ) (-1024 832 320 ) (-1024 832 192 ) (-1024 704 192 ) 
4 27 40 (-1024 832 320 ) (-1024 960 320 ) (-1024 960 192 ) (-1024 832 192 ) 
4 27 39 (-1024 960 320 ) (-1024 1024 320 ) (-1024 1024 192 ) (-1024 960 192 ) 
4 27 35 (-1024 832 192 ) (-1024 960 192 ) (-640 960 192 ) (-640 832 192 ) 
4 27 34 (-1024 960 192 ) (-1024 1024 192 ) (-512 1024 192 ) (-512 960 192 ) 
3 28 29 (-512 192 192 ) (-512 192 320 ) (-768 192 320 ) 
4 29 74 (-512 0 320 ) (-832 0 320 ) (-832 0 192 ) (-512 0 192 ) 
4 29 72 (0 0 192 ) (0 0 320 ) (-512 0 320 ) (-512 0 192 ) 
4 29 32 (-256 128 192 ) (-256 192 192 ) (0 192 192 ) (0 128 192 ) 
4 29 30 (-832 192 304 ) (-832 192 192 ) (-832 0 192 ) (-832 0 304 ) 
4 30 75 (-960 0 304 ) (-960 0 192 ) (-832 0 192 ) (-832 0 304 ) 
4 30 31 (-960 192 304 ) (-960 192 192 ) (-960 0 192 ) (-960 0 304 ) 
4 31 76 (-960 0 320 ) (-1024 0 320 ) (-1024 0 192 ) (-960 0 192 ) 
4 31 41 (-1024 0 192 ) (-1024 0 320 ) (-1024 192 320 ) (-1024 192 192 ) 
4 32 34 (-256 1024 64 ) (-256 960 64 ) (-256 960 192 ) (-256 1024 192 ) 
4 32 33 (-256 128 176 ) (-256 128 64 ) (0 128 64 ) (0 128 176 ) 
4 33 78 (0 0 64 ) (0 0 176 ) (-256 0 176 ) (-256 0 64 ) 
4 34 39 (-1024 960 192 ) (-1024 1024 192 ) (-1024 1024 64 ) (-1024 960 64 ) 
3 34 35 (-640 960 192 ) (-1024 960 192 ) (-1024 960 96 ) 
4 35 40 (-1024 832 192 ) (-1024 960 192 ) (-1024 960 96 ) (-1024 832 96 ) 
4 36 38 (-1536 1216 960 ) (-1583.160034 1216 960 ) (-1583.160034 1216 384 ) (-1536 1216 384 ) 
4 36 37 (-1024 1216 384 ) (-1024 1216 960 ) (-1536 1216 960 ) (-1536 1216 384 ) 
4 37 43 (-1280 1024 960 ) (-1536 1024 960 ) (-1536 1024 64 ) (-1280 1024 64 ) 
4 37 39 (-1024 1024 64 ) (-1024 1024 960 ) (-1280 1024 960 ) (-1280 1024 64 ) 
4 37 38 (-1536 1216 960 ) (-1536 1216 384 ) (-1536 1024 384 ) (-1536 1024 960 ) 
4 38 44 (-1536 1024 960 ) (-1583.160034 1024 960 ) (-1583.160034 1024 384 ) (-1536 1024 384 ) 
4 39 43 (-1280 1024 64 ) (-1280 960 64 ) (-1280 960 960 ) (-1280 1024 960 ) 
5 39 40 (-1280 960 960 ) (-1280 960 64 ) (-1152 960 64 ) (-1024 960 96 ) (-1024 960 960 ) 
4 40 43 (-1280 960 64 ) (-1280 832 64 ) (-1280 832 960 ) (-1280 960 960 ) 
4 40 42 (-1280 832 192 ) (-1280 832 64 ) (-1152 832 64 ) (-1152 832 192 ) 
4 40 41 (-1280 832 960 ) (-1280 832 192 ) (-1024 832 192 ) (-1024 832 960 ) 
4 41 85 (-1024 0 192 ) (-1024 0 960 ) (-1280 0 960 ) (-1280 0 192 ) 
4 41 43 (-1280 0 192 ) (-1280 0 960 ) (-1280 832 960 ) (-1280 832 192 ) 
4 41 42 (-1280 320 192 ) (-1280 832 192 ) (-1152 832 192 ) (-1152 320 192 ) 
3 42 43 (-1280 832 64 ) (-1280 320 192 ) (-1280 832 192 ) 
4 43 89 (-1280 0 960 ) (-1536 0 960 ) (-1536 0 64 ) (-1280 0 64 ) 
4 43 44 (-1536 0 384 ) (-1536 0 960 ) (-1536 1024 960 ) (-1536 1024 384 ) 
4 44 90 (-1536 0 960 ) (-1583.160034 0 960 ) (-1583.160034 0 384 ) (-1536 0 384 ) 
4 45 60 (1327.160034 -1024 384 ) (1327.160034 -1024 960 ) (1280 -1024 960 ) (1280 -1024 384 ) 
4 45 46 (1280 -1024 384 ) (1280 -1024 960 ) (1280 0 960 ) (1280 0 384 ) 
4 46 61 (1280 -1024 960 ) (1024 -1024 960 ) (1024 -1024 64 ) (1280 -1024 64 ) 
3 46 59 (1024 -1024 112 ) (1024 -1024 192 ) (1024 -704 192 ) 
4 46 56 (1024 -320 192 ) (1024 -64 192 ) (1024 -64 64 ) (1024 -320 64 ) 
4 46 53 (1024 -1024 192 ) (1024 -1024 320 ) (1024 -704 320 ) (1024 -704 192 ) 
4 46 51 (1024 -704 320 ) (1024 -576 320 ) (1024 -576 192 ) (1024 -704 192 ) 
4 46 48 (1024 -576 320 ) (1024 0 320 ) (1024 0 192 ) (1024 -576 192 ) 
4 46 47 (1024 -1024 320 ) (1024 -1024 960 ) (1024 0 960 ) (1024 0 320 ) 
4 47 71 (0 0 960 ) (0 0 320 ) (0 -1024 320 ) (0 -1024 960 ) 
4 47 63 (1024 -1024 320 ) (1024 -1024 960 ) (0 -1024 960 ) (0 -1024 320 ) 
4 47 54 (0 -896 320 ) (0 -576 320 ) (256 -576 320 ) (256 -896 320 ) 
4 47 53 (1024 -1024 320 ) (768 -1024 320 ) (768 -704 320 ) (1024 -704 320 ) 
4 47 52 (256 -704 320 ) (256 -576 320 ) (512 -576 320 ) (512 -704 320 ) 
4 47 51 (768 -576 320 ) (1024 -576 320 ) (1024 -704 320 ) (768 -704 320 ) 
4 47 48 (704 0 320 ) (1024 0 320 ) (1024 -576 320 ) (704 -576 320 ) 
4 47 50 (0 -576 320 ) (0 0 320 ) (576 0 320 ) (576 -576 320 ) 
4 48 56 (1024 -64 192 ) (1024 -320 192 ) (704 -320 192 ) (704 -64 192 ) 
4 48 51 (768 -576 192 ) (1024 -576 192 ) (1024 -576 320 ) (768 -576 320 ) 
4 48 49 (704 0 192 ) (704 -576 192 ) (704 -576 304 ) (704 0 304 ) 
4 49 56 (704 -64 192 ) (704 -320 192 ) (576 -320 192 ) (576 -64 192 ) 
4 49 50 (576 0 192 ) (576 -576 192 ) (576 -576 304 ) (576 0 304 ) 
4 50 72 (0 0 320 ) (0 0 192 ) (0 -576 192 ) (0 -576 320 ) 
4 50 56 (192 -64 192 ) (576 -64 192 ) (576 -320 192 ) (192 -320 192 ) 
4 50 58 (0 -320 192 ) (0 -64 192 ) (64 -64 192 ) (64 -320 192 ) 
4 50 54 (0 -576 192 ) (256 -576 192 ) (256 -576 320 ) (0 -576 320 ) 
3 50 52 (256 -576 192 ) (512 -576 320 ) (256 -576 320 ) 
4 51 53 (768 -704 192 ) (1024 -704 192 ) (1024 -704 320 ) (768 -704 320 ) 
4 52 54 (256 -576 320 ) (256 -576 192 ) (256 -704 192 ) (256 -704 320 ) 
4 53 64 (1024 -1024 192 ) (1024 -1024 320 ) (768 -1024 320 ) (768 -1024 192 ) 
4 53 59 (1024 -704 192 ) (1024 -1024 192 ) (896 -1024 192 ) (896 -704 192 ) 
4 54 72 (0 -576 192 ) (0 -896 192 ) (0 -896 320 ) (0 -576 320 ) 
4 54 55 (0 -896 192 ) (256 -896 192 ) (256 -896 304 ) (0 -896 304 ) 
4 55 73 (0 -896 192 ) (0 -1024 192 ) (0 -1024 304 ) (0 -896 304 ) 
4 55 65 (0 -1024 304 ) (0 -1024 192 ) (256 -1024 192 ) (256 -1024 304 ) 
4 56 57 (192 -64 176 ) (192 -64 64 ) (192 -320 64 ) (192 -320 176 ) 
4 57 58 (64 -64 176 ) (64 -64 64 ) (64 -320 64 ) (64 -320 176 ) 
4 58 79 (0 -64 64 ) (0 -320 64 ) (0 -320 192 ) (0 -64 192 ) 
4 59 68 (1024 -1024 112 ) (1024 -1024 192 ) (896 -1024 192 ) (896 -1024 112 ) 
4 60 62 (1327.160034 -1600 384 ) (1327.160034 -1600 960 ) (1280 -1600 960 ) (1280 -1600 384 ) 
4 60 61 (1280 -1600 384 ) (1280 -1600 960 ) (1280 -1024 960 ) (1280 -1024 384 ) 
4 61 70 (1024 -1344 64 ) (1024 -1600 64 ) (1024 -1600 192 ) (1024 -1344 192 ) 
5 61 68 (1024 -1024 192 ) (1024 -1024 112 ) (1024 -1216 64 ) (1024 -1344 64 ) (1024 -1344 192 ) 
4 61 66 (1024 -1088 192 ) (1024 -1600 192 ) (1024 -1600 960 ) (1024 -1088 960 ) 
4 61 64 (1024 -1024 320 ) (1024 -1024 192 ) (1024 -1088 192 ) (1024 -1088 320 ) 
4 61 63 (1024 -1024 960 ) (1024 -1024 320 ) (1024 -1088 320 ) (1024 -1088 960 ) 
4 61 62 (1280 -1600 384 ) (1280 -1600 960 ) (1024 -1600 960 ) (1024 -1600 384 ) 
4 62 67 (1024 -1647.160034 384 ) (1024 -1647.160034 960 ) (1024 -1600 960 ) (1024 -1600 384 ) 
4 63 91 (0 -1088 960 ) (0 -1024 960 ) (0 -1024 320 ) (0 -1088 320 ) 
4 63 66 (1024 -1088 320 ) (1024 -1088 960 ) (0 -1088 960 ) (0 -1088 320 ) 
4 63 64 (1024 -1088 320 ) (768 -1088 320 ) (768 -1024 320 ) (1024 -1024 320 ) 
4 63 65 (256 -1088 320 ) (0 -1088 320 ) (0 -1024 320 ) (256 -1024 320 ) 
4 64 68 (896 -1024 192 ) (1024 -1024 192 ) (1024 -1088 192 ) (896 -1088 192 ) 
4 64 66 (768 -1088 192 ) (1024 -1088 192 ) (1024 -1088 320 ) (768 -1088 320 ) 
4 65 91 (0 -1024 320 ) (0 -1024 192 ) (0 -1088 192 ) (0 -1088 320 ) 
4 65 66 (0 -1088 192 ) (256 -1088 192 ) (256 -1088 320 ) (0 -1088 320 ) 
4 66 97 (0 -1600 960 ) (0 -1344 960 ) (0 -1344 192 ) (0 -1600 192 ) 
4 66 91 (0 -1344 960 ) (0 -1088 960 ) (0 -1088 192 ) (0 -1344 192 ) 
4 66 70 (0 -1600 192 ) (0 -1344 192 ) (1024 -1344 192 ) (1024 -1600 192 ) 
4 66 69 (384 -1216 192 ) (896 -1216 192 ) (896 -1344 192 ) (384 -1344 192 ) 
4 66 68 (896 -1088 192 ) (1024 -1088 192 ) (1024 -1344 192 ) (896 -1344 192 ) 
4 66 67 (1024 -1600 384 ) (1024 -1600 960 ) (0 -1600 960 ) (0 -1600 384 ) 
4 67 98 (0 -1647.160034 960 ) (0 -1600 960 ) (0 -1600 384 ) (0 -1647.160034 384 ) 
4 68 70 (896 -1344 64 ) (1024 -1344 64 ) (1024 -1344 192 ) (896 -1344 192 ) 
4 68 69 (896 -1216 64 ) (896 -1344 64 ) (896 -1344 192 ) (896 -1216 192 ) 
3 69 70 (896 -1344 64 ) (896 -1344 192 ) (384 -1344 192 ) 
4 70 97 (0 -1600 192 ) (0 -1344 192 ) (0 -1344 64 ) (0 -1600 64 ) 
4 71 92 (-512 -1024 960 ) (-1024 -1024 960 ) (-1024 -1024 320 ) (-512 -1024 320 ) 
4 71 91 (0 -1024 320 ) (0 -1024 960 ) (-512 -1024 960 ) (-512 -1024 320 ) 
4 71 85 (-1024 0 960 ) (-1024 0 320 ) (-1024 -1024 320 ) (-1024 -1024 960 ) 
4 71 77 (-640 -576 320 ) (-512 -576 320 ) (-512 -832 320 ) (-640 -832 320 ) 
4 71 74 (-832 0 320 ) (-512 0 320 ) (-512 -576 320 ) (-832 -576 320 ) 
4 71 76 (-1024 -576 320 ) (-1024 0 320 ) (-960 0 320 ) (-960 -576 320 ) 
4 71 72 (-512 0 320 ) (0 0 320 ) (0 -896 320 ) (-512 -896 320 ) 
4 72 82 (-256 -320 192 ) (0 -320 192 ) (0 -384 192 ) (-256 -384 192 ) 
4 72 84 (0 -512 192 ) (0 -896 192 ) (-256 -896 192 ) (-256 -512 192 ) 
4 72 79 (-320 -64 192 ) (0 -64 192 ) (0 -320 192 ) (-320 -320 192 ) 
4 72 81 (-512 -320 192 ) (-512 -64 192 ) (-448 -64 192 ) (-448 -320 192 ) 
4 72 78 (-256 0 192 ) (0 0 192 ) (0 -64 192 ) (-256 -64 192 ) 
3 72 77 (-512 -576 192 ) (-512 -832 320 ) (-512 -576 320 ) 
4 72 74 (-512 0 192 ) (-512 -576 192 ) (-512 -576 320 ) (-512 0 320 ) 
4 72 73 (-512 -896 304 ) (-512 -896 192 ) (0 -896 192 ) (0 -896 304 ) 
4 73 91 (0 -1024 192 ) (0 -1024 304 ) (-512 -1024 304 ) (-512 -1024 192 ) 
4 73 84 (0 -1024 192 ) (-256 -1024 192 ) (-256 -896 192 ) (0 -896 192 ) 
4 74 81 (-512 -64 192 ) (-512 -320 192 ) (-832 -320 192 ) (-832 -64 192 ) 
4 74 77 (-640 -576 192 ) (-512 -576 192 ) (-512 -576 320 ) (-640 -576 320 ) 
4 74 75 (-832 0 192 ) (-832 -576 192 ) (-832 -576 304 ) (-832 0 304 ) 
4 75 81 (-832 -64 192 ) (-832 -320 192 ) (-960 -320 192 ) (-960 -64 192 ) 
4 75 76 (-960 0 192 ) (-960 -576 192 ) (-960 -576 304 ) (-960 0 304 ) 
4 76 85 (-1024 0 320 ) (-1024 0 192 ) (-1024 -576 192 ) (-1024 -576 320 ) 
4 76 81 (-1024 -320 192 ) (-1024 -64 192 ) (-960 -64 192 ) (-960 -320 192 ) 
4 78 79 (-256 -64 64 ) (0 -64 64 ) (0 -64 192 ) (-256 -64 192 ) 
4 79 82 (-256 -320 64 ) (0 -320 64 ) (0 -320 192 ) (-256 -320 192 ) 
4 79 80 (-320 -64 176 ) (-320 -64 64 ) (-320 -320 64 ) (-320 -320 176 ) 
4 80 81 (-448 -64 176 ) (-448 -64 64 ) (-448 -320 64 ) (-448 -320 176 ) 
4 81 86 (-1024 -64 64 ) (-1024 -320 64 ) (-1024 -320 192 ) (-1024 -64 192 ) 
4 82 83 (-256 -384 176 ) (-256 -384 64 ) (0 -384 64 ) (0 -384 176 ) 
4 83 84 (-256 -512 176 ) (-256 -512 64 ) (0 -512 64 ) (0 -512 176 ) 
4 84 94 (0 -1024 64 ) (0 -1024 192 ) (-256 -1024 192 ) (-256 -1024 64 ) 
4 85 102 (-1152 -1024 960 ) (-1280 -1024 960 ) (-1280 -1024 192 ) (-1152 -1024 192 ) 
4 85 99 (-1024 -1024 192 ) (-1024 -1024 960 ) (-1152 -1024 960 ) (-1152 -1024 192 ) 
4 85 89 (-1280 -1024 192 ) (-1280 -1024 960 ) (-1280 0 960 ) (-1280 0 192 ) 
4 85 88 (-1152 -1024 192 ) (-1280 -1024 192 ) (-1280 -704 192 ) (-1152 -704 192 ) 
4 85 87 (-1280 -320 192 ) (-1280 -64 192 ) (-1152 -64 192 ) (-1152 -320 192 ) 
4 85 86 (-1152 -320 192 ) (-1152 -64 192 ) (-1024 -64 192 ) (-1024 -320 192 ) 
4 86 87 (-1152 -64 64 ) (-1152 -320 64 ) (-1152 -320 192 ) (-1152 -64 192 ) 
4 87 89 (-1280 -64 64 ) (-1280 -320 64 ) (-1280 -320 192 ) (-1280 -64 192 ) 
4 88 102 (-1152 -1024 192 ) (-1280 -1024 192 ) (-1280 -1024 112 ) (-1152 -1024 112 ) 
3 88 89 (-1280 -1024 112 ) (-1280 -1024 192 ) (-1280 -704 192 ) 
4 89 103 (-1536 -1024 64 ) (-1280 -1024 64 ) (-1280 -1024 960 ) (-1536 -1024 960 ) 
4 89 90 (-1536 -1024 384 ) (-1536 -1024 960 ) (-1536 0 960 ) (-1536 0 384 ) 
4 90 104 (-1536 -1024 384 ) (-1536 -1024 960 ) (-1583.160034 -1024 960 ) (-1583.160034 -1024 384 ) 
4 91 97 (0 -1344 192 ) (0 -1344 960 ) (-512 -1344 960 ) (-512 -1344 192 ) 
4 91 95 (0 -1344 192 ) (-256 -1344 192 ) (-256 -1216 192 ) (0 -1216 192 ) 
4 91 94 (-256 -1024 192 ) (0 -1024 192 ) (0 -1216 192 ) (-256 -1216 192 ) 
4 91 92 (-512 -1088 320 ) (-512 -1088 960 ) (-512 -1024 960 ) (-512 -1024 320 ) 
4 91 93 (-512 -1088 192 ) (-512 -1344 192 ) (-512 -1344 960 ) (-512 -1088 960 ) 
4 92 99 (-1024 -1024 960 ) (-1024 -1024 320 ) (-1024 -1088 320 ) (-1024 -1088 960 ) 
4 92 93 (-512 -1088 320 ) (-512 -1088 960 ) (-1024 -1088 960 ) (-1024 -1088 320 ) 
4 93 100 (-1024 -1216 192 ) (-1024 -1344 192 ) (-1024 -1344 960 ) (-1024 -1216 960 ) 
4 93 99 (-1024 -1088 192 ) (-1024 -1216 192 ) (-1024 -1216 960 ) (-1024 -1088 960 ) 
4 93 97 (-512 -1344 960 ) (-1024 -1344 960 ) (-1024 -1344 192 ) (-512 -1344 192 ) 
4 93 96 (-640 -1344 192 ) (-1024 -1344 192 ) (-1024 -1216 192 ) (-640 -1216 192 ) 
4 94 95 (-256 -1216 64 ) (0 -1216 64 ) (0 -1216 192 ) (-256 -1216 192 ) 
4 95 97 (-256 -1344 64 ) (0 -1344 64 ) (0 -1344 192 ) (-256 -1344 192 ) 
4 96 100 (-1024 -1344 96 ) (-1024 -1344 192 ) (-1024 -1216 192 ) (-1024 -1216 96 ) 
3 96 97 (-640 -1344 192 ) (-1024 -1344 192 ) (-1024 -1344 96 ) 
4 97 101 (-1024 -1344 64 ) (-1024 -1600 64 ) (-1024 -1600 960 ) (-1024 -1344 960 ) 
4 97 98 (0 -1600 384 ) (0 -1600 960 ) (-1024 -1600 960 ) (-1024 -1600 384 ) 
4 98 105 (-1024 -1647.160034 384 ) (-1024 -1647.160034 960 ) (-1024 -1600 960 ) (-1024 -1600 384 ) 
4 99 102 (-1152 -1216 192 ) (-1152 -1216 960 ) (-1152 -1024 960 ) (-1152 -1024 192 ) 
4 99 100 (-1152 -1216 960 ) (-1152 -1216 192 ) (-1024 -1216 192 ) (-1024 -1216 960 ) 
4 100 102 (-1152 -1216 64 ) (-1152 -1344 64 ) (-1152 -1344 960 ) (-1152 -1216 960 ) 
4 100 101 (-1152 -1344 960 ) (-1152 -1344 64 ) (-1024 -1344 96 ) (-1024 -1344 960 ) 
4 101 105 (-1024 -1600 960 ) (-1152 -1600 960 ) (-1152 -1600 384 ) (-1024 -1600 384 ) 
4 101 102 (-1152 -1344 64 ) (-1152 -1600 64 ) (-1152 -1600 960 ) (-1152 -1344 960 ) 
4 102 105 (-1152 -1600 960 ) (-1280 -1600 960 ) (-1280 -1600 384 ) (-1152 -1600 384 ) 
5 102 103 (-1280 -1216 64 ) (-1280 -1600 64 ) (-1280 -1600 960 ) (-1280 -1024 960 ) (-1280 -1024 112 ) 
4 103 105 (-1280 -1600 960 ) (-1536 -1600 960 ) (-1536 -1600 384 ) (-1280 -1600 384 ) 
4 103 104 (-1536 -1600 384 ) (-1536 -1600 960 ) (-1536 -1024 960 ) (-1536 -1024 384 ) 
4 104 105 (-1536 -1600 960 ) (-1583.160034 -1600 960 ) (-1583.160034 -1600 384 ) (-1536 -1600 384 ) 
