


materialPath: C:\Program Files (x86)\Steam\steamapps\common\JBMod\jbmod\materials
Loading C:\Users\GibsonKidd\Documents\jbdm_blockfort.vmf
Could not locate 'GameData' key in c:\program files (x86)\steam\steamapps\common\jbmod\jbmod\gameinfo.txt
fixing up env_cubemap materials on brush sides...
0...1...2...3...4...5...6...7...8...9...100...1...2...3...4...5...6...7...8...9...10Processing areas...done (0)
Building Faces...done (0)
FixTjuncs...
PruneNodes...
WriteBSP...
done (0)
writing C:\Users\GibsonKidd\Documents\jbdm_blockfort.prt...Building visibility clusters...
done (0)
Creating default LDR cubemaps for env_cubemap using skybox materials:
   skybox/sky_day01_06*.vmt
 ! Run buildcubemaps in the engine to get the correct cube maps.
Creating default HDR cubemaps for env_cubemap using skybox materials:
   skybox/sky_day01_06*.vmt
 ! Run buildcubemaps in the engine to get the correct cube maps.
Finding displacement neighbors...
Finding lightmap sample positions...
Displacement Alpha : 0...1...2...3...4...5...6...7...8...9...10
Building Physics collision data...
done (0) (17590 bytes)
Placing detail props : 0...1...2...3...4...5...6...7...8...9...10
Compacting texture/material tables...
Reduced 79 texinfos to 58
Reduced 13 texdatas to 13 (351 bytes to 351)
Writing C:\Users\GibsonKidd\Documents\jbdm_blockfort.bsp
MSG_FILEWRITE - Filesystem was asked to write to 'C:\Users\GibsonKidd\Documents\jbdm_blockfort.bsp', but we don't own that location. Allowing.
0 seconds elapsed



24 threads
reading c:\users\gibsonkidd\documents\jbdm_blockfort.bsp
reading c:\users\gibsonkidd\documents\jbdm_blockfort.prt
 106 portalclusters
 270 numportals
0...1...2...3...4...5...6...7...8...9...100...1...2...3...4...5...6...7...8...9...10Optimized: 1 visible clusters (0.01%)
Total clusters visible: 10337
Average clusters visible: 97
Building PAS...
Average clusters audible: 106
visdatasize:3824  compressed from 3392
writing c:\users\gibsonkidd\documents\jbdm_blockfort.bsp
MSG_FILEWRITE - Filesystem was asked to write to 'c:\users\gibsonkidd\documents\jbdm_blockfort.bsp', but we don't own that location. Allowing.
0 seconds elapsed



[Reading texlights from 'lights.rad']
[45 texlights parsed from 'lights.rad']

Loading c:\users\gibsonkidd\documents\jbdm_blockfort.bsp
408 faces
217898 square feet [31377396.00 square inches]
0 Displacements
0 Square Feet [0.00 Square Inches]
408 patches before subdivision
19430 patches after subdivision
2 direct lights
0...1...2...3...4...5...6...7...8...9...100...1...2...3...4...5...6...7...8...9...10transfers 1295707, max 340
transfer lists:   9.9 megs
0...1...2...3...4...5...6...7...8...9...10	Bounce #1 added RGB(234890, 113862, 33874)
0...1...2...3...4...5...6...7...8...9...10	Bounce #2 added RGB(35557, 13411, 2504)
0...1...2...3...4...5...6...7...8...9...10	Bounce #3 added RGB(5623, 1750, 205)
0...1...2...3...4...5...6...7...8...9...10	Bounce #4 added RGB(946, 246, 18)
0...1...2...3...4...5...6...7...8...9...10	Bounce #5 added RGB(166, 38, 2)
0...1...2...3...4...5...6...7...8...9...10	Bounce #6 added RGB(30, 6, 0)
0...1...2...3...4...5...6...7...8...9...10	Bounce #7 added RGB(6, 1, 0)
0...1...2...3...4...5...6...7...8...9...10	Bounce #8 added RGB(1, 0, 0)
0...1...2...3...4...5...6...7...8...9...10	Bounce #9 added RGB(0, 0, 0)
Build Patch/Sample Hash Table(s).....Done<0.0021 sec>
0...1...2...3...4...5...6...7...8...9...10FinalLightFace Done
0 of 0 (0% of) surface lights went in leaf ambient cubes.
0...1...2...3...4...5...6...7...8...9...10Writing leaf ambient...done
Ready to Finish

Object names       Objects/Maxobjs  Memory / Maxmem  Fullness 
------------       ---------------  ---------------  -------- 
models                   1/1024           48/49152    ( 0.1%) 
brushes                 51/8192          612/98304    ( 0.6%) 
brushsides             318/65536        2544/524288   ( 0.5%) 
planes                 172/65536        3440/1310720  ( 0.3%) 
vertexes               614/65536        7368/786432   ( 0.9%) 
nodes                  231/65536        7392/2097152  ( 0.4%) 
texinfos                58/12288        4176/884736   ( 0.5%) 
texdata                 13/2048          416/65536    ( 0.6%) 
dispinfos                0/0               0/0        ( 0.0%) 
disp_verts               0/0               0/0        ( 0.0%) 
disp_tris                0/0               0/0        ( 0.0%) 
disp_lmsamples           0/0               0/0        ( 0.0%) 
faces                  408/65536       22848/3670016  ( 0.6%) 
hdr faces                0/65536           0/3670016  ( 0.0%) 
origfaces              138/65536        7728/3670016  ( 0.2%) 
leaves                 233/65536        7456/2097152  ( 0.4%) 
leaffaces              508/65536        1016/131072   ( 0.8%) 
leafbrushes            179/65536         358/131072   ( 0.3%) 
areas                    2/256            16/2048     ( 0.8%) 
surfedges             2496/512000       9984/2048000  ( 0.5%) 
edges                 1376/256000       5504/1024000  ( 0.5%) 
LDR worldlights          2/8192          176/720896   ( 0.0%) 
HDR worldlights          0/8192            0/720896   ( 0.0%) 
leafwaterdata            0/32768           0/393216   ( 0.0%) 
waterstrips             64/32768         640/327680   ( 0.2%) 
waterverts               0/65536           0/786432   ( 0.0%) 
waterindices           909/65536        1818/131072   ( 1.4%) 
cubemapsamples           0/1024            0/16384    ( 0.0%) 
overlays                 0/512             0/180224   ( 0.0%) 
LDR lightdata         [variable]      529116/0        ( 0.0%) 
HDR lightdata         [variable]           0/0        ( 0.0%) 
visdata               [variable]        3824/16777216 ( 0.0%) 
entdata               [variable]         897/393216   ( 0.2%) 
LDR ambient table      233/65536         932/262144   ( 0.4%) 
HDR ambient table      233/65536         932/262144   ( 0.4%) 
LDR leaf ambient      1548/65536       43344/1835008  ( 2.4%) 
HDR leaf ambient       233/65536        6524/1835008  ( 0.4%) 
occluders                0/0               0/0        ( 0.0%) 
occluder polygons        0/0               0/0        ( 0.0%) 
occluder vert ind        0/0               0/0        ( 0.0%) 
detail props          [variable]           1/12       ( 8.3%) 
static props          [variable]           1/12       ( 8.3%) 
pakfile               [variable]      105687/0        ( 0.0%) 
physics               [variable]       17590/4194304  ( 0.4%) 
physics terrain       [variable]           2/1048576  ( 0.0%) 

Level flags = 0

Total triangle count: 1140
Writing c:\users\gibsonkidd\documents\jbdm_blockfort.bsp
1 second elapsed



materialPath: C:\Program Files (x86)\Steam\steamapps\common\JBMod\jbmod\materials
Loading C:\Users\GibsonKidd\Documents\jbdm_blockfort.vmf
Could not locate 'GameData' key in c:\program files (x86)\steam\steamapps\common\jbmod\jbmod\gameinfo.txt
fixing up env_cubemap materials on brush sides...
0...1...2...3...4...5...6...7...8...9...100...1...2...3...4...5...6...7...8...9...10Processing areas...done (0)
Building Faces...done (0)
FixTjuncs...
PruneNodes...
WriteBSP...
done (0)
writing C:\Users\GibsonKidd\Documents\jbdm_blockfort.prt...Building visibility clusters...
done (0)
Creating default LDR cubemaps for env_cubemap using skybox materials:
   skybox/sky_day01_06*.vmt
 ! Run buildcubemaps in the engine to get the correct cube maps.
Creating default HDR cubemaps for env_cubemap using skybox materials:
   skybox/sky_day01_06*.vmt
 ! Run buildcubemaps in the engine to get the correct cube maps.
Finding displacement neighbors...
Finding lightmap sample positions...
Displacement Alpha : 0...1...2...3...4...5...6...7...8...9...10
Building Physics collision data...
done (0) (17590 bytes)
Placing detail props : 0...1...2...3...4...5...6...7...8...9...10
Compacting texture/material tables...
Reduced 78 texinfos to 58
Reduced 13 texdatas to 13 (351 bytes to 351)
Writing C:\Users\GibsonKidd\Documents\jbdm_blockfort.bsp
MSG_FILEWRITE - Filesystem was asked to write to 'C:\Users\GibsonKidd\Documents\jbdm_blockfort.bsp', but we don't own that location. Allowing.
0 seconds elapsed



24 threads
reading c:\users\gibsonkidd\documents\jbdm_blockfort.bsp
reading c:\users\gibsonkidd\documents\jbdm_blockfort.prt
 106 portalclusters
 270 numportals
0...1...2...3...4...5...6...7...8...9...100...1...2...3...4...5...6...7...8...9...10Optimized: 1 visible clusters (0.01%)
Total clusters visible: 10337
Average clusters visible: 97
Building PAS...
Average clusters audible: 106
visdatasize:3824  compressed from 3392
writing c:\users\gibsonkidd\documents\jbdm_blockfort.bsp
MSG_FILEWRITE - Filesystem was asked to write to 'c:\users\gibsonkidd\documents\jbdm_blockfort.bsp', but we don't own that location. Allowing.
0 seconds elapsed



[Reading texlights from 'lights.rad']
[45 texlights parsed from 'lights.rad']

Loading c:\users\gibsonkidd\documents\jbdm_blockfort.bsp
408 faces
217898 square feet [31377396.00 square inches]
0 Displacements
0 Square Feet [0.00 Square Inches]
408 patches before subdivision
19430 patches after subdivision
2 direct lights
0...1...2...3...4...5...6...7...8...9...100...1...2...3...4...5...6...7...8...9...10transfers 1295707, max 340
transfer lists:   9.9 megs
0...1...2...3...4...5...6...7...8...9...10	Bounce #1 added RGB(232668, 111398, 32888)
0...1...2...3...4...5...6...7...8...9...10	Bounce #2 added RGB(34806, 12707, 2326)
0...1...2...3...4...5...6...7...8...9...10	Bounce #3 added RGB(5381, 1542, 173)
0...1...2...3...4...5...6...7...8...9...10	Bounce #4 added RGB(892, 206, 14)
0...1...2...3...4...5...6...7...8...9...10	Bounce #5 added RGB(152, 29, 1)
0...1...2...3...4...5...6...7...8...9...10	Bounce #6 added RGB(27, 4, 0)
0...1...2...3...4...5...6...7...8...9...10	Bounce #7 added RGB(5, 1, 0)
0...1...2...3...4...5...6...7...8...9...10	Bounce #8 added RGB(1, 0, 0)
Build Patch/Sample Hash Table(s).....Done<0.0023 sec>
0...1...2...3...4...5...6...7...8...9...10FinalLightFace Done
0 of 0 (0% of) surface lights went in leaf ambient cubes.
0...1...2...3...4...5...6...7...8...9...10Writing leaf ambient...done
Ready to Finish

Object names       Objects/Maxobjs  Memory / Maxmem  Fullness 
------------       ---------------  ---------------  -------- 
models                   1/1024           48/49152    ( 0.1%) 
brushes                 51/8192          612/98304    ( 0.6%) 
brushsides             318/65536        2544/524288   ( 0.5%) 
planes                 170/65536        3400/1310720  ( 0.3%) 
vertexes               614/65536        7368/786432   ( 0.9%) 
nodes                  231/65536        7392/2097152  ( 0.4%) 
texinfos                58/12288        4176/884736   ( 0.5%) 
texdata                 13/2048          416/65536    ( 0.6%) 
dispinfos                0/0               0/0        ( 0.0%) 
disp_verts               0/0               0/0        ( 0.0%) 
disp_tris                0/0               0/0        ( 0.0%) 
disp_lmsamples           0/0               0/0        ( 0.0%) 
faces                  408/65536       22848/3670016  ( 0.6%) 
hdr faces                0/65536           0/3670016  ( 0.0%) 
origfaces              138/65536        7728/3670016  ( 0.2%) 
leaves                 233/65536        7456/2097152  ( 0.4%) 
leaffaces              508/65536        1016/131072   ( 0.8%) 
leafbrushes            179/65536         358/131072   ( 0.3%) 
areas                    2/256            16/2048     ( 0.8%) 
surfedges             2496/512000       9984/2048000  ( 0.5%) 
edges                 1376/256000       5504/1024000  ( 0.5%) 
LDR worldlights          2/8192          176/720896   ( 0.0%) 
HDR worldlights          0/8192            0/720896   ( 0.0%) 
leafwaterdata            0/32768           0/393216   ( 0.0%) 
waterstrips             64/32768         640/327680   ( 0.2%) 
waterverts               0/65536           0/786432   ( 0.0%) 
waterindices           909/65536        1818/131072   ( 1.4%) 
cubemapsamples           0/1024            0/16384    ( 0.0%) 
overlays                 0/512             0/180224   ( 0.0%) 
LDR lightdata         [variable]      529116/0        ( 0.0%) 
HDR lightdata         [variable]           0/0        ( 0.0%) 
visdata               [variable]        3824/16777216 ( 0.0%) 
entdata               [variable]        1211/393216   ( 0.3%) 
LDR ambient table      233/65536         932/262144   ( 0.4%) 
HDR ambient table      233/65536         932/262144   ( 0.4%) 
LDR leaf ambient      1549/65536       43372/1835008  ( 2.4%) 
HDR leaf ambient       233/65536        6524/1835008  ( 0.4%) 
occluders                0/0               0/0        ( 0.0%) 
occluder polygons        0/0               0/0        ( 0.0%) 
occluder vert ind        0/0               0/0        ( 0.0%) 
detail props          [variable]           1/12       ( 8.3%) 
static props          [variable]           1/12       ( 8.3%) 
pakfile               [variable]      105687/0        ( 0.0%) 
physics               [variable]       17590/4194304  ( 0.4%) 
physics terrain       [variable]           2/1048576  ( 0.0%) 

Level flags = 0

Total triangle count: 1140
Writing c:\users\gibsonkidd\documents\jbdm_blockfort.bsp
1 second elapsed



materialPath: C:\Program Files (x86)\Steam\steamapps\common\JBMod\jbmod\materials
Loading C:\Users\GibsonKidd\Documents\jbdm_blockfort.vmf
Could not locate 'GameData' key in c:\program files (x86)\steam\steamapps\common\jbmod\jbmod\gameinfo.txt
fixing up env_cubemap materials on brush sides...
0...1...2...3...4...5...6...7...8...9...100...1...2...3...4...5...6...7...8...9...10Processing areas...done (0)
Building Faces...done (0)
FixTjuncs...
PruneNodes...
WriteBSP...
done (0)
writing C:\Users\GibsonKidd\Documents\jbdm_blockfort.prt...Building visibility clusters...
done (0)
Creating default LDR cubemaps for env_cubemap using skybox materials:
   skybox/sky_day01_06*.vmt
 ! Run buildcubemaps in the engine to get the correct cube maps.
Creating default HDR cubemaps for env_cubemap using skybox materials:
   skybox/sky_day01_06*.vmt
 ! Run buildcubemaps in the engine to get the correct cube maps.
Finding displacement neighbors...
Finding lightmap sample positions...
Displacement Alpha : 0...1...2...3...4...5...6...7...8...9...10
Building Physics collision data...
done (0) (17590 bytes)
Placing detail props : 0...1...2...3...4...5...6...7...8...9...10
Compacting texture/material tables...
Reduced 78 texinfos to 58
Reduced 13 texdatas to 13 (351 bytes to 351)
Writing C:\Users\GibsonKidd\Documents\jbdm_blockfort.bsp
MSG_FILEWRITE - Filesystem was asked to write to 'C:\Users\GibsonKidd\Documents\jbdm_blockfort.bsp', but we don't own that location. Allowing.
0 seconds elapsed



24 threads
reading c:\users\gibsonkidd\documents\jbdm_blockfort.bsp
reading c:\users\gibsonkidd\documents\jbdm_blockfort.prt
 106 portalclusters
 270 numportals
0...1...2...3...4...5...6...7...8...9...100...1...2...3...4...5...6...7...8...9...10Optimized: 1 visible clusters (0.01%)
Total clusters visible: 10337
Average clusters visible: 97
Building PAS...
Average clusters audible: 106
visdatasize:3824  compressed from 3392
writing c:\users\gibsonkidd\documents\jbdm_blockfort.bsp
MSG_FILEWRITE - Filesystem was asked to write to 'c:\users\gibsonkidd\documents\jbdm_blockfort.bsp', but we don't own that location. Allowing.
0 seconds elapsed



[Reading texlights from 'lights.rad']
[45 texlights parsed from 'lights.rad']

Loading c:\users\gibsonkidd\documents\jbdm_blockfort.bsp
408 faces
217898 square feet [31377396.00 square inches]
0 Displacements
0 Square Feet [0.00 Square Inches]
408 patches before subdivision
19430 patches after subdivision
6 direct lights
0...1...2...3...4...5...6...7...8...9...100...1...2...3...4...5...6...7...8...9...10transfers 1295707, max 340
transfer lists:   9.9 megs
0...1...2...3...4...5...6...7...8...9...10	Bounce #1 added RGB(245237, 119940, 35764)
0...1...2...3...4...5...6...7...8...9...10	Bounce #2 added RGB(36345, 13454, 2495)
0...1...2...3...4...5...6...7...8...9...10	Bounce #3 added RGB(5572, 1609, 183)
0...1...2...3...4...5...6...7...8...9...10	Bounce #4 added RGB(916, 212, 15)
0...1...2...3...4...5...6...7...8...9...10	Bounce #5 added RGB(155, 29, 1)
0...1...2...3...4...5...6...7...8...9...10	Bounce #6 added RGB(27, 4, 0)
0...1...2...3...4...5...6...7...8...9...10	Bounce #7 added RGB(5, 1, 0)
0...1...2...3...4...5...6...7...8...9...10	Bounce #8 added RGB(1, 0, 0)
Build Patch/Sample Hash Table(s).....Done<0.0020 sec>
0...1...2...3...4...5...6...7...8...9...10FinalLightFace Done
0 of 0 (0% of) surface lights went in leaf ambient cubes.
0...1...2...3...4...5...6...7...8...9...10Writing leaf ambient...done
Ready to Finish

Object names       Objects/Maxobjs  Memory / Maxmem  Fullness 
------------       ---------------  ---------------  -------- 
models                   1/1024           48/49152    ( 0.1%) 
brushes                 51/8192          612/98304    ( 0.6%) 
brushsides             318/65536        2544/524288   ( 0.5%) 
planes                 170/65536        3400/1310720  ( 0.3%) 
vertexes               614/65536        7368/786432   ( 0.9%) 
nodes                  231/65536        7392/2097152  ( 0.4%) 
texinfos                58/12288        4176/884736   ( 0.5%) 
texdata                 13/2048          416/65536    ( 0.6%) 
dispinfos                0/0               0/0        ( 0.0%) 
disp_verts               0/0               0/0        ( 0.0%) 
disp_tris                0/0               0/0        ( 0.0%) 
disp_lmsamples           0/0               0/0        ( 0.0%) 
faces                  408/65536       22848/3670016  ( 0.6%) 
hdr faces                0/65536           0/3670016  ( 0.0%) 
origfaces              138/65536        7728/3670016  ( 0.2%) 
leaves                 233/65536        7456/2097152  ( 0.4%) 
leaffaces              508/65536        1016/131072   ( 0.8%) 
leafbrushes            179/65536         358/131072   ( 0.3%) 
areas                    2/256            16/2048     ( 0.8%) 
surfedges             2496/512000       9984/2048000  ( 0.5%) 
edges                 1376/256000       5504/1024000  ( 0.5%) 
LDR worldlights          6/8192          528/720896   ( 0.1%) 
HDR worldlights          0/8192            0/720896   ( 0.0%) 
leafwaterdata            0/32768           0/393216   ( 0.0%) 
waterstrips             64/32768         640/327680   ( 0.2%) 
waterverts               0/65536           0/786432   ( 0.0%) 
waterindices           909/65536        1818/131072   ( 1.4%) 
cubemapsamples           0/1024            0/16384    ( 0.0%) 
overlays                 0/512             0/180224   ( 0.0%) 
LDR lightdata         [variable]      529116/0        ( 0.0%) 
HDR lightdata         [variable]           0/0        ( 0.0%) 
visdata               [variable]        3824/16777216 ( 0.0%) 
entdata               [variable]       10872/393216   ( 2.8%) 
LDR ambient table      233/65536         932/262144   ( 0.4%) 
HDR ambient table      233/65536         932/262144   ( 0.4%) 
LDR leaf ambient      1548/65536       43344/1835008  ( 2.4%) 
HDR leaf ambient       233/65536        6524/1835008  ( 0.4%) 
occluders                0/0               0/0        ( 0.0%) 
occluder polygons        0/0               0/0        ( 0.0%) 
occluder vert ind        0/0               0/0        ( 0.0%) 
detail props          [variable]           1/12       ( 8.3%) 
static props          [variable]           1/12       ( 8.3%) 
pakfile               [variable]      105687/0        ( 0.0%) 
physics               [variable]       17590/4194304  ( 0.4%) 
physics terrain       [variable]           2/1048576  ( 0.0%) 

Level flags = 0

Total triangle count: 1140
Writing c:\users\gibsonkidd\documents\jbdm_blockfort.bsp
1 second elapsed



materialPath: C:\Program Files (x86)\Steam\steamapps\common\JBMod\jbmod\materials
Loading C:\Users\GibsonKidd\Documents\jbdm_blockfort.vmf
Could not locate 'GameData' key in c:\program files (x86)\steam\steamapps\common\jbmod\jbmod\gameinfo.txt
fixing up env_cubemap materials on brush sides...
0...1...2...3...4...5...6...7...8...9...100...1...2...3...4...5...6...7...8...9...10Processing areas...done (0)
Building Faces...done (0)
FixTjuncs...
PruneNodes...
WriteBSP...
done (0)
writing C:\Users\GibsonKidd\Documents\jbdm_blockfort.prt...Building visibility clusters...
done (0)
Creating default LDR cubemaps for env_cubemap using skybox materials:
   skybox/sky_day01_06*.vmt
 ! Run buildcubemaps in the engine to get the correct cube maps.
Creating default HDR cubemaps for env_cubemap using skybox materials:
   skybox/sky_day01_06*.vmt
 ! Run buildcubemaps in the engine to get the correct cube maps.
Finding displacement neighbors...
Finding lightmap sample positions...
Displacement Alpha : 0...1...2...3...4...5...6...7...8...9...10
Building Physics collision data...
done (0) (17590 bytes)
Placing detail props : 0...1...2...3...4...5...6...7...8...9...10
Compacting texture/material tables...
Reduced 78 texinfos to 58
Reduced 13 texdatas to 13 (351 bytes to 351)
Writing C:\Users\GibsonKidd\Documents\jbdm_blockfort.bsp
MSG_FILEWRITE - Filesystem was asked to write to 'C:\Users\GibsonKidd\Documents\jbdm_blockfort.bsp', but we don't own that location. Allowing.
0 seconds elapsed



24 threads
reading c:\users\gibsonkidd\documents\jbdm_blockfort.bsp
reading c:\users\gibsonkidd\documents\jbdm_blockfort.prt
 106 portalclusters
 270 numportals
0...1...2...3...4...5...6...7...8...9...100...1...2...3...4...5...6...7...8...9...10Optimized: 1 visible clusters (0.01%)
Total clusters visible: 10337
Average clusters visible: 97
Building PAS...
Average clusters audible: 106
visdatasize:3824  compressed from 3392
writing c:\users\gibsonkidd\documents\jbdm_blockfort.bsp
MSG_FILEWRITE - Filesystem was asked to write to 'c:\users\gibsonkidd\documents\jbdm_blockfort.bsp', but we don't own that location. Allowing.
0 seconds elapsed



[Reading texlights from 'lights.rad']
[45 texlights parsed from 'lights.rad']

Loading c:\users\gibsonkidd\documents\jbdm_blockfort.bsp
408 faces
217898 square feet [31377396.00 square inches]
0 Displacements
0 Square Feet [0.00 Square Inches]
408 patches before subdivision
19430 patches after subdivision
6 direct lights
0...1...2...3...4...5...6...7...8...9...100...1...2...3...4...5...6...7...8...9...10transfers 1295707, max 340
transfer lists:   9.9 megs
0...1...2...3...4...5...6...7...8...9...10	Bounce #1 added RGB(245237, 119940, 35764)
0...1...2...3...4...5...6...7...8...9...10	Bounce #2 added RGB(36345, 13454, 2495)
0...1...2...3...4...5...6...7...8...9...10	Bounce #3 added RGB(5572, 1609, 183)
0...1...2...3...4...5...6...7...8...9...10	Bounce #4 added RGB(916, 212, 15)
0...1...2...3...4...5...6...7...8...9...10	Bounce #5 added RGB(155, 29, 1)
0...1...2...3...4...5...6...7...8...9...10	Bounce #6 added RGB(27, 4, 0)
0...1...2...3...4...5...6...7...8...9...10	Bounce #7 added RGB(5, 1, 0)
0...1...2...3...4...5...6...7...8...9...10	Bounce #8 added RGB(1, 0, 0)
Build Patch/Sample Hash Table(s).....Done<0.0026 sec>
0...1...2...3...4...5...6...7...8...9...10FinalLightFace Done
0 of 0 (0% of) surface lights went in leaf ambient cubes.
0...1...2...3...4...5...6...7...8...9...10Writing leaf ambient...done
Ready to Finish

Object names       Objects/Maxobjs  Memory / Maxmem  Fullness 
------------       ---------------  ---------------  -------- 
models                   1/1024           48/49152    ( 0.1%) 
brushes                 51/8192          612/98304    ( 0.6%) 
brushsides             318/65536        2544/524288   ( 0.5%) 
planes                 170/65536        3400/1310720  ( 0.3%) 
vertexes               614/65536        7368/786432   ( 0.9%) 
nodes                  231/65536        7392/2097152  ( 0.4%) 
texinfos                58/12288        4176/884736   ( 0.5%) 
texdata                 13/2048          416/65536    ( 0.6%) 
dispinfos                0/0               0/0        ( 0.0%) 
disp_verts               0/0               0/0        ( 0.0%) 
disp_tris                0/0               0/0        ( 0.0%) 
disp_lmsamples           0/0               0/0        ( 0.0%) 
faces                  408/65536       22848/3670016  ( 0.6%) 
hdr faces                0/65536           0/3670016  ( 0.0%) 
origfaces              138/65536        7728/3670016  ( 0.2%) 
leaves                 233/65536        7456/2097152  ( 0.4%) 
leaffaces              508/65536        1016/131072   ( 0.8%) 
leafbrushes            179/65536         358/131072   ( 0.3%) 
areas                    2/256            16/2048     ( 0.8%) 
surfedges             2496/512000       9984/2048000  ( 0.5%) 
edges                 1376/256000       5504/1024000  ( 0.5%) 
LDR worldlights          6/8192          528/720896   ( 0.1%) 
HDR worldlights          0/8192            0/720896   ( 0.0%) 
leafwaterdata            0/32768           0/393216   ( 0.0%) 
waterstrips             64/32768         640/327680   ( 0.2%) 
waterverts               0/65536           0/786432   ( 0.0%) 
waterindices           909/65536        1818/131072   ( 1.4%) 
cubemapsamples           0/1024            0/16384    ( 0.0%) 
overlays                 0/512             0/180224   ( 0.0%) 
LDR lightdata         [variable]      529116/0        ( 0.0%) 
HDR lightdata         [variable]           0/0        ( 0.0%) 
visdata               [variable]        3824/16777216 ( 0.0%) 
entdata               [variable]       13533/393216   ( 3.4%) 
LDR ambient table      233/65536         932/262144   ( 0.4%) 
HDR ambient table      233/65536         932/262144   ( 0.4%) 
LDR leaf ambient      1548/65536       43344/1835008  ( 2.4%) 
HDR leaf ambient       233/65536        6524/1835008  ( 0.4%) 
occluders                0/0               0/0        ( 0.0%) 
occluder polygons        0/0               0/0        ( 0.0%) 
occluder vert ind        0/0               0/0        ( 0.0%) 
detail props          [variable]           1/12       ( 8.3%) 
static props          [variable]           1/12       ( 8.3%) 
pakfile               [variable]      105687/0        ( 0.0%) 
physics               [variable]       17590/4194304  ( 0.4%) 
physics terrain       [variable]           2/1048576  ( 0.0%) 

Level flags = 0

Total triangle count: 1140
Writing c:\users\gibsonkidd\documents\jbdm_blockfort.bsp
1 second elapsed
