PRT1
80
184
5 0 15 (1024 424 384 ) (1024 448 384 ) (1024 448 320 ) (1024 416 320 ) (1024 416 376 ) 
3 0 14 (1024 416 384 ) (1024 424 384 ) (1024 416 376 ) 
4 0 20 (1024 0 320 ) (1024 0 384 ) (1024 416 384 ) (1024 416 320 ) 
4 0 8 (1024 0 384 ) (1024 0 424 ) (1024 440 424 ) (1024 440 384 ) 
4 0 3 (1024 440 424 ) (1024 448 424 ) (1024 448 384 ) (1024 440 384 ) 
4 0 2 (1024 0 424 ) (1024 0 576 ) (1024 448 576 ) (1024 448 424 ) 
4 0 1 (1152 0 320 ) (1152 0 576 ) (1024 0 576 ) (1024 0 320 ) 
4 1 31 (1024 -448 320 ) (1024 -448 576 ) (1024 -256 576 ) (1024 -256 320 ) 
4 1 26 (1024 -256 576 ) (1024 0 576 ) (1024 0 320 ) (1024 -256 320 ) 
4 2 26 (1024 0 424 ) (1024 0 576 ) (512 0 576 ) (512 0 424 ) 
4 2 21 (512 192 424 ) (512 0 424 ) (512 0 480 ) (512 192 480 ) 
4 2 9 (520 0 424 ) (512 0 424 ) (512 440 424 ) (520 440 424 ) 
4 2 8 (1024 0 424 ) (520 0 424 ) (520 440 424 ) (1024 440 424 ) 
4 2 7 (512 440 424 ) (512 448 424 ) (720 448 424 ) (720 440 424 ) 
4 2 5 (840 448 424 ) (880 448 424 ) (880 440 424 ) (840 440 424 ) 
4 2 6 (760 448 424 ) (800 448 424 ) (800 440 424 ) (760 440 424 ) 
4 2 4 (920 448 424 ) (960 448 424 ) (960 440 424 ) (920 440 424 ) 
4 2 3 (1000 448 424 ) (1024 448 424 ) (1024 440 424 ) (1000 440 424 ) 
4 3 15 (1000 448 384 ) (1024 448 384 ) (1024 440 384 ) (1000 440 384 ) 
4 3 8 (1000 440 384 ) (1024 440 384 ) (1024 440 424 ) (1000 440 424 ) 
4 4 16 (920 448 384 ) (960 448 384 ) (960 440 384 ) (920 440 384 ) 
4 4 8 (920 440 384 ) (960 440 384 ) (960 440 424 ) (920 440 424 ) 
4 5 17 (840 448 384 ) (880 448 384 ) (880 440 384 ) (840 440 384 ) 
4 5 8 (840 440 384 ) (880 440 384 ) (880 440 424 ) (840 440 424 ) 
4 6 18 (760 448 384 ) (800 448 384 ) (800 440 384 ) (760 440 384 ) 
4 6 8 (760 440 384 ) (800 440 384 ) (800 440 424 ) (760 440 424 ) 
4 7 19 (512 440 384 ) (512 448 384 ) (720 448 384 ) (720 440 384 ) 
4 7 10 (520 440 392 ) (520 440 408 ) (512 440 408 ) (512 440 392 ) 
4 7 9 (520 440 408 ) (520 440 424 ) (512 440 424 ) (512 440 408 ) 
4 7 13 (512 440 384 ) (520 440 384 ) (520 440 392 ) (512 440 392 ) 
4 7 8 (520 440 384 ) (720 440 384 ) (720 440 424 ) (520 440 424 ) 
4 8 26 (1024 0 384 ) (1024 0 424 ) (520 0 424 ) (520 0 384 ) 
4 8 18 (752 440 384 ) (808 440 384 ) (808 424 384 ) (752 424 384 ) 
4 8 19 (520 440 384 ) (728 440 384 ) (728 424 384 ) (520 424 384 ) 
4 8 16 (912 440 384 ) (968 440 384 ) (968 424 384 ) (912 424 384 ) 
4 8 17 (832 440 384 ) (888 440 384 ) (888 424 384 ) (832 424 384 ) 
4 8 15 (992 440 384 ) (1024 440 384 ) (1024 424 384 ) (992 424 384 ) 
4 8 14 (1024 424 384 ) (1024 416 384 ) (520 416 384 ) (520 424 384 ) 
4 8 20 (1024 416 384 ) (1024 0 384 ) (520 0 384 ) (520 416 384 ) 
4 8 12 (520 232 392 ) (520 0 392 ) (520 0 408 ) (520 232 408 ) 
4 8 10 (520 440 408 ) (520 440 392 ) (520 328 392 ) (520 328 408 ) 
4 8 11 (520 312 392 ) (520 248 392 ) (520 248 408 ) (520 312 408 ) 
4 8 9 (520 440 424 ) (520 440 408 ) (520 0 408 ) (520 0 424 ) 
4 8 13 (520 440 392 ) (520 440 384 ) (520 0 384 ) (520 0 392 ) 
4 9 26 (520 0 424 ) (512 0 424 ) (512 0 408 ) (520 0 408 ) 
4 9 21 (512 0 408 ) (512 0 424 ) (512 192 424 ) (512 192 408 ) 
4 9 12 (512 0 408 ) (512 232 408 ) (520 232 408 ) (520 0 408 ) 
4 9 10 (512 328 408 ) (512 440 408 ) (520 440 408 ) (520 328 408 ) 
4 9 11 (512 248 408 ) (512 312 408 ) (520 312 408 ) (520 248 408 ) 
4 10 13 (512 328 392 ) (512 440 392 ) (520 440 392 ) (520 328 392 ) 
4 11 13 (512 248 392 ) (512 312 392 ) (520 312 392 ) (520 248 392 ) 
4 12 26 (512 0 408 ) (512 0 392 ) (520 0 392 ) (520 0 408 ) 
4 12 21 (512 0 392 ) (512 0 408 ) (512 192 408 ) (512 192 392 ) 
4 12 13 (512 0 392 ) (512 232 392 ) (520 232 392 ) (520 0 392 ) 
4 13 26 (512 0 392 ) (512 0 384 ) (520 0 384 ) (520 0 392 ) 
4 13 21 (512 192 384 ) (512 0 384 ) (512 0 392 ) (512 192 392 ) 
4 13 19 (512 424 384 ) (512 440 384 ) (520 440 384 ) (520 424 384 ) 
4 13 14 (512 416 384 ) (512 424 384 ) (520 424 384 ) (520 416 384 ) 
4 13 20 (512 0 384 ) (512 416 384 ) (520 416 384 ) (520 0 384 ) 
4 14 18 (808 416 376 ) (752 416 376 ) (752 424 384 ) (808 424 384 ) 
4 14 19 (728 416 376 ) (512 416 376 ) (512 424 384 ) (728 424 384 ) 
4 14 16 (968 416 376 ) (912 416 376 ) (912 424 384 ) (968 424 384 ) 
4 14 17 (888 416 376 ) (832 416 376 ) (832 424 384 ) (888 424 384 ) 
4 14 15 (1024 416 376 ) (992 416 376 ) (992 424 384 ) (1024 424 384 ) 
4 14 20 (1024 416 376 ) (1024 416 384 ) (512 416 384 ) (512 416 376 ) 
4 15 20 (992 416 320 ) (1024 416 320 ) (1024 416 376 ) (992 416 376 ) 
4 16 20 (912 416 320 ) (968 416 320 ) (968 416 376 ) (912 416 376 ) 
4 17 20 (832 416 320 ) (888 416 320 ) (888 416 376 ) (832 416 376 ) 
4 18 20 (752 416 320 ) (808 416 320 ) (808 416 376 ) (752 416 376 ) 
4 19 20 (512 416 320 ) (728 416 320 ) (728 416 376 ) (512 416 376 ) 
4 20 26 (1024 0 320 ) (1024 0 384 ) (512 0 384 ) (512 0 320 ) 
4 20 21 (512 0 352 ) (512 0 384 ) (512 192 384 ) (512 192 352 ) 
4 21 27 (512 0 352 ) (512 0 480 ) (488 0 480 ) (488 0 352 ) 
4 21 22 (488 192 352 ) (488 0 352 ) (488 0 480 ) (488 192 480 ) 
4 22 28 (488 0 480 ) (472 0 480 ) (472 0 352 ) (488 0 352 ) 
4 22 23 (472 192 352 ) (472 0 352 ) (472 0 480 ) (472 192 480 ) 
4 23 29 (472 0 480 ) (448 0 480 ) (448 0 352 ) (472 0 352 ) 
4 23 24 (448 0 352 ) (448 0 480 ) (448 192 480 ) (448 192 352 ) 
4 24 30 (448 0 64 ) (448 0 576 ) (0 0 576 ) (0 0 64 ) 
4 24 25 (0 0 64 ) (0 0 576 ) (0 448 576 ) (0 448 64 ) 
4 25 79 (0 0 64 ) (0 0 576 ) (-448 0 576 ) (-448 0 64 ) 
4 26 31 (1024 -256 320 ) (1024 -256 576 ) (1010 -256 576 ) (1010 -256 320 ) 
4 26 32 (1010 -256 576 ) (512 -256 576 ) (512 -256 320 ) (1010 -256 320 ) 
4 26 27 (512 0 480 ) (512 0 352 ) (512 -192 352 ) (512 -192 480 ) 
4 27 28 (488 0 352 ) (488 -192 352 ) (488 -192 480 ) (488 0 480 ) 
4 28 29 (472 0 352 ) (472 -192 352 ) (472 -192 480 ) (472 0 480 ) 
4 29 30 (448 -192 352 ) (448 -192 480 ) (448 0 480 ) (448 0 352 ) 
4 30 79 (0 0 576 ) (0 0 64 ) (0 -256 64 ) (0 -256 576 ) 
4 30 75 (448 -256 64 ) (448 -256 160 ) (440 -256 160 ) (440 -256 64 ) 
4 30 78 (440 -256 160 ) (0 -256 160 ) (0 -256 64 ) (440 -256 64 ) 
4 30 72 (448 -256 160 ) (448 -256 168 ) (440 -256 168 ) (440 -256 160 ) 
4 30 74 (440 -256 168 ) (0 -256 168 ) (0 -256 160 ) (440 -256 160 ) 
4 30 71 (448 -256 168 ) (448 -256 576 ) (0 -256 576 ) (0 -256 168 ) 
4 31 32 (1010 -448 320 ) (1010 -448 576 ) (1010 -256 576 ) (1010 -256 320 ) 
4 32 33 (996 -448 312 ) (512 -448 312 ) (512 -256 312 ) (996 -256 312 ) 
4 33 34 (982 -448 304 ) (512 -448 304 ) (512 -256 304 ) (982 -256 304 ) 
4 34 35 (968 -448 296 ) (512 -448 296 ) (512 -256 296 ) (968 -256 296 ) 
4 35 36 (954 -448 288 ) (512 -448 288 ) (512 -256 288 ) (954 -256 288 ) 
4 36 37 (940 -448 280 ) (512 -448 280 ) (512 -256 280 ) (940 -256 280 ) 
4 37 38 (926 -448 272 ) (512 -448 272 ) (512 -256 272 ) (926 -256 272 ) 
4 38 39 (912 -448 264 ) (512 -448 264 ) (512 -256 264 ) (912 -256 264 ) 
4 39 40 (898 -448 256 ) (512 -448 256 ) (512 -256 256 ) (898 -256 256 ) 
4 40 41 (884 -448 248 ) (512 -448 248 ) (512 -256 248 ) (884 -256 248 ) 
4 41 42 (870 -448 240 ) (512 -448 240 ) (512 -256 240 ) (870 -256 240 ) 
4 42 43 (856 -448 232 ) (512 -448 232 ) (512 -256 232 ) (856 -256 232 ) 
4 43 44 (842 -448 224 ) (512 -448 224 ) (512 -256 224 ) (842 -256 224 ) 
4 44 45 (828 -448 216 ) (512 -448 216 ) (512 -256 216 ) (828 -256 216 ) 
4 45 46 (814 -448 208 ) (512 -448 208 ) (512 -256 208 ) (814 -256 208 ) 
4 46 47 (800 -448 200 ) (512 -448 200 ) (512 -256 200 ) (800 -256 200 ) 
4 47 48 (786 -448 192 ) (512 -448 192 ) (512 -256 192 ) (786 -256 192 ) 
4 48 49 (772 -448 184 ) (512 -448 184 ) (512 -256 184 ) (772 -256 184 ) 
4 49 50 (758 -448 176 ) (512 -448 176 ) (512 -256 176 ) (758 -256 176 ) 
4 50 52 (512 -312 168 ) (512 -256 168 ) (520 -256 168 ) (520 -312 168 ) 
4 50 53 (520 -448 168 ) (512 -448 168 ) (512 -392 168 ) (520 -392 168 ) 
4 50 51 (744 -448 168 ) (520 -448 168 ) (520 -256 168 ) (744 -256 168 ) 
4 51 54 (730 -448 160 ) (520 -448 160 ) (520 -256 160 ) (730 -256 160 ) 
4 51 52 (520 -256 160 ) (520 -312 160 ) (520 -312 168 ) (520 -256 168 ) 
4 51 53 (520 -392 160 ) (520 -448 160 ) (520 -448 168 ) (520 -392 168 ) 
4 52 66 (512 -312 160 ) (512 -256 160 ) (520 -256 160 ) (520 -312 160 ) 
4 53 68 (520 -448 160 ) (512 -448 160 ) (512 -392 160 ) (520 -392 160 ) 
4 54 68 (520 -448 152 ) (520 -448 160 ) (520 -392 160 ) (520 -392 152 ) 
4 54 66 (520 -312 160 ) (520 -256 160 ) (520 -256 152 ) (520 -312 152 ) 
4 54 67 (520 -384 160 ) (520 -320 160 ) (520 -320 152 ) (520 -384 152 ) 
4 54 55 (716 -448 152 ) (520 -448 152 ) (520 -256 152 ) (716 -256 152 ) 
4 55 68 (520 -448 144 ) (520 -448 152 ) (520 -392 152 ) (520 -392 144 ) 
4 55 66 (520 -312 152 ) (520 -256 152 ) (520 -256 144 ) (520 -312 144 ) 
4 55 67 (520 -384 152 ) (520 -320 152 ) (520 -320 144 ) (520 -384 144 ) 
4 55 56 (702 -448 144 ) (520 -448 144 ) (520 -256 144 ) (702 -256 144 ) 
4 56 68 (520 -448 136 ) (520 -448 144 ) (520 -392 144 ) (520 -392 136 ) 
4 56 66 (520 -312 144 ) (520 -256 144 ) (520 -256 136 ) (520 -312 136 ) 
4 56 67 (520 -384 144 ) (520 -320 144 ) (520 -320 136 ) (520 -384 136 ) 
4 56 57 (688 -448 136 ) (520 -448 136 ) (520 -256 136 ) (688 -256 136 ) 
4 57 68 (520 -448 128 ) (520 -448 136 ) (520 -392 136 ) (520 -392 128 ) 
4 57 66 (520 -312 136 ) (520 -256 136 ) (520 -256 128 ) (520 -312 128 ) 
4 57 67 (520 -384 136 ) (520 -320 136 ) (520 -320 128 ) (520 -384 128 ) 
4 57 58 (674 -448 128 ) (520 -448 128 ) (520 -256 128 ) (674 -256 128 ) 
4 58 68 (520 -448 120 ) (520 -448 128 ) (520 -392 128 ) (520 -392 120 ) 
4 58 66 (520 -312 128 ) (520 -256 128 ) (520 -256 120 ) (520 -312 120 ) 
4 58 67 (520 -384 128 ) (520 -320 128 ) (520 -320 120 ) (520 -384 120 ) 
4 58 59 (660 -448 120 ) (520 -448 120 ) (520 -256 120 ) (660 -256 120 ) 
4 59 68 (520 -448 112 ) (520 -448 120 ) (520 -392 120 ) (520 -392 112 ) 
4 59 66 (520 -312 120 ) (520 -256 120 ) (520 -256 112 ) (520 -312 112 ) 
4 59 67 (520 -384 120 ) (520 -320 120 ) (520 -320 112 ) (520 -384 112 ) 
4 59 60 (646 -448 112 ) (520 -448 112 ) (520 -256 112 ) (646 -256 112 ) 
4 60 68 (520 -448 104 ) (520 -448 112 ) (520 -392 112 ) (520 -392 104 ) 
4 60 66 (520 -312 112 ) (520 -256 112 ) (520 -256 104 ) (520 -312 104 ) 
4 60 67 (520 -384 112 ) (520 -320 112 ) (520 -320 104 ) (520 -384 104 ) 
4 60 61 (632 -448 104 ) (520 -448 104 ) (520 -256 104 ) (632 -256 104 ) 
4 61 68 (520 -448 96 ) (520 -448 104 ) (520 -392 104 ) (520 -392 96 ) 
4 61 66 (520 -312 104 ) (520 -256 104 ) (520 -256 96 ) (520 -312 96 ) 
4 61 67 (520 -384 104 ) (520 -320 104 ) (520 -320 96 ) (520 -384 96 ) 
4 61 62 (618 -448 96 ) (520 -448 96 ) (520 -256 96 ) (618 -256 96 ) 
4 62 68 (520 -448 88 ) (520 -448 96 ) (520 -392 96 ) (520 -392 88 ) 
4 62 66 (520 -312 96 ) (520 -256 96 ) (520 -256 88 ) (520 -312 88 ) 
4 62 67 (520 -384 96 ) (520 -320 96 ) (520 -320 88 ) (520 -384 88 ) 
4 62 63 (604 -448 88 ) (520 -448 88 ) (520 -256 88 ) (604 -256 88 ) 
4 63 68 (520 -448 80 ) (520 -448 88 ) (520 -392 88 ) (520 -392 80 ) 
4 63 66 (520 -312 88 ) (520 -256 88 ) (520 -256 80 ) (520 -312 80 ) 
4 63 67 (520 -384 88 ) (520 -320 88 ) (520 -320 80 ) (520 -384 80 ) 
4 63 64 (590 -448 80 ) (520 -448 80 ) (520 -256 80 ) (590 -256 80 ) 
4 64 68 (520 -448 72 ) (520 -448 80 ) (520 -392 80 ) (520 -392 72 ) 
4 64 66 (520 -312 80 ) (520 -256 80 ) (520 -256 72 ) (520 -312 72 ) 
4 64 67 (520 -384 80 ) (520 -320 80 ) (520 -320 72 ) (520 -384 72 ) 
4 64 65 (576 -448 72 ) (520 -448 72 ) (520 -256 72 ) (576 -256 72 ) 
4 65 68 (520 -392 64 ) (520 -448 64 ) (520 -448 72 ) (520 -392 72 ) 
4 65 66 (520 -256 64 ) (520 -312 64 ) (520 -312 72 ) (520 -256 72 ) 
4 65 67 (520 -320 64 ) (520 -384 64 ) (520 -384 72 ) (520 -320 72 ) 
4 67 70 (512 -320 64 ) (512 -384 64 ) (512 -384 160 ) (512 -320 160 ) 
4 69 70 (496 -384 160 ) (464 -384 160 ) (464 -320 160 ) (496 -320 160 ) 
4 70 76 (448 -320 64 ) (448 -384 64 ) (448 -384 160 ) (448 -320 160 ) 
4 71 79 (0 -448 168 ) (0 -448 576 ) (0 -256 576 ) (0 -256 168 ) 
4 71 72 (440 -256 168 ) (448 -256 168 ) (448 -312 168 ) (440 -312 168 ) 
4 71 73 (448 -392 168 ) (448 -448 168 ) (440 -448 168 ) (440 -392 168 ) 
4 71 74 (0 -256 168 ) (440 -256 168 ) (440 -448 168 ) (0 -448 168 ) 
4 72 75 (440 -256 160 ) (448 -256 160 ) (448 -312 160 ) (440 -312 160 ) 
4 72 74 (440 -256 160 ) (440 -312 160 ) (440 -312 168 ) (440 -256 168 ) 
4 73 77 (448 -392 160 ) (448 -448 160 ) (440 -448 160 ) (440 -392 160 ) 
4 73 74 (440 -392 160 ) (440 -448 160 ) (440 -448 168 ) (440 -392 168 ) 
4 74 79 (0 -448 160 ) (0 -448 168 ) (0 -256 168 ) (0 -256 160 ) 
4 74 78 (0 -256 160 ) (440 -256 160 ) (440 -448 160 ) (0 -448 160 ) 
4 75 78 (440 -256 64 ) (440 -312 64 ) (440 -312 160 ) (440 -256 160 ) 
4 76 78 (440 -320 64 ) (440 -384 64 ) (440 -384 160 ) (440 -320 160 ) 
4 77 78 (440 -392 64 ) (440 -448 64 ) (440 -448 160 ) (440 -392 160 ) 
4 78 79 (0 -448 64 ) (0 -448 160 ) (0 -256 160 ) (0 -256 64 ) 
