PRT1
373
776
4 0 2 (8192 8640 2816 ) (8192 8704 2816 ) (8192 8704 -832 ) (8192 8640 -832 ) 
4 0 1 (9216 8640 32 ) (9216 8640 2816 ) (8192 8640 2816 ) (8192 8640 32 ) 
4 1 6 (9216 8192 32 ) (9216 8192 2816 ) (8192 8192 2816 ) (8192 8192 32 ) 
4 1 3 (8192 8192 32 ) (8192 8192 2816 ) (8192 8640 2816 ) (8192 8640 32 ) 
4 2 4 (7168 8640 2816 ) (7168 8704 2816 ) (7168 8704 -832 ) (7168 8640 -832 ) 
4 2 3 (8192 8640 32 ) (8192 8640 2816 ) (7168 8640 2816 ) (7168 8640 32 ) 
4 3 8 (8192 8192 32 ) (8192 8192 2816 ) (7168 8192 2816 ) (7168 8192 32 ) 
4 3 5 (7168 8192 32 ) (7168 8192 2816 ) (7168 8640 2816 ) (7168 8640 32 ) 
4 4 27 (6144 8640 2816 ) (6144 8704 2816 ) (6144 8704 -832 ) (6144 8640 -832 ) 
4 4 5 (7168 8640 32 ) (7168 8640 2816 ) (6144 8640 2816 ) (6144 8640 32 ) 
4 5 28 (6144 8192 32 ) (6144 8192 2816 ) (6144 8640 2816 ) (6144 8640 32 ) 
4 5 9 (7168 8192 32 ) (7168 8192 2816 ) (6144 8192 2816 ) (6144 8192 32 ) 
4 6 8 (8192 8192 2816 ) (8192 8192 32 ) (8192 7168 32 ) (8192 7168 2816 ) 
4 6 7 (9216 7168 32 ) (9216 7168 2816 ) (8192 7168 2816 ) (8192 7168 32 ) 
4 7 12 (9216 6144 32 ) (9216 6144 2816 ) (8192 6144 2816 ) (8192 6144 32 ) 
4 7 10 (8192 6144 32 ) (8192 6144 2816 ) (8192 7168 2816 ) (8192 7168 32 ) 
4 8 10 (8192 7168 32 ) (8192 7168 2816 ) (7168 7168 2816 ) (7168 7168 32 ) 
4 8 9 (7168 8192 2816 ) (7168 8192 32 ) (7168 7168 32 ) (7168 7168 2816 ) 
4 9 31 (6144 7168 32 ) (6144 7168 2816 ) (6144 8192 2816 ) (6144 8192 32 ) 
4 9 11 (7168 7168 32 ) (7168 7168 2816 ) (6144 7168 2816 ) (6144 7168 32 ) 
4 10 14 (8192 6144 32 ) (8192 6144 2816 ) (7168 6144 2816 ) (7168 6144 32 ) 
4 10 11 (7168 7168 2816 ) (7168 7168 32 ) (7168 6144 32 ) (7168 6144 2816 ) 
4 11 33 (6144 6144 32 ) (6144 6144 2816 ) (6144 7168 2816 ) (6144 7168 32 ) 
4 11 15 (7168 6144 32 ) (7168 6144 2816 ) (6144 6144 2816 ) (6144 6144 32 ) 
4 12 14 (8192 6144 2816 ) (8192 6144 32 ) (8192 5120 32 ) (8192 5120 2816 ) 
4 12 13 (9216 5120 32 ) (9216 5120 2816 ) (8192 5120 2816 ) (8192 5120 32 ) 
4 13 18 (9216 4096 32 ) (9216 4096 2816 ) (8192 4096 2816 ) (8192 4096 32 ) 
4 13 16 (8192 4096 32 ) (8192 4096 2816 ) (8192 5120 2816 ) (8192 5120 32 ) 
4 14 16 (8192 5120 32 ) (8192 5120 2816 ) (7168 5120 2816 ) (7168 5120 32 ) 
4 14 15 (7168 6144 2816 ) (7168 6144 32 ) (7168 5120 32 ) (7168 5120 2816 ) 
4 15 47 (6144 5120 32 ) (6144 5120 2816 ) (6144 6144 2816 ) (6144 6144 32 ) 
4 15 17 (7168 5120 32 ) (7168 5120 2816 ) (6144 5120 2816 ) (6144 5120 32 ) 
4 16 19 (8192 4096 32 ) (8192 4096 2816 ) (7168 4096 2816 ) (7168 4096 32 ) 
4 16 17 (7168 5120 2816 ) (7168 5120 32 ) (7168 4096 32 ) (7168 4096 2816 ) 
4 17 49 (6144 4096 32 ) (6144 4096 2816 ) (6144 5120 2816 ) (6144 5120 32 ) 
4 17 20 (6144 4096 2816 ) (6144 4096 32 ) (7168 4096 32 ) (7168 4096 2816 ) 
4 18 21 (9216 3072 32 ) (9216 3072 2816 ) (8192 3072 2816 ) (8192 3072 32 ) 
4 18 19 (8192 4096 2816 ) (8192 4096 32 ) (8192 3072 32 ) (8192 3072 2816 ) 
4 19 23 (8192 3072 32 ) (8192 3072 2816 ) (7168 3072 2816 ) (7168 3072 32 ) 
4 19 20 (7168 3072 32 ) (7168 3072 2816 ) (7168 4096 2816 ) (7168 4096 32 ) 
4 20 57 (6144 3072 32 ) (6144 3072 2816 ) (6144 4096 2816 ) (6144 4096 32 ) 
4 20 24 (6144 3072 2816 ) (6144 3072 32 ) (7168 3072 32 ) (7168 3072 2816 ) 
4 21 23 (8192 3072 2816 ) (8192 3072 32 ) (8192 2048 32 ) (8192 2048 2816 ) 
4 21 22 (9216 2048 32 ) (9216 2048 2816 ) (8192 2048 2816 ) (8192 2048 32 ) 
4 22 72 (9216 1024 32 ) (9216 1024 2816 ) (8192 1024 2816 ) (8192 1024 32 ) 
4 22 25 (8192 1024 32 ) (8192 1024 2816 ) (8192 2048 2816 ) (8192 2048 32 ) 
4 23 25 (8192 2048 32 ) (8192 2048 2816 ) (7168 2048 2816 ) (7168 2048 32 ) 
4 23 24 (7168 3072 2816 ) (7168 3072 32 ) (7168 2048 32 ) (7168 2048 2816 ) 
4 24 59 (6144 2048 32 ) (6144 2048 2816 ) (6144 3072 2816 ) (6144 3072 32 ) 
4 24 26 (6144 2048 2816 ) (6144 2048 32 ) (7168 2048 32 ) (7168 2048 2816 ) 
4 25 74 (8192 1024 32 ) (8192 1024 2816 ) (7168 1024 2816 ) (7168 1024 32 ) 
4 25 26 (7168 2048 2816 ) (7168 2048 32 ) (7168 1024 32 ) (7168 1024 2816 ) 
4 26 75 (7168 1024 32 ) (7168 1024 2816 ) (6144 1024 2816 ) (6144 1024 32 ) 
4 26 61 (6144 1024 32 ) (6144 1024 2816 ) (6144 2048 2816 ) (6144 2048 32 ) 
4 27 29 (5120 8640 2816 ) (5120 8704 2816 ) (5120 8704 -832 ) (5120 8640 -832 ) 
4 27 28 (6144 8640 32 ) (6144 8640 2816 ) (5120 8640 2816 ) (5120 8640 32 ) 
4 28 31 (6144 8192 32 ) (6144 8192 2816 ) (5120 8192 2816 ) (5120 8192 32 ) 
4 28 30 (5120 8192 32 ) (5120 8192 2816 ) (5120 8640 2816 ) (5120 8640 32 ) 
4 29 35 (4096 8640 2816 ) (4096 8704 2816 ) (4096 8704 -832 ) (4096 8640 -832 ) 
4 29 30 (5120 8640 32 ) (5120 8640 2816 ) (4096 8640 2816 ) (4096 8640 32 ) 
4 30 36 (4096 8192 32 ) (4096 8192 2816 ) (4096 8640 2816 ) (4096 8640 32 ) 
4 30 32 (5120 8192 32 ) (5120 8192 2816 ) (4096 8192 2816 ) (4096 8192 32 ) 
4 31 33 (6144 7168 32 ) (6144 7168 2816 ) (5120 7168 2816 ) (5120 7168 32 ) 
4 31 32 (5120 7168 32 ) (5120 7168 2816 ) (5120 8192 2816 ) (5120 8192 32 ) 
4 32 41 (4096 7168 32 ) (4096 7168 2816 ) (4096 8192 2816 ) (4096 8192 32 ) 
4 32 34 (4096 7168 2816 ) (4096 7168 32 ) (5120 7168 32 ) (5120 7168 2816 ) 
4 33 47 (6144 6144 32 ) (6144 6144 2816 ) (5120 6144 2816 ) (5120 6144 32 ) 
4 33 34 (5120 7168 2816 ) (5120 7168 32 ) (5120 6144 32 ) (5120 6144 2816 ) 
4 34 48 (5120 6144 32 ) (5120 6144 2816 ) (4096 6144 2816 ) (4096 6144 32 ) 
4 34 42 (4096 6144 32 ) (4096 6144 2816 ) (4096 7168 2816 ) (4096 7168 32 ) 
4 35 37 (3072 8640 2816 ) (3072 8704 2816 ) (3072 8704 -832 ) (3072 8640 -832 ) 
4 35 36 (4096 8640 32 ) (4096 8640 2816 ) (3072 8640 2816 ) (3072 8640 32 ) 
4 36 41 (4096 8192 32 ) (4096 8192 2816 ) (3072 8192 2816 ) (3072 8192 32 ) 
4 36 38 (3072 8192 32 ) (3072 8192 2816 ) (3072 8640 2816 ) (3072 8640 32 ) 
4 37 39 (2048 8640 2816 ) (2048 8704 2816 ) (2048 8704 -832 ) (2048 8640 -832 ) 
4 37 38 (3072 8640 32 ) (3072 8640 2816 ) (2048 8640 2816 ) (2048 8640 32 ) 
4 38 43 (3072 8192 32 ) (3072 8192 2816 ) (2048 8192 2816 ) (2048 8192 32 ) 
4 38 40 (2048 8192 32 ) (2048 8192 2816 ) (2048 8640 2816 ) (2048 8640 32 ) 
4 39 169 (1024 8640 2816 ) (1024 8704 2816 ) (1024 8704 -832 ) (1024 8640 -832 ) 
4 39 40 (2048 8640 32 ) (2048 8640 2816 ) (1024 8640 2816 ) (1024 8640 32 ) 
4 40 170 (1024 8192 32 ) (1024 8192 2816 ) (1024 8640 2816 ) (1024 8640 32 ) 
4 40 44 (2048 8192 32 ) (2048 8192 2816 ) (1024 8192 2816 ) (1024 8192 32 ) 
4 41 43 (3072 8192 2816 ) (3072 8192 32 ) (3072 7168 32 ) (3072 7168 2816 ) 
4 41 42 (4096 7168 32 ) (4096 7168 2816 ) (3072 7168 2816 ) (3072 7168 32 ) 
4 42 51 (4096 6144 32 ) (4096 6144 2816 ) (3072 6144 2816 ) (3072 6144 32 ) 
4 42 45 (3072 6144 32 ) (3072 6144 2816 ) (3072 7168 2816 ) (3072 7168 32 ) 
4 43 45 (3072 7168 32 ) (3072 7168 2816 ) (2048 7168 2816 ) (2048 7168 32 ) 
4 43 44 (2048 8192 2816 ) (2048 8192 32 ) (2048 7168 32 ) (2048 7168 2816 ) 
4 44 173 (1024 7168 32 ) (1024 7168 2816 ) (1024 8192 2816 ) (1024 8192 32 ) 
4 44 46 (2048 7168 32 ) (2048 7168 2816 ) (1024 7168 2816 ) (1024 7168 32 ) 
4 45 53 (3072 6144 32 ) (3072 6144 2816 ) (2048 6144 2816 ) (2048 6144 32 ) 
4 45 46 (2048 7168 2816 ) (2048 7168 32 ) (2048 6144 32 ) (2048 6144 2816 ) 
4 46 175 (1024 6144 32 ) (1024 6144 2816 ) (1024 7168 2816 ) (1024 7168 32 ) 
4 46 54 (2048 6144 32 ) (2048 6144 2816 ) (1024 6144 2816 ) (1024 6144 32 ) 
4 47 49 (6144 5120 32 ) (6144 5120 2816 ) (5120 5120 2816 ) (5120 5120 32 ) 
4 47 48 (5120 5120 32 ) (5120 5120 2816 ) (5120 6144 2816 ) (5120 6144 32 ) 
4 48 51 (4096 5120 32 ) (4096 5120 2816 ) (4096 6144 2816 ) (4096 6144 32 ) 
4 48 50 (5120 5120 32 ) (5120 5120 2816 ) (4096 5120 2816 ) (4096 5120 32 ) 
4 49 57 (6144 4096 32 ) (6144 4096 2816 ) (5120 4096 2816 ) (5120 4096 32 ) 
4 49 50 (5120 5120 2816 ) (5120 5120 32 ) (5120 4096 32 ) (5120 4096 2816 ) 
4 50 58 (5120 4096 32 ) (5120 4096 2816 ) (4096 4096 2816 ) (4096 4096 32 ) 
4 50 52 (4096 4096 32 ) (4096 4096 2816 ) (4096 5120 2816 ) (4096 5120 32 ) 
4 51 53 (3072 6144 2816 ) (3072 6144 32 ) (3072 5120 32 ) (3072 5120 2816 ) 
4 51 52 (4096 5120 32 ) (4096 5120 2816 ) (3072 5120 2816 ) (3072 5120 32 ) 
4 52 63 (4096 4096 32 ) (4096 4096 2816 ) (3072 4096 2816 ) (3072 4096 32 ) 
4 52 55 (3072 4096 32 ) (3072 4096 2816 ) (3072 5120 2816 ) (3072 5120 32 ) 
4 53 55 (3072 5120 32 ) (3072 5120 2816 ) (2048 5120 2816 ) (2048 5120 32 ) 
4 53 54 (2048 6144 2816 ) (2048 6144 32 ) (2048 5120 32 ) (2048 5120 2816 ) 
4 54 189 (1024 5120 32 ) (1024 5120 2816 ) (1024 6144 2816 ) (1024 6144 32 ) 
4 54 56 (2048 5120 32 ) (2048 5120 2816 ) (1024 5120 2816 ) (1024 5120 32 ) 
4 55 64 (3072 4096 32 ) (3072 4096 2816 ) (2048 4096 2816 ) (2048 4096 32 ) 
4 55 56 (2048 5120 2816 ) (2048 5120 32 ) (2048 4096 32 ) (2048 4096 2816 ) 
4 56 191 (1024 4096 32 ) (1024 4096 2816 ) (1024 5120 2816 ) (1024 5120 32 ) 
4 56 65 (1024 4096 2816 ) (1024 4096 32 ) (2048 4096 32 ) (2048 4096 2816 ) 
4 57 59 (6144 3072 32 ) (6144 3072 2816 ) (5120 3072 2816 ) (5120 3072 32 ) 
4 57 58 (5120 4096 2816 ) (5120 4096 32 ) (5120 3072 32 ) (5120 3072 2816 ) 
4 58 63 (4096 4096 2816 ) (4096 4096 32 ) (4096 3072 32 ) (4096 3072 2816 ) 
4 58 60 (5120 3072 32 ) (5120 3072 2816 ) (4096 3072 2816 ) (4096 3072 32 ) 
4 59 61 (6144 2048 32 ) (6144 2048 2816 ) (5120 2048 2816 ) (5120 2048 32 ) 
4 59 60 (5120 2048 32 ) (5120 2048 2816 ) (5120 3072 2816 ) (5120 3072 32 ) 
4 60 66 (4096 2048 32 ) (4096 2048 2816 ) (4096 3072 2816 ) (4096 3072 32 ) 
4 60 62 (4096 2048 2816 ) (4096 2048 32 ) (5120 2048 32 ) (5120 2048 2816 ) 
4 61 87 (6144 1024 32 ) (6144 1024 2816 ) (5120 1024 2816 ) (5120 1024 32 ) 
4 61 62 (5120 2048 2816 ) (5120 2048 32 ) (5120 1024 32 ) (5120 1024 2816 ) 
4 62 88 (5120 1024 32 ) (5120 1024 2816 ) (4096 1024 2816 ) (4096 1024 32 ) 
4 62 67 (4096 1024 32 ) (4096 1024 2816 ) (4096 2048 2816 ) (4096 2048 32 ) 
4 63 66 (4096 3072 32 ) (4096 3072 2816 ) (3072 3072 2816 ) (3072 3072 32 ) 
4 63 64 (3072 4096 2816 ) (3072 4096 32 ) (3072 3072 32 ) (3072 3072 2816 ) 
4 64 68 (3072 3072 32 ) (3072 3072 2816 ) (2048 3072 2816 ) (2048 3072 32 ) 
4 64 65 (2048 3072 32 ) (2048 3072 2816 ) (2048 4096 2816 ) (2048 4096 32 ) 
4 65 199 (1024 3072 32 ) (1024 3072 2816 ) (1024 4096 2816 ) (1024 4096 32 ) 
4 65 69 (1024 3072 2816 ) (1024 3072 32 ) (2048 3072 32 ) (2048 3072 2816 ) 
4 66 68 (3072 3072 2816 ) (3072 3072 32 ) (3072 2048 32 ) (3072 2048 2816 ) 
4 66 67 (4096 2048 32 ) (4096 2048 2816 ) (3072 2048 2816 ) (3072 2048 32 ) 
4 67 91 (4096 1024 32 ) (4096 1024 2816 ) (3072 1024 2816 ) (3072 1024 32 ) 
4 67 70 (3072 1024 32 ) (3072 1024 2816 ) (3072 2048 2816 ) (3072 2048 32 ) 
4 68 70 (3072 2048 32 ) (3072 2048 2816 ) (2048 2048 2816 ) (2048 2048 32 ) 
4 68 69 (2048 3072 2816 ) (2048 3072 32 ) (2048 2048 32 ) (2048 2048 2816 ) 
4 69 201 (1024 2048 32 ) (1024 2048 2816 ) (1024 3072 2816 ) (1024 3072 32 ) 
4 69 71 (1024 2048 2816 ) (1024 2048 32 ) (2048 2048 32 ) (2048 2048 2816 ) 
4 70 93 (3072 1024 32 ) (3072 1024 2816 ) (2048 1024 2816 ) (2048 1024 32 ) 
4 70 71 (2048 2048 2816 ) (2048 2048 32 ) (2048 1024 32 ) (2048 1024 2816 ) 
4 71 203 (1024 1024 32 ) (1024 1024 2816 ) (1024 2048 2816 ) (1024 2048 32 ) 
4 71 94 (2048 1024 32 ) (2048 1024 2816 ) (1024 1024 2816 ) (1024 1024 32 ) 
4 72 74 (8192 1024 2816 ) (8192 1024 32 ) (8192 0 32 ) (8192 0 2816 ) 
4 72 73 (9216 0 32 ) (9216 0 2816 ) (8192 0 2816 ) (8192 0 32 ) 
4 73 78 (9216 -1024 32 ) (9216 -1024 2816 ) (8192 -1024 2816 ) (8192 -1024 32 ) 
4 73 76 (8192 -1024 32 ) (8192 -1024 2816 ) (8192 0 2816 ) (8192 0 32 ) 
4 74 76 (8192 0 32 ) (8192 0 2816 ) (7168 0 2816 ) (7168 0 32 ) 
4 74 75 (7168 1024 2816 ) (7168 1024 32 ) (7168 0 32 ) (7168 0 2816 ) 
4 75 87 (6144 0 32 ) (6144 0 2816 ) (6144 1024 2816 ) (6144 1024 32 ) 
4 75 77 (6144 0 2816 ) (6144 0 32 ) (7168 0 32 ) (7168 0 2816 ) 
4 76 79 (8192 -1024 32 ) (8192 -1024 2816 ) (7168 -1024 2816 ) (7168 -1024 32 ) 
4 76 77 (7168 0 2816 ) (7168 0 32 ) (7168 -1024 32 ) (7168 -1024 2816 ) 
4 77 89 (6144 -1024 32 ) (6144 -1024 2816 ) (6144 0 2816 ) (6144 0 32 ) 
4 77 80 (7168 -1024 32 ) (7168 -1024 2816 ) (6144 -1024 2816 ) (6144 -1024 32 ) 
4 78 81 (9216 -2048 32 ) (9216 -2048 2816 ) (8192 -2048 2816 ) (8192 -2048 32 ) 
4 78 79 (8192 -1024 2816 ) (8192 -1024 32 ) (8192 -2048 32 ) (8192 -2048 2816 ) 
4 79 83 (8192 -2048 32 ) (8192 -2048 2816 ) (7168 -2048 2816 ) (7168 -2048 32 ) 
4 79 80 (7168 -2048 32 ) (7168 -2048 2816 ) (7168 -1024 2816 ) (7168 -1024 32 ) 
4 80 97 (6144 -2048 32 ) (6144 -2048 2816 ) (6144 -1024 2816 ) (6144 -1024 32 ) 
4 80 84 (7168 -2048 32 ) (7168 -2048 2816 ) (6144 -2048 2816 ) (6144 -2048 32 ) 
4 81 83 (8192 -2048 2816 ) (8192 -2048 32 ) (8192 -3072 32 ) (8192 -3072 2816 ) 
4 81 82 (9216 -3072 32 ) (9216 -3072 2816 ) (8192 -3072 2816 ) (8192 -3072 32 ) 
4 82 121 (9216 -4096 32 ) (9216 -4096 2816 ) (8192 -4096 2816 ) (8192 -4096 32 ) 
4 82 85 (8192 -4096 32 ) (8192 -4096 2816 ) (8192 -3072 2816 ) (8192 -3072 32 ) 
4 83 85 (8192 -3072 32 ) (8192 -3072 2816 ) (7168 -3072 2816 ) (7168 -3072 32 ) 
4 83 84 (7168 -2048 2816 ) (7168 -2048 32 ) (7168 -3072 32 ) (7168 -3072 2816 ) 
4 84 101 (6144 -3072 32 ) (6144 -3072 2816 ) (6144 -2048 2816 ) (6144 -2048 32 ) 
4 84 86 (7168 -3072 32 ) (7168 -3072 2816 ) (6144 -3072 2816 ) (6144 -3072 32 ) 
4 85 123 (8192 -4096 32 ) (8192 -4096 2816 ) (7168 -4096 2816 ) (7168 -4096 32 ) 
4 85 86 (7168 -3072 2816 ) (7168 -3072 32 ) (7168 -4096 32 ) (7168 -4096 2816 ) 
4 86 124 (7168 -4096 32 ) (7168 -4096 2816 ) (6144 -4096 2816 ) (6144 -4096 32 ) 
4 86 106 (6144 -4096 32 ) (6144 -4096 2816 ) (6144 -3072 2816 ) (6144 -3072 32 ) 
4 87 89 (6144 0 32 ) (6144 0 2816 ) (5120 0 2816 ) (5120 0 32 ) 
4 87 88 (5120 0 32 ) (5120 0 2816 ) (5120 1024 2816 ) (5120 1024 32 ) 
4 88 91 (4096 0 32 ) (4096 0 2816 ) (4096 1024 2816 ) (4096 1024 32 ) 
4 88 90 (5120 0 32 ) (5120 0 2816 ) (4096 0 2816 ) (4096 0 32 ) 
4 89 97 (6144 -1024 32 ) (6144 -1024 2816 ) (5120 -1024 2816 ) (5120 -1024 32 ) 
4 89 90 (5120 0 2816 ) (5120 0 32 ) (5120 -1024 32 ) (5120 -1024 2816 ) 
4 90 98 (5120 -1024 32 ) (5120 -1024 2816 ) (4608 -1024 2816 ) (4608 -1024 32 ) 
4 90 100 (4608 -1024 2816 ) (4096 -1024 2816 ) (4096 -1024 32 ) (4608 -1024 32 ) 
4 90 92 (4096 -1024 32 ) (4096 -1024 2816 ) (4096 0 2816 ) (4096 0 32 ) 
4 91 93 (3072 1024 2816 ) (3072 1024 32 ) (3072 0 32 ) (3072 0 2816 ) 
4 91 92 (4096 0 32 ) (4096 0 2816 ) (3072 0 2816 ) (3072 0 32 ) 
4 92 112 (4096 -1024 32 ) (4096 -1024 2816 ) (3072 -1024 2816 ) (3072 -1024 32 ) 
4 92 95 (3072 -1024 32 ) (3072 -1024 2816 ) (3072 0 2816 ) (3072 0 32 ) 
4 93 95 (3072 0 32 ) (3072 0 2816 ) (2048 0 2816 ) (2048 0 32 ) 
4 93 94 (2048 1024 2816 ) (2048 1024 32 ) (2048 0 32 ) (2048 0 2816 ) 
4 94 259 (1024 0 32 ) (1024 0 2816 ) (1024 1024 2816 ) (1024 1024 32 ) 
4 94 96 (2048 0 32 ) (2048 0 2816 ) (1024 0 2816 ) (1024 0 32 ) 
4 95 113 (3072 -1024 32 ) (3072 -1024 2816 ) (2048 -1024 2816 ) (2048 -1024 32 ) 
4 95 96 (2048 0 2816 ) (2048 0 32 ) (2048 -1024 32 ) (2048 -1024 2816 ) 
4 96 261 (1024 -1024 32 ) (1024 -1024 2816 ) (1024 0 2816 ) (1024 0 32 ) 
4 96 114 (1024 -1024 2816 ) (1024 -1024 32 ) (2048 -1024 32 ) (2048 -1024 2816 ) 
4 97 101 (6144 -2048 32 ) (6144 -2048 2816 ) (5120 -2048 2816 ) (5120 -2048 32 ) 
5 97 98 (5120 -1024 2816 ) (5120 -1024 32 ) (5120 -1280 32 ) (5120 -1792 416 ) (5120 -1792 2816 ) 
4 97 99 (5120 -1792 32 ) (5120 -2048 32 ) (5120 -2048 2816 ) (5120 -1792 2816 ) 
4 98 99 (4608 -1792 2816 ) (4608 -1792 416 ) (5120 -1792 416 ) (5120 -1792 2816 ) 
5 98 100 (4608 -1024 32 ) (4608 -1280 32 ) (4608 -1792 416 ) (4608 -1792 2816 ) (4608 -1024 2816 ) 
4 99 103 (5120 -2048 32 ) (5120 -2048 416 ) (4608 -2048 416 ) (4608 -2048 32 ) 
4 99 102 (5120 -2048 416 ) (5120 -2048 2816 ) (4608 -2048 2816 ) (4608 -2048 416 ) 
4 99 100 (4608 -1792 32 ) (4608 -2048 32 ) (4608 -2048 2816 ) (4608 -1792 2816 ) 
4 100 112 (4096 -1024 2816 ) (4096 -1024 32 ) (4096 -2048 32 ) (4096 -2048 2816 ) 
4 100 105 (4096 -2048 416 ) (4096 -2048 32 ) (4608 -2048 32 ) (4608 -2048 416 ) 
4 100 102 (4608 -2048 2816 ) (4096 -2048 2816 ) (4096 -2048 416 ) (4608 -2048 416 ) 
4 101 106 (6144 -3072 32 ) (6144 -3072 2816 ) (5120 -3072 2816 ) (5120 -3072 32 ) 
4 101 103 (5120 -2304 416 ) (5120 -2048 416 ) (5120 -2048 32 ) (5120 -2304 32 ) 
4 101 104 (5120 -3072 32 ) (5120 -3072 416 ) (5120 -2816 416 ) (5120 -2816 32 ) 
4 101 102 (5120 -3072 416 ) (5120 -3072 2816 ) (5120 -2048 2816 ) (5120 -2048 416 ) 
4 102 115 (4096 -3072 416 ) (4096 -3072 2816 ) (4096 -2048 2816 ) (4096 -2048 416 ) 
4 102 107 (4096 -3072 2816 ) (4096 -3072 416 ) (5120 -3072 416 ) (5120 -3072 2816 ) 
4 102 103 (4608 -2304 416 ) (4608 -2048 416 ) (5120 -2048 416 ) (5120 -2304 416 ) 
4 102 104 (5120 -3072 416 ) (4608 -3072 416 ) (4608 -2816 416 ) (5120 -2816 416 ) 
4 102 105 (4608 -3072 416 ) (4096 -3072 416 ) (4096 -2048 416 ) (4608 -2048 416 ) 
4 103 105 (4608 -2048 32 ) (4608 -2304 32 ) (4608 -2304 416 ) (4608 -2048 416 ) 
4 104 109 (4608 -3072 32 ) (5088 -3072 32 ) (5088 -3072 416 ) (4608 -3072 416 ) 
4 104 108 (5088 -3072 32 ) (5120 -3072 32 ) (5120 -3072 416 ) (5088 -3072 416 ) 
4 104 105 (4608 -2816 32 ) (4608 -3072 32 ) (4608 -3072 416 ) (4608 -2816 416 ) 
4 105 115 (4096 -3072 32 ) (4096 -3072 416 ) (4096 -2048 416 ) (4096 -2048 32 ) 
4 105 109 (4576 -3072 32 ) (4608 -3072 32 ) (4608 -3072 416 ) (4576 -3072 416 ) 
4 105 111 (4096 -3072 416 ) (4096 -3072 32 ) (4576 -3072 32 ) (4576 -3072 416 ) 
4 106 133 (6144 -4096 32 ) (6144 -4096 2816 ) (5120 -4096 2816 ) (5120 -4096 32 ) 
4 106 108 (5120 -3072 416 ) (5120 -3072 32 ) (5120 -4096 32 ) (5120 -4096 416 ) 
4 106 107 (5120 -3072 2816 ) (5120 -3072 416 ) (5120 -4096 416 ) (5120 -4096 2816 ) 
4 107 134 (5120 -4096 416 ) (5120 -4096 2816 ) (4096 -4096 2816 ) (4096 -4096 416 ) 
4 107 116 (4096 -4096 416 ) (4096 -4096 2816 ) (4096 -3072 2816 ) (4096 -3072 416 ) 
4 107 109 (4576 -3328 416 ) (4576 -3072 416 ) (5088 -3072 416 ) (5088 -3328 416 ) 
4 107 110 (5088 -4096 416 ) (4576 -4096 416 ) (4576 -3840 416 ) (5088 -3840 416 ) 
4 107 108 (5120 -4096 416 ) (5088 -4096 416 ) (5088 -3072 416 ) (5120 -3072 416 ) 
4 107 111 (4576 -4096 416 ) (4096 -4096 416 ) (4096 -3072 416 ) (4576 -3072 416 ) 
4 108 135 (5120 -4096 32 ) (5120 -4096 416 ) (5088 -4096 416 ) (5088 -4096 32 ) 
4 108 109 (5088 -3072 32 ) (5088 -3328 32 ) (5088 -3328 416 ) (5088 -3072 416 ) 
4 108 110 (5088 -3840 32 ) (5088 -4096 32 ) (5088 -4096 416 ) (5088 -3840 416 ) 
4 109 111 (4576 -3072 32 ) (4576 -3328 32 ) (4576 -3328 416 ) (4576 -3072 416 ) 
4 110 136 (5088 -4096 416 ) (4576 -4096 416 ) (4576 -4096 32 ) (5088 -4096 32 ) 
4 110 111 (4576 -3840 32 ) (4576 -4096 32 ) (4576 -4096 416 ) (4576 -3840 416 ) 
4 111 138 (4576 -4096 416 ) (4096 -4096 416 ) (4096 -4096 32 ) (4576 -4096 32 ) 
4 111 116 (4096 -4096 32 ) (4096 -4096 416 ) (4096 -3072 416 ) (4096 -3072 32 ) 
4 112 115 (4096 -2048 32 ) (4096 -2048 2816 ) (3072 -2048 2816 ) (3072 -2048 32 ) 
4 112 113 (3072 -1024 2816 ) (3072 -1024 32 ) (3072 -2048 32 ) (3072 -2048 2816 ) 
4 113 117 (3072 -2048 32 ) (3072 -2048 2816 ) (2048 -2048 2816 ) (2048 -2048 32 ) 
4 113 114 (2048 -2048 32 ) (2048 -2048 2816 ) (2048 -1024 2816 ) (2048 -1024 32 ) 
4 114 269 (1024 -2048 32 ) (1024 -2048 2816 ) (1024 -1024 2816 ) (1024 -1024 32 ) 
4 114 118 (1024 -2048 2816 ) (1024 -2048 32 ) (2048 -2048 32 ) (2048 -2048 2816 ) 
4 115 117 (3072 -2048 2816 ) (3072 -2048 32 ) (3072 -3072 32 ) (3072 -3072 2816 ) 
4 115 116 (4096 -3072 32 ) (4096 -3072 2816 ) (3072 -3072 2816 ) (3072 -3072 32 ) 
4 116 142 (4096 -4096 32 ) (4096 -4096 416 ) (3584 -4096 416 ) (3584 -4096 32 ) 
4 116 143 (3584 -4096 416 ) (3072 -4096 416 ) (3072 -4096 32 ) (3584 -4096 32 ) 
4 116 141 (4096 -4096 416 ) (4096 -4096 2816 ) (3072 -4096 2816 ) (3072 -4096 416 ) 
4 116 119 (3072 -4096 32 ) (3072 -4096 2816 ) (3072 -3072 2816 ) (3072 -3072 32 ) 
4 117 119 (3072 -3072 32 ) (3072 -3072 2816 ) (2048 -3072 2816 ) (2048 -3072 32 ) 
4 117 118 (2048 -2048 2816 ) (2048 -2048 32 ) (2048 -3072 32 ) (2048 -3072 2816 ) 
4 118 271 (1024 -3072 32 ) (1024 -3072 2816 ) (1024 -2048 2816 ) (1024 -2048 32 ) 
4 118 120 (1024 -3072 2816 ) (1024 -3072 32 ) (2048 -3072 32 ) (2048 -3072 2816 ) 
4 119 148 (3072 -4096 32 ) (3072 -4096 416 ) (2560 -4096 416 ) (2560 -4096 32 ) 
4 119 149 (2560 -4096 416 ) (2048 -4096 416 ) (2048 -4096 32 ) (2560 -4096 32 ) 
4 119 147 (3072 -4096 416 ) (3072 -4096 2816 ) (2048 -4096 2816 ) (2048 -4096 416 ) 
4 119 120 (2048 -3072 2816 ) (2048 -3072 32 ) (2048 -4096 32 ) (2048 -4096 2816 ) 
4 120 273 (1024 -4096 32 ) (1024 -4096 2816 ) (1024 -3072 2816 ) (1024 -3072 32 ) 
4 120 151 (1536 -4096 32 ) (2048 -4096 32 ) (2048 -4096 416 ) (1536 -4096 416 ) 
4 120 152 (1024 -4096 416 ) (1024 -4096 32 ) (1536 -4096 32 ) (1536 -4096 416 ) 
4 120 150 (1024 -4096 2816 ) (1024 -4096 416 ) (2048 -4096 416 ) (2048 -4096 2816 ) 
4 121 123 (8192 -5120 32 ) (8192 -5120 2816 ) (8192 -4096 2816 ) (8192 -4096 32 ) 
4 121 122 (9216 -5120 32 ) (9216 -5120 2816 ) (8192 -5120 2816 ) (8192 -5120 32 ) 
4 122 127 (9216 -6144 32 ) (9216 -6144 2816 ) (8192 -6144 2816 ) (8192 -6144 32 ) 
4 122 125 (8192 -6144 32 ) (8192 -6144 2816 ) (8192 -5120 2816 ) (8192 -5120 32 ) 
4 123 125 (8192 -5120 32 ) (8192 -5120 2816 ) (7168 -5120 2816 ) (7168 -5120 32 ) 
4 123 124 (7168 -5120 32 ) (7168 -5120 2816 ) (7168 -4096 2816 ) (7168 -4096 32 ) 
4 124 133 (6144 -4096 2816 ) (6144 -4096 32 ) (6144 -5120 32 ) (6144 -5120 2816 ) 
4 124 126 (6144 -5120 2816 ) (6144 -5120 32 ) (7168 -5120 32 ) (7168 -5120 2816 ) 
4 125 128 (8192 -6144 32 ) (8192 -6144 2816 ) (7168 -6144 2816 ) (7168 -6144 32 ) 
4 125 126 (7168 -5120 2816 ) (7168 -5120 32 ) (7168 -6144 32 ) (7168 -6144 2816 ) 
4 126 139 (6144 -6144 32 ) (6144 -6144 2816 ) (6144 -5120 2816 ) (6144 -5120 32 ) 
4 126 129 (7168 -6144 32 ) (7168 -6144 2816 ) (6144 -6144 2816 ) (6144 -6144 32 ) 
4 127 130 (9216 -7168 32 ) (9216 -7168 2816 ) (8192 -7168 2816 ) (8192 -7168 32 ) 
4 127 128 (8192 -6144 2816 ) (8192 -6144 32 ) (8192 -7168 32 ) (8192 -7168 2816 ) 
4 128 131 (8192 -7168 32 ) (8192 -7168 2816 ) (7168 -7168 2816 ) (7168 -7168 32 ) 
4 128 129 (7168 -7168 32 ) (7168 -7168 2816 ) (7168 -6144 2816 ) (7168 -6144 32 ) 
4 129 159 (6144 -7168 32 ) (6144 -7168 2816 ) (6144 -6144 2816 ) (6144 -6144 32 ) 
4 129 132 (7168 -7168 32 ) (7168 -7168 2816 ) (6144 -7168 2816 ) (6144 -7168 32 ) 
4 130 131 (8192 -7168 2816 ) (8192 -7168 32 ) (8192 -8000 32 ) (8192 -8000 2816 ) 
4 131 132 (7168 -7168 2816 ) (7168 -7168 32 ) (7168 -8000 32 ) (7168 -8000 2816 ) 
4 132 161 (6144 -8000 2816 ) (6144 -7168 2816 ) (6144 -7168 32 ) (6144 -8000 32 ) 
4 133 139 (6144 -5120 32 ) (6144 -5120 2816 ) (5120 -5120 2816 ) (5120 -5120 32 ) 
4 133 135 (5120 -4096 416 ) (5120 -4096 32 ) (5120 -5120 32 ) (5120 -5120 416 ) 
4 133 134 (5120 -4096 2816 ) (5120 -4096 416 ) (5120 -5120 416 ) (5120 -5120 2816 ) 
4 134 141 (4096 -4096 2816 ) (4096 -4096 416 ) (4096 -5120 416 ) (4096 -5120 2816 ) 
4 134 140 (5120 -5120 416 ) (5120 -5120 2816 ) (4096 -5120 2816 ) (4096 -5120 416 ) 
4 134 136 (4576 -4352 416 ) (4576 -4096 416 ) (5088 -4096 416 ) (5088 -4352 416 ) 
4 134 137 (5088 -5120 416 ) (4576 -5120 416 ) (4576 -4864 416 ) (5088 -4864 416 ) 
4 134 135 (5120 -5120 416 ) (5088 -5120 416 ) (5088 -4096 416 ) (5120 -4096 416 ) 
4 134 138 (4576 -5120 416 ) (4096 -5120 416 ) (4096 -4096 416 ) (4576 -4096 416 ) 
4 135 140 (5120 -5120 32 ) (5120 -5120 416 ) (5088 -5120 416 ) (5088 -5120 32 ) 
4 135 136 (5088 -4096 32 ) (5088 -4352 32 ) (5088 -4352 416 ) (5088 -4096 416 ) 
4 135 137 (5088 -4864 32 ) (5088 -5120 32 ) (5088 -5120 416 ) (5088 -4864 416 ) 
4 136 138 (4576 -4096 32 ) (4576 -4352 32 ) (4576 -4352 416 ) (4576 -4096 416 ) 
4 137 140 (5088 -5120 416 ) (4576 -5120 416 ) (4576 -5120 32 ) (5088 -5120 32 ) 
4 137 138 (4576 -4864 32 ) (4576 -5120 32 ) (4576 -5120 416 ) (4576 -4864 416 ) 
4 138 142 (4096 -4096 416 ) (4096 -4096 32 ) (4096 -4864 32 ) (4096 -4864 416 ) 
4 138 140 (4576 -5120 416 ) (4096 -5120 416 ) (4096 -5120 32 ) (4576 -5120 32 ) 
4 139 159 (6144 -6144 32 ) (6144 -6144 2816 ) (5120 -6144 2816 ) (5120 -6144 32 ) 
4 139 140 (5120 -5120 2816 ) (5120 -5120 32 ) (5120 -6144 32 ) (5120 -6144 2816 ) 
4 140 160 (5120 -6144 32 ) (5120 -6144 2816 ) (4096 -6144 2816 ) (4096 -6144 32 ) 
4 140 145 (4096 -6144 32 ) (4096 -6144 416 ) (4096 -5376 416 ) (4096 -5376 32 ) 
4 140 144 (4096 -6144 416 ) (4096 -6144 2816 ) (4096 -5120 2816 ) (4096 -5120 416 ) 
4 141 147 (3072 -5120 416 ) (3072 -5120 2816 ) (3072 -4096 2816 ) (3072 -4096 416 ) 
4 141 144 (4096 -5120 416 ) (4096 -5120 2816 ) (3072 -5120 2816 ) (3072 -5120 416 ) 
4 141 142 (3584 -4864 416 ) (3584 -4096 416 ) (4096 -4096 416 ) (4096 -4864 416 ) 
4 141 143 (3584 -5120 416 ) (3072 -5120 416 ) (3072 -4096 416 ) (3584 -4096 416 ) 
4 142 143 (3584 -4096 32 ) (3584 -4864 32 ) (3584 -4864 416 ) (3584 -4096 416 ) 
4 143 148 (3072 -4864 416 ) (3072 -4096 416 ) (3072 -4096 32 ) (3072 -4864 32 ) 
4 143 146 (3584 -5120 416 ) (3072 -5120 416 ) (3072 -5120 32 ) (3584 -5120 32 ) 
4 144 163 (4096 -6144 416 ) (4096 -6144 2816 ) (3072 -6144 2816 ) (3072 -6144 416 ) 
4 144 153 (3072 -6144 416 ) (3072 -6144 2816 ) (3072 -5120 2816 ) (3072 -5120 416 ) 
4 144 145 (4096 -6144 416 ) (3584 -6144 416 ) (3584 -5376 416 ) (4096 -5376 416 ) 
4 144 146 (3584 -6144 416 ) (3072 -6144 416 ) (3072 -5120 416 ) (3584 -5120 416 ) 
4 145 163 (4096 -6144 32 ) (4096 -6144 416 ) (3584 -6144 416 ) (3584 -6144 32 ) 
4 145 146 (3584 -5376 32 ) (3584 -6144 32 ) (3584 -6144 416 ) (3584 -5376 416 ) 
4 146 163 (3584 -6144 416 ) (3072 -6144 416 ) (3072 -6144 32 ) (3584 -6144 32 ) 
4 146 154 (3072 -6144 32 ) (3072 -6144 416 ) (3072 -5376 416 ) (3072 -5376 32 ) 
4 147 153 (3072 -5120 416 ) (3072 -5120 2816 ) (2048 -5120 2816 ) (2048 -5120 416 ) 
4 147 150 (2048 -5120 416 ) (2048 -5120 2816 ) (2048 -4096 2816 ) (2048 -4096 416 ) 
4 147 148 (2560 -4096 416 ) (3072 -4096 416 ) (3072 -4864 416 ) (2560 -4864 416 ) 
4 147 149 (2048 -5120 416 ) (2048 -4096 416 ) (2560 -4096 416 ) (2560 -5120 416 ) 
4 148 149 (2560 -4096 32 ) (2560 -4864 32 ) (2560 -4864 416 ) (2560 -4096 416 ) 
4 149 155 (2560 -5120 416 ) (2048 -5120 416 ) (2048 -5120 32 ) (2560 -5120 32 ) 
4 149 151 (2048 -4864 416 ) (2048 -4096 416 ) (2048 -4096 32 ) (2048 -4864 32 ) 
4 150 284 (1024 -5120 416 ) (1024 -5120 2816 ) (1024 -4096 2816 ) (1024 -4096 416 ) 
4 150 156 (2048 -5120 416 ) (2048 -5120 2816 ) (1024 -5120 2816 ) (1024 -5120 416 ) 
4 150 151 (1536 -4864 416 ) (1536 -4096 416 ) (2048 -4096 416 ) (2048 -4864 416 ) 
4 150 152 (1536 -5120 416 ) (1024 -5120 416 ) (1024 -4096 416 ) (1536 -4096 416 ) 
4 151 152 (1536 -4096 32 ) (1536 -4864 32 ) (1536 -4864 416 ) (1536 -4096 416 ) 
4 152 285 (1024 -4864 416 ) (1024 -4096 416 ) (1024 -4096 32 ) (1024 -4864 32 ) 
4 152 158 (1536 -5120 416 ) (1024 -5120 416 ) (1024 -5120 32 ) (1536 -5120 32 ) 
4 153 164 (3072 -6144 416 ) (3072 -6144 2816 ) (2048 -6144 2816 ) (2048 -6144 416 ) 
4 153 156 (2048 -5120 2816 ) (2048 -5120 416 ) (2048 -6144 416 ) (2048 -6144 2816 ) 
4 153 154 (3072 -6144 416 ) (2560 -6144 416 ) (2560 -5376 416 ) (3072 -5376 416 ) 
4 153 155 (2560 -6144 416 ) (2048 -6144 416 ) (2048 -5120 416 ) (2560 -5120 416 ) 
4 154 164 (3072 -6144 32 ) (3072 -6144 416 ) (2560 -6144 416 ) (2560 -6144 32 ) 
4 154 155 (2560 -5376 32 ) (2560 -6144 32 ) (2560 -6144 416 ) (2560 -5376 416 ) 
4 155 164 (2560 -6144 416 ) (2048 -6144 416 ) (2048 -6144 32 ) (2560 -6144 32 ) 
4 155 157 (2048 -5376 32 ) (2048 -6144 32 ) (2048 -6144 416 ) (2048 -5376 416 ) 
4 156 290 (1024 -6144 416 ) (1024 -6144 2816 ) (1024 -5120 2816 ) (1024 -5120 416 ) 
4 156 165 (1024 -6144 2816 ) (1024 -6144 416 ) (2048 -6144 416 ) (2048 -6144 2816 ) 
4 156 157 (2048 -6144 416 ) (1536 -6144 416 ) (1536 -5376 416 ) (2048 -5376 416 ) 
4 156 158 (1536 -6144 416 ) (1024 -6144 416 ) (1024 -5120 416 ) (1536 -5120 416 ) 
4 157 165 (1536 -6144 32 ) (2048 -6144 32 ) (2048 -6144 416 ) (1536 -6144 416 ) 
4 157 158 (1536 -5376 32 ) (1536 -6144 32 ) (1536 -6144 416 ) (1536 -5376 416 ) 
4 158 291 (1024 -6144 32 ) (1024 -6144 416 ) (1024 -5376 416 ) (1024 -5376 32 ) 
4 158 165 (1024 -6144 416 ) (1024 -6144 32 ) (1536 -6144 32 ) (1536 -6144 416 ) 
4 159 161 (6144 -7168 32 ) (6144 -7168 2816 ) (5120 -7168 2816 ) (5120 -7168 32 ) 
4 159 160 (5120 -6144 2816 ) (5120 -6144 32 ) (5120 -7168 32 ) (5120 -7168 2816 ) 
4 160 163 (4096 -6144 2816 ) (4096 -6144 32 ) (4096 -7168 32 ) (4096 -7168 2816 ) 
4 160 162 (5120 -7168 32 ) (5120 -7168 2816 ) (4096 -7168 2816 ) (4096 -7168 32 ) 
4 161 162 (5120 -8000 2816 ) (5120 -7168 2816 ) (5120 -7168 32 ) (5120 -8000 32 ) 
4 162 166 (4096 -8000 2816 ) (4096 -7168 2816 ) (4096 -7168 32 ) (4096 -8000 32 ) 
4 163 166 (4096 -7168 32 ) (4096 -7168 2816 ) (3072 -7168 2816 ) (3072 -7168 32 ) 
4 163 164 (3072 -6144 2816 ) (3072 -6144 32 ) (3072 -7168 32 ) (3072 -7168 2816 ) 
4 164 167 (3072 -7168 32 ) (3072 -7168 2816 ) (2048 -7168 2816 ) (2048 -7168 32 ) 
4 164 165 (2048 -7168 32 ) (2048 -7168 2816 ) (2048 -6144 2816 ) (2048 -6144 32 ) 
4 165 314 (1024 -7168 32 ) (1024 -7168 2816 ) (1024 -6144 2816 ) (1024 -6144 32 ) 
4 165 168 (1024 -7168 2816 ) (1024 -7168 32 ) (2048 -7168 32 ) (2048 -7168 2816 ) 
4 166 167 (3072 -7168 2816 ) (3072 -7168 32 ) (3072 -8000 32 ) (3072 -8000 2816 ) 
4 167 168 (2048 -7168 2816 ) (2048 -7168 32 ) (2048 -8000 32 ) (2048 -8000 2816 ) 
4 168 316 (1024 -8000 2816 ) (1024 -7168 2816 ) (1024 -7168 32 ) (1024 -8000 32 ) 
4 169 171 (0 8640 2816 ) (0 8704 2816 ) (0 8704 -832 ) (0 8640 -832 ) 
4 169 170 (1024 8640 32 ) (1024 8640 2816 ) (0 8640 2816 ) (0 8640 32 ) 
4 170 173 (1024 8192 32 ) (1024 8192 2816 ) (0 8192 2816 ) (0 8192 32 ) 
4 170 172 (0 8192 32 ) (0 8192 2816 ) (0 8640 2816 ) (0 8640 32 ) 
4 171 177 (-1024 8640 2816 ) (-1024 8704 2816 ) (-1024 8704 -832 ) (-1024 8640 -832 ) 
4 171 172 (0 8640 32 ) (0 8640 2816 ) (-1024 8640 2816 ) (-1024 8640 32 ) 
4 172 178 (-1024 8192 32 ) (-1024 8192 2816 ) (-1024 8640 2816 ) (-1024 8640 32 ) 
4 172 174 (0 8192 32 ) (0 8192 2816 ) (-1024 8192 2816 ) (-1024 8192 32 ) 
4 173 175 (1024 7168 32 ) (1024 7168 2816 ) (0 7168 2816 ) (0 7168 32 ) 
4 173 174 (0 7168 32 ) (0 7168 2816 ) (0 8192 2816 ) (0 8192 32 ) 
4 174 183 (-1024 7168 32 ) (-1024 7168 2816 ) (-1024 8192 2816 ) (-1024 8192 32 ) 
4 174 176 (-1024 7168 2816 ) (-1024 7168 32 ) (0 7168 32 ) (0 7168 2816 ) 
4 175 189 (1024 6144 32 ) (1024 6144 2816 ) (0 6144 2816 ) (0 6144 32 ) 
4 175 176 (0 7168 2816 ) (0 7168 32 ) (0 6144 32 ) (0 6144 2816 ) 
4 176 190 (0 6144 32 ) (0 6144 2816 ) (-1024 6144 2816 ) (-1024 6144 32 ) 
4 176 184 (-1024 6144 32 ) (-1024 6144 2816 ) (-1024 7168 2816 ) (-1024 7168 32 ) 
4 177 179 (-2048 8640 2816 ) (-2048 8704 2816 ) (-2048 8704 -832 ) (-2048 8640 -832 ) 
4 177 178 (-1024 8640 32 ) (-1024 8640 2816 ) (-2048 8640 2816 ) (-2048 8640 32 ) 
4 178 183 (-1024 8192 32 ) (-1024 8192 2816 ) (-2048 8192 2816 ) (-2048 8192 32 ) 
4 178 180 (-2048 8192 32 ) (-2048 8192 2816 ) (-2048 8640 2816 ) (-2048 8640 32 ) 
4 179 181 (-3072 8640 2816 ) (-3072 8704 2816 ) (-3072 8704 -832 ) (-3072 8640 -832 ) 
4 179 180 (-2048 8640 32 ) (-2048 8640 2816 ) (-3072 8640 2816 ) (-3072 8640 32 ) 
4 180 185 (-2048 8192 32 ) (-2048 8192 2816 ) (-3072 8192 2816 ) (-3072 8192 32 ) 
4 180 182 (-3072 8192 32 ) (-3072 8192 2816 ) (-3072 8640 2816 ) (-3072 8640 32 ) 
4 181 214 (-4096 8640 2816 ) (-4096 8704 2816 ) (-4096 8704 -832 ) (-4096 8640 -832 ) 
4 181 182 (-3072 8640 32 ) (-3072 8640 2816 ) (-4096 8640 2816 ) (-4096 8640 32 ) 
4 182 215 (-4096 8192 32 ) (-4096 8192 2816 ) (-4096 8640 2816 ) (-4096 8640 32 ) 
4 182 186 (-3072 8192 32 ) (-3072 8192 2816 ) (-4096 8192 2816 ) (-4096 8192 32 ) 
4 183 185 (-2048 8192 2816 ) (-2048 8192 32 ) (-2048 7168 32 ) (-2048 7168 2816 ) 
4 183 184 (-1024 7168 32 ) (-1024 7168 2816 ) (-2048 7168 2816 ) (-2048 7168 32 ) 
4 184 193 (-1024 6144 32 ) (-1024 6144 2816 ) (-2048 6144 2816 ) (-2048 6144 32 ) 
4 184 187 (-2048 6144 32 ) (-2048 6144 2816 ) (-2048 7168 2816 ) (-2048 7168 32 ) 
4 185 187 (-2048 7168 32 ) (-2048 7168 2816 ) (-3072 7168 2816 ) (-3072 7168 32 ) 
4 185 186 (-3072 8192 2816 ) (-3072 8192 32 ) (-3072 7168 32 ) (-3072 7168 2816 ) 
4 186 220 (-4096 7168 32 ) (-4096 7168 2816 ) (-4096 8192 2816 ) (-4096 8192 32 ) 
4 186 188 (-3072 7168 32 ) (-3072 7168 2816 ) (-4096 7168 2816 ) (-4096 7168 32 ) 
4 187 195 (-2048 6144 32 ) (-2048 6144 2816 ) (-3072 6144 2816 ) (-3072 6144 32 ) 
4 187 188 (-3072 7168 2816 ) (-3072 7168 32 ) (-3072 6144 32 ) (-3072 6144 2816 ) 
4 188 221 (-4096 6144 32 ) (-4096 6144 2816 ) (-4096 7168 2816 ) (-4096 7168 32 ) 
4 188 196 (-3072 6144 32 ) (-3072 6144 2816 ) (-4096 6144 2816 ) (-4096 6144 32 ) 
4 189 191 (1024 5120 32 ) (1024 5120 2816 ) (0 5120 2816 ) (0 5120 32 ) 
4 189 190 (0 5120 32 ) (0 5120 2816 ) (0 6144 2816 ) (0 6144 32 ) 
4 190 193 (-1024 5120 32 ) (-1024 5120 2816 ) (-1024 6144 2816 ) (-1024 6144 32 ) 
4 190 192 (0 5120 32 ) (0 5120 2816 ) (-1024 5120 2816 ) (-1024 5120 32 ) 
4 191 199 (1024 4096 32 ) (1024 4096 2816 ) (0 4096 2816 ) (0 4096 32 ) 
4 191 192 (0 5120 2816 ) (0 5120 32 ) (0 4096 32 ) (0 4096 2816 ) 
4 192 200 (0 4096 32 ) (0 4096 2816 ) (-1024 4096 2816 ) (-1024 4096 32 ) 
4 192 194 (-1024 4096 32 ) (-1024 4096 2816 ) (-1024 5120 2816 ) (-1024 5120 32 ) 
4 193 195 (-2048 6144 2816 ) (-2048 6144 32 ) (-2048 5120 32 ) (-2048 5120 2816 ) 
4 193 194 (-1024 5120 32 ) (-1024 5120 2816 ) (-2048 5120 2816 ) (-2048 5120 32 ) 
4 194 205 (-1024 4096 32 ) (-1024 4096 2816 ) (-2048 4096 2816 ) (-2048 4096 32 ) 
4 194 197 (-2048 4096 32 ) (-2048 4096 2816 ) (-2048 5120 2816 ) (-2048 5120 32 ) 
4 195 197 (-2048 5120 32 ) (-2048 5120 2816 ) (-3072 5120 2816 ) (-3072 5120 32 ) 
4 195 196 (-3072 6144 2816 ) (-3072 6144 32 ) (-3072 5120 32 ) (-3072 5120 2816 ) 
4 196 234 (-4096 5120 32 ) (-4096 5120 2816 ) (-4096 6144 2816 ) (-4096 6144 32 ) 
4 196 198 (-3072 5120 32 ) (-3072 5120 2816 ) (-4096 5120 2816 ) (-4096 5120 32 ) 
4 197 206 (-2048 4096 32 ) (-2048 4096 2816 ) (-3072 4096 2816 ) (-3072 4096 32 ) 
4 197 198 (-3072 5120 2816 ) (-3072 5120 32 ) (-3072 4096 32 ) (-3072 4096 2816 ) 
4 198 235 (-4096 4096 32 ) (-4096 4096 2816 ) (-4096 5120 2816 ) (-4096 5120 32 ) 
4 198 207 (-4096 4096 2816 ) (-4096 4096 32 ) (-3072 4096 32 ) (-3072 4096 2816 ) 
4 199 201 (1024 3072 32 ) (1024 3072 2816 ) (0 3072 2816 ) (0 3072 32 ) 
4 199 200 (0 4096 2816 ) (0 4096 32 ) (0 3072 32 ) (0 3072 2816 ) 
4 200 205 (-1024 4096 2816 ) (-1024 4096 32 ) (-1024 3072 32 ) (-1024 3072 2816 ) 
4 200 202 (0 3072 32 ) (0 3072 2816 ) (-1024 3072 2816 ) (-1024 3072 32 ) 
4 201 203 (1024 2048 32 ) (1024 2048 2816 ) (0 2048 2816 ) (0 2048 32 ) 
4 201 202 (0 2048 32 ) (0 2048 2816 ) (0 3072 2816 ) (0 3072 32 ) 
4 202 208 (-1024 2048 32 ) (-1024 2048 2816 ) (-1024 3072 2816 ) (-1024 3072 32 ) 
4 202 204 (-1024 2048 2816 ) (-1024 2048 32 ) (0 2048 32 ) (0 2048 2816 ) 
4 203 259 (1024 1024 32 ) (1024 1024 2816 ) (0 1024 2816 ) (0 1024 32 ) 
4 203 204 (0 2048 2816 ) (0 2048 32 ) (0 1024 32 ) (0 1024 2816 ) 
4 204 260 (0 1024 32 ) (0 1024 2816 ) (-1024 1024 2816 ) (-1024 1024 32 ) 
4 204 209 (-1024 1024 32 ) (-1024 1024 2816 ) (-1024 2048 2816 ) (-1024 2048 32 ) 
4 205 208 (-1024 3072 32 ) (-1024 3072 2816 ) (-2048 3072 2816 ) (-2048 3072 32 ) 
4 205 206 (-2048 4096 2816 ) (-2048 4096 32 ) (-2048 3072 32 ) (-2048 3072 2816 ) 
4 206 210 (-2048 3072 32 ) (-2048 3072 2816 ) (-3072 3072 2816 ) (-3072 3072 32 ) 
4 206 207 (-3072 3072 32 ) (-3072 3072 2816 ) (-3072 4096 2816 ) (-3072 4096 32 ) 
4 207 240 (-4096 3072 32 ) (-4096 3072 2816 ) (-4096 4096 2816 ) (-4096 4096 32 ) 
4 207 211 (-4096 3072 2816 ) (-4096 3072 32 ) (-3072 3072 32 ) (-3072 3072 2816 ) 
4 208 210 (-2048 3072 2816 ) (-2048 3072 32 ) (-2048 2048 32 ) (-2048 2048 2816 ) 
4 208 209 (-1024 2048 32 ) (-1024 2048 2816 ) (-2048 2048 2816 ) (-2048 2048 32 ) 
4 209 263 (-1024 1024 32 ) (-1024 1024 2816 ) (-2048 1024 2816 ) (-2048 1024 32 ) 
4 209 212 (-2048 1024 32 ) (-2048 1024 2816 ) (-2048 2048 2816 ) (-2048 2048 32 ) 
4 210 212 (-2048 2048 32 ) (-2048 2048 2816 ) (-3072 2048 2816 ) (-3072 2048 32 ) 
4 210 211 (-3072 3072 2816 ) (-3072 3072 32 ) (-3072 2048 32 ) (-3072 2048 2816 ) 
4 211 243 (-4096 2048 32 ) (-4096 2048 2816 ) (-4096 3072 2816 ) (-4096 3072 32 ) 
4 211 213 (-4096 2048 2816 ) (-4096 2048 32 ) (-3072 2048 32 ) (-3072 2048 2816 ) 
4 212 265 (-2048 1024 32 ) (-2048 1024 2816 ) (-3072 1024 2816 ) (-3072 1024 32 ) 
4 212 213 (-3072 2048 2816 ) (-3072 2048 32 ) (-3072 1024 32 ) (-3072 1024 2816 ) 
4 213 266 (-3072 1024 32 ) (-3072 1024 2816 ) (-4096 1024 2816 ) (-4096 1024 32 ) 
4 213 244 (-4096 1024 32 ) (-4096 1024 2816 ) (-4096 2048 2816 ) (-4096 2048 32 ) 
4 214 216 (-5120 8640 2816 ) (-5120 8704 2816 ) (-5120 8704 -832 ) (-5120 8640 -832 ) 
4 214 215 (-4096 8640 32 ) (-4096 8640 2816 ) (-5120 8640 2816 ) (-5120 8640 32 ) 
4 215 220 (-4096 8192 32 ) (-4096 8192 2816 ) (-5120 8192 2816 ) (-5120 8192 32 ) 
4 215 217 (-5120 8192 32 ) (-5120 8192 2816 ) (-5120 8640 2816 ) (-5120 8640 32 ) 
4 216 218 (-6144 8640 2816 ) (-6144 8704 2816 ) (-6144 8704 -832 ) (-6144 8640 -832 ) 
4 216 217 (-5120 8640 32 ) (-5120 8640 2816 ) (-6144 8640 2816 ) (-6144 8640 32 ) 
4 217 222 (-5120 8192 32 ) (-5120 8192 2816 ) (-6144 8192 2816 ) (-6144 8192 32 ) 
4 217 219 (-6144 8192 32 ) (-6144 8192 2816 ) (-6144 8640 2816 ) (-6144 8640 32 ) 
4 218 226 (-7168 8640 2816 ) (-7168 8704 2816 ) (-7168 8704 -832 ) (-7168 8640 -832 ) 
4 218 219 (-6144 8640 32 ) (-6144 8640 2816 ) (-7168 8640 2816 ) (-7168 8640 32 ) 
4 219 227 (-7168 8192 32 ) (-7168 8192 2816 ) (-7168 8640 2816 ) (-7168 8640 32 ) 
4 219 223 (-6144 8192 32 ) (-6144 8192 2816 ) (-7168 8192 2816 ) (-7168 8192 32 ) 
4 220 222 (-5120 8192 2816 ) (-5120 8192 32 ) (-5120 7168 32 ) (-5120 7168 2816 ) 
4 220 221 (-4096 7168 32 ) (-4096 7168 2816 ) (-5120 7168 2816 ) (-5120 7168 32 ) 
4 221 234 (-4096 6144 32 ) (-4096 6144 2816 ) (-5120 6144 2816 ) (-5120 6144 32 ) 
4 221 224 (-5120 6144 32 ) (-5120 6144 2816 ) (-5120 7168 2816 ) (-5120 7168 32 ) 
4 222 224 (-5120 7168 32 ) (-5120 7168 2816 ) (-6144 7168 2816 ) (-6144 7168 32 ) 
4 222 223 (-6144 8192 2816 ) (-6144 8192 32 ) (-6144 7168 32 ) (-6144 7168 2816 ) 
4 223 230 (-7168 7168 32 ) (-7168 7168 2816 ) (-7168 8192 2816 ) (-7168 8192 32 ) 
4 223 225 (-6144 7168 32 ) (-6144 7168 2816 ) (-7168 7168 2816 ) (-7168 7168 32 ) 
4 224 236 (-5120 6144 32 ) (-5120 6144 2816 ) (-6144 6144 2816 ) (-6144 6144 32 ) 
4 224 225 (-6144 7168 2816 ) (-6144 7168 32 ) (-6144 6144 32 ) (-6144 6144 2816 ) 
4 225 237 (-6144 6144 32 ) (-6144 6144 2816 ) (-7168 6144 2816 ) (-7168 6144 32 ) 
4 225 231 (-7168 6144 32 ) (-7168 6144 2816 ) (-7168 7168 2816 ) (-7168 7168 32 ) 
4 226 228 (-8192 8640 2816 ) (-8192 8704 2816 ) (-8192 8704 -832 ) (-8192 8640 -832 ) 
4 226 227 (-7168 8640 32 ) (-7168 8640 2816 ) (-8192 8640 2816 ) (-8192 8640 32 ) 
4 227 230 (-7168 8192 32 ) (-7168 8192 2816 ) (-8192 8192 2816 ) (-8192 8192 32 ) 
4 227 229 (-8192 8192 32 ) (-8192 8192 2816 ) (-8192 8640 2816 ) (-8192 8640 32 ) 
4 228 229 (-8512 8640 2816 ) (-8512 8640 32 ) (-8192 8640 32 ) (-8192 8640 2816 ) 
4 229 232 (-8192 8192 32 ) (-8192 8192 2816 ) (-8512 8192 2816 ) (-8512 8192 32 ) 
4 230 232 (-8192 8192 2816 ) (-8192 8192 32 ) (-8192 7168 32 ) (-8192 7168 2816 ) 
4 230 231 (-7168 7168 32 ) (-7168 7168 2816 ) (-8192 7168 2816 ) (-8192 7168 32 ) 
4 231 249 (-7168 6144 32 ) (-7168 6144 2816 ) (-8192 6144 2816 ) (-8192 6144 32 ) 
4 231 233 (-8192 6144 32 ) (-8192 6144 2816 ) (-8192 7168 2816 ) (-8192 7168 32 ) 
4 232 233 (-8192 7168 32 ) (-8192 7168 2816 ) (-8512 7168 2816 ) (-8512 7168 32 ) 
4 233 251 (-8192 6144 32 ) (-8192 6144 2816 ) (-8512 6144 2816 ) (-8512 6144 32 ) 
4 234 236 (-5120 6144 2816 ) (-5120 6144 32 ) (-5120 5120 32 ) (-5120 5120 2816 ) 
4 234 235 (-4096 5120 32 ) (-4096 5120 2816 ) (-5120 5120 2816 ) (-5120 5120 32 ) 
4 235 240 (-4096 4096 32 ) (-4096 4096 2816 ) (-5120 4096 2816 ) (-5120 4096 32 ) 
4 235 238 (-5120 4096 32 ) (-5120 4096 2816 ) (-5120 5120 2816 ) (-5120 5120 32 ) 
4 236 238 (-5120 5120 32 ) (-5120 5120 2816 ) (-6144 5120 2816 ) (-6144 5120 32 ) 
4 236 237 (-6144 6144 2816 ) (-6144 6144 32 ) (-6144 5120 32 ) (-6144 5120 2816 ) 
4 237 249 (-7168 6144 2816 ) (-7168 6144 32 ) (-7168 5120 32 ) (-7168 5120 2816 ) 
4 237 239 (-6144 5120 32 ) (-6144 5120 2816 ) (-7168 5120 2816 ) (-7168 5120 32 ) 
4 238 241 (-5120 4096 32 ) (-5120 4096 2816 ) (-6144 4096 2816 ) (-6144 4096 32 ) 
4 238 239 (-6144 5120 2816 ) (-6144 5120 32 ) (-6144 4096 32 ) (-6144 4096 2816 ) 
4 239 250 (-7168 4096 32 ) (-7168 4096 2816 ) (-7168 5120 2816 ) (-7168 5120 32 ) 
4 239 242 (-6144 4096 32 ) (-6144 4096 2816 ) (-7168 4096 2816 ) (-7168 4096 32 ) 
4 240 243 (-4096 3072 32 ) (-4096 3072 2816 ) (-5120 3072 2816 ) (-5120 3072 32 ) 
4 240 241 (-5120 3072 32 ) (-5120 3072 2816 ) (-5120 4096 2816 ) (-5120 4096 32 ) 
4 241 245 (-5120 3072 32 ) (-5120 3072 2816 ) (-6144 3072 2816 ) (-6144 3072 32 ) 
4 241 242 (-6144 4096 2816 ) (-6144 4096 32 ) (-6144 3072 32 ) (-6144 3072 2816 ) 
4 242 253 (-7168 3072 32 ) (-7168 3072 2816 ) (-7168 4096 2816 ) (-7168 4096 32 ) 
4 242 246 (-7168 3072 2816 ) (-7168 3072 32 ) (-6144 3072 32 ) (-6144 3072 2816 ) 
4 243 245 (-5120 3072 2816 ) (-5120 3072 32 ) (-5120 2048 32 ) (-5120 2048 2816 ) 
4 243 244 (-4096 2048 32 ) (-4096 2048 2816 ) (-5120 2048 2816 ) (-5120 2048 32 ) 
4 244 324 (-4096 1024 32 ) (-4096 1024 2816 ) (-5120 1024 2816 ) (-5120 1024 32 ) 
4 244 247 (-5120 1024 32 ) (-5120 1024 2816 ) (-5120 2048 2816 ) (-5120 2048 32 ) 
4 245 247 (-5120 2048 32 ) (-5120 2048 2816 ) (-6144 2048 2816 ) (-6144 2048 32 ) 
4 245 246 (-6144 3072 2816 ) (-6144 3072 32 ) (-6144 2048 32 ) (-6144 2048 2816 ) 
4 246 255 (-7168 2048 32 ) (-7168 2048 2816 ) (-7168 3072 2816 ) (-7168 3072 32 ) 
4 246 248 (-7168 2048 2816 ) (-7168 2048 32 ) (-6144 2048 32 ) (-6144 2048 2816 ) 
4 247 326 (-5120 1024 32 ) (-5120 1024 2816 ) (-6144 1024 2816 ) (-6144 1024 32 ) 
4 247 248 (-6144 2048 2816 ) (-6144 2048 32 ) (-6144 1024 32 ) (-6144 1024 2816 ) 
4 248 327 (-6144 1024 32 ) (-6144 1024 2816 ) (-7168 1024 2816 ) (-7168 1024 32 ) 
4 248 256 (-7168 1024 32 ) (-7168 1024 2816 ) (-7168 2048 2816 ) (-7168 2048 32 ) 
4 249 251 (-8192 6144 2816 ) (-8192 6144 32 ) (-8192 5120 32 ) (-8192 5120 2816 ) 
4 249 250 (-7168 5120 32 ) (-7168 5120 2816 ) (-8192 5120 2816 ) (-8192 5120 32 ) 
4 250 253 (-7168 4096 32 ) (-7168 4096 2816 ) (-8192 4096 2816 ) (-8192 4096 32 ) 
4 250 252 (-8192 4096 32 ) (-8192 4096 2816 ) (-8192 5120 2816 ) (-8192 5120 32 ) 
4 251 252 (-8192 5120 32 ) (-8192 5120 2816 ) (-8512 5120 2816 ) (-8512 5120 32 ) 
4 252 254 (-8192 4096 32 ) (-8192 4096 2816 ) (-8512 4096 2816 ) (-8512 4096 32 ) 
4 253 255 (-7168 3072 32 ) (-7168 3072 2816 ) (-8192 3072 2816 ) (-8192 3072 32 ) 
4 253 254 (-8192 3072 32 ) (-8192 3072 2816 ) (-8192 4096 2816 ) (-8192 4096 32 ) 
4 254 257 (-8192 3072 32 ) (-8192 3072 2816 ) (-8512 3072 2816 ) (-8512 3072 32 ) 
4 255 257 (-8192 3072 2816 ) (-8192 3072 32 ) (-8192 2048 32 ) (-8192 2048 2816 ) 
4 255 256 (-7168 2048 32 ) (-7168 2048 2816 ) (-8192 2048 2816 ) (-8192 2048 32 ) 
4 256 339 (-7168 1024 32 ) (-7168 1024 2816 ) (-8192 1024 2816 ) (-8192 1024 32 ) 
4 256 258 (-8192 1024 32 ) (-8192 1024 2816 ) (-8192 2048 2816 ) (-8192 2048 32 ) 
4 257 258 (-8192 2048 32 ) (-8192 2048 2816 ) (-8512 2048 2816 ) (-8512 2048 32 ) 
4 258 341 (-8192 1024 32 ) (-8192 1024 2816 ) (-8512 1024 2816 ) (-8512 1024 32 ) 
4 259 261 (1024 0 32 ) (1024 0 2816 ) (0 0 2816 ) (0 0 32 ) 
4 259 260 (0 0 32 ) (0 0 2816 ) (0 1024 2816 ) (0 1024 32 ) 
4 260 263 (-1024 0 32 ) (-1024 0 2816 ) (-1024 1024 2816 ) (-1024 1024 32 ) 
4 260 262 (0 0 32 ) (0 0 2816 ) (-1024 0 2816 ) (-1024 0 32 ) 
4 261 269 (1024 -1024 32 ) (1024 -1024 2816 ) (0 -1024 2816 ) (0 -1024 32 ) 
4 261 262 (0 0 2816 ) (0 0 32 ) (0 -1024 32 ) (0 -1024 2816 ) 
4 262 270 (0 -1024 32 ) (0 -1024 2816 ) (-1024 -1024 2816 ) (-1024 -1024 32 ) 
4 262 264 (-1024 -1024 32 ) (-1024 -1024 2816 ) (-1024 0 2816 ) (-1024 0 32 ) 
4 263 265 (-2048 1024 2816 ) (-2048 1024 32 ) (-2048 0 32 ) (-2048 0 2816 ) 
4 263 264 (-1024 0 32 ) (-1024 0 2816 ) (-2048 0 2816 ) (-2048 0 32 ) 
4 264 275 (-1024 -1024 32 ) (-1024 -1024 2816 ) (-2048 -1024 2816 ) (-2048 -1024 32 ) 
4 264 267 (-2048 -1024 32 ) (-2048 -1024 2816 ) (-2048 0 2816 ) (-2048 0 32 ) 
4 265 267 (-2048 0 32 ) (-2048 0 2816 ) (-3072 0 2816 ) (-3072 0 32 ) 
4 265 266 (-3072 1024 2816 ) (-3072 1024 32 ) (-3072 0 32 ) (-3072 0 2816 ) 
4 266 324 (-4096 1024 2816 ) (-4096 1024 32 ) (-4096 0 32 ) (-4096 0 2816 ) 
4 266 268 (-3072 0 32 ) (-3072 0 2816 ) (-4096 0 2816 ) (-4096 0 32 ) 
4 267 276 (-2048 -1024 32 ) (-2048 -1024 2816 ) (-3072 -1024 2816 ) (-3072 -1024 32 ) 
4 267 268 (-3072 0 2816 ) (-3072 0 32 ) (-3072 -1024 32 ) (-3072 -1024 2816 ) 
4 268 325 (-4096 -1024 32 ) (-4096 -1024 2816 ) (-4096 0 2816 ) (-4096 0 32 ) 
4 268 277 (-4096 -1024 2816 ) (-4096 -1024 32 ) (-3072 -1024 32 ) (-3072 -1024 2816 ) 
4 269 271 (1024 -2048 32 ) (1024 -2048 2816 ) (0 -2048 2816 ) (0 -2048 32 ) 
4 269 270 (0 -1024 2816 ) (0 -1024 32 ) (0 -2048 32 ) (0 -2048 2816 ) 
4 270 275 (-1024 -1024 2816 ) (-1024 -1024 32 ) (-1024 -2048 32 ) (-1024 -2048 2816 ) 
4 270 272 (0 -2048 32 ) (0 -2048 2816 ) (-1024 -2048 2816 ) (-1024 -2048 32 ) 
4 271 273 (1024 -3072 32 ) (1024 -3072 2816 ) (0 -3072 2816 ) (0 -3072 32 ) 
4 271 272 (0 -3072 32 ) (0 -3072 2816 ) (0 -2048 2816 ) (0 -2048 32 ) 
4 272 278 (-1024 -3072 32 ) (-1024 -3072 2816 ) (-1024 -2048 2816 ) (-1024 -2048 32 ) 
4 272 274 (-1024 -3072 2816 ) (-1024 -3072 32 ) (0 -3072 32 ) (0 -3072 2816 ) 
4 273 285 (1024 -4096 32 ) (1024 -4096 416 ) (512 -4096 416 ) (512 -4096 32 ) 
4 273 286 (512 -4096 416 ) (0 -4096 416 ) (0 -4096 32 ) (512 -4096 32 ) 
4 273 284 (1024 -4096 416 ) (1024 -4096 2816 ) (0 -4096 2816 ) (0 -4096 416 ) 
4 273 274 (0 -3072 2816 ) (0 -3072 32 ) (0 -4096 32 ) (0 -4096 2816 ) 
4 274 288 (0 -4096 32 ) (0 -4096 416 ) (-512 -4096 416 ) (-512 -4096 32 ) 
4 274 289 (-512 -4096 416 ) (-1024 -4096 416 ) (-1024 -4096 32 ) (-512 -4096 32 ) 
4 274 287 (0 -4096 416 ) (0 -4096 2816 ) (-1024 -4096 2816 ) (-1024 -4096 416 ) 
4 274 279 (-1024 -4096 32 ) (-1024 -4096 2816 ) (-1024 -3072 2816 ) (-1024 -3072 32 ) 
4 275 278 (-1024 -2048 32 ) (-1024 -2048 2816 ) (-2048 -2048 2816 ) (-2048 -2048 32 ) 
4 275 276 (-2048 -1024 2816 ) (-2048 -1024 32 ) (-2048 -2048 32 ) (-2048 -2048 2816 ) 
4 276 280 (-2048 -2048 32 ) (-2048 -2048 2816 ) (-3072 -2048 2816 ) (-3072 -2048 32 ) 
4 276 277 (-3072 -2048 32 ) (-3072 -2048 2816 ) (-3072 -1024 2816 ) (-3072 -1024 32 ) 
4 277 330 (-4096 -2048 32 ) (-4096 -2048 2816 ) (-4096 -1024 2816 ) (-4096 -1024 32 ) 
4 277 281 (-4096 -2048 2816 ) (-4096 -2048 32 ) (-3072 -2048 32 ) (-3072 -2048 2816 ) 
4 278 280 (-2048 -2048 2816 ) (-2048 -2048 32 ) (-2048 -3072 32 ) (-2048 -3072 2816 ) 
4 278 279 (-1024 -3072 32 ) (-1024 -3072 2816 ) (-2048 -3072 2816 ) (-2048 -3072 32 ) 
4 279 297 (-1024 -4096 32 ) (-1024 -4096 416 ) (-1536 -4096 416 ) (-1536 -4096 32 ) 
4 279 298 (-1536 -4096 416 ) (-2048 -4096 416 ) (-2048 -4096 32 ) (-1536 -4096 32 ) 
4 279 296 (-1024 -4096 416 ) (-1024 -4096 2816 ) (-2048 -4096 2816 ) (-2048 -4096 416 ) 
4 279 282 (-2048 -4096 32 ) (-2048 -4096 2816 ) (-2048 -3072 2816 ) (-2048 -3072 32 ) 
4 280 282 (-2048 -3072 32 ) (-2048 -3072 2816 ) (-3072 -3072 2816 ) (-3072 -3072 32 ) 
4 280 281 (-3072 -2048 2816 ) (-3072 -2048 32 ) (-3072 -3072 32 ) (-3072 -3072 2816 ) 
4 281 333 (-4096 -3072 32 ) (-4096 -3072 2816 ) (-4096 -2048 2816 ) (-4096 -2048 32 ) 
4 281 283 (-4096 -3072 2816 ) (-4096 -3072 32 ) (-3072 -3072 32 ) (-3072 -3072 2816 ) 
4 282 303 (-2048 -4096 32 ) (-2048 -4096 416 ) (-2560 -4096 416 ) (-2560 -4096 32 ) 
4 282 304 (-2560 -4096 416 ) (-3072 -4096 416 ) (-3072 -4096 32 ) (-2560 -4096 32 ) 
4 282 302 (-2048 -4096 416 ) (-2048 -4096 2816 ) (-3072 -4096 2816 ) (-3072 -4096 416 ) 
4 282 283 (-3072 -3072 2816 ) (-3072 -3072 32 ) (-3072 -4096 32 ) (-3072 -4096 2816 ) 
4 283 334 (-4096 -4096 32 ) (-4096 -4096 2816 ) (-4096 -3072 2816 ) (-4096 -3072 32 ) 
4 283 306 (-3072 -4096 32 ) (-3072 -4096 416 ) (-3584 -4096 416 ) (-3584 -4096 32 ) 
4 283 307 (-3584 -4096 416 ) (-4096 -4096 416 ) (-4096 -4096 32 ) (-3584 -4096 32 ) 
4 283 305 (-3072 -4096 416 ) (-3072 -4096 2816 ) (-4096 -4096 2816 ) (-4096 -4096 416 ) 
4 284 290 (1024 -5120 416 ) (1024 -5120 2816 ) (0 -5120 2816 ) (0 -5120 416 ) 
4 284 287 (0 -5120 416 ) (0 -5120 2816 ) (0 -4096 2816 ) (0 -4096 416 ) 
4 284 285 (512 -4096 416 ) (1024 -4096 416 ) (1024 -4864 416 ) (512 -4864 416 ) 
4 284 286 (0 -5120 416 ) (0 -4096 416 ) (512 -4096 416 ) (512 -5120 416 ) 
4 285 286 (512 -4096 32 ) (512 -4864 32 ) (512 -4864 416 ) (512 -4096 416 ) 
4 286 292 (512 -5120 416 ) (0 -5120 416 ) (0 -5120 32 ) (512 -5120 32 ) 
4 286 288 (0 -4864 416 ) (0 -4096 416 ) (0 -4096 32 ) (0 -4864 32 ) 
4 287 296 (-1024 -5120 416 ) (-1024 -5120 2816 ) (-1024 -4096 2816 ) (-1024 -4096 416 ) 
4 287 293 (0 -5120 416 ) (0 -5120 2816 ) (-1024 -5120 2816 ) (-1024 -5120 416 ) 
4 287 288 (-512 -4864 416 ) (-512 -4096 416 ) (0 -4096 416 ) (0 -4864 416 ) 
4 287 289 (-512 -5120 416 ) (-1024 -5120 416 ) (-1024 -4096 416 ) (-512 -4096 416 ) 
4 288 289 (-512 -4096 32 ) (-512 -4864 32 ) (-512 -4864 416 ) (-512 -4096 416 ) 
4 289 297 (-1024 -4864 416 ) (-1024 -4096 416 ) (-1024 -4096 32 ) (-1024 -4864 32 ) 
4 289 295 (-512 -5120 416 ) (-1024 -5120 416 ) (-1024 -5120 32 ) (-512 -5120 32 ) 
4 290 314 (1024 -6144 416 ) (1024 -6144 2816 ) (0 -6144 2816 ) (0 -6144 416 ) 
4 290 293 (0 -5120 2816 ) (0 -5120 416 ) (0 -6144 416 ) (0 -6144 2816 ) 
4 290 291 (1024 -5376 416 ) (1024 -6144 416 ) (512 -6144 416 ) (512 -5376 416 ) 
4 290 292 (0 -6144 416 ) (0 -5120 416 ) (512 -5120 416 ) (512 -6144 416 ) 
4 291 314 (1024 -6144 32 ) (1024 -6144 416 ) (512 -6144 416 ) (512 -6144 32 ) 
4 291 292 (512 -5376 32 ) (512 -6144 32 ) (512 -6144 416 ) (512 -5376 416 ) 
4 292 314 (512 -6144 416 ) (0 -6144 416 ) (0 -6144 32 ) (512 -6144 32 ) 
4 292 294 (0 -5376 32 ) (0 -6144 32 ) (0 -6144 416 ) (0 -5376 416 ) 
4 293 315 (0 -6144 416 ) (0 -6144 2816 ) (-1024 -6144 2816 ) (-1024 -6144 416 ) 
4 293 299 (-1024 -6144 416 ) (-1024 -6144 2816 ) (-1024 -5120 2816 ) (-1024 -5120 416 ) 
4 293 294 (0 -6144 416 ) (-512 -6144 416 ) (-512 -5376 416 ) (0 -5376 416 ) 
4 293 295 (-512 -6144 416 ) (-1024 -6144 416 ) (-1024 -5120 416 ) (-512 -5120 416 ) 
4 294 315 (0 -6144 32 ) (0 -6144 416 ) (-512 -6144 416 ) (-512 -6144 32 ) 
4 294 295 (-512 -5376 32 ) (-512 -6144 32 ) (-512 -6144 416 ) (-512 -5376 416 ) 
4 295 315 (-512 -6144 416 ) (-1024 -6144 416 ) (-1024 -6144 32 ) (-512 -6144 32 ) 
4 295 300 (-1024 -6144 32 ) (-1024 -6144 416 ) (-1024 -5376 416 ) (-1024 -5376 32 ) 
4 296 302 (-2048 -4096 2816 ) (-2048 -4096 416 ) (-2048 -5120 416 ) (-2048 -5120 2816 ) 
4 296 299 (-1024 -5120 416 ) (-1024 -5120 2816 ) (-2048 -5120 2816 ) (-2048 -5120 416 ) 
4 296 297 (-1536 -4864 416 ) (-1536 -4096 416 ) (-1024 -4096 416 ) (-1024 -4864 416 ) 
4 296 298 (-1536 -5120 416 ) (-2048 -5120 416 ) (-2048 -4096 416 ) (-1536 -4096 416 ) 
4 297 298 (-1536 -4096 32 ) (-1536 -4864 32 ) (-1536 -4864 416 ) (-1536 -4096 416 ) 
4 298 303 (-2048 -4096 416 ) (-2048 -4096 32 ) (-2048 -4864 32 ) (-2048 -4864 416 ) 
4 298 301 (-1536 -5120 416 ) (-2048 -5120 416 ) (-2048 -5120 32 ) (-1536 -5120 32 ) 
4 299 318 (-1024 -6144 416 ) (-1024 -6144 2816 ) (-2048 -6144 2816 ) (-2048 -6144 416 ) 
4 299 308 (-2048 -6144 416 ) (-2048 -6144 2816 ) (-2048 -5120 2816 ) (-2048 -5120 416 ) 
4 299 300 (-1024 -6144 416 ) (-1536 -6144 416 ) (-1536 -5376 416 ) (-1024 -5376 416 ) 
4 299 301 (-1536 -6144 416 ) (-2048 -6144 416 ) (-2048 -5120 416 ) (-1536 -5120 416 ) 
4 300 318 (-1024 -6144 32 ) (-1024 -6144 416 ) (-1536 -6144 416 ) (-1536 -6144 32 ) 
4 300 301 (-1536 -5376 32 ) (-1536 -6144 32 ) (-1536 -6144 416 ) (-1536 -5376 416 ) 
4 301 318 (-1536 -6144 416 ) (-2048 -6144 416 ) (-2048 -6144 32 ) (-1536 -6144 32 ) 
4 301 309 (-2048 -6144 32 ) (-2048 -6144 416 ) (-2048 -5376 416 ) (-2048 -5376 32 ) 
4 302 308 (-2048 -5120 416 ) (-2048 -5120 2816 ) (-3072 -5120 2816 ) (-3072 -5120 416 ) 
4 302 305 (-3072 -4096 2816 ) (-3072 -4096 416 ) (-3072 -5120 416 ) (-3072 -5120 2816 ) 
4 302 303 (-2560 -4096 416 ) (-2048 -4096 416 ) (-2048 -4864 416 ) (-2560 -4864 416 ) 
4 302 304 (-3072 -5120 416 ) (-3072 -4096 416 ) (-2560 -4096 416 ) (-2560 -5120 416 ) 
4 303 304 (-2560 -4096 32 ) (-2560 -4864 32 ) (-2560 -4864 416 ) (-2560 -4096 416 ) 
4 304 310 (-2560 -5120 416 ) (-3072 -5120 416 ) (-3072 -5120 32 ) (-2560 -5120 32 ) 
4 304 306 (-3072 -4096 416 ) (-3072 -4096 32 ) (-3072 -4864 32 ) (-3072 -4864 416 ) 
4 305 349 (-4096 -5120 416 ) (-4096 -5120 2816 ) (-4096 -4096 2816 ) (-4096 -4096 416 ) 
4 305 311 (-3072 -5120 416 ) (-3072 -5120 2816 ) (-4096 -5120 2816 ) (-4096 -5120 416 ) 
4 305 306 (-3584 -4864 416 ) (-3584 -4096 416 ) (-3072 -4096 416 ) (-3072 -4864 416 ) 
4 305 307 (-3584 -5120 416 ) (-4096 -5120 416 ) (-4096 -4096 416 ) (-3584 -4096 416 ) 
4 306 307 (-3584 -4096 32 ) (-3584 -4864 32 ) (-3584 -4864 416 ) (-3584 -4096 416 ) 
4 307 350 (-4096 -4864 416 ) (-4096 -4096 416 ) (-4096 -4096 32 ) (-4096 -4864 32 ) 
4 307 313 (-3584 -5120 416 ) (-4096 -5120 416 ) (-4096 -5120 32 ) (-3584 -5120 32 ) 
4 308 319 (-2048 -6144 416 ) (-2048 -6144 2816 ) (-3072 -6144 2816 ) (-3072 -6144 416 ) 
4 308 311 (-3072 -5120 2816 ) (-3072 -5120 416 ) (-3072 -6144 416 ) (-3072 -6144 2816 ) 
4 308 309 (-2048 -6144 416 ) (-2560 -6144 416 ) (-2560 -5376 416 ) (-2048 -5376 416 ) 
4 308 310 (-2560 -6144 416 ) (-3072 -6144 416 ) (-3072 -5120 416 ) (-2560 -5120 416 ) 
4 309 319 (-2048 -6144 32 ) (-2048 -6144 416 ) (-2560 -6144 416 ) (-2560 -6144 32 ) 
4 309 310 (-2560 -5376 32 ) (-2560 -6144 32 ) (-2560 -6144 416 ) (-2560 -5376 416 ) 
4 310 319 (-2560 -6144 416 ) (-3072 -6144 416 ) (-3072 -6144 32 ) (-2560 -6144 32 ) 
4 310 312 (-3072 -5376 32 ) (-3072 -6144 32 ) (-3072 -6144 416 ) (-3072 -5376 416 ) 
4 311 352 (-4096 -6144 416 ) (-4096 -6144 2816 ) (-4096 -5120 2816 ) (-4096 -5120 416 ) 
4 311 320 (-4096 -6144 2816 ) (-4096 -6144 416 ) (-3072 -6144 416 ) (-3072 -6144 2816 ) 
4 311 312 (-3072 -6144 416 ) (-3584 -6144 416 ) (-3584 -5376 416 ) (-3072 -5376 416 ) 
4 311 313 (-3584 -6144 416 ) (-4096 -6144 416 ) (-4096 -5120 416 ) (-3584 -5120 416 ) 
4 312 320 (-3584 -6144 32 ) (-3072 -6144 32 ) (-3072 -6144 416 ) (-3584 -6144 416 ) 
4 312 313 (-3584 -5376 32 ) (-3584 -6144 32 ) (-3584 -6144 416 ) (-3584 -5376 416 ) 
4 313 353 (-4096 -6144 32 ) (-4096 -6144 416 ) (-4096 -5376 416 ) (-4096 -5376 32 ) 
4 313 320 (-4096 -6144 416 ) (-4096 -6144 32 ) (-3584 -6144 32 ) (-3584 -6144 416 ) 
4 314 316 (1024 -7168 32 ) (1024 -7168 2816 ) (0 -7168 2816 ) (0 -7168 32 ) 
4 314 315 (0 -6144 2816 ) (0 -6144 32 ) (0 -7168 32 ) (0 -7168 2816 ) 
4 315 318 (-1024 -6144 2816 ) (-1024 -6144 32 ) (-1024 -7168 32 ) (-1024 -7168 2816 ) 
4 315 317 (0 -7168 32 ) (0 -7168 2816 ) (-1024 -7168 2816 ) (-1024 -7168 32 ) 
4 316 317 (0 -8000 2816 ) (0 -7168 2816 ) (0 -7168 32 ) (0 -8000 32 ) 
4 317 321 (-1024 -8000 2816 ) (-1024 -7168 2816 ) (-1024 -7168 32 ) (-1024 -8000 32 ) 
4 318 321 (-1024 -7168 32 ) (-1024 -7168 2816 ) (-2048 -7168 2816 ) (-2048 -7168 32 ) 
4 318 319 (-2048 -6144 2816 ) (-2048 -6144 32 ) (-2048 -7168 32 ) (-2048 -7168 2816 ) 
4 319 322 (-2048 -7168 32 ) (-2048 -7168 2816 ) (-3072 -7168 2816 ) (-3072 -7168 32 ) 
4 319 320 (-3072 -7168 32 ) (-3072 -7168 2816 ) (-3072 -6144 2816 ) (-3072 -6144 32 ) 
4 320 359 (-4096 -7168 32 ) (-4096 -7168 2816 ) (-4096 -6144 2816 ) (-4096 -6144 32 ) 
4 320 323 (-4096 -7168 2816 ) (-4096 -7168 32 ) (-3072 -7168 32 ) (-3072 -7168 2816 ) 
4 321 322 (-2048 -7168 2816 ) (-2048 -7168 32 ) (-2048 -8000 32 ) (-2048 -8000 2816 ) 
4 322 323 (-3072 -7168 2816 ) (-3072 -7168 32 ) (-3072 -8000 32 ) (-3072 -8000 2816 ) 
4 323 362 (-4096 -8000 2816 ) (-4096 -7168 2816 ) (-4096 -7168 32 ) (-4096 -8000 32 ) 
4 324 326 (-5120 1024 2816 ) (-5120 1024 32 ) (-5120 0 32 ) (-5120 0 2816 ) 
4 324 325 (-4096 0 32 ) (-4096 0 2816 ) (-5120 0 2816 ) (-5120 0 32 ) 
4 325 330 (-4096 -1024 32 ) (-4096 -1024 2816 ) (-5120 -1024 2816 ) (-5120 -1024 32 ) 
4 325 328 (-5120 -1024 32 ) (-5120 -1024 2816 ) (-5120 0 2816 ) (-5120 0 32 ) 
4 326 328 (-5120 0 32 ) (-5120 0 2816 ) (-6144 0 2816 ) (-6144 0 32 ) 
4 326 327 (-6144 1024 2816 ) (-6144 1024 32 ) (-6144 0 32 ) (-6144 0 2816 ) 
4 327 339 (-7168 1024 2816 ) (-7168 1024 32 ) (-7168 0 32 ) (-7168 0 2816 ) 
4 327 329 (-6144 0 32 ) (-6144 0 2816 ) (-7168 0 2816 ) (-7168 0 32 ) 
4 328 331 (-5120 -1024 32 ) (-5120 -1024 2816 ) (-6144 -1024 2816 ) (-6144 -1024 32 ) 
4 328 329 (-6144 0 2816 ) (-6144 0 32 ) (-6144 -1024 32 ) (-6144 -1024 2816 ) 
4 329 340 (-7168 -1024 32 ) (-7168 -1024 2816 ) (-7168 0 2816 ) (-7168 0 32 ) 
4 329 332 (-6144 -1024 32 ) (-6144 -1024 2816 ) (-7168 -1024 2816 ) (-7168 -1024 32 ) 
4 330 333 (-4096 -2048 32 ) (-4096 -2048 2816 ) (-5120 -2048 2816 ) (-5120 -2048 32 ) 
4 330 331 (-5120 -2048 32 ) (-5120 -2048 2816 ) (-5120 -1024 2816 ) (-5120 -1024 32 ) 
4 331 335 (-5120 -2048 32 ) (-5120 -2048 2816 ) (-6144 -2048 2816 ) (-6144 -2048 32 ) 
4 331 332 (-6144 -1024 2816 ) (-6144 -1024 32 ) (-6144 -2048 32 ) (-6144 -2048 2816 ) 
4 332 343 (-7168 -2048 32 ) (-7168 -2048 2816 ) (-7168 -1024 2816 ) (-7168 -1024 32 ) 
4 332 336 (-7168 -2048 2816 ) (-7168 -2048 32 ) (-6144 -2048 32 ) (-6144 -2048 2816 ) 
4 333 335 (-5120 -2048 2816 ) (-5120 -2048 32 ) (-5120 -3072 32 ) (-5120 -3072 2816 ) 
4 333 334 (-4096 -3072 32 ) (-4096 -3072 2816 ) (-5120 -3072 2816 ) (-5120 -3072 32 ) 
4 334 350 (-4096 -4096 32 ) (-4096 -4096 416 ) (-4608 -4096 416 ) (-4608 -4096 32 ) 
4 334 351 (-4608 -4096 416 ) (-5120 -4096 416 ) (-5120 -4096 32 ) (-4608 -4096 32 ) 
4 334 349 (-4096 -4096 416 ) (-4096 -4096 2816 ) (-5120 -4096 2816 ) (-5120 -4096 416 ) 
4 334 337 (-5120 -4096 32 ) (-5120 -4096 2816 ) (-5120 -3072 2816 ) (-5120 -3072 32 ) 
4 335 337 (-5120 -3072 32 ) (-5120 -3072 2816 ) (-6144 -3072 2816 ) (-6144 -3072 32 ) 
4 335 336 (-6144 -2048 2816 ) (-6144 -2048 32 ) (-6144 -3072 32 ) (-6144 -3072 2816 ) 
4 336 345 (-7168 -3072 32 ) (-7168 -3072 2816 ) (-7168 -2048 2816 ) (-7168 -2048 32 ) 
4 336 338 (-7168 -3072 2816 ) (-7168 -3072 32 ) (-6144 -3072 32 ) (-6144 -3072 2816 ) 
4 337 355 (-5120 -4096 32 ) (-5120 -4096 2816 ) (-6144 -4096 2816 ) (-6144 -4096 32 ) 
4 337 338 (-6144 -3072 2816 ) (-6144 -3072 32 ) (-6144 -4096 32 ) (-6144 -4096 2816 ) 
4 338 356 (-6144 -4096 32 ) (-6144 -4096 2816 ) (-7168 -4096 2816 ) (-7168 -4096 32 ) 
4 338 346 (-7168 -4096 32 ) (-7168 -4096 2816 ) (-7168 -3072 2816 ) (-7168 -3072 32 ) 
4 339 341 (-8192 1024 2816 ) (-8192 1024 32 ) (-8192 0 32 ) (-8192 0 2816 ) 
4 339 340 (-7168 0 32 ) (-7168 0 2816 ) (-8192 0 2816 ) (-8192 0 32 ) 
4 340 343 (-7168 -1024 32 ) (-7168 -1024 2816 ) (-8192 -1024 2816 ) (-8192 -1024 32 ) 
4 340 342 (-8192 -1024 32 ) (-8192 -1024 2816 ) (-8192 0 2816 ) (-8192 0 32 ) 
4 341 342 (-8192 0 32 ) (-8192 0 2816 ) (-8512 0 2816 ) (-8512 0 32 ) 
4 342 344 (-8192 -1024 32 ) (-8192 -1024 2816 ) (-8512 -1024 2816 ) (-8512 -1024 32 ) 
4 343 345 (-7168 -2048 32 ) (-7168 -2048 2816 ) (-8192 -2048 2816 ) (-8192 -2048 32 ) 
4 343 344 (-8192 -2048 32 ) (-8192 -2048 2816 ) (-8192 -1024 2816 ) (-8192 -1024 32 ) 
4 344 347 (-8192 -2048 32 ) (-8192 -2048 2816 ) (-8512 -2048 2816 ) (-8512 -2048 32 ) 
4 345 347 (-8192 -2048 2816 ) (-8192 -2048 32 ) (-8192 -3072 32 ) (-8192 -3072 2816 ) 
4 345 346 (-7168 -3072 32 ) (-7168 -3072 2816 ) (-8192 -3072 2816 ) (-8192 -3072 32 ) 
4 346 365 (-7168 -4096 32 ) (-7168 -4096 2816 ) (-8192 -4096 2816 ) (-8192 -4096 32 ) 
4 346 348 (-8192 -4096 32 ) (-8192 -4096 2816 ) (-8192 -3072 2816 ) (-8192 -3072 32 ) 
4 347 348 (-8192 -3072 32 ) (-8192 -3072 2816 ) (-8512 -3072 2816 ) (-8512 -3072 32 ) 
4 348 367 (-8192 -4096 32 ) (-8192 -4096 2816 ) (-8512 -4096 2816 ) (-8512 -4096 32 ) 
4 349 355 (-5120 -4096 2816 ) (-5120 -4096 416 ) (-5120 -5120 416 ) (-5120 -5120 2816 ) 
4 349 352 (-4096 -5120 416 ) (-4096 -5120 2816 ) (-5120 -5120 2816 ) (-5120 -5120 416 ) 
4 349 350 (-4608 -4864 416 ) (-4608 -4096 416 ) (-4096 -4096 416 ) (-4096 -4864 416 ) 
4 349 351 (-4608 -5120 416 ) (-5120 -5120 416 ) (-5120 -4096 416 ) (-4608 -4096 416 ) 
4 350 351 (-4608 -4096 32 ) (-4608 -4864 32 ) (-4608 -4864 416 ) (-4608 -4096 416 ) 
4 351 355 (-5120 -4096 416 ) (-5120 -4096 32 ) (-5120 -5120 32 ) (-5120 -5120 416 ) 
4 351 354 (-4608 -5120 416 ) (-5120 -5120 416 ) (-5120 -5120 32 ) (-4608 -5120 32 ) 
4 352 359 (-4096 -6144 416 ) (-4096 -6144 2816 ) (-5120 -6144 2816 ) (-5120 -6144 416 ) 
4 352 357 (-5120 -6144 416 ) (-5120 -6144 2816 ) (-5120 -5120 2816 ) (-5120 -5120 416 ) 
4 352 353 (-4096 -6144 416 ) (-4608 -6144 416 ) (-4608 -5376 416 ) (-4096 -5376 416 ) 
4 352 354 (-4608 -6144 416 ) (-5120 -6144 416 ) (-5120 -5120 416 ) (-4608 -5120 416 ) 
4 353 359 (-4096 -6144 32 ) (-4096 -6144 416 ) (-4608 -6144 416 ) (-4608 -6144 32 ) 
4 353 354 (-4608 -5376 32 ) (-4608 -6144 32 ) (-4608 -6144 416 ) (-4608 -5376 416 ) 
4 354 359 (-4608 -6144 416 ) (-5120 -6144 416 ) (-5120 -6144 32 ) (-4608 -6144 32 ) 
4 354 357 (-5120 -6144 32 ) (-5120 -6144 416 ) (-5120 -5120 416 ) (-5120 -5120 32 ) 
4 355 357 (-5120 -5120 32 ) (-5120 -5120 2816 ) (-6144 -5120 2816 ) (-6144 -5120 32 ) 
4 355 356 (-6144 -4096 2816 ) (-6144 -4096 32 ) (-6144 -5120 32 ) (-6144 -5120 2816 ) 
4 356 365 (-7168 -4096 2816 ) (-7168 -4096 32 ) (-7168 -5120 32 ) (-7168 -5120 2816 ) 
4 356 358 (-6144 -5120 32 ) (-6144 -5120 2816 ) (-7168 -5120 2816 ) (-7168 -5120 32 ) 
4 357 360 (-5120 -6144 32 ) (-5120 -6144 2816 ) (-6144 -6144 2816 ) (-6144 -6144 32 ) 
4 357 358 (-6144 -5120 2816 ) (-6144 -5120 32 ) (-6144 -6144 32 ) (-6144 -6144 2816 ) 
4 358 366 (-7168 -6144 32 ) (-7168 -6144 2816 ) (-7168 -5120 2816 ) (-7168 -5120 32 ) 
4 358 361 (-6144 -6144 32 ) (-6144 -6144 2816 ) (-7168 -6144 2816 ) (-7168 -6144 32 ) 
4 359 362 (-4096 -7168 32 ) (-4096 -7168 2816 ) (-5120 -7168 2816 ) (-5120 -7168 32 ) 
4 359 360 (-5120 -7168 32 ) (-5120 -7168 2816 ) (-5120 -6144 2816 ) (-5120 -6144 32 ) 
4 360 363 (-5120 -7168 32 ) (-5120 -7168 2816 ) (-6144 -7168 2816 ) (-6144 -7168 32 ) 
4 360 361 (-6144 -6144 2816 ) (-6144 -6144 32 ) (-6144 -7168 32 ) (-6144 -7168 2816 ) 
4 361 369 (-7168 -7168 32 ) (-7168 -7168 2816 ) (-7168 -6144 2816 ) (-7168 -6144 32 ) 
4 361 364 (-7168 -7168 2816 ) (-7168 -7168 32 ) (-6144 -7168 32 ) (-6144 -7168 2816 ) 
4 362 363 (-5120 -7168 2816 ) (-5120 -7168 32 ) (-5120 -8000 32 ) (-5120 -8000 2816 ) 
4 363 364 (-6144 -7168 2816 ) (-6144 -7168 32 ) (-6144 -8000 32 ) (-6144 -8000 2816 ) 
4 364 371 (-7168 -8000 2816 ) (-7168 -7168 2816 ) (-7168 -7168 32 ) (-7168 -8000 32 ) 
4 365 367 (-8192 -4096 2816 ) (-8192 -4096 32 ) (-8192 -5120 32 ) (-8192 -5120 2816 ) 
4 365 366 (-7168 -5120 32 ) (-7168 -5120 2816 ) (-8192 -5120 2816 ) (-8192 -5120 32 ) 
4 366 369 (-7168 -6144 32 ) (-7168 -6144 2816 ) (-8192 -6144 2816 ) (-8192 -6144 32 ) 
4 366 368 (-8192 -6144 32 ) (-8192 -6144 2816 ) (-8192 -5120 2816 ) (-8192 -5120 32 ) 
4 367 368 (-8192 -5120 32 ) (-8192 -5120 2816 ) (-8512 -5120 2816 ) (-8512 -5120 32 ) 
4 368 370 (-8192 -6144 32 ) (-8192 -6144 2816 ) (-8512 -6144 2816 ) (-8512 -6144 32 ) 
4 369 371 (-7168 -7168 32 ) (-7168 -7168 2816 ) (-8192 -7168 2816 ) (-8192 -7168 32 ) 
4 369 370 (-8192 -7168 32 ) (-8192 -7168 2816 ) (-8192 -6144 2816 ) (-8192 -6144 32 ) 
4 370 372 (-8192 -7168 32 ) (-8192 -7168 2816 ) (-8512 -7168 2816 ) (-8512 -7168 32 ) 
4 371 372 (-8192 -7168 2816 ) (-8192 -7168 32 ) (-8192 -8000 32 ) (-8192 -8000 2816 ) 
